(1638437015.857504) can0 200#03440251033FC000
(1638437015.857742) can0 207#0000000000000000
(1638437015.857975) can0 230#00BE760668000000
(1638437015.858220) can0 425#00FFFFFFFF028000
(1638437015.858468) can0 12D#8100000000000000
(1638437015.858708) can0 353#5B9E010111941981
(1638437015.858940) can0 427#5022827EEB200500
(1638437015.859181) can0 44D#00400000326042C7
(1638437015.859418) can0 097#0170003001750025
(1638437015.859663) can0 120#0175000000000000
(1638437015.871762) can0 090#02EE003180000000
(1638437015.872010) can0 4B0#0000000000000000
(1638437015.872250) can0 210#21E0F8001021E000
(1638437015.872480) can0 085#03D8857C031E831B
(1638437015.873583) can0 12D#8100000000000000
(1638437015.873826) can0 097#0170003001750025
(1638437015.874057) can0 120#0175000000000000
(1638437015.889398) can0 12D#8100000000000000
(1638437015.889627) can0 097#0170003001750025
(1638437015.889884) can0 120#0175000000000000
(1638437015.891824) can0 090#02EE003180000000
(1638437015.892056) can0 4B0#0000000000000000
(1638437015.892312) can0 210#21E0F8001021E000
(1638437015.892553) can0 085#03D7857C031E831B
(1638437015.897523) can0 340#001A000000000000
(1638437015.905409) can0 200#03440251033FC000
(1638437015.905642) can0 12D#8100000000000000
(1638437015.905893) can0 097#0170003001750025
(1638437015.906133) can0 120#0175000000000000
(1638437015.906396) can0 207#0000000000000000
(1638437015.906636) can0 6F6#156774970B0151BD
(1638437015.908270) can0 353#5B9E010111941981
(1638437015.911837) can0 0FC#0300000000000000
(1638437015.912078) can0 4B0#0000000000000000
(1638437015.912309) can0 210#21E0F8001021E000
(1638437015.912543) can0 085#03D7857C031E831B
(1638437015.912803) can0 090#02EE003180000000
(1638437015.921451) can0 230#00BE760668000000
(1638437015.921683) can0 12D#8100000000000000
(1638437015.921937) can0 097#0170003001750025
(1638437015.922174) can0 120#0175000000000000
(1638437015.931825) can0 090#02EE003180000000
(1638437015.932080) can0 4B0#0000000000000000
(1638437015.932304) can0 210#21E0F8001021E000
(1638437015.932537) can0 085#03D8857C031E831B
(1638437015.937543) can0 12D#8100000000000000
(1638437015.937807) can0 097#0170003001750025
(1638437015.937954) can0 120#0175000000000000
(1638437015.938446) can0 128#00D6000000000000
(1638437015.938683) can0 350#0400000000000000
(1638437015.938948) can0 437#2F2C010000000081
(1638437015.939218) can0 453#00000000031E3B00
(1638437015.951793) can0 090#02EE003180000000
(1638437015.952043) can0 4B0#0000000000000000
(1638437015.952269) can0 210#21E0F8001021E000
(1638437015.952506) can0 085#03D7857C031E831B
(1638437015.953452) can0 200#03440251033FC000
(1638437015.953690) can0 207#0000000000000000
(1638437015.953949) can0 425#00FFFFFFFF028000
(1638437015.954181) can0 12D#8100000000000000
(1638437015.954439) can0 427#5022827EEB200500
(1638437015.954669) can0 44D#00400000326042C7
(1638437015.954941) can0 097#0170003001750025
(1638437015.955088) can0 120#0175000000000000
(1638437015.958260) can0 353#5B9E010111941981
(1638437015.969472) can0 12D#8100000000000000
(1638437015.969723) can0 097#0170003001750025
(1638437015.969952) can0 120#0175000000000000
(1638437015.971775) can0 090#02EE003180000000
(1638437015.972029) can0 4B0#0000000000000000
(1638437015.972274) can0 210#21E0F8001021E000
(1638437015.972514) can0 085#03D7857C031E831B
(1638437015.985432) can0 230#00BE760668000000
(1638437015.985682) can0 12D#8100000000000000
(1638437015.985915) can0 097#0170003001750025
(1638437015.986162) can0 120#0175000000000000
(1638437015.991844) can0 090#02EE003180000000
(1638437015.992093) can0 4B0#0000000000000000
(1638437015.992354) can0 210#21E0F8001021E000
(1638437015.992562) can0 085#03D8857C031E831B
(1638437015.997337) can0 340#001A000000000000
(1638437016.001431) can0 200#03440251033FC000
(1638437016.001677) can0 12D#8100000000000000
(1638437016.001939) can0 097#0170003001750025
(1638437016.002164) can0 120#0175000000000000
(1638437016.002414) can0 207#0000000000000000
(1638437016.008230) can0 353#5B9E010111941981
(1638437016.011846) can0 090#02EE003180000000
(1638437016.012096) can0 4B0#0000000000000000
(1638437016.012355) can0 210#21E0F8001021E000
(1638437016.012566) can0 085#03D7857C031E831B
(1638437016.017485) can0 12D#8100000000000000
(1638437016.017718) can0 097#0170003001750025
(1638437016.017966) can0 120#0175000000000000
(1638437016.031713) can0 090#02EE003180000000
(1638437016.031956) can0 4B0#0000000000000000
(1638437016.032227) can0 210#21E0F8001021E000
(1638437016.032442) can0 085#03D7857C031E831B
(1638437016.033454) can0 12D#8100000000000000
(1638437016.033693) can0 097#0170003001750025
(1638437016.033961) can0 120#0175000000000000
(1638437016.038375) can0 128#00D6000000000000
(1638437016.038630) can0 350#0400000000000000
(1638437016.038866) can0 437#2F2C010000000081
(1638437016.039108) can0 453#00000000031E3B00
(1638437016.049463) can0 200#03440251033FC000
(1638437016.049715) can0 207#0000000000000000
(1638437016.049956) can0 230#00BE760668000000
(1638437016.050205) can0 425#00FFFFFFFF028000
(1638437016.050452) can0 12D#8100000000000000
(1638437016.050688) can0 427#5022827EEB200500
(1638437016.050927) can0 44D#00400000326042C7
(1638437016.051164) can0 097#0170003001750025
(1638437016.051413) can0 120#0175000000000000
(1638437016.051876) can0 090#02EE003180000000
(1638437016.052124) can0 4B0#0000000000000000
(1638437016.052364) can0 210#21E0F8001021E000
(1638437016.052593) can0 085#03D8857C031E831B
(1638437016.058206) can0 353#5B9E010111941981
(1638437016.065498) can0 12D#8100000000000000
(1638437016.065734) can0 097#0170003001750025
(1638437016.065982) can0 120#0175000000000000
(1638437016.071692) can0 090#02EE003180000000
(1638437016.071940) can0 4B0#0000000000000000
(1638437016.072180) can0 210#21E0F8001021E000
(1638437016.072415) can0 085#03D7857C031E831B
(1638437016.081510) can0 12D#8100000000000000
(1638437016.081745) can0 097#0170003001750025
(1638437016.082001) can0 120#0175000000000000
(1638437016.091692) can0 090#02EE003180000000
(1638437016.091942) can0 4B0#0000000000000000
(1638437016.092179) can0 210#21E0F8001021E000
(1638437016.092410) can0 085#03D7857C031E831B
(1638437016.097284) can0 340#001A000000000000
(1638437016.097521) can0 200#03440251033FC000
(1638437016.097765) can0 12D#8100000000000000
(1638437016.098007) can0 097#0170003001750025
(1638437016.098270) can0 120#0175000000000000
(1638437016.098515) can0 207#0000000000000000
(1638437016.108215) can0 353#5B9E010111941981
(1638437016.111691) can0 0FC#0300000000000000
(1638437016.111941) can0 4B0#0000000000000000
(1638437016.112188) can0 210#21E0F8001021E000
(1638437016.112416) can0 085#03D7857C031E831B
(1638437016.112656) can0 090#02EE003180000000
(1638437016.113529) can0 230#00BE760668000000
(1638437016.113776) can0 12D#8100000000000000
(1638437016.114026) can0 097#0170003001750025
(1638437016.114258) can0 120#0175000000000000
(1638437016.129520) can0 12D#8100000000000000
(1638437016.129752) can0 097#0170003001750025
(1638437016.130007) can0 120#0175000000000000
(1638437016.131676) can0 090#02EE003180000000
(1638437016.131925) can0 4B0#0000000000000000
(1638437016.132178) can0 210#21E0F8001021E000
(1638437016.132405) can0 085#03D7857C031E831B
(1638437016.138360) can0 128#00D6000000000000
(1638437016.138607) can0 350#0400000000000000
(1638437016.138861) can0 403#02047F2424000000
(1638437016.139092) can0 437#2F2C010000000081
(1638437016.139329) can0 453#00000000031E3B00
(1638437016.145565) can0 200#03440251033FC000
(1638437016.145822) can0 207#0000000000000000
(1638437016.146067) can0 425#00FFFFFFFF028000
(1638437016.146338) can0 12D#8100000000000000
(1638437016.146540) can0 427#5022827EEB200500
(1638437016.146826) can0 44D#00400000326042C7
(1638437016.147045) can0 097#0170003001750025
(1638437016.147301) can0 120#0175000000000000
(1638437016.147499) can0 6F6#156774970B0151BD
(1638437016.151772) can0 090#02EE003180000000
(1638437016.151973) can0 4B0#0000000000000000
(1638437016.152236) can0 210#21E0F8001021E000
(1638437016.152458) can0 085#03D7857C031E831B
(1638437016.158223) can0 353#5B9E010111941981
(1638437016.161603) can0 12D#8100000000000000
(1638437016.161842) can0 097#0170003001750025
(1638437016.162095) can0 120#0175000000000000
(1638437016.171681) can0 090#02EE003180000000
(1638437016.171932) can0 4B0#0000000000000000
(1638437016.172190) can0 210#21E0F8001021E000
(1638437016.172407) can0 085#03D7857C031E831B
(1638437016.177578) can0 230#00BE760668000000
(1638437016.177800) can0 12D#8100000000000000
(1638437016.178079) can0 097#0170003001750025
(1638437016.178308) can0 120#0175000000000000
(1638437016.191667) can0 090#02EE003180000000
(1638437016.191917) can0 4B0#0000000000000000
(1638437016.192181) can0 210#21E0F8001021E000
(1638437016.192405) can0 085#03D7857C031E831B
(1638437016.193569) can0 200#03440251033FC000
(1638437016.193825) can0 12D#8100000000000000
(1638437016.194054) can0 097#0170003001750025
(1638437016.194309) can0 120#0175000000000000
(1638437016.194561) can0 207#0000000000000000
(1638437016.197112) can0 340#001A000000000000
(1638437016.208195) can0 353#5B9E010111941981
(1638437016.209778) can0 12D#8100000000000000
(1638437016.210016) can0 097#0170003001750025
(1638437016.210270) can0 120#0175000000000000
(1638437016.211666) can0 090#02EE003180000000
(1638437016.211922) can0 4B0#0000000000000000
(1638437016.212155) can0 210#21E0F8001021E000
(1638437016.212385) can0 085#03D7857C031E831B
(1638437016.225797) can0 12D#8100000000000000
(1638437016.226030) can0 097#0170003001750025
(1638437016.226278) can0 120#0175000000000000
(1638437016.231657) can0 090#02EE003180000000
(1638437016.231921) can0 4B0#0000000000000000
(1638437016.232149) can0 210#21E0F8001021E000
(1638437016.232381) can0 085#03D7857C031E831B
(1638437016.238328) can0 128#00D6000000000000
(1638437016.238595) can0 350#0400000000000000
(1638437016.238821) can0 437#2F2C010000000081
(1638437016.239059) can0 453#00000000031E3B00
(1638437016.241831) can0 200#03440251033FC000
(1638437016.242086) can0 207#0000000000000000
(1638437016.242325) can0 230#00BE760668000000
(1638437016.242576) can0 425#00FFFFFFFF028000
(1638437016.242834) can0 12D#8100000000000000
(1638437016.243061) can0 427#5022827EEB200500
(1638437016.243317) can0 44D#00400000326042C7
(1638437016.243532) can0 097#0170003001750025
(1638437016.243780) can0 120#0175000000000000
(1638437016.251781) can0 090#02EE003180000000
(1638437016.252040) can0 4B0#0000000000000000
(1638437016.252269) can0 210#21E0F8001021E000
(1638437016.252536) can0 085#03D7857C031E831B
(1638437016.257812) can0 12D#8100000000000000
(1638437016.258050) can0 097#0170003001750025
(1638437016.258299) can0 120#0175000000000000
(1638437016.258534) can0 353#5B9E010111941981
(1638437016.271671) can0 090#02EE003180000000
(1638437016.271921) can0 4B0#0000000000000000
(1638437016.272149) can0 210#21E0F8001021E000
(1638437016.272402) can0 085#03D7857C031E831B
(1638437016.273845) can0 12D#8100000000000000
(1638437016.274080) can0 097#0170003001750025
(1638437016.274322) can0 120#0175000000000000
(1638437016.289796) can0 200#03440251033FC000
(1638437016.290038) can0 12D#8100000000000000
(1638437016.290273) can0 097#0170003001750025
(1638437016.290521) can0 120#0175000000000000
(1638437016.290770) can0 207#0000000000000000
(1638437016.291784) can0 090#02EE003180000000
(1638437016.292033) can0 4B0#0000000000000000
(1638437016.292281) can0 210#21E0F8001021E000
(1638437016.292500) can0 085#03D7857C031E831B
(1638437016.297882) can0 340#001A000000000000
(1638437016.305834) can0 230#00BE760668000000
(1638437016.306079) can0 12D#8100000000000000
(1638437016.306332) can0 097#0170003001750025
(1638437016.306565) can0 120#0175000000000000
(1638437016.308200) can0 353#5B9E010111941981
(1638437016.308452) can0 307#0000000000000000
(1638437016.311772) can0 0FC#0300000000000000
(1638437016.312023) can0 4B0#0000000000000000
(1638437016.312261) can0 210#21E0F8001021E000
(1638437016.312493) can0 085#03D7857C031E831B
(1638437016.312738) can0 090#02EE003180000000
(1638437016.321887) can0 12D#8100000000000000
(1638437016.322123) can0 097#0170003001750025
(1638437016.322368) can0 120#0175000000000000
(1638437016.331648) can0 090#02EE003180000000
(1638437016.331898) can0 4B0#0000000000000000
(1638437016.332127) can0 210#21E0F8001021E000
(1638437016.332357) can0 085#03D7857C031E831B
(1638437016.337916) can0 200#03440251033FC000
(1638437016.338162) can0 207#0000000000000000
(1638437016.338418) can0 128#00D6000000000000
(1638437016.338666) can0 350#0400000000000000
(1638437016.338913) can0 425#00FFFFFFFF028000
(1638437016.339161) can0 12D#8100000000000000
(1638437016.339397) can0 427#5022827EEB200500
(1638437016.339648) can0 437#2F2C010000000081
(1638437016.339885) can0 44D#00400000326042C7
(1638437016.340125) can0 097#0170003001750025
(1638437016.340364) can0 120#0175000000000000
(1638437016.340607) can0 453#00000000031E3B00
(1638437016.351629) can0 090#02EE003180000000
(1638437016.351875) can0 4B0#0000000000000000
(1638437016.352125) can0 210#21E0F8001021E000
(1638437016.352353) can0 085#03D8857C031E831B
(1638437016.353908) can0 12D#8100000000000000
(1638437016.354145) can0 097#0170003001750025
(1638437016.354389) can0 120#0175000000000000
(1638437016.358166) can0 353#5B9E010111941A81
(1638437016.369698) can0 230#00BE760668000000
(1638437016.369937) can0 12D#8100000000000000
(1638437016.370176) can0 097#0170003001750025
(1638437016.370422) can0 120#0175000000000000
(1638437016.370673) can0 623#3644128200000000
(1638437016.370907) can0 640#50600077400C8600
(1638437016.371143) can0 650#1036440106000000
(1638437016.371816) can0 090#02EE003180000000
(1638437016.372063) can0 4B0#0000000000000000
(1638437016.372315) can0 210#21E0F8001021E000
(1638437016.372539) can0 085#03D7857C031E831B
(1638437016.385749) can0 200#03440251033FC000
(1638437016.385978) can0 12D#8100000000000000
(1638437016.386219) can0 097#0170003001750025
(1638437016.386470) can0 120#0175000000000000
(1638437016.386720) can0 207#0000000000000000
(1638437016.386959) can0 6F6#156774970B0151BD
(1638437016.391663) can0 090#02EE003180000000
(1638437016.391916) can0 4B0#0000000000000000
(1638437016.392156) can0 210#21E0F8001021E000
(1638437016.392398) can0 085#03D7857C031E831B
(1638437016.397696) can0 340#001A000000000000
(1638437016.401758) can0 12D#8100000000000000
(1638437016.401997) can0 097#0170003001750025
(1638437016.402240) can0 120#0175000000000000
(1638437016.408165) can0 353#5B9E010111941981
(1638437016.411629) can0 090#02EE003180000000
(1638437016.411877) can0 4B0#0000000000000000
(1638437016.412116) can0 210#21E0F8001021E000
(1638437016.412357) can0 085#03D7857C031E831B
(1638437016.417778) can0 12D#8100000000000000
(1638437016.418010) can0 097#0170003001750025
(1638437016.418256) can0 120#0175000000000000
(1638437016.431611) can0 090#02EE003180000000
(1638437016.431860) can0 4B0#0000000000000000
(1638437016.432100) can0 210#21E0F8001021E000
(1638437016.432332) can0 085#03D7857C031E831B
(1638437016.433746) can0 200#03440251033FC000
(1638437016.433997) can0 207#0000000000000000
(1638437016.434243) can0 230#00BE760668000000
(1638437016.434494) can0 425#00FFFFFFFF028000
(1638437016.434737) can0 12D#8100000000000000
(1638437016.434971) can0 427#5022827FEB200500
(1638437016.435202) can0 44D#00400000326042C7
(1638437016.435445) can0 097#0170003001750025
(1638437016.435693) can0 120#0175000000000000
(1638437016.438267) can0 128#00D6000000000000
(1638437016.438515) can0 350#0400000000000000
(1638437016.438755) can0 437#2F2C010000000081
(1638437016.438996) can0 453#00000000031E3B00
(1638437016.449770) can0 12D#8100000000000000
(1638437016.450007) can0 097#0170003001750025
(1638437016.450260) can0 120#0175000000000000
(1638437016.451580) can0 090#02EE003180000000
(1638437016.451829) can0 4B0#0000000000000000
(1638437016.452080) can0 210#21E0F8001021E000
(1638437016.452306) can0 085#03D7857C031E831B
(1638437016.458176) can0 353#5B9E010111941981
(1638437016.465803) can0 12D#8100000000000000
(1638437016.466041) can0 097#0170003001750025
(1638437016.466287) can0 120#0175000000000000
(1638437016.471600) can0 090#02EE003180000000
(1638437016.471848) can0 4B0#0000000000000000
(1638437016.472100) can0 210#21E0F8001021E000
(1638437016.472326) can0 085#03D7857C031E831B
(1638437016.481791) can0 200#03440251033FC000
(1638437016.482034) can0 12D#8100000000000000
(1638437016.482271) can0 097#0170003001750025
(1638437016.482516) can0 120#0175000000000000
(1638437016.482769) can0 207#0000000000000000
(1638437016.491637) can0 090#02EE003180000000
(1638437016.491884) can0 4B0#0000000000000000
(1638437016.492129) can0 210#21E0F8001021E000
(1638437016.492355) can0 085#03D7857C031E831B
(1638437016.497607) can0 340#001A000000000000
(1638437016.497854) can0 12D#8100000000000000
(1638437016.498091) can0 097#0170003001750025
(1638437016.498337) can0 120#0175000000000000
(1638437016.498578) can0 230#00BE760668000000
(1638437016.508145) can0 353#5B9E010111941981
(1638437016.511607) can0 0FC#0300000000000000
(1638437016.511855) can0 4B0#0000000000000000
(1638437016.512107) can0 210#21E0F8001021E000
(1638437016.512333) can0 085#03D7857C031E831B
(1638437016.512566) can0 090#02EE003180000000
(1638437016.513842) can0 12D#8100000000000000
(1638437016.514078) can0 097#0170003001750025
(1638437016.514324) can0 120#0175000000000000
(1638437016.529772) can0 200#03440251033FC000
(1638437016.530020) can0 207#0000000000000000
(1638437016.530281) can0 425#00FFFFFFFF028000
(1638437016.530514) can0 12D#8100000000000000
(1638437016.530752) can0 427#5022827EEB200500
(1638437016.530984) can0 44D#00400000326042C7
(1638437016.531226) can0 097#0170003001750025
(1638437016.531469) can0 120#0175000000000000
(1638437016.531757) can0 090#02EE003180000000
(1638437016.532001) can0 4B0#0000000000000000
(1638437016.532243) can0 210#21E0F8001021E000
(1638437016.532472) can0 085#03D7857C031E831B
(1638437016.538242) can0 128#00D6000000000000
(1638437016.538484) can0 350#0400000000000000
(1638437016.538751) can0 437#2F2C010000000081
(1638437016.538956) can0 453#00000000031E3B00
(1638437016.545851) can0 12D#8100000000000000
(1638437016.546091) can0 097#0170003001750025
(1638437016.546361) can0 120#0175000000000000
(1638437016.551582) can0 090#02EE003180000000
(1638437016.551831) can0 4B0#0000000000000000
(1638437016.552072) can0 210#21E0F8001021E000
(1638437016.552312) can0 085#03D7857C031E831B
(1638437016.558140) can0 353#5B9E010111941981
(1638437016.561848) can0 230#00BE760668000000
(1638437016.562084) can0 12D#8100000000000000
(1638437016.562325) can0 097#0170003001750025
(1638437016.562575) can0 120#0175000000000000
(1638437016.571604) can0 090#02EE003180000000
(1638437016.571839) can0 4B0#0000000000000000
(1638437016.572091) can0 210#21E0F8001021E000
(1638437016.572322) can0 085#03D7857C031E831B
(1638437016.577847) can0 200#03440251033FC000
(1638437016.578080) can0 12D#8100000000000000
(1638437016.578326) can0 097#0170003001750025
(1638437016.578572) can0 120#0175000000000000
(1638437016.578823) can0 207#0000000000000000
(1638437016.591578) can0 090#02EE003180000000
(1638437016.591802) can0 4B0#0000000000000000
(1638437016.592048) can0 210#21E0F8001021E000
(1638437016.592277) can0 085#03D7857C031E831B
(1638437016.593867) can0 12D#8100000000000000
(1638437016.594128) can0 097#0170003001750025
(1638437016.594360) can0 120#0175000000000000
(1638437016.596815) can0 340#001A000000000000
(1638437016.608151) can0 353#5B9E010111941981
(1638437016.609864) can0 12D#8100000000000000
(1638437016.610105) can0 097#0170003001750025
(1638437016.610343) can0 120#0175000000000000
(1638437016.611580) can0 090#02EE003180000000
(1638437016.611830) can0 4B0#0000000000000000
(1638437016.612062) can0 210#21E0F8001021E000
(1638437016.612297) can0 085#03D7857C031E831B
(1638437016.625871) can0 200#03440251033FC000
(1638437016.626122) can0 207#0000000000000000
(1638437016.626357) can0 230#00BE760668000000
(1638437016.626602) can0 425#00FFFFFFFF028000
(1638437016.626869) can0 12D#8100000000000000
(1638437016.627108) can0 427#5022827EEB200500
(1638437016.627340) can0 44D#00400000326042C7
(1638437016.627574) can0 097#0170003001750025
(1638437016.627822) can0 120#0175000000000000
(1638437016.628060) can0 6F6#15B419FA30E5B80F
(1638437016.631711) can0 090#02EE003180000000
(1638437016.631959) can0 4B0#0000000000000000
(1638437016.632200) can0 210#21E0F8001021E000
(1638437016.632429) can0 085#03D7857C031E831B
(1638437016.638209) can0 128#00D6000000000000
(1638437016.638454) can0 350#0400000000000000
(1638437016.638686) can0 403#02047F2424000000
(1638437016.638943) can0 437#2F2D010000000081
(1638437016.639167) can0 453#00000000031E3B00
(1638437016.641957) can0 12D#8100000000000000
(1638437016.642166) can0 097#0170003001750025
(1638437016.642414) can0 120#0175000000000000
(1638437016.651564) can0 090#02EE003180000000
(1638437016.651790) can0 4B0#0000000000000000
(1638437016.652036) can0 210#21E0F8001021E000
(1638437016.652270) can0 085#03D7857C031E831B
(1638437016.657920) can0 12D#8100000000000000
(1638437016.658152) can0 097#0170003001750025
(1638437016.658398) can0 120#0175000000000000
(1638437016.658628) can0 353#5B9E010111941981
(1638437016.671533) can0 090#02EE003180000000
(1638437016.671767) can0 4B0#0000000000000000
(1638437016.672002) can0 210#21E0F8001021E000
(1638437016.672236) can0 085#03D7857C031E831B
(1638437016.673934) can0 200#03440251033FC000
(1638437016.674165) can0 12D#8100000000000000
(1638437016.674408) can0 097#0170003001750025
(1638437016.674654) can0 120#0175000000000000
(1638437016.674914) can0 207#0000000000000000
(1638437016.690092) can0 230#00BE760668000000
(1638437016.690323) can0 12D#8100000000000000
(1638437016.690558) can0 097#0170003001750025
(1638437016.690801) can0 120#0175000000000000
(1638437016.691664) can0 090#02EE003180000000
(1638437016.691905) can0 4B0#0000000000000000
(1638437016.692150) can0 210#21E0F8001021E000
(1638437016.692375) can0 085#03D8857C031E831B
(1638437016.697294) can0 340#001A000000000000
(1638437016.699300) can0 454#0000000000000000
(1638437016.706108) can0 12D#8100000000000000
(1638437016.706337) can0 097#0170003001750025
(1638437016.706573) can0 120#0175000000000000
(1638437016.708079) can0 353#5B9E010111941981
(1638437016.711484) can0 0FC#0300000000000000
(1638437016.711720) can0 4B0#0000000000000000
(1638437016.711963) can0 210#21E0F8001021E000
(1638437016.712190) can0 085#03D7857C031E831B
(1638437016.712436) can0 090#02EE003180000000
(1638437016.722146) can0 200#03440251033FC000
(1638437016.722341) can0 207#0000000000000000
(1638437016.722591) can0 425#00FFFFFFFF028000
(1638437016.722837) can0 12D#8100000000000000
(1638437016.723077) can0 427#5022827EEB200500
(1638437016.723314) can0 44D#00400000326042C7
(1638437016.723556) can0 097#0170003001750025
(1638437016.723801) can0 120#0175000000000000
(1638437016.731501) can0 090#02EE003180000000
(1638437016.731746) can0 4B0#0000000000000000
(1638437016.731982) can0 210#21E0F8001021E000
(1638437016.732204) can0 085#03D7857C031E831B
(1638437016.738121) can0 128#00D6000000000000
(1638437016.738369) can0 12D#8100000000000000
(1638437016.738599) can0 097#0170003001750025
(1638437016.738860) can0 120#0175000000000000
(1638437016.739097) can0 350#0400000000000000
(1638437016.739343) can0 437#2F2D010000000081
(1638437016.739577) can0 453#00000000031E3B00
(1638437016.751462) can0 090#02EE003180000000
(1638437016.751692) can0 4B0#0000000000000000
(1638437016.751932) can0 210#21E0F8001021E000
(1638437016.752162) can0 085#03D7857C031E831B
(1638437016.754121) can0 230#00BE760668000000
(1638437016.754367) can0 12D#8100000000000000
(1638437016.754604) can0 097#0170003001750025
(1638437016.754851) can0 120#0175000000000000
(1638437016.758064) can0 353#5B9E010111941981
(1638437016.770089) can0 200#03440251033FC000
(1638437016.770334) can0 12D#8100000000000000
(1638437016.770571) can0 097#0170003001750025
(1638437016.770817) can0 120#0175000000000000
(1638437016.771080) can0 207#0000000000000000
(1638437016.771575) can0 090#02EE003180000000
(1638437016.771825) can0 4B0#0000000000000000
(1638437016.772064) can0 210#21E0F8001021E000
(1638437016.772294) can0 085#03D7857C031E831B
(1638437016.786147) can0 12D#8100000000000000
(1638437016.786383) can0 097#0170003001750025
(1638437016.786628) can0 120#0175000000000000
(1638437016.791429) can0 090#02EE003180000000
(1638437016.791680) can0 4B0#0000000000000000
(1638437016.791918) can0 210#21E0F8001021E000
(1638437016.792147) can0 085#03D8857C031E831B
(1638437016.797131) can0 340#001A000000000000
(1638437016.802148) can0 12D#8100000000000000
(1638437016.802385) can0 097#0170003001750025
(1638437016.802631) can0 120#0175000000000000
(1638437016.808042) can0 353#5B9E010111941A81
(1638437016.808295) can0 307#0000000000000000
(1638437016.811468) can0 090#02EE003180000000
(1638437016.811717) can0 4B0#0000000000000000
(1638437016.811957) can0 210#21E0F8001021E000
(1638437016.812186) can0 085#03D7857C031E831B
(1638437016.818175) can0 200#03440251033FC000
(1638437016.818423) can0 207#0000000000000000
(1638437016.818665) can0 230#00BE760668000000
(1638437016.818913) can0 425#00FFFFFFFF028000
(1638437016.819161) can0 12D#8100000000000000
(1638437016.819396) can0 427#5022827EEB200500
(1638437016.819637) can0 44D#00400000326042C7
(1638437016.819874) can0 097#0170003001750025
(1638437016.820121) can0 120#0175000000000000
(1638437016.831413) can0 090#02EE003180000000
(1638437016.831659) can0 4B0#0000000000000000
(1638437016.831899) can0 210#21E0F8001021E000
(1638437016.832129) can0 085#03D7857C031E831B
(1638437016.834213) can0 12D#8100000000000000
(1638437016.834450) can0 097#0170003001750025
(1638437016.834696) can0 120#0175000000000000
(1638437016.838116) can0 128#00D6000000000000
(1638437016.838365) can0 350#0400000000000000
(1638437016.838605) can0 437#2F2D010000000081
(1638437016.838844) can0 453#00000000031E3B00
(1638437016.850009) can0 12D#8100000000000000
(1638437016.850244) can0 097#0170003001750025
(1638437016.850489) can0 120#0175000000000000
(1638437016.851434) can0 090#02EE003180000000
(1638437016.851682) can0 4B0#0000000000000000
(1638437016.851922) can0 210#21E0F8001021E000
(1638437016.852152) can0 085#03D7857C031E831B
(1638437016.858040) can0 353#5B9E010111941981
(1638437016.866024) can0 200#03440251033FC000
(1638437016.866268) can0 12D#8100000000000000
(1638437016.866506) can0 097#0170003001750025
(1638437016.866787) can0 120#0175000000000000
(1638437016.867005) can0 207#0000000000000000
(1638437016.867239) can0 6F6#15B419FA30E5B80F
(1638437016.871441) can0 090#02EE003180000000
(1638437016.871699) can0 4B0#0000000000000000
(1638437016.871936) can0 210#21E0F8001021E000
(1638437016.872182) can0 085#03D7857C031E831B
(1638437016.882030) can0 230#00BE760668000000
(1638437016.882277) can0 12D#8100000000000000
(1638437016.882509) can0 097#0170003001750025
(1638437016.882760) can0 120#0175000000000000
(1638437016.891427) can0 090#02EE003180000000
(1638437016.891675) can0 4B0#0000000000000000
(1638437016.891914) can0 210#21E0F8001021E000
(1638437016.892144) can0 085#03D7857C031E831B
(1638437016.895336) can0 340#001A000000000000
(1638437016.898106) can0 12D#8100000000000000
(1638437016.898390) can0 097#0170003001750025
(1638437016.898529) can0 120#0175000000000000
(1638437016.908109) can0 353#5B9E010111941981
(1638437016.911501) can0 0FC#0300000000000000
(1638437016.911739) can0 4B0#0000000000000000
(1638437016.911971) can0 210#21E0F8001021E000
(1638437016.912201) can0 085#03D7857C031E831B
(1638437016.912461) can0 090#02EE003180000000
(1638437016.914127) can0 200#03440251033FC000
(1638437016.914359) can0 207#0000000000000000
(1638437016.914614) can0 425#00FFFFFFFF028000
(1638437016.914869) can0 12D#8100000000000000
(1638437016.915091) can0 427#5022827EEB200500
(1638437016.915348) can0 44D#00400000326042C7
(1638437016.915570) can0 097#0170003001750025
(1638437016.915825) can0 120#0175000000000000
(1638437016.930100) can0 12D#8100000000000000
(1638437016.930323) can0 097#0170003001750025
(1638437016.930582) can0 120#0175000000000000
(1638437016.931474) can0 090#02EE003180000000
(1638437016.931705) can0 4B0#0000000000000000
(1638437016.931962) can0 210#21E0F8001021E000
(1638437016.932186) can0 085#03D8857C031E831B
(1638437016.938136) can0 128#00D6000000000000
(1638437016.938369) can0 350#0400000000000000
(1638437016.938602) can0 437#2F2D010000000081
(1638437016.938857) can0 453#00000000031E3B00
(1638437016.946157) can0 230#00BE760668000000
(1638437016.946380) can0 12D#8100000000000000
(1638437016.946635) can0 097#0170003001750025
(1638437016.946866) can0 120#0175000000000000
(1638437016.951493) can0 090#02EE003180000000
(1638437016.951727) can0 4B0#0000000000000000
(1638437016.951986) can0 210#21E0F8001021E000
(1638437016.952208) can0 085#03D8857C031E831B
(1638437016.958093) can0 353#5B9E010111941981
(1638437016.962161) can0 200#03440251033FC000
(1638437016.962395) can0 12D#8100000000000000
(1638437016.962631) can0 097#0170003001750025
(1638437016.962889) can0 120#0175000000000000
(1638437016.963129) can0 207#0000000000000000
(1638437016.971479) can0 090#02EE003180000000
(1638437016.971719) can0 4B0#0000000000000000
(1638437016.971949) can0 210#21E0F8001021E000
(1638437016.972179) can0 085#03D7857C031E831B
(1638437016.978166) can0 12D#8100000000000000
(1638437016.978389) can0 097#0170003001750025
(1638437016.978647) can0 120#0175000000000000
(1638437016.991443) can0 090#02EE003180000000
(1638437016.991674) can0 4B0#0000000000000000
(1638437016.991952) can0 210#21E0F8001021E000
(1638437016.992092) can0 085#03D7857C031E831B
(1638437016.994153) can0 12D#8100000000000000
(1638437016.994379) can0 097#0170003001750025
(1638437016.994619) can0 120#0175000000000000
(1638437016.996856) can0 340#001A000000000000
(1638437017.008062) can0 353#5B9E010111941981
(1638437017.010121) can0 200#03440251033FC000
(1638437017.010357) can0 207#0000000000000000
(1638437017.010602) can0 230#00BE760668000000
(1638437017.010858) can0 425#00FFFFFFFF028000
(1638437017.011107) can0 12D#8100000000000000
(1638437017.011337) can0 427#5022827FEB200500
(1638437017.011576) can0 44D#00400000326042C7
(1638437017.011821) can0 090#02EE003180000000
(1638437017.012065) can0 097#0170003001750025
(1638437017.012323) can0 120#0175000000000000
(1638437017.012552) can0 4B0#0000000000000000
(1638437017.012784) can0 210#21E0F8001021E000
(1638437017.013019) can0 085#03D7857C031E831B
(1638437017.026169) can0 12D#8100000000000000
(1638437017.026399) can0 097#0170003001750025
(1638437017.026645) can0 120#0175000000000000
(1638437017.031440) can0 090#02EE003180000000
(1638437017.031689) can0 4B0#0000000000000000
(1638437017.031927) can0 210#21E0F8001021E000
(1638437017.032176) can0 085#03D7857C031E831B
(1638437017.038084) can0 128#00D6000000000000
(1638437017.038323) can0 350#0400000000000000
(1638437017.038562) can0 437#2F2D010000000081
(1638437017.038830) can0 453#00000000031E3B00
(1638437017.042204) can0 12D#8100000000000000
(1638437017.042445) can0 097#0170003001750025
(1638437017.042686) can0 120#0175000000000000
(1638437017.051416) can0 090#02EE003180000000
(1638437017.051663) can0 4B0#0000000000000000
(1638437017.051907) can0 210#21E0F8001021E000
(1638437017.052168) can0 085#03D7857C031E831B
(1638437017.058050) can0 353#5B9E010111941981
(1638437017.058294) can0 12D#8100000000000000
(1638437017.058530) can0 097#0170003001750025
(1638437017.058801) can0 120#0175000000000000
(1638437017.059010) can0 200#03440251033FC000
(1638437017.059268) can0 207#0000000000000000
(1638437017.071412) can0 090#02EE003180000000
(1638437017.071656) can0 4B0#0000000000000000
(1638437017.071899) can0 210#21E0F8001021E000
(1638437017.072160) can0 085#03D7857C031E831B
(1638437017.074193) can0 230#00BE760668000000
(1638437017.074439) can0 12D#8100000000000000
(1638437017.074680) can0 097#0170003001750025
(1638437017.074921) can0 120#0175000000000000
(1638437017.090177) can0 12D#8100000000000000
(1638437017.090409) can0 097#0170003001750025
(1638437017.090656) can0 120#0175000000000000
(1638437017.091402) can0 090#02EE003180000000
(1638437017.091646) can0 4B0#0000000000000000
(1638437017.091889) can0 210#21E0F8001021E000
(1638437017.092130) can0 085#03D7857C031E831B
(1638437017.095040) can0 340#001A000000000000
(1638437017.106191) can0 200#03440251033FC000
(1638437017.106441) can0 207#0000000000000000
(1638437017.106714) can0 425#00FFFFFFFF028000
(1638437017.106940) can0 12D#8100000000000000
(1638437017.107169) can0 427#5022827FEB200500
(1638437017.107413) can0 44D#00400000326042C7
(1638437017.107648) can0 097#0170003001750025
(1638437017.107895) can0 120#0175000000000000
(1638437017.108132) can0 353#5B9E010111941981
(1638437017.108359) can0 6F6#15B419FA30E5B80F
(1638437017.111494) can0 0FC#0300000000000000
(1638437017.111744) can0 4B0#0000000000000000
(1638437017.111988) can0 210#21E0F8001021E000
(1638437017.112212) can0 085#03D7857C031E831B
(1638437017.112456) can0 090#02EE003180000000
(1638437017.122251) can0 12D#8100000000000000
(1638437017.122490) can0 097#0170003001750025
(1638437017.122736) can0 120#0175000000000000
(1638437017.131383) can0 090#02EE003180000000
(1638437017.131631) can0 4B0#0000000000000000
(1638437017.131871) can0 210#21E0F8001021E000
(1638437017.132116) can0 085#03D7857C031E831B
(1638437017.138033) can0 128#00D6000000000000
(1638437017.138275) can0 350#0400000000000000
(1638437017.138526) can0 12D#8100000000000000
(1638437017.138786) can0 097#0170003001750025
(1638437017.139006) can0 120#0175000000000000
(1638437017.139249) can0 230#00BE760668000000
(1638437017.139493) can0 403#02047F2424000000
(1638437017.139744) can0 437#2F2D010000000081
(1638437017.139967) can0 453#00000000031E3B00
(1638437017.151384) can0 090#02EE003180000000
(1638437017.151632) can0 4B0#0000000000000000
(1638437017.151876) can0 210#21E0F8001021E000
(1638437017.152101) can0 085#03D7857C031E831B
(1638437017.154256) can0 200#03440251033FC000
(1638437017.154501) can0 12D#8100000000000000
(1638437017.154766) can0 097#0170003001750025
(1638437017.154987) can0 120#0175000000000000
(1638437017.155237) can0 207#0000000000000000
(1638437017.158017) can0 353#5B9E010111941981
(1638437017.170429) can0 12D#8100000000000000
(1638437017.170665) can0 097#0170003001750025
(1638437017.170913) can0 120#0175000000000000
(1638437017.171465) can0 090#02EE003180000000
(1638437017.171714) can0 4B0#0000000000000000
(1638437017.171980) can0 210#21E0F8001021E000
(1638437017.172187) can0 085#03D7857C031E831B
(1638437017.186473) can0 12D#8100000000000000
(1638437017.186711) can0 097#0170003001750025
(1638437017.186975) can0 120#0175000000000000
(1638437017.191356) can0 090#02EE003180000000
(1638437017.191607) can0 4B0#0000000000000000
(1638437017.191845) can0 210#21E0F8001021E000
(1638437017.192075) can0 085#03D7857C031E831B
(1638437017.196629) can0 340#001A000000000000
(1638437017.202457) can0 200#03440251033FC000
(1638437017.202711) can0 207#0000000000000000
(1638437017.202950) can0 230#00BE760668000000
(1638437017.203199) can0 425#00FFFFFFFF028000
(1638437017.203456) can0 12D#8100000000000000
(1638437017.203675) can0 427#5022827EEB200500
(1638437017.203929) can0 44D#00400000326042C7
(1638437017.204154) can0 097#0170003001750025
(1638437017.204406) can0 120#0175000000000000
(1638437017.208026) can0 353#5B9E010111941981
(1638437017.211523) can0 090#02EE003180000000
(1638437017.211769) can0 4B0#0000000000000000
(1638437017.212011) can0 210#21E0F8001021E000
(1638437017.212241) can0 085#03D7857C031E831B
(1638437017.218501) can0 12D#8100000000000000
(1638437017.218741) can0 097#0170003001750025
(1638437017.218981) can0 120#0175000000000000
(1638437017.231364) can0 090#02EE003180000000
(1638437017.231609) can0 4B0#0000000000000000
(1638437017.231848) can0 210#21E0F8001021E000
(1638437017.232104) can0 085#03D7857C031E831B
(1638437017.234518) can0 12D#8100000000000000
(1638437017.234754) can0 097#0170003001750025
(1638437017.235002) can0 120#0175000000000000
(1638437017.238018) can0 128#00D6000000000000
(1638437017.238286) can0 350#0400000000000000
(1638437017.238498) can0 437#2F2D010000000081
(1638437017.238751) can0 453#00000000031E3B00
(1638437017.250491) can0 200#03440251033FC000
(1638437017.250718) can0 12D#8100000000000000
(1638437017.250972) can0 097#0170003001750025
(1638437017.251231) can0 120#0175000000000000
(1638437017.251443) can0 090#02EE003180000000
(1638437017.251716) can0 207#0000000000000000
(1638437017.251961) can0 4B0#0000000000000000
(1638437017.252239) can0 210#21E0F8001021E000
(1638437017.252416) can0 085#03D7857C031E831B
(1638437017.258019) can0 353#5B9E010111941981
(1638437017.266516) can0 230#00BE760668000000
(1638437017.266776) can0 12D#8100000000000000
(1638437017.266997) can0 097#0170003001750025
(1638437017.267242) can0 120#0175000000000000
(1638437017.271463) can0 090#02EE003180000000
(1638437017.271711) can0 4B0#0000000000000000
(1638437017.271964) can0 210#21E0F8001021E000
(1638437017.272178) can0 085#03D7857C031E831B
(1638437017.282536) can0 12D#8100000000000000
(1638437017.282756) can0 097#0170003001750025
(1638437017.283019) can0 120#0175000000000000
(1638437017.291356) can0 090#02EE003180000000
(1638437017.291596) can0 4B0#0000000000000000
(1638437017.291847) can0 210#21E0F8001021E000
(1638437017.292082) can0 085#03D7857C031E831B
(1638437017.294767) can0 340#001A000000000000
(1638437017.298522) can0 200#03440251033FC000
(1638437017.298768) can0 207#0000000000000000
(1638437017.299030) can0 425#00FFFFFFFF028000
(1638437017.299322) can0 12D#8100000000000000
(1638437017.299496) can0 427#5022827FEB200500
(1638437017.299737) can0 44D#00400000326042C7
(1638437017.299978) can0 097#0170003001750025
(1638437017.300219) can0 120#0175000000000000
(1638437017.308019) can0 353#5B9E010111941981
(1638437017.308258) can0 307#0000000000000000
(1638437017.311362) can0 0FC#0300000000000000
(1638437017.311614) can0 4B0#0000000000000000
(1638437017.311855) can0 210#21E0F8001021E000
(1638437017.312115) can0 085#03D8857C031E831B
(1638437017.312329) can0 090#02EE003180000000
(1638437017.314582) can0 12D#8100000000000000
(1638437017.314817) can0 097#0170003001750025
(1638437017.315062) can0 120#0175000000000000
(1638437017.330343) can0 230#00BE760668000000
(1638437017.330584) can0 12D#8100000000000000
(1638437017.330828) can0 097#0170003001750025
(1638437017.331077) can0 120#0175000000000000
(1638437017.331433) can0 090#02EE003180000000
(1638437017.331680) can0 4B0#0000000000000000
(1638437017.331923) can0 210#21E0F8001021E000
(1638437017.332146) can0 085#03D7857C031E831B
(1638437017.337986) can0 128#00D6000000000000
(1638437017.338231) can0 350#0400000000000000
(1638437017.338465) can0 437#2F2D010000000081
(1638437017.338717) can0 453#00000000031E3B00
(1638437017.346410) can0 200#03440251033FC000
(1638437017.346656) can0 12D#8100000000000000
(1638437017.346893) can0 097#0170003001750025
(1638437017.347176) can0 120#0175000000000000
(1638437017.347380) can0 207#0000000000000000
(1638437017.347623) can0 6F6#15B419FA30E5B80F
(1638437017.351449) can0 090#02EE003180000000
(1638437017.351687) can0 4B0#0000000000000000
(1638437017.351930) can0 210#21E0F8001021E000
(1638437017.352163) can0 085#03D7857C031E831B
(1638437017.358003) can0 353#5B9E010111941981
(1638437017.362428) can0 623#3644128200000000
(1638437017.362663) can0 12D#8100000000000000
(1638437017.362936) can0 097#0170003001750025
(1638437017.363149) can0 120#0175000000000000
(1638437017.363388) can0 640#50600077400C8600
(1638437017.363633) can0 650#1142000000000000
(1638437017.371319) can0 090#02EE003180000000
(1638437017.371557) can0 4B0#0000000000000000
(1638437017.371799) can0 210#21E0F8001021E000
(1638437017.372034) can0 085#03D7857C031E831B
(1638437017.378422) can0 12D#8100000000000000
(1638437017.378655) can0 097#0170003001750025
(1638437017.378898) can0 120#0175000000000000
(1638437017.391283) can0 090#02EE003180000000
(1638437017.391528) can0 4B0#0000000000000000
(1638437017.391765) can0 210#21E0F8001021E000
(1638437017.392006) can0 085#03D8857C031E831B
(1638437017.394410) can0 200#03440251033FC000
(1638437017.394655) can0 207#0000000000000000
(1638437017.394900) can0 230#00BE760668000000
(1638437017.395157) can0 425#00FFFFFFFF028000
(1638437017.395392) can0 12D#8100000000000000
(1638437017.395635) can0 427#5022827EEB200500
(1638437017.395921) can0 44D#00400000326042C7
(1638437017.396143) can0 097#0170003001750025
(1638437017.396368) can0 120#0175000000000000
(1638437017.396641) can0 340#001A000000000000
(1638437017.407997) can0 353#5B9E010111941981
(1638437017.410429) can0 12D#8100000000000000
(1638437017.410662) can0 097#0170003001750025
(1638437017.410916) can0 120#0175000000000000
(1638437017.411312) can0 090#02EE003180000000
(1638437017.411564) can0 4B0#0000000000000000
(1638437017.411798) can0 210#21E0F8001021E000
(1638437017.412023) can0 085#03D8857C031E831B
(1638437017.426453) can0 12D#8100000000000000
(1638437017.426685) can0 097#0170003001750025
(1638437017.426942) can0 120#0175000000000000
(1638437017.431286) can0 090#02EE003180000000
(1638437017.431535) can0 4B0#0000000000000000
(1638437017.431778) can0 210#21E0F8001021E000
(1638437017.432004) can0 085#03D7857C031E831B
(1638437017.437964) can0 128#00D6000000000000
(1638437017.438197) can0 350#0400000000000000
(1638437017.438440) can0 437#2F2D010000000081
(1638437017.438685) can0 453#00000000031E3B00
(1638437017.442476) can0 200#03440251033FC000
(1638437017.442720) can0 12D#8100000000000000
(1638437017.442963) can0 097#0170003001750025
(1638437017.443199) can0 120#0175000000000000
(1638437017.443461) can0 207#0000000000000000
(1638437017.451296) can0 090#02EE003180000000
(1638437017.451545) can0 4B0#0000000000000000
(1638437017.451788) can0 210#21E0F8001021E000
(1638437017.452014) can0 085#03D7857C031E831B
(1638437017.457990) can0 353#5B9E010111941981
(1638437017.458461) can0 230#00BE760668000000
(1638437017.458709) can0 12D#8100000000000000
(1638437017.458944) can0 097#0170003001750025
(1638437017.459200) can0 120#0175000000000000
(1638437017.471264) can0 090#02EE003180000000
(1638437017.471505) can0 4B0#0000000000000000
(1638437017.471743) can0 210#21E0F8001021E000
(1638437017.471981) can0 085#03D7857C031E831B
(1638437017.474507) can0 12D#8100000000000000
(1638437017.474751) can0 097#0170003001750025
(1638437017.474984) can0 120#0175000000000000
(1638437017.490442) can0 200#03440251033FC000
(1638437017.490689) can0 207#0000000000000000
(1638437017.490951) can0 425#00FFFFFFFF028000
(1638437017.491176) can0 12D#8100000000000000
(1638437017.491430) can0 090#02EE003180000000
(1638437017.491658) can0 427#5022827EEB200500
(1638437017.491911) can0 44D#00400000326042C7
(1638437017.492153) can0 097#0170003001750025
(1638437017.492407) can0 120#0175000000000000
(1638437017.492691) can0 4B0#0000000000000000
(1638437017.492892) can0 210#21E0F8001021E000
(1638437017.493102) can0 085#03D7857C031E831B
(1638437017.495177) can0 340#001A000000000000
(1638437017.506508) can0 12D#8100000000000000
(1638437017.506780) can0 097#0170003001750025
(1638437017.506989) can0 120#0175000000000000
(1638437017.507979) can0 353#5B9E010111941981
(1638437017.511262) can0 0FC#0300000000000000
(1638437017.511503) can0 4B0#0000000000000000
(1638437017.511753) can0 210#21E0F8001021E000
(1638437017.511978) can0 085#03D7857C031E831B
(1638437017.512226) can0 090#02EE003180000000
(1638437017.522516) can0 230#00BE760668000000
(1638437017.522758) can0 12D#8100000000000000
(1638437017.522986) can0 097#0170003001750025
(1638437017.523233) can0 120#0175000000000000
(1638437017.531270) can0 090#02EE003180000000
(1638437017.531517) can0 4B0#0000000000000000
(1638437017.531758) can0 210#21E0F8001021E000
(1638437017.531989) can0 085#03D7857C031E831B
(1638437017.537924) can0 128#00D6000000000000
(1638437017.538171) can0 350#0400000000000000
(1638437017.538424) can0 437#2F2D010000000081
(1638437017.538670) can0 12D#8100000000000000
(1638437017.538905) can0 097#0170003001750025
(1638437017.539141) can0 120#0175000000000000
(1638437017.539387) can0 200#03440251033FC000
(1638437017.539634) can0 207#0000000000000000
(1638437017.539880) can0 453#00000000031E3B00
(1638437017.551268) can0 090#02EE003180000000
(1638437017.551514) can0 4B0#0000000000000000
(1638437017.551763) can0 210#21E0F8001021E000
(1638437017.551989) can0 085#03D7857C031E831B
(1638437017.554562) can0 12D#8100000000000000
(1638437017.554798) can0 097#0170003001750025
(1638437017.555042) can0 120#0175000000000000
(1638437017.557970) can0 353#5B9E010111941981
(1638437017.570540) can0 12D#8100000000000000
(1638437017.570781) can0 097#0170003001750025
(1638437017.571018) can0 120#0175000000000000
(1638437017.571265) can0 090#02EE003180000000
(1638437017.571519) can0 4B0#0000000000000000
(1638437017.571762) can0 210#21E0F8001021E000
(1638437017.572000) can0 085#03D7857C031E831B
(1638437017.586559) can0 200#03440251033FC000
(1638437017.586861) can0 207#0000000000000000
(1638437017.587066) can0 230#00BE760668000000
(1638437017.587301) can0 425#00FFFFFFFF028000
(1638437017.587545) can0 12D#8100000000000000
(1638437017.587777) can0 427#5022827FEB200500
(1638437017.588025) can0 44D#00400000326042C7
(1638437017.588261) can0 097#0170003001750025
(1638437017.588506) can0 120#0175000000000000
(1638437017.588732) can0 6F6#15832ECD07D28F3B
(1638437017.591382) can0 090#02EE003180000000
(1638437017.591634) can0 4B0#0000000000000000
(1638437017.591873) can0 210#21E0F8001021E000
(1638437017.592102) can0 085#03D7857C031E831B
(1638437017.595016) can0 340#001A000000000000
(1638437017.602590) can0 12D#8100000000000000
(1638437017.602827) can0 097#0170003001750025
(1638437017.603075) can0 120#0175000000000000
(1638437017.607962) can0 353#5B9E010111941981
(1638437017.611240) can0 090#02EE003180000000
(1638437017.611489) can0 4B0#0000000000000000
(1638437017.611740) can0 210#21E0F8001021E000
(1638437017.611968) can0 085#03D7857C031E831B
(1638437017.618614) can0 12D#8100000000000000
(1638437017.618839) can0 097#0170003001750025
(1638437017.619079) can0 120#0175000000000000
(1638437017.631227) can0 090#02EE003180000000
(1638437017.631477) can0 4B0#0000000000000000
(1638437017.631713) can0 210#21E0F8001021E000
(1638437017.631946) can0 085#03D7857C031E831B
(1638437017.634577) can0 200#03440251033FC000
(1638437017.634826) can0 12D#8100000000000000
(1638437017.635095) can0 097#0170003001750025
(1638437017.635299) can0 120#0175000000000000
(1638437017.635559) can0 207#0000000000000000
(1638437017.637899) can0 128#00D6000000000000
(1638437017.638196) can0 350#0400000000000000
(1638437017.638325) can0 403#02047F2424000000
(1638437017.638617) can0 437#2F2D010000000081
(1638437017.638867) can0 453#00000000031E3B00
(1638437017.650795) can0 230#00BE760668000000
(1638437017.651030) can0 12D#8100000000000000
(1638437017.651261) can0 090#02EE003180000000
(1638437017.651514) can0 097#0170003001750025
(1638437017.651740) can0 120#0175000000000000
(1638437017.652013) can0 4B0#0000000000000000
(1638437017.652253) can0 210#21E0F8001021E000
(1638437017.652474) can0 085#03D7857C031E831B
(1638437017.657958) can0 353#5B9E010111941981
(1638437017.666861) can0 12D#8100000000000000
(1638437017.666991) can0 097#0170003001750025
(1638437017.667369) can0 120#0175000000000000
