(1640260160.408328) can0 720#0210870000000000
(1640260160.414634) can0 728#0250870000000000
(1640260161.419620) can0 720#0227010000000000
(1640260161.424661) can0 728#05670106FDA80000
(1640260161.429754) can0 720#052702D5344D0000
(1640260161.434880) can0 728#037F273500000000
(1640260164.595850) can0 720#0210870000000000
(1640260164.604786) can0 728#0250870000000000
(1640260165.612274) can0 720#0227010000000000
(1640260165.614757) can0 728#0567017B60C10000
(1640260165.619069) can0 720#0527020282350000
(1640260165.624831) can0 728#037F273500000000
(1640260235.663058) can0 720#0210870000000000
(1640260235.664818) can0 728#0250870000000000
(1640260236.670694) can0 720#0227010000000000
(1640260236.674792) can0 728#056701D130660000
(1640260236.679403) can0 720#052702F8960A0000
(1640260236.684939) can0 728#037F273500000000
(1640260432.008176) can0 720#0210870000000000
(1640260432.013292) can0 728#0250870000000000
(1640260433.019044) can0 720#0227010000000000
(1640260433.023268) can0 728#056701BCDFA70000
(1640260433.028856) can0 720#052702AC38A30000
(1640260433.033266) can0 728#037F273500000000
