(1639737718.449862) can0 720#023E010000000000
(1639737718.454118) can0 728#017E000000000000
(1639737718.456572) can0 720#0210850000000000
(1639737718.462494) can0 728#037F101200000000
(1639737718.511570) can0 128#10D6000000000000
(1639737718.596752) can0 128#10D6000000000000
(1639737718.688901) can0 128#10D6000000000000
(1639737718.782107) can0 128#10D6000000000000
(1639737718.867320) can0 128#10D6000000000000
(1639737718.952464) can0 128#10D6000000000000
(1639737718.985934) can0 720#0227010000000000
(1639737718.990904) can0 728#037F272200000000
(1639737718.999547) can0 720#0727020000000000
(1639737719.007907) can0 728#037F272200000000
(1639737719.012748) can0 720#072702AA775C45B7
(1639737719.016756) can0 728#037F272200000000
(1639737719.029901) can0 720#07270279699656B6
(1639737719.033527) can0 728#037F272200000000
(1639737719.037698) can0 128#10D6000000000000
(1639737719.043587) can0 720#0727021A12D39849
(1639737719.050537) can0 728#037F272200000000
(1639737719.059243) can0 720#072702766684578C
(1639737719.067716) can0 728#037F272200000000
(1639737719.074104) can0 720#072702766684578C
(1639737719.076095) can0 728#037F272200000000
(1639737719.086915) can0 720#0727028899966A5C
(1639737719.093187) can0 728#037F272200000000
(1639737719.102857) can0 720#07270298976877AA
(1639737719.110195) can0 728#037F272200000000
(1639737719.116875) can0 720#07270293469848B9
(1639737719.118656) can0 728#037F272200000000
(1639737719.122852) can0 128#10D6000000000000
(1639737719.130879) can0 720#0727029699569485
(1639737719.135783) can0 728#037F272200000000
(1639737719.147515) can0 720#0727029CCA8A7A37
(1639737719.153043) can0 728#037F272200000000
(1639737719.160987) can0 720#07270279B68CA464
(1639737719.169791) can0 728#037F272200000000
(1639737719.174093) can0 720#07270279699656B6
(1639737719.178310) can0 728#037F272200000000
(1639737719.187162) can0 720#072702177B6A9674
(1639737719.195902) can0 720#0727027B73776AA5
(1639737719.197895) can0 728#037F272200000000
(1639737719.198976) can0 720#072702A86B9C8768
(1639737719.202511) can0 720#07270298859877A9
(1639737719.206006) can0 720#07270227767659C6
(1639737719.207990) can0 728#037F272200000000
(1639737719.208905) can0 720#0727027537BBD889
(1639737719.212692) can0 720#07270287C88B77A6
(1639737719.213654) can0 128#10D6000000000000
(1639737719.218519) can0 720#07270234D952C942
(1639737719.219577) can0 728#037F272200000000
(1639737719.222767) can0 720#0727027DD0C47662
(1639737719.227938) can0 728#037F272200000000
(1639737719.234205) can0 720#0727026AA568565E
(1639737719.237843) can0 728#037F272200000000
(1639737719.238750) can0 720#07270249BE982A14
(1639737719.241582) can0 720#07270208306155AA
(1639737719.245415) can0 720#07270208306155AA
(1639737719.248281) can0 720#072702536798B3A4
(1639737719.249245) can0 728#037F272200000000
(1639737719.251922) can0 720#072702B397C86A37
(1639737719.255776) can0 720#07270206F9049E65
(1639737719.257897) can0 728#037F272200000000
(1639737719.259279) can0 720#072702B6E3D77C3D
(1639737719.268006) can0 728#037F272200000000
(1639737719.271356) can0 720#07270292776B8877
(1639737719.275986) can0 720#0727027B87899B57
(1639737719.277845) can0 728#037F272200000000
(1639737719.279488) can0 720#072702388985873A
(1639737719.285191) can0 720#0727029AB6996C9A
(1639737719.287050) can0 728#037F272200000000
(1639737719.302726) can0 720#0727027877686B53
(1639737719.304011) can0 728#037F272200000000
(1639737719.308226) can0 128#10D6000000000000
(1639737719.316609) can0 720#0727027787A586A3
(1639737719.321087) can0 728#037F272200000000
(1639737719.329353) can0 720#0727025C55289B6D
(1639737719.338389) can0 728#037F272200000000
(1639737719.344691) can0 720#072702D1F32D914B
(1639737719.346698) can0 728#037F272200000000
(1639737719.358041) can0 720#0727022311D2A267
(1639737719.363688) can0 728#037F272200000000
(1639737719.373153) can0 720#0727029977888877
(1639737719.380807) can0 728#037F272200000000
(1639737719.391583) can0 720#072702A76CB279AA
(1639737719.393828) can0 128#10D6000000000000
(1639737719.398429) can0 728#037F272200000000
(1639737719.401307) can0 720#0727029487A9A67A
(1639737719.404627) can0 720#072702AA76886BA7
(1639737719.408387) can0 728#037F272200000000
(1639737719.409335) can0 720#072702B3B32303A6
(1639737719.412991) can0 720#0727026D82307101
(1639737719.416974) can0 720#07270296878894A8
(1639737719.418391) can0 728#037F272200000000
(1639737719.421046) can0 720#072702977AD93C82
(1639737719.424621) can0 720#07270206F9049E65
(1639737719.427382) can0 720#072702B6E3D77C3D
(1639737719.428606) can0 728#037F272200000000
(1639737719.430927) can0 720#0727023004AA9A7A
(1639737719.435171) can0 720#072702511B537474
(1639737719.436894) can0 720#072702B50AB4962C
(1639737719.438830) can0 728#037F272200000000
(1639737719.440548) can0 720#072702A2A3ACCA50
(1639737719.446190) can0 720#0727028577C86536
(1639737719.448470) can0 728#037F272200000000
(1639737719.452764) can0 720#072702595B587252
(1639737719.458378) can0 720#07270220AC715FF7
(1639737719.459360) can0 728#037F272200000000
(1639737719.461507) can0 720#0727023CE2DB419A
(1639737719.465373) can0 720#072702835507519A
(1639737719.468099) can0 728#037F272200000000
(1639737719.479255) can0 720#07270242434D5932
(1639737719.485129) can0 728#037F272200000000
(1639737719.489405) can0 128#10D6000000000000
(1639737719.495791) can0 720#07270244494F4445
(1639737719.502143) can0 728#037F272200000000
(1639737719.509435) can0 720#072702583582C81D
(1639737719.510643) can0 728#037F272200000000
(1639737719.525801) can0 720#0727023F43EF74BE
(1639737719.527736) can0 728#037F272200000000
(1639737719.539552) can0 720#072702E8D2066DDC
(1639737719.544771) can0 728#037F272200000000
(1639737719.553481) can0 720#072702714877B24B
(1639737719.561867) can0 728#037F272200000000
(1639737719.569861) can0 720#0727021D61E5C70D
(1639737719.574524) can0 128#10D6000000000000
(1639737719.578782) can0 728#037F272200000000
(1639737719.584946) can0 720#072702064E9AE1DE
(1639737719.587308) can0 728#037F272200000000
(1639737719.602074) can0 720#0727026C2EA071E6
(1639737719.604598) can0 728#037F272200000000
(1639737719.616105) can0 720#07270289D57FB3A7
(1639737719.621410) can0 728#037F272200000000
(1639737719.630316) can0 720#072702AACCCC3355
(1639737719.638463) can0 728#037F272200000000
(1639737719.645542) can0 720#072702AACCCC3355
(1639737719.647732) can0 728#037F272200000000
(1639737719.651016) can0 720#07270276C47FE500
(1639737719.654591) can0 720#07270276C47FE500
(1639737719.657573) can0 728#037F272200000000
(1639737719.658489) can0 720#07270247A73B8362
(1639737719.662346) can0 720#07270247A73B8362
(1639737719.663309) can0 128#10D6000000000000
(1639737719.666229) can0 720#072702B314F11A05
(1639737719.670869) can0 728#037F272200000000
(1639737719.676312) can0 720#072702081A78BBE7
(1639737719.677627) can0 728#037F272200000000
(1639737719.682103) can0 720#072702B314F11A05
(1639737719.685823) can0 720#072702081A78BBE7
(1639737719.687601) can0 728#037F272200000000
(1639737719.689558) can0 720#0727020853ACDE3D
(1639737719.693288) can0 720#072702519A72131C
(1639737719.697781) can0 720#072702E729D14B41
(1639737719.698766) can0 728#037F272200000000
(1639737719.701621) can0 720#072702F6920244E0
(1639737719.706268) can0 720#072702766684578C
(1639737719.707604) can0 728#037F272200000000
(1639737719.709876) can0 720#072702766684578C
(1639737719.713381) can0 720#0727024F534E4544
(1639737719.716485) can0 720#0727024F534E4544
(1639737719.717626) can0 728#037F272200000000
(1639737719.721884) can0 720#072702E729D14B41
(1639737719.727321) can0 720#072702F6920244E0
(1639737719.728308) can0 728#037F272200000000
(1639737719.732262) can0 720#072702AA7C3ABDD9
(1639737719.735930) can0 720#072702DC0DE5B1AB
(1639737719.738037) can0 728#037F272200000000
(1639737719.741940) can0 720#0727026C5AB3C78B
(1639737719.747703) can0 728#037F272200000000
(1639737719.756615) can0 720#072702B26D749A57
(1639737719.760358) can0 128#10D6000000000000
(1639737719.764702) can0 728#037F272200000000
(1639737719.772742) can0 720#0727025F7DF5F793
(1639737719.781736) can0 728#037F272200000000
(1639737719.788571) can0 720#0727029D6CC312BB
(1639737719.790416) can0 728#037F272200000000
(1639737719.803273) can0 720#072702E6A402D16A
(1639737719.807268) can0 728#037F272200000000
(1639737719.817227) can0 720#0727023132333435
(1639737719.824338) can0 728#037F272200000000
(1639737719.833855) can0 720#0727023132333435
(1639737719.841343) can0 728#037F272200000000
(1639737719.845542) can0 128#10D6000000000000
(1639737719.848525) can0 720#072702ABDC7445C6
(1639737719.849872) can0 728#037F272200000000
(1639737719.862572) can0 720#07270206C3036B0B
(1639737719.866923) can0 728#037F272200000000
(1639737719.878849) can0 720#07270285EFF9F5DC
(1639737719.883951) can0 728#037F272200000000
(1639737719.894827) can0 720#072702335900298A
(1639737719.901503) can0 728#037F272200000000
(1639737719.913577) can0 720#072702A5B3EFDA76
(1639737719.918623) can0 728#037F272200000000
(1639737719.923847) can0 720#07270207F56AF947
(1639737719.927240) can0 728#037F272200000000
(1639737719.928174) can0 720#07270206F9049E65
(1639737719.931254) can0 720#072702B6E3D77C3D
(1639737719.932201) can0 128#10D6000000000000
(1639737719.935260) can0 720#07270296878894A8
(1639737719.938724) can0 728#037F272200000000
(1639737719.946080) can0 720#072702977AD93C82
(1639737719.947277) can0 728#037F272200000000
(1639737719.951502) can0 720#072702AEC7B44BAC
(1639737719.954898) can0 720#0727026406D6A6C0
(1639737719.957295) can0 728#037F272200000000
(1639737719.958233) can0 720#0727023D804983B3
(1639737719.962434) can0 720#072702A5FD4C45DA
(1639737719.965831) can0 720#072702FDB3F43588
(1639737719.967414) can0 728#037F272200000000
(1639737719.969423) can0 720#0727028A81A88882
(1639737719.974039) can0 720#0727026577780412
(1639737719.978539) can0 728#037F272200000000
(1639737719.983683) can0 720#0727026577780412
(1639737719.987461) can0 728#037F272200000000
(1639737719.989674) can0 720#0727020000000000
(1639737719.996348) can0 728#037F272200000000
(1639737719.998204) can0 720#0727024D617A6441
(1639737720.004858) can0 728#037F272200000000
(1639737720.011300) can0 720#023E010000000000
(1639737720.013496) can0 728#017E000000000000
(1639737720.016655) can0 720#0727020101010101
(1639737720.021913) can0 728#037F272200000000
(1639737720.026183) can0 128#10D6000000000000
(1639737720.034016) can0 720#072702121701E394
(1639737720.038959) can0 728#037F272200000000
(1639737720.047764) can0 720#0727024182F678EE
(1639737720.056160) can0 728#037F272200000000
(1639737720.065285) can0 720#072702C3A1097714
(1639737720.073033) can0 728#037F272200000000
(1639737720.080736) can0 720#0727022E67CB8A03
(1639737720.090105) can0 728#037F272200000000
(1639737720.098648) can0 720#072702CA5B1B48AF
(1639737720.107057) can0 728#037F272200000000
(1639737720.111534) can0 128#10D6000000000000
(1639737720.115420) can0 720#072702DEB4772704
(1639737720.117335) can0 720#0727027B03C922F1
(1639737720.118316) can0 728#037F272200000000
(1639737720.120308) can0 720#072702415249414E
(1639737720.123859) can0 720#072702083061A4C5
(1639737720.126645) can0 728#037F272200000000
(1639737720.133336) can0 720#0727024A65737573
(1639737720.136795) can0 728#037F272200000000
(1639737720.141723) can0 720#072702134B7CF35C
(1639737720.145827) can0 720#07270252454D4154
(1639737720.147784) can0 728#037F272200000000
(1639737720.149198) can0 720#07270254414D4552
(1639737720.154345) can0 720#07270297627984EC
(1639737720.156657) can0 728#037F272200000000
(1639737720.158306) can0 720#0727024157544355
(1639737720.162258) can0 720#07270208306155AA
(1639737720.166211) can0 720#0727020824760111
(1639737720.167128) can0 728#037F272200000000
(1639737720.172494) can0 720#07270241AA42BB43
(1639737720.176725) can0 728#037F272200000000
(1639737720.181403) can0 720#0727023A6293D6F7
(1639737720.184903) can0 720#0727022E67CB8A30
(1639737720.186651) can0 728#037F272200000000
(1639737720.188407) can0 720#0727021223344556
(1639737720.191821) can0 720#072702ADD9A26775
(1639737720.195472) can0 720#072702AABBCCDDEE
(1639737720.196735) can0 728#037F272200000000
(1639737720.200329) can0 720#07270205B7062503
(1639737720.204226) can0 720#07270211410298E3
(1639737720.206611) can0 728#037F272200000000
(1639737720.207737) can0 720#0727022D86C557A1
(1639737720.211125) can0 720#072702414953494E
(1639737720.211978) can0 128#10D6000000000000
(1639737720.215772) can0 728#037F272200000000
(1639737720.225704) can0 720#07270261EBADC624
(1639737720.232796) can0 728#037F272200000000
(1639737720.242385) can0 720#0727023F43EF74BE
(1639737720.249845) can0 728#037F272200000000
(1639737720.259415) can0 720#072702466E74634D
(1639737720.266889) can0 728#037F272200000000
(1639737720.274314) can0 720#0727024467AAF207
(1639737720.275354) can0 728#037F272200000000
(1639737720.292579) can0 720#072702227B3F2377
(1639737720.296673) can0 128#10D6000000000000
(1639737720.300940) can0 728#037F272200000000
(1639737720.309259) can0 720#072702FE4228D3AD
(1639737720.318035) can0 728#037F272200000000
(1639737720.324291) can0 720#072702454D453153
(1639737720.326664) can0 728#037F272200000000
(1639737720.341432) can0 720#07270254524F4853
(1639737720.343561) can0 728#037F272200000000
(1639737720.356575) can0 720#072702CE0891A643
(1639737720.360580) can0 728#037F272200000000
(1639737720.381283) can0 720#072702341F3CFBC5
(1639737720.382053) can0 128#10D6000000000000
(1639737720.386147) can0 728#037F272200000000
(1639737720.397803) can0 720#0727023149216327
(1639737720.403181) can0 728#037F272200000000
(1639737720.410698) can0 720#072702526F77616E
(1639737720.411879) can0 728#037F272200000000
(1639737720.427036) can0 720#0727022468864204
(1639737720.428745) can0 728#037F272200000000
(1639737720.440402) can0 720#072702F732D73A12
(1639737720.445773) can0 728#037F272200000000
(1639737720.450658) can0 720#023E010000000000
(1639737720.454292) can0 728#017E000000000000
(1639737720.458223) can0 720#072702F4791A60CB
(1639737720.462820) can0 728#037F272200000000
(1639737720.467027) can0 128#10D6000000000000
(1639737720.475031) can0 720#0727025A3B514A35
(1639737720.479841) can0 728#037F272200000000
(1639737720.489218) can0 720#0727022CD873A914
(1639737720.497067) can0 728#037F272200000000
(1639737720.505648) can0 720#0727021617010815
(1639737720.513930) can0 728#037F272200000000
(1639737720.519947) can0 720#0727024452494654
(1639737720.522452) can0 728#037F272200000000
(1639737720.534220) can0 720#072702C5A461A4A7
(1639737720.539433) can0 728#037F272200000000
(1639737720.549715) can0 720#072702835507519A
(1639737720.552167) can0 128#10D6000000000000
(1639737720.556505) can0 728#037F272200000000
(1639737720.565558) can0 720#07270208305561AA
(1639737720.573621) can0 728#037F272200000000
(1639737720.583354) can0 720#07270248415A454C
(1639737720.590597) can0 728#037F272200000000
(1639737720.599364) can0 720#0727027D2D200578
(1639737720.607654) can0 728#037F272200000000
(1639737720.612654) can0 720#0727022431DEF946
(1639737720.616214) can0 728#037F272200000000
(1639737720.629561) can0 720#0727020123456789
(1639737720.633245) can0 728#037F272200000000
(1639737720.637385) can0 128#10D6000000000000
(1639737720.644614) can0 720#072702A3B2C01492
(1639737720.650324) can0 728#037F272200000000
(1639737720.658799) can0 720#072702CB41122871
(1639737720.667446) can0 728#037F272200000000
(1639737720.675245) can0 720#072702C414021105
(1639737720.684279) can0 728#037F272200000000
(1639737720.689355) can0 720#0727021E08171B72
(1639737720.692796) can0 728#037F272200000000
(1639737720.708062) can0 720#0727020109FF1964
(1639737720.709876) can0 728#037F272200000000
(1639737720.722539) can0 128#10D6000000000000
(1639737720.723318) can0 720#072702151F521F7F
(1639737720.726910) can0 728#037F272200000000
(1639737720.733800) can0 720#0727020C04491562
(1639737720.735825) can0 728#037F272200000000
(1639737720.737248) can0 720#0727021C27507677
(1639737720.740274) can0 720#0727020168A478A1
(1639737720.746207) can0 728#037F272200000000
(1639737720.752958) can0 720#07270257A2F7C349
(1639737720.756052) can0 728#037F272200000000
(1639737720.756974) can0 720#072702167E04CFF5
(1639737720.760438) can0 720#0727020000000000
(1639737720.764599) can0 720#0727020000000000
(1639737720.766564) can0 728#037F272200000000
(1639737720.768869) can0 720#0727020000000000
(1639737720.772706) can0 720#0727020000000000
(1639737720.775501) can0 720#0727020000000000
(1639737720.776469) can0 728#037F272200000000
(1639737720.779655) can0 720#0727020000000000
(1639737720.783837) can0 720#0727020000000000
(1639737720.787711) can0 720#0727020000000000
(1639737720.788709) can0 728#037F272200000000
(1639737720.791655) can0 720#0727020000000000
(1639737720.795909) can0 728#037F272200000000
(1639737720.797843) can0 720#0727020000000000
(1639737720.809450) can0 720#0727020000000000
(1639737720.813357) can0 720#0727020000000000
(1639737720.814325) can0 728#037F272200000000
(1639737720.815321) can0 720#0727020000000000
(1639737720.816501) can0 720#0727020000000000
(1639737720.819564) can0 720#07270219AC3A1CC2
(1639737720.820736) can0 128#10D6000000000000
(1639737720.822926) can0 720#0727023A8ECF9CCE
(1639737720.825868) can0 728#037F272200000000
(1639737720.826786) can0 720#0727026577780412
(1639737720.830721) can0 720#0727023F3A2F2101
(1639737720.835593) can0 728#037F272200000000
(1639737720.842242) can0 720#072702F8A95F1D01
(1639737720.844235) can0 728#037F272200000000
(1639737720.855632) can0 720#07270235E7FA6DD1
(1639737720.861164) can0 728#037F272200000000
(1639737720.872115) can0 720#0727020A6DC13B20
(1639737720.878287) can0 728#037F272200000000
(1639737720.893088) can0 720#07270222A16051A9
(1639737720.895189) can0 728#037F272200000000
(1639737720.907913) can0 128#10D6000000000000
(1639737720.909604) can0 720#0727020D5ADBDFCA
(1639737720.912287) can0 728#037F272200000000
(1639737720.924231) can0 720#0727029F754B3B87
(1639737720.929497) can0 728#037F272200000000
(1639737720.938831) can0 720#072702225FB4AC54
(1639737720.946381) can0 728#037F272200000000
(1639737720.955184) can0 720#072702F4310FB252
(1639737720.963370) can0 728#037F272200000000
(1639737720.970160) can0 720#0727022964B272C2
(1639737720.971835) can0 728#037F272200000000
(1639737720.989402) can0 720#072702F83912960E
(1639737720.993437) can0 128#10D6000000000000
(1639737720.998222) can0 728#037F272200000000
(1639737720.999639) can0 720#07270241AA42BB43
(1639737721.003361) can0 720#07270241AA42BB43
(1639737721.007675) can0 720#072702AA5A35BED4
(1639737721.008671) can0 728#037F272200000000
(1639737721.011259) can0 720#07270296A23B839B
(1639737721.017356) can0 728#037F272200000000
(1639737721.018698) can0 720#072702C89B10488D
(1639737721.026130) can0 728#037F272200000000
(1639737721.034890) can0 720#07270275B156834A
(1639737721.042923) can0 728#037F272200000000
(1639737721.048926) can0 720#0727029F754B3B87
(1639737721.051475) can0 728#037F272200000000
(1639737721.063929) can0 720#072702488729889D
(1639737721.068471) can0 728#037F272200000000
(1639737721.080453) can0 720#0727025E18BF9B75
(1639737721.081290) can0 128#10D6000000000000
(1639737721.085543) can0 728#037F272200000000
(1639737721.094287) can0 720#072702A6379E8434
(1639737721.102569) can0 728#037F272200000000
(1639737721.108717) can0 720#072702114D8775AF
(1639737721.111261) can0 728#037F272200000000
(1639737721.126119) can0 720#0727020EAA0BA016
(1639737721.128093) can0 728#037F272200000000
(1639737721.141043) can0 720#072702F51E1487C0
(1639737721.145116) can0 728#037F272200000000
(1639737721.157248) can0 720#0727021CF000C10A
(1639737721.162183) can0 728#037F272200000000
(1639737721.166369) can0 128#10D6000000000000
(1639737721.174568) can0 720#07270258053E459C
(1639737721.179282) can0 728#037F272200000000
(1639737721.187496) can0 720#0727026AA568565E
(1639737721.197763) can0 720#07270242434D5932
(1639737721.198709) can0 728#037F272200000000
(1639737721.205152) can0 720#0727024555434431
(1639737721.207624) can0 728#037F272200000000
(1639737721.208542) can0 720#0727024555434431
(1639737721.211815) can0 720#0727028899966A5C
(1639737721.216294) can0 720#07270298976877AA
(1639737721.217614) can0 728#037F272200000000
(1639737721.220420) can0 720#07270296A23B839B
(1639737721.223944) can0 720#072702DCD5447AE6
(1639737721.230295) can0 720#072702DCD5447AE6
(1639737721.231271) can0 728#037F272200000000
(1639737721.232873) can0 720#07270208306155AA
(1639737721.236132) can0 720#07270208306155AA
(1639737721.238144) can0 728#037F272200000000
(1639737721.241674) can0 720#072702544F424245
(1639737721.247937) can0 720#072702544F424245
(1639737721.249837) can0 728#037F272200000000
(1639737721.252327) can0 720#072702485354434D
(1639737721.255830) can0 720#072702485354434D
(1639737721.257654) can0 728#037F272200000000
(1639737721.259832) can0 720#0727021F1A4F3EE6
(1639737721.262797) can0 128#10D6000000000000
(1639737721.267680) can0 728#037F272200000000
(1639737721.269721) can0 720#0727021F1A4F3EE6
(1639737721.276198) can0 720#07270241AA42BB43
(1639737721.277644) can0 728#037F272200000000
(1639737721.279691) can0 720#07270241AA42BB43
(1639737721.283420) can0 720#0727021524334251
(1639737721.286476) can0 720#0727021524334251
(1639737721.287595) can0 728#037F272200000000
(1639737721.295291) can0 720#0727020123456789
(1639737721.296651) can0 728#037F272200000000
(1639737721.311834) can0 720#07270218AE784AD2
(1639737721.313473) can0 728#037F272200000000
(1639737721.327402) can0 720#0727024555434431
(1639737721.330499) can0 728#037F272200000000
(1639737721.342752) can0 720#0727024555434431
(1639737721.347523) can0 728#037F272200000000
(1639737721.351717) can0 128#10D6000000000000
(1639737721.359609) can0 720#072702C9EA84CB10
(1639737721.364582) can0 728#037F272200000000
(1639737721.373653) can0 720#0727022592CA3429
(1639737721.381729) can0 728#037F272200000000
(1639737721.399909) can0 720#072702536798B3A4
(1639737721.407245) can0 728#037F272200000000
(1639737721.414006) can0 720#07270208306155AA
(1639737721.415654) can0 728#037F272200000000
(1639737721.431252) can0 720#07270208306155AA
(1639737721.432948) can0 728#037F272200000000
(1639737721.436900) can0 128#10D6000000000000
(1639737721.446994) can0 720#072702FA6B5A7047
(1639737721.449892) can0 728#037F272200000000
(1639737721.462250) can0 720#07270208306155AA
(1639737721.467459) can0 728#037F272200000000
(1639737721.473020) can0 720#0727020000000000
(1639737721.477065) can0 728#037F272200000000
(1639737721.478046) can0 720#072702FFFFFFFFFF
(1639737721.481253) can0 720#072702AC031489E3
(1639737721.484459) can0 720#072702ACF72992E1
(1639737721.487104) can0 728#037F272200000000
(1639737721.488606) can0 720#07270208306155AA
(1639737721.492898) can0 720#072702DD161A48AF
(1639737721.498070) can0 720#0727024976666552
(1639737721.498761) can0 728#037F272200000000
(1639737721.516827) can0 720#0727020828211663
(1639737721.523581) can0 728#037F272200000000
(1639737721.527807) can0 128#10D6000000000000
(1639737721.531961) can0 720#0727020A160407B6
(1639737721.540683) can0 728#037F272200000000
(1639737721.547554) can0 720#0727021B44144D24
(1639737721.549242) can0 728#037F272200000000
(1639737721.559074) can0 720#0727022205120906
(1639737721.563419) can0 720#0727024151268411
(1639737721.566744) can0 720#0727024812A6D57B
(1639737721.567705) can0 728#037F272200000000
(1639737721.570929) can0 720#0727024A36314346
(1639737721.575101) can0 720#0727024E53594E53
(1639737721.578560) can0 728#037F272200000000
(1639737721.585850) can0 720#0727025061446D41
(1639737721.587621) can0 728#037F272200000000
(1639737721.590840) can0 720#0727025F9C99A350
(1639737721.594123) can0 720#0727026A5568515E
(1639737721.597105) can0 720#0727026E6F776152
(1639737721.598070) can0 728#037F272200000000
(1639737721.600519) can0 720#072702886D91757D
(1639737721.606772) can0 720#072702D8415D77A5
(1639737721.608657) can0 728#037F272200000000
(1639737721.610476) can0 720#0727024C7570696E
(1639737721.613490) can0 720#0727028C00000000
(1639737721.616830) can0 720#0727028C54F80BD7
(1639737721.617759) can0 728#037F272200000000
(1639737721.622958) can0 128#10D6000000000000
(1639737721.625134) can0 720#07270253484F5741
(1639737721.627662) can0 728#037F272200000000
(1639737721.634162) can0 720#0727024776666552
(1639737721.636528) can0 720#072702268CB471EE
(1639737721.637630) can0 728#037F272200000000
(1639737721.639872) can0 720#072702AB7DD1D271
(1639737721.643239) can0 720#0727028CF5A519EE
(1639737721.646559) can0 720#0727026969B653A1
(1639737721.647650) can0 728#037F272200000000
(1639737721.651395) can0 720#0727024C4341424C
(1639737721.655263) can0 720#072702268145297D
(1639737721.657704) can0 728#037F272200000000
(1639737721.661160) can0 720#072702288145297D
(1639737721.666358) can0 728#037F272200000000
(1639737721.676162) can0 720#072702DACCCB6EB3
(1639737721.685385) can0 728#037F272200000000
(1639737721.690988) can0 720#072702434F4C494E
(1639737721.691905) can0 728#037F272200000000
(1639737721.709311) can0 720#07270216B9137770
(1639737721.713182) can0 128#10D6000000000000
(1639737721.717445) can0 728#037F272200000000
(1639737721.725008) can0 720#0727024D48657179
(1639737721.726019) can0 728#037F272200000000
(1639737721.740700) can0 720#0727026248C5A25F
(1639737721.743123) can0 728#037F272200000000
(1639737721.755458) can0 720#0727025A89E44172
(1639737721.760099) can0 728#037F272200000000
(1639737721.768708) can0 720#0727024272616457
(1639737721.777130) can0 728#037F272200000000
(1639737721.786948) can0 720#0727024A616E6973
(1639737721.794163) can0 728#037F272200000000
(1639737721.798322) can0 128#10D6000000000000
(1639737721.803953) can0 720#0727028A789034F7
(1639737721.811168) can0 728#037F272200000000
(1639737721.820604) can0 720#07270250C86A49F1
(1639737721.828354) can0 728#037F272200000000
(1639737721.835425) can0 720#0727020225197707
(1639737721.836701) can0 728#037F272200000000
(1639737721.848661) can0 720#0727020102030405
(1639737721.853758) can0 728#037F272200000000
(1639737721.864013) can0 720#0727022487647032
(1639737721.871537) can0 728#037F272200000000
(1639737721.883493) can0 128#10D6000000000000
(1639737721.890714) can0 720#0727022487646585
(1639737721.896870) can0 728#037F272200000000
(1639737721.906220) can0 720#07270261422B5464
(1639737721.914524) can0 728#037F272200000000
(1639737721.921099) can0 720#07270216652CEABE
(1639737721.930434) can0 728#037F272200000000
(1639737721.936782) can0 720#0727028C4AD21F2E
(1639737721.938927) can0 728#037F272200000000
(1639737721.951221) can0 720#072702DC400A5923
(1639737721.956045) can0 728#037F272200000000
(1639737721.965294) can0 720#072702839EE212E0
(1639737721.968700) can0 128#10D6000000000000
(1639737721.973082) can0 728#037F272200000000
(1639737721.982886) can0 720#072702464D433031
(1639737721.990081) can0 728#037F272200000000
(1639737721.997761) can0 720#072702C1B0CAD01A
(1639737721.998783) can0 728#037F272200000000
(1639737722.010657) can0 720#023E010000000000
(1639737722.012244) can0 720#07270238078A63C1
(1639737722.015686) can0 728#017E000000000000
(1639737722.029237) can0 720#072702B83F247FFF
(1639737722.032700) can0 728#037F272200000000
(1639737722.044346) can0 720#072702534B6521AD
(1639737722.050224) can0 728#037F272200000000
(1639737722.053892) can0 128#10D6000000000000
(1639737722.061993) can0 720#07270227A12B1983
(1639737722.066766) can0 728#037F272200000000
(1639737722.076126) can0 720#07270284660862AB
(1639737722.083865) can0 728#037F272200000000
(1639737722.093088) can0 720#072702A31307047D
(1639737722.101304) can0 728#037F272200000000
(1639737722.105073) can0 720#0727026456364CA7
(1639737722.110260) can0 720#0727021122334455
(1639737722.114102) can0 720#0727020000000000
(1639737722.115090) can0 728#037F272200000000
(1639737722.117680) can0 720#072702836ACF361B
(1639737722.120806) can0 720#07270203D6B5D76F
(1639737722.121780) can0 728#037F272200000000
(1639737722.124693) can0 720#0727028C020D045F
(1639737722.128873) can0 720#072702984B9408E7
(1639737722.131901) can0 728#037F272200000000
(1639737722.134204) can0 720#07270208036155AA
(1639737722.141460) can0 728#037F272200000000
(1639737722.145931) can0 720#072702624B9408E7
(1639737722.146897) can0 128#10D6000000000000
(1639737722.149771) can0 720#072702882A7B9336
(1639737722.151241) can0 728#037F272200000000
(1639737722.153182) can0 720#072702DF3A1469C2
(1639737722.156887) can0 720#0727020406070409
(1639737722.160492) can0 720#072702053C703A75
(1639737722.161438) can0 728#037F272200000000
(1639737722.164554) can0 720#072702E184BE2329
(1639737722.172306) can0 728#037F272200000000
(1639737722.175833) can0 720#072702A3C1E41989
(1639737722.181370) can0 728#037F272200000000
(1639737722.183172) can0 720#072702715521A55E
(1639737722.188044) can0 720#072702869A784D90
(1639737722.189352) can0 720#0727027155215EA5
(1639737722.191351) can0 728#037F272200000000
(1639737722.193286) can0 720#07270271552141C2
(1639737722.197129) can0 720#07270242D36E34CE
(1639737722.200244) can0 720#07270242DD6E34CE
(1639737722.201241) can0 728#037F272200000000
(1639737722.210131) can0 720#072702835707339A
(1639737722.218494) can0 728#037F272200000000
(1639737722.226659) can0 720#072702882A7B9354
(1639737722.235513) can0 728#037F272200000000
(1639737722.239749) can0 128#10D6000000000000
(1639737722.242172) can0 720#07270213F129B301
(1639737722.244018) can0 728#037F272200000000
(1639737722.258975) can0 720#0727025B4174657D
(1639737722.261112) can0 728#037F272200000000
(1639737722.274659) can0 720#07270250C86A49F2
(1639737722.278176) can0 728#037F272200000000
(1639737722.292859) can0 720#072702A7C2E91992
(1639737722.296081) can0 728#037F272200000000
(1639737722.298915) can0 720#072702A7C2E92C7A
(1639737722.303223) can0 720#07270244DD45EE46
(1639737722.305969) can0 728#037F272200000000
(1639737722.306869) can0 720#072702204AFE9C2D
(1639737722.310122) can0 720#0727023163466648
(1639737722.315172) can0 720#072702E9D4A11201
(1639737722.316144) can0 728#037F272200000000
(1639737722.319024) can0 720#072702426F736368
(1639737722.322749) can0 720#07270237E1A215C8
(1639737722.325955) can0 728#037F272200000000
(1639737722.329460) can0 720#0727026BA7430A71
(1639737722.331077) can0 128#10D6000000000000
(1639737722.335992) can0 728#037F272200000000
(1639737722.339961) can0 720#072702162738495A
(1639737722.343608) can0 720#0727026F6E696268
(1639737722.345953) can0 728#037F272200000000
(1639737722.347792) can0 720#072702626861776E
(1639737722.350214) can0 720#072702615F626164
(1639737722.353715) can0 720#0727025CEB117B30
(1639737722.356017) can0 728#037F272200000000
(1639737722.358630) can0 720#072702001D460F63
(1639737722.362426) can0 720#0727027118A56868
(1639737722.366342) can0 720#072702C8B2E39E76
(1639737722.367312) can0 728#037F272200000000
(1639737722.369467) can0 720#072702FD4C9281ED
(1639737722.372424) can0 720#0727027118416968
(1639737722.376090) can0 728#037F272200000000
(1639737722.382284) can0 720#0727023F375F2259
(1639737722.386111) can0 728#037F272200000000
(1639737722.390710) can0 720#0727024E8AE2CAD8
(1639737722.394919) can0 728#037F272200000000
(1639737722.404573) can0 720#0727026538743631
(1639737722.412432) can0 728#037F272200000000
(1639737722.421523) can0 720#072702B6451777D3
(1639737722.424637) can0 128#10D6000000000000
(1639737722.429393) can0 728#037F272200000000
(1639737722.436394) can0 720#07270221A4396C04
(1639737722.437438) can0 728#037F272200000000
(1639737722.451004) can0 720#023E010000000000
(1639737722.453588) can0 720#0727020A1E0514C2
(1639737722.454730) can0 728#017E000000000000
(1639737722.468622) can0 720#0727027C70D030C1
(1639737722.471531) can0 728#037F272200000000
(1639737722.484327) can0 720#072702636F6E7469
(1639737722.488622) can0 728#037F272200000000
(1639737722.502776) can0 720#0727026BA7240A71
(1639737722.505639) can0 728#037F272200000000
(1639737722.509830) can0 128#10D6000000000000
(1639737722.517485) can0 720#0727021A2B3C4D5E
(1639737722.522656) can0 728#037F272200000000
(1639737722.534534) can0 720#072702F311454C73
(1639737722.539811) can0 728#037F272200000000
(1639737722.549338) can0 720#0727021746CEB435
(1639737722.556699) can0 728#037F272200000000
(1639737722.563623) can0 720#0727029A78563412
(1639737722.565225) can0 728#037F272200000000
(1639737722.575781) can0 720#07270276AB510945
(1639737722.593149) can0 720#0727023423391177
(1639737722.594141) can0 728#037F272200000000
(1639737722.595041) can0 720#0727024151268401
(1639737722.596167) can0 720#0727022403356384
(1639737722.597316) can0 720#0727028408F57701
(1639737722.598480) can0 720#0727021982061003
(1639737722.599705) can0 720#072702424F534558
(1639737722.600688) can0 128#10D6000000000000
(1639737722.605082) can0 720#072702666F617765
(1639737722.606334) can0 728#037F272200000000
(1639737722.616521) can0 720#07270253554D2D33
(1639737722.620860) can0 720#0727021213197630
(1639737722.623992) can0 720#07270242A4839979
(1639737722.625063) can0 728#037F272200000000
(1639737722.627455) can0 720#072702EFE57A916A
(1639737722.631673) can0 720#07270219D30B2FD2
(1639737722.634937) can0 720#0727021420E6890A
(1639737722.635885) can0 728#037F272200000000
(1639737722.638242) can0 720#0727025E100F4633
(1639737722.642407) can0 720#0727021571031976
(1639737722.646387) can0 728#037F272200000000
(1639737722.655372) can0 720#07270266AF300612
(1639737722.659351) can0 720#07270220E448E1D1
(1639737722.662546) can0 720#07270228E222635F
(1639737722.665024) can0 728#037F272200000000
(1639737722.665940) can0 720#072702083161A4C5
(1639737722.673198) can0 720#072702E6763FED74
(1639737722.674026) can0 728#037F272200000000
(1639737722.689285) can0 720#0727024A414D4553
(1639737722.690958) can0 728#037F272200000000
(1639737722.695199) can0 128#10D6000000000000
(1639737722.705154) can0 720#0727020808010301
(1639737722.708033) can0 728#037F272200000000
(1639737722.717813) can0 720#0727025475BC4E68
(1639737722.725134) can0 728#037F272200000000
(1639737722.733599) can0 720#0727024D415A4441
(1639737722.742142) can0 728#037F272200000000
(1639737722.748718) can0 720#0727024B30323136
(1639737722.750591) can0 728#037F272200000000
(1639737722.766403) can0 720#0727026D415A4461
(1639737722.768879) can0 728#037F272200000000
(1639737722.780318) can0 128#10D6000000000000
(1639737722.782756) can0 720#072702621C067260
(1639737722.785287) can0 728#037F272200000000
(1639737722.802250) can0 720#07270250414E4441
(1639737722.810563) can0 728#037F272200000000
(1639737722.818622) can0 720#072702212703DA27
(1639737722.827274) can0 728#037F272200000000
(1639737722.832962) can0 720#0727022270EA4C11
(1639737722.835816) can0 728#037F272200000000
(1639737722.848791) can0 720#072702466C617368
(1639737722.852802) can0 728#037F272200000000
(1639737722.865492) can0 128#10D6000000000000
(1639737722.954495) can0 128#10D6000000000000
(1639737723.046808) can0 128#10D6000000000000
(1639737723.131985) can0 128#10D6000000000000
(1639737723.217198) can0 128#10D6000000000000
(1639737723.304911) can0 128#10D6000000000000
(1639737723.401803) can0 128#10D6000000000000
(1639737723.486944) can0 128#10D6000000000000
(1639737723.584282) can0 128#10D6000000000000
(1639737723.669456) can0 128#10D6000000000000
(1639737723.754675) can0 128#10D6000000000000
(1639737723.840204) can0 128#10D6000000000000
(1639737723.931746) can0 128#10D6000000000000
(1639737724.010926) can0 720#023E010000000000
(1639737724.016802) can0 728#017E000000000000
(1639737724.021279) can0 128#10D6000000000000
(1639737724.106559) can0 128#10D6000000000000
(1639737724.191770) can0 128#10D6000000000000
(1639737724.290723) can0 128#10D6000000000000
(1639737724.377101) can0 128#10D6000000000000
(1639737724.451355) can0 720#023E010000000000
(1639737724.458124) can0 728#017E000000000000
(1639737724.462326) can0 128#10D6000000000000
(1639737724.547477) can0 128#10D6000000000000
(1639737724.644822) can0 128#10D6000000000000
(1639737724.733162) can0 128#10D6000000000000
(1639737724.818045) can0 128#10D6000000000000
(1639737724.914346) can0 128#10D6000000000000
(1639737725.003434) can0 128#10D6000000000000
(1639737725.088611) can0 128#10D6000000000000
(1639737725.173874) can0 128#10D6000000000000
(1639737725.268884) can0 128#10D6000000000000
(1639737725.359487) can0 128#10D6000000000000
(1639737725.453775) can0 128#10D6000000000000
(1639737725.547840) can0 128#10D6000000000000
(1639737725.634755) can0 128#10D6000000000000
(1639737725.719912) can0 128#10D6000000000000
(1639737725.812719) can0 128#10D6000000000000
(1639737725.905284) can0 128#10D6000000000000
(1639737725.990438) can0 128#10D6000000000000
(1639737726.010894) can0 720#023E010000000000
(1639737726.011889) can0 728#017E000000000000
(1639737726.075654) can0 128#10D6000000000000
(1639737726.161270) can0 128#10D6000000000000
(1639737726.252503) can0 128#10D6000000000000
(1639737726.346362) can0 128#10D6000000000000
(1639737726.431403) can0 128#10D6000000000000
(1639737726.451572) can0 720#023E010000000000
(1639737726.452766) can0 728#017E000000000000
(1639737726.516971) can0 128#10D6000000000000
(1639737726.601750) can0 128#10D6000000000000
(1639737726.691503) can0 128#10D6000000000000
(1639737726.787102) can0 128#10D6000000000000
(1639737726.872449) can0 128#10D6000000000000
(1639737726.957468) can0 128#10D6000000000000
(1639737727.046765) can0 128#10D6000000000000
(1639737727.134492) can0 128#10D6000000000000
(1639737727.231914) can0 128#10D6000000000000
(1639737727.319146) can0 128#10D6000000000000
(1639737727.415457) can0 128#10D6000000000000
(1639737727.500707) can0 128#10D6000000000000
(1639737727.586474) can0 128#10D6000000000000
(1639737727.671017) can0 128#10D6000000000000
(1639737727.756593) can0 128#10D6000000000000
(1639737727.856872) can0 128#10D6000000000000
(1639737727.941780) can0 128#10D6000000000000
(1639737728.011242) can0 720#023E010000000000
(1639737728.014086) can0 728#017E000000000000
(1639737728.026767) can0 128#10D6000000000000
(1639737728.112223) can0 128#10D6000000000000
(1639737728.200654) can0 128#10D6000000000000
(1639737728.286087) can0 128#10D6000000000000
(1639737728.384349) can0 128#10D6000000000000
(1639737728.451911) can0 720#023E010000000000
(1639737728.458271) can0 728#017E000000000000
(1639737728.471056) can0 128#10D6000000000000
(1639737728.556070) can0 128#10D6000000000000
(1639737728.641640) can0 128#10D6000000000000
(1639737728.738764) can0 128#10D6000000000000
(1639737728.826930) can0 128#10D6000000000000
(1639737728.918967) can0 128#10D6000000000000
(1639737729.004900) can0 128#10D6000000000000
(1639737729.089359) can0 128#10D6000000000000
(1639737729.185257) can0 128#10D6000000000000
(1639737729.275175) can0 128#10D6000000000000
(1639737729.369835) can0 128#10D6000000000000
(1639737729.459078) can0 128#10D6000000000000
(1639737729.544929) can0 128#10D6000000000000
(1639737729.629718) can0 128#10D6000000000000
(1639737729.722872) can0 128#10D6000000000000
(1639737729.814721) can0 128#10D6000000000000
(1639737729.906824) can0 128#10D6000000000000
(1639737729.991387) can0 128#10D6000000000000
(1639737730.011291) can0 720#023E010000000000
(1639737730.012888) can0 728#017E000000000000
(1639737730.082957) can0 128#10D6000000000000
(1639737730.172504) can0 128#10D6000000000000
(1639737730.268150) can0 128#10D6000000000000
(1639737730.352682) can0 128#10D6000000000000
(1639737730.437980) can0 128#10D6000000000000
(1639737730.451983) can0 720#023E010000000000
(1639737730.459378) can0 728#017E000000000000
(1639737730.526394) can0 128#10D6000000000000
(1639737730.615068) can0 128#10D6000000000000
(1639737730.711181) can0 128#10D6000000000000
(1639737730.796364) can0 128#10D6000000000000
(1639737730.881554) can0 128#10D6000000000000
(1639737730.968598) can0 128#10D6000000000000
(1639737731.062969) can0 128#10D6000000000000
(1639737731.161719) can0 128#10D6000000000000
(1639737731.246894) can0 128#10D6000000000000
(1639737731.331929) can0 128#10D6000000000000
(1639737731.427638) can0 128#10D6000000000000
(1639737731.525252) can0 128#10D6000000000000
(1639737731.610440) can0 128#10D6000000000000
(1639737731.695636) can0 128#10D6000000000000
(1639737731.794097) can0 128#10D6000000000000
(1639737731.881616) can0 128#10D6000000000000
(1639737731.966824) can0 128#10D6000000000000
(1639737732.011395) can0 720#023E010000000000
(1639737732.018890) can0 728#017E000000000000
(1639737732.057489) can0 128#10D6000000000000
(1639737732.153866) can0 128#10D6000000000000
(1639737732.243127) can0 128#10D6000000000000
(1639737732.328313) can0 128#10D6000000000000
(1639737732.413841) can0 128#10D6000000000000
(1639737732.452186) can0 720#023E010000000000
(1639737732.457602) can0 728#017E000000000000
(1639737732.504326) can0 128#10D6000000000000
(1639737732.589507) can0 128#10D6000000000000
(1639737732.683428) can0 128#10D6000000000000
(1639737732.774871) can0 128#10D6000000000000
(1639737732.860057) can0 128#10D6000000000000
(1639737732.945239) can0 128#10D6000000000000
(1639737733.032366) can0 128#10D6000000000000
(1639737733.125405) can0 128#10D6000000000000
(1639737733.210500) can0 128#10D6000000000000
(1639737733.295683) can0 128#10D6000000000000
(1639737733.380942) can0 128#10D6000000000000
(1639737733.470835) can0 128#10D6000000000000
(1639737733.563489) can0 128#10D6000000000000
(1639737733.652331) can0 128#10D6000000000000
(1639737733.748849) can0 128#10D6000000000000
(1639737733.834044) can0 128#10D6000000000000
(1639737733.919300) can0 128#10D6000000000000
(1639737734.004426) can0 128#10D6000000000000
(1639737734.012046) can0 720#023E010000000000
(1639737734.017308) can0 728#017E000000000000
(1639737734.099073) can0 128#10D6000000000000
(1639737734.184180) can0 128#10D6000000000000
(1639737734.270904) can0 128#10D6000000000000
(1639737734.369547) can0 128#10D6000000000000
(1639737734.452146) can0 720#023E010000000000
(1639737734.455660) can0 128#10D6000000000000
(1639737734.461440) can0 728#017E000000000000
(1639737734.550566) can0 128#10D6000000000000
(1639737734.635997) can0 128#10D6000000000000
(1639737734.735947) can0 128#10D6000000000000
(1639737734.821125) can0 128#10D6000000000000
(1639737734.919344) can0 128#10D6000000000000
(1639737735.004488) can0 128#10D6000000000000
(1639737735.089680) can0 128#10D6000000000000
(1639737735.174835) can0 128#10D6000000000000
(1639737735.260024) can0 128#10D6000000000000
(1639737735.345205) can0 128#10D6000000000000
(1639737735.438135) can0 128#10D6000000000000
(1639737735.523460) can0 128#10D6000000000000
(1639737735.612505) can0 128#10D6000000000000
(1639737735.708190) can0 128#10D6000000000000
(1639737735.797892) can0 128#10D6000000000000
(1639737735.883073) can0 128#10D6000000000000
(1639737735.977907) can0 128#10D6000000000000
(1639737736.011830) can0 720#023E010000000000
(1639737736.013185) can0 728#017E000000000000
(1639737736.068570) can0 128#10D6000000000000
(1639737736.153762) can0 128#10D6000000000000
(1639737736.238935) can0 128#10D6000000000000
(1639737736.324127) can0 128#10D6000000000000
(1639737736.409362) can0 128#10D6000000000000
(1639737736.453799) can0 720#023E010000000000
(1639737736.456938) can0 728#017E000000000000
(1639737736.501782) can0 128#10D6000000000000
(1639737736.591336) can0 128#10D6000000000000
(1639737736.683141) can0 128#10D6000000000000
(1639737736.776702) can0 128#10D6000000000000
(1639737736.861891) can0 128#10D6000000000000
(1639737736.952929) can0 128#10D6000000000000
(1639737737.047243) can0 128#10D6000000000000
(1639737737.137656) can0 128#10D6000000000000
(1639737737.232598) can0 128#10D6000000000000
(1639737737.322072) can0 128#10D6000000000000
(1639737737.418491) can0 128#10D6000000000000
(1639737737.503643) can0 128#10D6000000000000
(1639737737.597441) can0 128#10D6000000000000
(1639737737.682602) can0 128#10D6000000000000
(1639737737.767757) can0 128#10D6000000000000
(1639737737.854862) can0 128#10D6000000000000
(1639737737.949436) can0 128#10D6000000000000
(1639737738.012214) can0 720#023E010000000000
(1639737738.013509) can0 728#017E000000000000
(1639737738.034600) can0 128#10D6000000000000
(1639737738.119766) can0 128#10D6000000000000
(1639737738.204948) can0 128#10D6000000000000
(1639737738.290138) can0 128#10D6000000000000
(1639737738.389926) can0 128#10D6000000000000
(1639737738.452739) can0 720#023E010000000000
(1639737738.454303) can0 728#017E000000000000
(1639737738.475491) can0 128#10D6000000000000
(1639737738.560693) can0 128#10D6000000000000
(1639737738.645864) can0 128#10D6000000000000
(1639737738.731045) can0 128#10D6000000000000
(1639737738.829384) can0 128#10D6000000000000
(1639737738.916481) can0 128#10D6000000000000
(1639737739.002889) can0 128#10D6000000000000
(1639737739.100373) can0 128#10D6000000000000
(1639737739.188235) can0 128#10D6000000000000
(1639737739.273412) can0 128#10D6000000000000
(1639737739.370760) can0 128#10D6000000000000
(1639737739.458760) can0 128#10D6000000000000
(1639737739.551361) can0 128#10D6000000000000
(1639737739.646880) can0 128#10D6000000000000
(1639737739.736722) can0 128#10D6000000000000
(1639737739.831581) can0 128#10D6000000000000
(1639737739.922141) can0 128#10D6000000000000
(1639737740.012220) can0 720#023E010000000000
(1639737740.016379) can0 128#10D6000000000000
(1639737740.021473) can0 728#017E000000000000
(1639737740.103890) can0 128#10D6000000000000
(1639737740.189126) can0 128#10D6000000000000
(1639737740.282377) can0 128#10D6000000000000
(1639737740.374421) can0 128#10D6000000000000
(1639737740.453537) can0 720#023E010000000000
(1639737740.456486) can0 728#017E000000000000
(1639737740.460636) can0 128#10D6000000000000
(1639737740.548107) can0 128#10D6000000000000
(1639737740.641081) can0 128#10D6000000000000
(1639737740.726277) can0 128#10D6000000000000
(1639737740.817752) can0 128#10D6000000000000
(1639737740.911640) can0 128#10D6000000000000
(1639737740.996830) can0 128#10D6000000000000
(1639737741.086780) can0 128#10D6000000000000
(1639737741.182177) can0 128#10D6000000000000
(1639737741.271542) can0 128#10D6000000000000
(1639737741.368004) can0 128#10D6000000000000
(1639737741.453185) can0 128#10D6000000000000
(1639737741.538379) can0 128#10D6000000000000
(1639737741.625868) can0 128#10D6000000000000
(1639737741.724010) can0 128#10D6000000000000
(1639737741.810561) can0 128#10D6000000000000
(1639737741.909438) can0 128#10D6000000000000
(1639737741.995311) can0 128#10D6000000000000
(1639737742.012454) can0 720#023E010000000000
(1639737742.020433) can0 728#017E000000000000
(1639737742.094768) can0 128#10D6000000000000
(1639737742.179956) can0 128#10D6000000000000
(1639737742.265628) can0 128#10D6000000000000
(1639737742.350317) can0 128#10D6000000000000
(1639737742.435503) can0 128#10D6000000000000
(1639737742.454684) can0 720#023E010000000000
(1639737742.457256) can0 728#017E000000000000
(1639737742.520693) can0 128#10D6000000000000
(1639737742.606554) can0 128#10D6000000000000
(1639737742.691751) can0 128#10D6000000000000
(1639737742.790029) can0 128#10D6000000000000
(1639737742.877107) can0 128#10D6000000000000
(1639737742.968152) can0 128#10D6000000000000
(1639737743.058354) can0 128#10D6000000000000
(1639737743.158336) can0 128#10D6000000000000
(1639737743.246571) can0 128#10D6000000000000
(1639737743.331760) can0 128#10D6000000000000
(1639737743.416947) can0 128#10D6000000000000
(1639737743.503846) can0 128#10D6000000000000
(1639737743.589078) can0 128#10D6000000000000
(1639737743.674224) can0 128#10D6000000000000
(1639737743.768875) can0 128#10D6000000000000
(1639737743.859585) can0 128#10D6000000000000
(1639737743.947661) can0 128#10D6000000000000
(1639737744.012834) can0 720#023E010000000000
(1639737744.017555) can0 728#017E000000000000
(1639737744.038729) can0 128#10D6000000000000
(1639737744.123910) can0 128#10D6000000000000
(1639737744.209182) can0 128#10D6000000000000
(1639737744.294285) can0 128#10D6000000000000
(1639737744.379472) can0 128#10D6000000000000
(1639737744.453049) can0 720#023E010000000000
(1639737744.457735) can0 728#017E000000000000
(1639737744.472347) can0 128#10D6000000000000
(1639737744.565324) can0 128#10D6000000000000
(1639737744.656625) can0 128#10D6000000000000
(1639737744.750667) can0 128#10D6000000000000
(1639737744.841414) can0 128#10D6000000000000
(1639737744.936034) can0 128#10D6000000000000
(1639737745.021208) can0 128#10D6000000000000
(1639737745.117506) can0 128#10D6000000000000
(1639737745.212978) can0 128#10D6000000000000
(1639737745.298153) can0 128#10D6000000000000
(1639737745.383336) can0 128#10D6000000000000
(1639737745.471263) can0 128#10D6000000000000
(1639737745.556442) can0 128#10D6000000000000
(1639737745.644532) can0 128#10D6000000000000
(1639737745.741800) can0 128#10D6000000000000
(1639737745.827004) can0 128#10D6000000000000
(1639737745.912171) can0 128#10D6000000000000
(1639737746.007741) can0 128#10D6000000000000
(1639737746.012995) can0 720#023E010000000000
(1639737746.020631) can0 728#017E000000000000
(1639737746.101238) can0 128#10D6000000000000
(1639737746.186390) can0 128#10D6000000000000
(1639737746.271577) can0 128#10D6000000000000
(1639737746.370756) can0 128#10D6000000000000
(1639737746.453174) can0 720#023E010000000000
(1639737746.455533) can0 728#017E000000000000
(1639737746.460400) can0 128#10D6000000000000
(1639737746.547473) can0 128#10D6000000000000
(1639737746.634100) can0 128#10D6000000000000
(1639737746.719272) can0 128#10D6000000000000
(1639737746.804500) can0 128#10D6000000000000
(1639737746.901557) can0 128#10D6000000000000
(1639737746.989949) can0 128#10D6000000000000
(1639737747.075108) can0 128#10D6000000000000
(1639737747.171156) can0 128#10D6000000000000
(1639737747.260467) can0 128#10D6000000000000
(1639737751.302241) can0 128#10D6000000000000
(1639737751.392182) can0 128#10D6000000000000
(1639737751.486982) can0 128#10D6000000000000
(1639737751.573751) can0 128#10D6000000000000
(1639737751.667917) can0 128#10D6000000000000
(1639737751.759261) can0 128#10D6000000000000
(1639737751.852681) can0 128#10D6000000000000
(1639737751.941208) can0 128#10D6000000000000
(1639737751.959721) can0 720#023E010000000000
(1639737751.962627) can0 728#017E000000000000
(1639737752.033961) can0 128#10D6000000000000
(1639737752.126578) can0 128#10D6000000000000
(1639737752.218721) can0 128#10D6000000000000
(1639737752.312166) can0 128#10D6000000000000
(1639737752.397365) can0 128#10D6000000000000
(1639737752.399955) can0 720#023E010000000000
(1639737752.401733) can0 728#017E000000000000
(1639737752.482525) can0 128#10D6000000000000
(1639737752.575745) can0 128#10D6000000000000
(1639737752.666179) can0 128#10D6000000000000
(1639737752.761114) can0 128#10D6000000000000
(1639737752.846276) can0 128#10D6000000000000
(1639737752.935867) can0 128#10D6000000000000
(1639737753.030167) can0 128#10D6000000000000
(1639737753.118810) can0 128#10D6000000000000
(1639737753.215532) can0 128#10D6000000000000
(1639737753.303428) can0 128#10D6000000000000
(1639737753.399802) can0 128#10D6000000000000
(1639737753.484999) can0 128#10D6000000000000
(1639737753.582537) can0 128#10D6000000000000
(1639737753.667700) can0 128#10D6000000000000
(1639737753.752861) can0 128#10D6000000000000
(1639737753.838018) can0 128#10D6000000000000
(1639737753.923731) can0 128#10D6000000000000
(1639737753.959556) can0 720#023E010000000000
(1639737753.969517) can0 728#017E000000000000
(1639737754.019851) can0 128#10D6000000000000
(1639737754.105045) can0 128#10D6000000000000
(1639737754.190236) can0 128#10D6000000000000
(1639737754.275464) can0 128#10D6000000000000
(1639737754.374467) can0 128#10D6000000000000
(1639737754.400197) can0 720#023E010000000000
(1639737754.405648) can0 728#017E000000000000
(1639737754.460728) can0 128#10D6000000000000
(1639737754.554116) can0 128#10D6000000000000
(1639737754.641661) can0 128#10D6000000000000
(1639737754.738920) can0 128#10D6000000000000
(1639737754.827015) can0 128#10D6000000000000
(1639737754.912186) can0 128#10D6000000000000
(1639737754.997412) can0 128#10D6000000000000
(1639737755.086244) can0 128#10D6000000000000
(1639737755.181662) can0 128#10D6000000000000
(1639737755.272210) can0 128#10D6000000000000
(1639737755.357329) can0 128#10D6000000000000
(1639737755.451429) can0 128#10D6000000000000
(1639737755.542986) can0 128#10D6000000000000
(1639737755.628161) can0 128#10D6000000000000
(1639737755.713423) can0 128#10D6000000000000
(1639737755.798544) can0 128#10D6000000000000
(1639737755.890167) can0 128#10D6000000000000
(1639737755.959961) can0 720#023E010000000000
(1639737755.963408) can0 728#017E000000000000
(1639737755.983874) can0 128#10D6000000000000
(1639737756.069055) can0 128#10D6000000000000
(1639737756.154291) can0 128#10D6000000000000
(1639737756.244176) can0 128#10D6000000000000
(1639737756.339663) can0 128#10D6000000000000
(1639737756.400402) can0 720#023E010000000000
(1639737756.403624) can0 728#017E000000000000
(1639737756.424809) can0 128#10D6000000000000
(1639737756.511754) can0 128#10D6000000000000
(1639737756.599887) can0 128#10D6000000000000
(1639737756.697157) can0 128#10D6000000000000
(1639737756.782329) can0 128#10D6000000000000
(1639737756.867584) can0 128#10D6000000000000
(1639737756.952672) can0 128#10D6000000000000
(1639737757.039302) can0 128#10D6000000000000
(1639737757.138503) can0 128#10D6000000000000
(1639737757.223724) can0 128#10D6000000000000
(1639737757.308885) can0 128#10D6000000000000
(1639737757.404902) can0 128#10D6000000000000
(1639737757.489927) can0 128#10D6000000000000
(1639737757.575073) can0 128#10D6000000000000
(1639737757.660301) can0 128#10D6000000000000
(1639737757.745570) can0 128#10D6000000000000
(1639737757.842530) can0 128#10D6000000000000
(1639737757.930980) can0 128#10D6000000000000
(1639737757.960105) can0 720#023E010000000000
(1639737757.969449) can0 728#017E000000000000
(1639737758.019172) can0 128#10D6000000000000
(1639737758.108779) can0 128#10D6000000000000
(1639737758.203917) can0 128#10D6000000000000
(1639737758.294236) can0 128#10D6000000000000
(1639737758.388419) can0 128#10D6000000000000
(1639737758.400561) can0 720#023E010000000000
(1639737758.409837) can0 728#017E000000000000
(1639737758.482511) can0 128#10D6000000000000
(1639737758.570024) can0 128#10D6000000000000
(1639737758.655221) can0 128#10D6000000000000
(1639737758.748911) can0 128#10D6000000000000
(1639737758.840586) can0 128#10D6000000000000
(1639737758.925772) can0 128#10D6000000000000
(1639737759.010958) can0 128#10D6000000000000
(1639737759.102568) can0 128#10D6000000000000
(1639737759.196403) can0 128#10D6000000000000
(1639737759.287322) can0 128#10D6000000000000
(1639737759.381944) can0 128#10D6000000000000
(1639737759.467125) can0 128#10D6000000000000
(1639737759.552306) can0 128#10D6000000000000
(1639737759.637958) can0 128#10D6000000000000
(1639737759.722697) can0 128#10D6000000000000
(1639737759.811633) can0 128#10D6000000000000
(1639737759.908242) can0 128#10D6000000000000
(1639737759.960303) can0 720#023E010000000000
(1639737759.963531) can0 728#017E000000000000
(1639737759.996509) can0 128#10D6000000000000
(1639737760.083228) can0 128#10D6000000000000
(1639737760.170918) can0 128#10D6000000000000
(1639737760.268590) can0 128#10D6000000000000
(1639737760.353777) can0 128#10D6000000000000
(1639737760.400528) can0 720#023E010000000000
(1639737760.411361) can0 728#017E000000000000
(1639737760.446368) can0 128#10D6000000000000
(1639737760.540506) can0 128#10D6000000000000
(1639737760.625738) can0 128#10D6000000000000
(1639737760.710877) can0 128#10D6000000000000
(1639737760.796062) can0 128#10D6000000000000
(1639737760.894246) can0 128#10D6000000000000
(1639737760.979431) can0 128#10D6000000000000
(1639737761.076041) can0 128#10D6000000000000
(1639737761.163383) can0 128#10D6000000000000
(1639737761.248667) can0 128#10D6000000000000
(1639737761.333770) can0 128#10D6000000000000
(1639737761.425016) can0 128#10D6000000000000
(1639737761.512196) can0 128#10D6000000000000
(1639737761.601231) can0 128#10D6000000000000
(1639737761.686436) can0 128#10D6000000000000
(1639737761.781499) can0 128#10D6000000000000
(1639737761.871779) can0 128#10D6000000000000
(1639737761.957017) can0 128#10D6000000000000
(1639737761.960847) can0 720#023E010000000000
(1639737761.969871) can0 728#017E000000000000
(1639737762.047914) can0 128#10D6000000000000
(1639737762.139012) can0 128#10D6000000000000
(1639737762.224233) can0 128#10D6000000000000
(1639737762.309381) can0 128#10D6000000000000
(1639737762.394599) can0 128#10D6000000000000
(1639737762.400776) can0 720#023E010000000000
(1639737762.408430) can0 728#017E000000000000
(1639737762.485545) can0 128#10D6000000000000
(1639737762.573783) can0 128#10D6000000000000
(1639737762.658960) can0 128#10D6000000000000
(1639737762.750498) can0 128#10D6000000000000
(1639737762.844311) can0 128#10D6000000000000
(1639737762.935168) can0 128#10D6000000000000
(1639737763.029659) can0 128#10D6000000000000
(1639737763.120060) can0 128#10D6000000000000
(1639737763.215022) can0 128#10D6000000000000
(1639737763.300239) can0 128#10D6000000000000
(1639737763.385435) can0 128#10D6000000000000
(1639737763.478822) can0 128#10D6000000000000
(1639737763.567287) can0 128#10D6000000000000
(1639737763.664162) can0 128#10D6000000000000
(1639737763.749357) can0 128#10D6000000000000
(1639737763.836788) can0 128#10D6000000000000
(1639737763.930756) can0 128#10D6000000000000
(1639737763.961092) can0 720#023E010000000000
(1639737763.969207) can0 728#017E000000000000
(1639737764.015981) can0 128#10D6000000000000
(1639737764.101029) can0 128#10D6000000000000
(1639737764.200991) can0 128#10D6000000000000
(1639737764.286543) can0 128#10D6000000000000
(1639737764.371732) can0 128#10D6000000000000
(1639737764.400937) can0 720#023E010000000000
(1639737764.405587) can0 728#017E000000000000
(1639737764.470182) can0 128#10D6000000000000
(1639737764.557114) can0 128#10D6000000000000
(1639737764.654548) can0 128#10D6000000000000
(1639737764.742464) can0 128#10D6000000000000
(1639737764.827622) can0 128#10D6000000000000
(1639737764.914237) can0 128#10D6000000000000
(1639737765.002944) can0 128#10D6000000000000
(1639737765.091104) can0 128#10D6000000000000
(1639737765.176296) can0 128#10D6000000000000
(1639737765.261479) can0 128#10D6000000000000
(1639737765.356407) can0 128#10D6000000000000
(1639737765.446830) can0 128#10D6000000000000
(1639737765.532062) can0 128#10D6000000000000
(1639737765.617194) can0 128#10D6000000000000
(1639737765.711059) can0 128#10D6000000000000
(1639737765.802580) can0 128#10D6000000000000
(1639737765.887758) can0 128#10D6000000000000
(1639737765.961250) can0 720#023E010000000000
(1639737765.964042) can0 728#017E000000000000
(1639737765.976611) can0 128#10D6000000000000
(1639737766.069276) can0 128#10D6000000000000
(1639737766.162133) can0 128#10D6000000000000
(1639737766.247316) can0 128#10D6000000000000
(1639737766.332497) can0 128#10D6000000000000
(1639737766.401001) can0 720#023E010000000000
(1639737766.407351) can0 728#017E000000000000
(1639737766.419941) can0 128#10D6000000000000
(1639737766.509809) can0 128#10D6000000000000
(1639737766.594964) can0 128#10D6000000000000
(1639737766.684571) can0 128#10D6000000000000
(1639737766.780329) can0 128#10D6000000000000
(1639737766.869325) can0 128#10D6000000000000
(1639737766.959285) can0 128#10D6000000000000
(1639737767.048962) can0 128#10D6000000000000
(1639737767.145906) can0 128#10D6000000000000
(1639737767.231083) can0 128#10D6000000000000
(1639737767.316223) can0 128#10D6000000000000
(1639737767.401468) can0 128#10D6000000000000
(1639737767.497959) can0 128#10D6000000000000
(1639737767.592555) can0 128#10D6000000000000
(1639737767.677761) can0 128#10D6000000000000
(1639737767.763012) can0 128#10D6000000000000
(1639737767.848179) can0 128#10D6000000000000
(1639737767.937572) can0 128#10D6000000000000
(1639737767.961234) can0 720#023E010000000000
(1639737767.962707) can0 728#017E000000000000
(1639737768.034767) can0 128#10D6000000000000
(1639737768.120006) can0 128#10D6000000000000
(1639737768.218600) can0 128#10D6000000000000
(1639737768.305295) can0 128#10D6000000000000
(1639737768.390494) can0 128#10D6000000000000
(1639737768.401274) can0 720#023E010000000000
(1639737768.403340) can0 728#017E000000000000
(1639737768.488222) can0 128#10D6000000000000
(1639737768.575845) can0 128#10D6000000000000
(1639737768.661039) can0 128#10D6000000000000
(1639737768.757676) can0 128#10D6000000000000
(1639737768.846584) can0 128#10D6000000000000
(1639737768.937021) can0 128#10D6000000000000
(1639737769.031272) can0 128#10D6000000000000
(1639737769.116454) can0 128#10D6000000000000
(1639737769.201635) can0 128#10D6000000000000
(1639737769.295587) can0 128#10D6000000000000
(1639737769.387015) can0 128#10D6000000000000
(1639737769.472191) can0 128#10D6000000000000
(1639737769.565191) can0 128#10D6000000000000
(1639737769.657575) can0 128#10D6000000000000
(1639737769.742752) can0 128#10D6000000000000
(1639737769.827942) can0 128#10D6000000000000
(1639737769.913167) can0 128#10D6000000000000
(1639737769.961583) can0 720#023E010000000000
(1639737769.969502) can0 728#017E000000000000
(1639737770.004373) can0 128#10D6000000000000
(1639737770.093165) can0 128#10D6000000000000
(1639737770.178365) can0 128#10D6000000000000
(1639737770.268766) can0 128#10D6000000000000
(1639737770.363708) can0 128#10D6000000000000
(1639737770.401457) can0 720#023E010000000000
(1639737770.410697) can0 728#017E000000000000
(1639737770.454836) can0 128#10D6000000000000
(1639737770.550167) can0 128#10D6000000000000
(1639737770.639481) can0 128#10D6000000000000
(1639737770.735596) can0 128#10D6000000000000
(1639737770.824082) can0 128#10D6000000000000
(1639737770.920944) can0 128#10D6000000000000
(1639737771.008840) can0 128#10D6000000000000
(1639737771.096816) can0 128#10D6000000000000
(1639737771.184108) can0 128#10D6000000000000
(1639737771.282323) can0 128#10D6000000000000
(1639737771.368854) can0 128#10D6000000000000
(1639737771.461163) can0 128#10D6000000000000
(1639737771.546944) can0 128#10D6000000000000
(1639737771.646495) can0 128#10D6000000000000
(1639737771.731681) can0 128#10D6000000000000
(1639737771.816887) can0 128#10D6000000000000
(1639737771.915838) can0 128#10D6000000000000
(1639737771.961781) can0 720#023E010000000000
(1639737771.962838) can0 728#017E000000000000
(1639737772.001012) can0 128#10D6000000000000
(1639737772.086192) can0 128#10D6000000000000
(1639737772.171400) can0 128#10D6000000000000
(1639737772.268895) can0 128#10D6000000000000
(1639737772.356765) can0 128#10D6000000000000
(1639737772.401408) can0 720#023E010000000000
(1639737772.408768) can0 728#017E000000000000
(1639737772.448788) can0 128#10D6000000000000
(1639737772.542615) can0 128#10D6000000000000
(1639737772.627801) can0 128#10D6000000000000
(1639737772.712988) can0 128#10D6000000000000
(1639737772.807947) can0 128#10D6000000000000
(1639737772.898356) can0 128#10D6000000000000
(1639737772.983569) can0 128#10D6000000000000
(1639737773.077553) can0 128#10D6000000000000
(1639737773.168882) can0 128#10D6000000000000
(1639737773.262319) can0 128#10D6000000000000
(1639737773.354254) can0 128#10D6000000000000
(1639737773.439444) can0 128#10D6000000000000
(1639737773.531138) can0 128#10D6000000000000
(1639737773.616314) can0 128#10D6000000000000
(1639737773.707984) can0 128#10D6000000000000
(1639737773.801733) can0 128#10D6000000000000
(1639737773.886869) can0 128#10D6000000000000
(1639737773.963625) can0 720#023E010000000000
(1639737773.971055) can0 728#017E000000000000
(1639737773.975189) can0 128#10D6000000000000
(1639737774.060368) can0 128#10D6000000000000
(1639737774.145835) can0 128#10D6000000000000
(1639737774.235506) can0 128#10D6000000000000
(1639737774.330909) can0 128#10D6000000000000
(1639737774.402292) can0 720#023E010000000000
(1639737774.414996) can0 728#017E000000000000
(1639737774.420239) can0 128#10D6000000000000
(1639737774.516257) can0 128#10D6000000000000
(1639737774.601434) can0 128#10D6000000000000
(1639737774.688906) can0 128#10D6000000000000
(1639737774.786800) can0 128#10D6000000000000
(1639737774.873421) can0 128#10D6000000000000
(1639737774.965111) can0 128#10D6000000000000
(1639737775.050646) can0 128#10D6000000000000
(1639737775.150425) can0 128#10D6000000000000
(1639737775.235615) can0 128#10D6000000000000
(1639737775.320801) can0 128#10D6000000000000
(1639737775.406069) can0 128#10D6000000000000
(1639737775.491163) can0 128#10D6000000000000
(1639737775.576349) can0 128#10D6000000000000
(1639737775.661563) can0 128#10D6000000000000
(1639737775.759857) can0 128#10D6000000000000
(1639737775.846885) can0 128#10D6000000000000
(1639737775.944473) can0 128#10D6000000000000
(1639737775.962185) can0 720#023E010000000000
(1639737775.968454) can0 728#017E000000000000
(1639737776.032848) can0 128#10D6000000000000
(1639737776.132839) can0 128#10D6000000000000
(1639737776.221480) can0 128#10D6000000000000
(1639737776.306343) can0 128#10D6000000000000
(1639737776.401584) can0 720#023E010000000000
(1639737776.402569) can0 128#10D6000000000000
(1639737776.408071) can0 728#017E000000000000
(1639737776.490205) can0 128#10D6000000000000
(1639737776.577082) can0 128#10D6000000000000
(1639737776.662263) can0 128#10D6000000000000
(1639737776.756579) can0 128#10D6000000000000
(1639737776.856582) can0 128#10D6000000000000
(1639737776.951371) can0 128#10D6000000000000
(1639737777.037395) can0 128#10D6000000000000
(1639737777.129703) can0 128#10D6000000000000
(1639737777.214242) can0 128#10D6000000000000
(1639737777.299412) can0 128#10D6000000000000
(1639737777.393015) can0 128#10D6000000000000
(1639737777.488501) can0 128#10D6000000000000
(1639737777.579638) can0 128#10D6000000000000
(1639737777.664848) can0 128#10D6000000000000
(1639737777.756003) can0 128#10D6000000000000
(1639737777.856018) can0 128#10D6000000000000
(1639737777.950647) can0 128#10D6000000000000
(1639737777.962367) can0 720#023E010000000000
(1639737777.963508) can0 728#017E000000000000
(1639737778.036495) can0 128#10D6000000000000
(1639737778.125656) can0 128#10D6000000000000
(1639737778.225646) can0 128#10D6000000000000
(1639737778.321366) can0 128#10D6000000000000
(1639737778.401941) can0 720#023E010000000000
(1639737778.406574) can0 128#10D6000000000000
(1639737778.410912) can0 728#017E000000000000
(1639737778.499024) can0 128#10D6000000000000
(1639737778.588545) can0 128#10D6000000000000
(1639737778.676805) can0 128#10D6000000000000
(1639737778.776810) can0 128#10D6000000000000
(1639737778.874063) can0 128#10D6000000000000
(1639737778.959836) can0 128#10D6000000000000
(1639737779.044431) can0 128#10D6000000000000
(1639737779.131038) can0 128#10D6000000000000
(1639737779.231046) can0 128#10D6000000000000
(1639737779.330439) can0 128#10D6000000000000
(1639737779.416143) can0 128#10D6000000000000
(1639737779.500799) can0 128#10D6000000000000
(1639737779.585993) can0 128#10D6000000000000
(1639737779.685567) can0 128#10D6000000000000
(1639737779.771356) can0 128#10D6000000000000
(1639737779.857336) can0 128#10D6000000000000
(1639737779.943774) can0 128#10D6000000000000
(1639737779.962315) can0 720#023E010000000000
(1639737779.968789) can0 728#017E000000000000
(1639737780.042776) can0 128#10D6000000000000
(1639737780.140532) can0 128#10D6000000000000
(1639737780.228141) can0 128#10D6000000000000
(1639737780.313366) can0 128#10D6000000000000
(1639737780.398535) can0 128#10D6000000000000
(1639737780.402249) can0 720#023E010000000000
(1639737780.411451) can0 728#017E000000000000
(1639737780.492547) can0 128#10D6000000000000
(1639737780.581577) can0 128#10D6000000000000
(1639737780.677323) can0 128#10D6000000000000
(1639737780.767271) can0 128#10D6000000000000
(1639737780.861601) can0 128#10D6000000000000
(1639737780.952295) can0 128#10D6000000000000
(1639737781.045558) can0 128#10D6000000000000
(1639737781.139057) can0 128#10D6000000000000
(1639737781.239100) can0 128#10D6000000000000
(1639737781.331523) can0 128#10D6000000000000
(1639737781.416756) can0 128#10D6000000000000
(1639737781.506497) can0 128#10D6000000000000
(1639737781.591685) can0 128#10D6000000000000
(1639737781.676868) can0 128#10D6000000000000
(1639737781.768142) can0 128#10D6000000000000
(1639737781.862640) can0 128#10D6000000000000
(1639737781.947480) can0 128#10D6000000000000
(1639737781.962637) can0 720#023E010000000000
(1639737781.968824) can0 728#017E000000000000
(1639737782.037704) can0 128#10D6000000000000
(1639737782.132759) can0 128#10D6000000000000
(1639737782.222431) can0 128#10D6000000000000
(1639737782.322438) can0 128#10D6000000000000
(1639737782.402401) can0 720#023E010000000000
(1639737782.405999) can0 728#017E000000000000
(1639737782.418733) can0 128#10D6000000000000
(1639737782.503866) can0 128#10D6000000000000
(1639737782.592562) can0 128#10D6000000000000
(1639737782.692169) can0 128#10D6000000000000
(1639737782.789512) can0 128#10D6000000000000
(1639737782.874562) can0 128#10D6000000000000
(1639737782.960295) can0 128#10D6000000000000
(1639737783.047448) can0 128#10D6000000000000
(1639737783.145534) can0 128#10D6000000000000
(1639737783.230280) can0 128#10D6000000000000
(1639737783.316098) can0 128#10D6000000000000
(1639737783.400678) can0 128#10D6000000000000
(1639737783.500851) can0 128#10D6000000000000
(1639737787.220961) can0 128#10D6000000000000
(1639737787.306663) can0 128#10D6000000000000
(1639737787.391311) can0 128#10D6000000000000
(1639737787.489424) can0 128#10D6000000000000
(1639737787.577181) can0 128#10D6000000000000
(1639737787.599806) can0 720#023E010000000000
(1639737787.606639) can0 728#017E000000000000
(1639737787.662473) can0 128#10D6000000000000
(1639737787.756279) can0 128#10D6000000000000
(1639737787.845242) can0 128#10D6000000000000
(1639737787.941043) can0 128#10D6000000000000
(1639737788.029993) can0 128#10D6000000000000
(1639737788.037673) can0 720#023E010000000000
(1639737788.043435) can0 728#017E000000000000
(1639737788.115034) can0 128#10D6000000000000
(1639737788.200277) can0 128#10D6000000000000
(1639737788.285402) can0 128#10D6000000000000
(1639737788.370626) can0 128#10D6000000000000
(1639737788.455904) can0 128#10D6000000000000
(1639737788.540962) can0 128#10D6000000000000
(1639737788.634563) can0 128#10D6000000000000
(1639737788.726335) can0 128#10D6000000000000
(1639737788.811493) can0 128#10D6000000000000
(1639737788.904082) can0 128#10D6000000000000
(1639737789.004121) can0 128#10D6000000000000
(1639737789.097483) can0 128#10D6000000000000
(1639737789.188022) can0 128#10D6000000000000
(1639737789.273247) can0 128#10D6000000000000
(1639737789.358415) can0 128#10D6000000000000
(1639737789.443638) can0 128#10D6000000000000
(1639737789.528759) can0 128#10D6000000000000
(1639737789.597913) can0 720#023E010000000000
(1639737789.601330) can0 728#017E000000000000
(1639737789.613952) can0 128#10D6000000000000
(1639737789.700422) can0 128#10D6000000000000
(1639737789.789862) can0 128#10D6000000000000
(1639737789.885783) can0 128#10D6000000000000
(1639737789.971138) can0 128#10D6000000000000
(1639737790.037625) can0 720#023E010000000000
(1639737790.044338) can0 728#017E000000000000
(1639737790.059183) can0 128#10D6000000000000
(1639737790.156332) can0 128#10D6000000000000
(1639737790.241505) can0 128#10D6000000000000
(1639737790.326715) can0 128#10D6000000000000
(1639737790.411896) can0 128#10D6000000000000
(1639737790.497115) can0 128#10D6000000000000
(1639737790.583348) can0 128#10D6000000000000
(1639737790.682412) can0 128#10D6000000000000
(1639737790.768093) can0 128#10D6000000000000
(1639737790.867759) can0 128#10D6000000000000
(1639737790.952987) can0 128#10D6000000000000
(1639737791.038143) can0 128#10D6000000000000
(1639737791.123332) can0 128#10D6000000000000
(1639737791.211164) can0 128#10D6000000000000
(1639737791.311113) can0 128#10D6000000000000
(1639737791.397263) can0 128#10D6000000000000
(1639737791.482431) can0 128#10D6000000000000
(1639737791.579867) can0 128#10D6000000000000
(1639737791.598037) can0 720#023E010000000000
(1639737791.601253) can0 728#017E000000000000
(1639737791.665053) can0 128#10D6000000000000
(1639737791.750269) can0 128#10D6000000000000
(1639737791.847274) can0 128#10D6000000000000
(1639737791.935652) can0 128#10D6000000000000
(1639737792.032123) can0 128#10D6000000000000
(1639737792.037537) can0 720#023E010000000000
(1639737792.047153) can0 728#017E000000000000
(1639737792.120909) can0 128#10D6000000000000
(1639737792.206154) can0 128#10D6000000000000
(1639737792.301859) can0 128#10D6000000000000
(1639737792.391459) can0 128#10D6000000000000
(1639737792.476670) can0 128#10D6000000000000
(1639737792.571343) can0 128#10D6000000000000
(1639737792.657529) can0 128#10D6000000000000
(1639737792.743977) can0 128#10D6000000000000
(1639737792.829210) can0 128#10D6000000000000
(1639737792.922440) can0 128#10D6000000000000
(1639737793.022410) can0 128#10D6000000000000
(1639737793.115224) can0 128#10D6000000000000
(1639737793.204970) can0 128#10D6000000000000
(1639737793.290209) can0 128#10D6000000000000
(1639737793.375331) can0 128#10D6000000000000
(1639737793.466297) can0 128#10D6000000000000
(1639737793.560699) can0 128#10D6000000000000
(1639737793.598035) can0 720#023E010000000000
(1639737793.601640) can0 728#017E000000000000
(1639737793.651185) can0 128#10D6000000000000
(1639737793.736337) can0 128#10D6000000000000
(1639737793.821918) can0 128#10D6000000000000
(1639737793.910782) can0 128#10D6000000000000
(1639737794.007051) can0 128#10D6000000000000
(1639737794.038321) can0 720#023E010000000000
(1639737794.045572) can0 728#017E000000000000
(1639737794.092290) can0 128#10D6000000000000
(1639737794.177492) can0 128#10D6000000000000
(1639737794.264843) can0 128#10D6000000000000
(1639737794.363274) can0 128#10D6000000000000
(1639737794.448455) can0 128#10D6000000000000
(1639737794.534490) can0 128#10D6000000000000
(1639737794.627182) can0 128#10D6000000000000
(1639737794.721994) can0 128#10D6000000000000
(1639737794.807230) can0 128#10D6000000000000
(1639737794.906948) can0 128#10D6000000000000
(1639737794.992554) can0 128#10D6000000000000
(1639737795.090458) can0 128#10D6000000000000
(1639737795.175670) can0 128#10D6000000000000
(1639737795.274079) can0 128#10D6000000000000
(1639737795.360978) can0 128#10D6000000000000
(1639737795.458821) can0 128#10D6000000000000
(1639737795.546346) can0 128#10D6000000000000
(1639737795.598625) can0 720#023E010000000000
(1639737795.606157) can0 728#017E000000000000
(1639737795.635842) can0 128#10D6000000000000
(1639737795.728164) can0 128#10D6000000000000
(1639737795.813373) can0 128#10D6000000000000
(1639737795.909480) can0 128#10D6000000000000
(1639737795.998691) can0 128#10D6000000000000
(1639737796.038085) can0 720#023E010000000000
(1639737796.045847) can0 728#017E000000000000
(1639737796.083945) can0 128#10D6000000000000
(1639737796.169059) can0 128#10D6000000000000
(1639737796.254241) can0 128#10D6000000000000
(1639737796.339430) can0 128#10D6000000000000
(1639737796.424645) can0 128#10D6000000000000
(1639737796.509807) can0 128#10D6000000000000
(1639737796.603544) can0 128#10D6000000000000
(1639737796.695158) can0 128#10D6000000000000
(1639737796.788274) can0 128#10D6000000000000
(1639737796.880589) can0 128#10D6000000000000
(1639737796.965733) can0 128#10D6000000000000
(1639737797.050894) can0 128#10D6000000000000
(1639737797.143638) can0 128#10D6000000000000
(1639737797.236911) can0 128#10D6000000000000
(1639737797.322105) can0 128#10D6000000000000
(1639737797.413345) can0 128#10D6000000000000
(1639737797.507491) can0 128#10D6000000000000
(1639737797.592616) can0 128#10D6000000000000
(1639737797.598955) can0 720#023E010000000000
(1639737797.607736) can0 728#017E000000000000
(1639737797.687271) can0 128#10D6000000000000
(1639737797.777297) can0 128#10D6000000000000
(1639737797.872684) can0 128#10D6000000000000
(1639737797.957820) can0 128#10D6000000000000
(1639737798.038276) can0 720#023E010000000000
(1639737798.043003) can0 128#10D6000000000000
(1639737798.047656) can0 728#017E000000000000
(1639737798.134091) can0 128#10D6000000000000
(1639737798.229434) can0 128#10D6000000000000
(1639737798.317402) can0 128#10D6000000000000
(1639737798.414774) can0 128#10D6000000000000
(1639737798.499951) can0 128#10D6000000000000
(1639737798.585174) can0 128#10D6000000000000
(1639737798.670384) can0 128#10D6000000000000
(1639737798.756817) can0 128#10D6000000000000
(1639737798.855707) can0 128#10D6000000000000
(1639737798.941542) can0 128#10D6000000000000
(1639737799.041037) can0 128#10D6000000000000
(1639737799.130835) can0 128#10D6000000000000
(1639737799.216024) can0 128#10D6000000000000
(1639737799.301211) can0 128#10D6000000000000
(1639737799.386387) can0 128#10D6000000000000
(1639737799.471574) can0 128#10D6000000000000
(1639737799.556757) can0 128#10D6000000000000
(1639737799.598744) can0 720#023E010000000000
(1639737799.608412) can0 728#017E000000000000
(1639737799.646275) can0 128#10D6000000000000
(1639737799.738310) can0 128#10D6000000000000
(1639737799.836209) can0 128#10D6000000000000
(1639737799.923727) can0 128#10D6000000000000
(1639737800.008922) can0 128#10D6000000000000
(1639737800.038233) can0 720#023E010000000000
(1639737800.041064) can0 728#017E000000000000
(1639737800.104981) can0 128#10D6000000000000
(1639737800.190201) can0 128#10D6000000000000
(1639737800.275330) can0 128#10D6000000000000
(1639737800.371260) can0 128#10D6000000000000
(1639737800.460678) can0 128#10D6000000000000
(1639737800.555783) can0 128#10D6000000000000
(1639737800.646039) can0 128#10D6000000000000
(1639737800.731239) can0 128#10D6000000000000
(1639737800.825466) can0 128#10D6000000000000
(1639737800.916572) can0 128#10D6000000000000
(1639737801.001753) can0 128#10D6000000000000
(1639737801.095148) can0 128#10D6000000000000
(1639737801.180355) can0 128#10D6000000000000
(1639737801.265490) can0 128#10D6000000000000
(1639737801.357755) can0 128#10D6000000000000
(1639737801.450827) can0 128#10D6000000000000
(1639737801.536050) can0 128#10D6000000000000
(1639737801.598717) can0 720#023E010000000000
(1639737801.602116) can0 728#017E000000000000
(1639737801.626966) can0 128#10D6000000000000
(1639737801.721604) can0 128#10D6000000000000
(1639737801.806835) can0 128#10D6000000000000
(1639737801.891967) can0 128#10D6000000000000
(1639737801.981375) can0 128#10D6000000000000
(1639737802.038367) can0 720#023E010000000000
(1639737802.046633) can0 728#017E000000000000
(1639737802.077363) can0 128#10D6000000000000
(1639737802.162508) can0 128#10D6000000000000
(1639737802.253618) can0 128#10D6000000000000
(1639737802.350306) can0 128#10D6000000000000
(1639737802.435459) can0 128#10D6000000000000
(1639737802.520593) can0 128#10D6000000000000
(1639737802.605824) can0 128#10D6000000000000
(1639737802.691678) can0 128#10D6000000000000
(1639737802.777818) can0 128#10D6000000000000
(1639737802.876348) can0 128#10D6000000000000
(1639737802.962112) can0 128#10D6000000000000
(1639737803.061681) can0 128#10D6000000000000
(1639737803.146876) can0 128#10D6000000000000
(1639737803.241774) can0 128#10D6000000000000
(1639737803.326961) can0 128#10D6000000000000
(1639737803.412135) can0 128#10D6000000000000
(1639737803.497321) can0 128#10D6000000000000
(1639737803.582509) can0 128#10D6000000000000
(1639737803.598941) can0 720#023E010000000000
(1639737803.605397) can0 728#017E000000000000
(1639737803.680178) can0 128#10D6000000000000
(1639737803.767883) can0 128#10D6000000000000
(1639737803.864913) can0 128#10D6000000000000
(1639737803.953214) can0 128#10D6000000000000
(1639737804.038396) can0 128#10D6000000000000
(1639737804.040881) can0 720#023E010000000000
(1639737804.043298) can0 728#017E000000000000
(1639737804.126588) can0 128#10D6000000000000
(1639737804.216214) can0 128#10D6000000000000
(1639737804.306445) can0 128#10D6000000000000
(1639737804.391654) can0 128#10D6000000000000
(1639737804.476868) can0 128#10D6000000000000
(1639737804.562012) can0 128#10D6000000000000
(1639737804.653869) can0 128#10D6000000000000
(1639737804.745770) can0 128#10D6000000000000
(1639737804.830931) can0 128#10D6000000000000
(1639737804.923046) can0 128#10D6000000000000
(1639737805.016300) can0 128#10D6000000000000
(1639737805.107335) can0 128#10D6000000000000
(1639737805.198407) can0 128#10D6000000000000
(1639737805.285729) can0 128#10D6000000000000
(1639737805.370903) can0 128#10D6000000000000
(1639737805.461044) can0 128#10D6000000000000
(1639737805.556432) can0 128#10D6000000000000
(1639737805.599842) can0 720#023E010000000000
(1639737805.603437) can0 728#017E000000000000
(1639737805.646110) can0 128#10D6000000000000
(1639737805.741962) can0 128#10D6000000000000
(1639737805.830484) can0 128#10D6000000000000
(1639737805.927288) can0 128#10D6000000000000
(1639737806.015237) can0 128#10D6000000000000
(1639737806.040298) can0 720#023E010000000000
(1639737806.050479) can0 728#017E000000000000
(1639737806.112664) can0 128#10D6000000000000
(1639737806.197813) can0 128#10D6000000000000
(1639737806.284877) can0 128#10D6000000000000
(1639737806.384120) can0 128#10D6000000000000
(1639737806.469616) can0 128#10D6000000000000
(1639737806.569468) can0 128#10D6000000000000
(1639737806.661953) can0 128#10D6000000000000
(1639737806.747165) can0 128#10D6000000000000
(1639737806.832327) can0 128#10D6000000000000
(1639737806.917556) can0 128#10D6000000000000
(1639737807.016345) can0 128#10D6000000000000
(1639737807.102868) can0 128#10D6000000000000
(1639737807.201077) can0 128#10D6000000000000
(1639737807.288212) can0 128#10D6000000000000
(1639737807.373424) can0 128#10D6000000000000
(1639737807.470713) can0 128#10D6000000000000
(1639737807.559146) can0 128#10D6000000000000
(1639737807.599197) can0 720#023E010000000000
(1639737807.600691) can0 728#017E000000000000
(1639737807.648715) can0 128#10D6000000000000
(1639737807.735714) can0 128#10D6000000000000
(1639737807.825008) can0 128#10D6000000000000
(1639737807.910260) can0 128#10D6000000000000
(1639737808.005295) can0 128#10D6000000000000
(1639737808.040317) can0 720#023E010000000000
(1639737808.048825) can0 728#017E000000000000
(1639737808.095569) can0 128#10D6000000000000
(1639737808.180725) can0 128#10D6000000000000
(1639737808.273281) can0 128#10D6000000000000
(1639737808.364630) can0 128#10D6000000000000
(1639737808.449821) can0 128#10D6000000000000
(1639737808.535038) can0 128#10D6000000000000
(1639737808.620357) can0 128#10D6000000000000
(1639737808.711804) can0 128#10D6000000000000
(1639737808.806242) can0 128#10D6000000000000
(1639737808.900386) can0 128#10D6000000000000
(1639737808.985549) can0 128#10D6000000000000
(1639737809.070739) can0 128#10D6000000000000
(1639737809.161802) can0 128#10D6000000000000
(1639737809.257126) can0 128#10D6000000000000
(1639737809.342321) can0 128#10D6000000000000
(1639737809.430723) can0 128#10D6000000000000
(1639737809.527688) can0 128#10D6000000000000
(1639737809.599638) can0 720#023E010000000000
(1639737809.601147) can0 728#017E000000000000
(1639737809.615402) can0 128#10D6000000000000
(1639737809.700568) can0 128#10D6000000000000
(1639737809.794442) can0 128#10D6000000000000
(1639737809.879657) can0 128#10D6000000000000
(1639737809.965713) can0 128#10D6000000000000
(1639737810.040250) can0 720#023E010000000000
(1639737810.050881) can0 728#017E000000000000
(1639737810.064995) can0 128#10D6000000000000
(1639737810.150288) can0 128#10D6000000000000
(1639737810.246152) can0 128#10D6000000000000
(1639737810.331347) can0 128#10D6000000000000
(1639737810.416522) can0 128#10D6000000000000
(1639737810.515504) can0 128#10D6000000000000
(1639737810.601879) can0 128#10D6000000000000
(1639737810.687084) can0 128#10D6000000000000
(1639737810.779140) can0 128#10D6000000000000
(1639737810.866396) can0 128#10D6000000000000
(1639737810.951584) can0 128#10D6000000000000
(1639737811.036798) can0 128#10D6000000000000
(1639737811.130964) can0 128#10D6000000000000
(1639737811.216154) can0 128#10D6000000000000
(1639737811.301349) can0 128#10D6000000000000
(1639737811.397031) can0 128#10D6000000000000
(1639737811.486703) can0 128#10D6000000000000
(1639737811.571893) can0 128#10D6000000000000
(1639737811.599696) can0 720#023E010000000000
(1639737811.601998) can0 728#017E000000000000
(1639737811.657206) can0 128#10D6000000000000
(1639737811.748731) can0 128#10D6000000000000
(1639737811.842837) can0 128#10D6000000000000
(1639737811.934080) can0 128#10D6000000000000
(1639737812.027983) can0 128#10D6000000000000
(1639737812.040349) can0 720#023E010000000000
(1639737812.042725) can0 728#017E000000000000
(1639737812.119510) can0 128#10D6000000000000
(1639737812.210391) can0 128#10D6000000000000
(1639737812.302570) can0 128#10D6000000000000
(1639737812.395740) can0 128#10D6000000000000
(1639737812.481671) can0 128#10D6000000000000
(1639737812.573127) can0 128#10D6000000000000
(1639737812.664324) can0 128#10D6000000000000
(1639737812.754972) can0 128#10D6000000000000
(1639737812.849647) can0 128#10D6000000000000
(1639737812.934849) can0 128#10D6000000000000
(1639737813.025041) can0 128#10D6000000000000
(1639737813.120370) can0 128#10D6000000000000
(1639737813.209130) can0 128#10D6000000000000
(1639737813.298174) can0 128#10D6000000000000
(1639737813.386432) can0 128#10D6000000000000
(1639737813.483516) can0 128#10D6000000000000
(1639737813.568693) can0 128#10D6000000000000
(1639737813.599897) can0 720#023E010000000000
(1639737813.607195) can0 728#017E000000000000
(1639737813.657335) can0 128#10D6000000000000
(1639737813.755103) can0 128#10D6000000000000
(1639737813.841994) can0 128#10D6000000000000
(1639737813.940965) can0 128#10D6000000000000
(1639737814.026158) can0 128#10D6000000000000
(1639737814.040681) can0 720#023E010000000000
(1639737814.047573) can0 728#017E000000000000
(1639737814.111692) can0 128#10D6000000000000
(1639737814.198870) can0 128#10D6000000000000
(1639737814.284063) can0 128#10D6000000000000
(1639737814.369270) can0 128#10D6000000000000
(1639737814.454436) can0 128#10D6000000000000
(1639737814.551986) can0 128#10D6000000000000
(1639737814.639835) can0 128#10D6000000000000
(1639737814.736811) can0 128#10D6000000000000
(1639737814.822797) can0 128#10D6000000000000
(1639737814.919114) can0 128#10D6000000000000
(1639737815.008159) can0 128#10D6000000000000
(1639737815.103841) can0 128#10D6000000000000
(1639737815.191972) can0 128#10D6000000000000
(1639737815.286711) can0 128#10D6000000000000
(1639737815.377312) can0 128#10D6000000000000
(1639737815.462552) can0 128#10D6000000000000
(1639737815.556366) can0 128#10D6000000000000
(1639737815.600092) can0 720#023E010000000000
(1639737815.601246) can0 728#017E000000000000
(1639737815.647873) can0 128#10D6000000000000
(1639737815.733047) can0 128#10D6000000000000
(1639737815.823389) can0 128#10D6000000000000
(1639737815.908574) can0 128#10D6000000000000
(1639737815.993760) can0 128#10D6000000000000
(1639737816.040869) can0 720#023E010000000000
(1639737816.050943) can0 728#017E000000000000
(1639737816.085241) can0 128#10D6000000000000
(1639737816.176263) can0 128#10D6000000000000
(1639737816.266901) can0 128#10D6000000000000
(1639737816.361933) can0 128#10D6000000000000
(1639737816.447082) can0 128#10D6000000000000
(1639737816.536444) can0 128#10D6000000000000
(1639737816.632491) can0 128#10D6000000000000
(1639737816.721204) can0 128#10D6000000000000
(1639737816.809507) can0 128#10D6000000000000
(1639737816.894725) can0 128#10D6000000000000
(1639737816.982505) can0 128#10D6000000000000
(1639737817.080041) can0 128#10D6000000000000
(1639737817.165218) can0 128#10D6000000000000
(1639737817.250501) can0 128#10D6000000000000
(1639737817.335593) can0 128#10D6000000000000
(1639737817.421287) can0 128#10D6000000000000
(1639737817.521017) can0 128#10D6000000000000
(1639737817.600628) can0 720#023E010000000000
(1639737817.602009) can0 728#017E000000000000
(1639737817.606181) can0 128#10D6000000000000
(1639737817.693801) can0 128#10D6000000000000
(1639737817.778984) can0 128#10D6000000000000
(1639737817.877325) can0 128#10D6000000000000
(1639737817.964358) can0 128#10D6000000000000
(1639737818.041744) can0 720#023E010000000000
(1639737818.045413) can0 728#017E000000000000
(1639737818.049534) can0 128#10D6000000000000
(1639737818.144500) can0 128#10D6000000000000
(1639737818.241632) can0 128#10D6000000000000
(1639737818.326820) can0 128#10D6000000000000
(1639737818.412003) can0 128#10D6000000000000
(1639737818.508059) can0 128#10D6000000000000
(1639737818.597398) can0 128#10D6000000000000
(1639737818.692779) can0 128#10D6000000000000
(1639737818.782712) can0 128#10D6000000000000
(1639737818.877496) can0 128#10D6000000000000
(1639737818.968072) can0 128#10D6000000000000
(1639737819.053305) can0 128#10D6000000000000
(1639737819.138496) can0 128#10D6000000000000
(1639737819.223634) can0 128#10D6000000000000
(1639737819.320259) can0 128#10D6000000000000
(1639737819.411994) can0 128#10D6000000000000
(1639737823.103816) can0 128#10D6000000000000
(1639737823.189031) can0 128#10D6000000000000
(1639737823.207508) can0 720#023E010000000000
(1639737823.210412) can0 728#017E000000000000
(1639737823.279013) can0 128#10D6000000000000
(1639737823.373940) can0 128#10D6000000000000
(1639737823.467408) can0 128#10D6000000000000
(1639737823.552589) can0 128#10D6000000000000
(1639737823.637763) can0 128#10D6000000000000
(1639737823.648003) can0 720#023E010000000000
(1639737823.650688) can0 728#017E000000000000
(1639737823.728771) can0 128#10D6000000000000
(1639737823.815491) can0 128#10D6000000000000
(1639737823.904513) can0 128#10D6000000000000
(1639737823.993798) can0 128#10D6000000000000
(1639737824.081338) can0 128#10D6000000000000
(1639737824.171080) can0 128#10D6000000000000
(1639737824.257862) can0 128#10D6000000000000
(1639737824.355512) can0 128#10D6000000000000
(1639737824.440585) can0 128#10D6000000000000
(1639737824.527445) can0 128#10D6000000000000
(1639737824.625903) can0 128#10D6000000000000
(1639737824.711060) can0 128#10D6000000000000
(1639737824.796293) can0 128#10D6000000000000
(1639737824.881398) can0 128#10D6000000000000
(1639737824.966512) can0 128#10D6000000000000
(1639737825.066475) can0 128#10D6000000000000
(1639737825.151971) can0 128#10D6000000000000
(1639737825.207754) can0 720#023E010000000000
(1639737825.216299) can0 728#017E000000000000
(1639737825.249896) can0 128#10D6000000000000
(1639737825.335099) can0 128#10D6000000000000
(1639737825.420184) can0 128#10D6000000000000
(1639737825.505383) can0 128#10D6000000000000
(1639737825.590576) can0 128#10D6000000000000
(1639737825.648176) can0 720#023E010000000000
(1639737825.654561) can0 728#017E000000000000
(1639737825.675830) can0 128#10D6000000000000
(1639737825.760960) can0 128#10D6000000000000
(1639737825.857115) can0 128#10D6000000000000
(1639737825.942609) can0 128#10D6000000000000
(1639737826.027805) can0 128#10D6000000000000
(1639737826.122985) can0 128#10D6000000000000
(1639737826.213139) can0 128#10D6000000000000
(1639737826.298306) can0 128#10D6000000000000
(1639737826.383488) can0 128#10D6000000000000
(1639737826.477447) can0 128#10D6000000000000
(1639737826.568852) can0 128#10D6000000000000
(1639737826.654083) can0 128#10D6000000000000
(1639737826.747039) can0 128#10D6000000000000
(1639737826.839591) can0 128#10D6000000000000
(1639737826.927643) can0 128#10D6000000000000
(1639737827.012870) can0 128#10D6000000000000
(1639737827.098061) can0 128#10D6000000000000
(1639737827.189349) can0 128#10D6000000000000
(1639737827.207811) can0 720#023E010000000000
(1639737827.214600) can0 728#017E000000000000
(1639737827.283704) can0 128#10D6000000000000
(1639737827.372191) can0 128#10D6000000000000
(1639737827.461901) can0 128#10D6000000000000
(1639737827.557579) can0 128#10D6000000000000
(1639737827.642735) can0 128#10D6000000000000
(1639737827.648454) can0 720#023E010000000000
(1639737827.655600) can0 728#017E000000000000
(1639737827.727921) can0 128#10D6000000000000
(1639737827.820401) can0 128#10D6000000000000
(1639737827.910397) can0 128#10D6000000000000
(1639737827.995594) can0 128#10D6000000000000
(1639737828.082759) can0 128#10D6000000000000
(1639737828.180967) can0 128#10D6000000000000
(1639737828.266138) can0 128#10D6000000000000
(1639737828.351300) can0 128#10D6000000000000
(1639737828.448323) can0 128#10D6000000000000
(1639737828.533496) can0 128#10D6000000000000
(1639737828.618902) can0 128#10D6000000000000
(1639737828.718871) can0 128#10D6000000000000
(1639737828.804068) can0 128#10D6000000000000
(1639737828.897089) can0 128#10D6000000000000
(1639737828.982261) can0 128#10D6000000000000
(1639737829.081197) can0 128#10D6000000000000
(1639737829.167573) can0 128#10D6000000000000
(1639737829.207836) can0 720#023E010000000000
(1639737829.211001) can0 728#017E000000000000
(1639737829.263637) can0 128#10D6000000000000
(1639737829.348819) can0 128#10D6000000000000
(1639737829.434002) can0 128#10D6000000000000
(1639737829.531293) can0 128#10D6000000000000
(1639737829.619359) can0 128#10D6000000000000
(1639737829.648706) can0 720#023E010000000000
(1639737829.651288) can0 728#017E000000000000
(1639737829.716044) can0 128#10D6000000000000
(1639737829.804709) can0 128#10D6000000000000
(1639737829.896561) can0 128#10D6000000000000
(1639737829.981770) can0 128#10D6000000000000
(1639737830.067040) can0 128#10D6000000000000
(1639737830.162036) can0 128#10D6000000000000
(1639737830.252304) can0 128#10D6000000000000
(1639737830.346299) can0 128#10D6000000000000
(1639737830.436350) can0 128#10D6000000000000
(1639737830.521543) can0 128#10D6000000000000
(1639737830.614312) can0 128#10D6000000000000
(1639737830.707377) can0 128#10D6000000000000
(1639737830.792563) can0 128#10D6000000000000
(1639737830.881716) can0 128#10D6000000000000
(1639737830.966931) can0 128#10D6000000000000
(1639737831.052097) can0 128#10D6000000000000
(1639737831.137244) can0 128#10D6000000000000
(1639737831.207934) can0 720#023E010000000000
(1639737831.212041) can0 728#017E000000000000
(1639737831.226966) can0 128#10D6000000000000
(1639737831.320207) can0 128#10D6000000000000
(1639737831.411146) can0 128#10D6000000000000
(1639737831.496336) can0 128#10D6000000000000
(1639737831.581511) can0 128#10D6000000000000
(1639737831.648818) can0 720#023E010000000000
(1639737831.654208) can0 728#017E000000000000
(1639737831.666742) can0 128#10D6000000000000
(1639737831.754235) can0 128#10D6000000000000
(1639737831.852061) can0 128#10D6000000000000
(1639737831.939225) can0 128#10D6000000000000
(1639737832.037675) can0 128#10D6000000000000
(1639737832.123833) can0 128#10D6000000000000
(1639737832.222813) can0 128#10D6000000000000
(1639737832.308007) can0 128#10D6000000000000
(1639737832.396769) can0 128#10D6000000000000
(1639737832.481950) can0 128#10D6000000000000
(1639737832.581932) can0 128#10D6000000000000
(1639737832.667629) can0 128#10D6000000000000
(1639737832.764605) can0 128#10D6000000000000
(1639737832.849759) can0 128#10D6000000000000
(1639737832.947619) can0 128#10D6000000000000
(1639737833.035224) can0 128#10D6000000000000
(1639737833.131698) can0 128#10D6000000000000
(1639737833.208260) can0 720#023E010000000000
(1639737833.216330) can0 728#017E000000000000
(1639737833.220524) can0 128#10D6000000000000
(1639737833.308200) can0 128#10D6000000000000
(1639737833.392940) can0 128#10D6000000000000
(1639737833.478242) can0 128#10D6000000000000
(1639737833.573116) can0 128#10D6000000000000
(1639737833.649041) can0 720#023E010000000000
(1639737833.650848) can0 728#017E000000000000
(1639737833.663510) can0 128#10D6000000000000
(1639737833.748692) can0 128#10D6000000000000
(1639737833.843146) can0 128#10D6000000000000
(1639737833.931513) can0 128#10D6000000000000
(1639737834.016574) can0 128#10D6000000000000
(1639737834.109105) can0 128#10D6000000000000
(1639737834.202194) can0 128#10D6000000000000
(1639737834.291985) can0 128#10D6000000000000
(1639737834.385351) can0 128#10D6000000000000
(1639737834.478722) can0 128#10D6000000000000
(1639737834.563904) can0 128#10D6000000000000
(1639737834.654798) can0 128#10D6000000000000
(1639737834.749292) can0 128#10D6000000000000
(1639737834.834607) can0 128#10D6000000000000
(1639737834.919614) can0 128#10D6000000000000
(1639737835.004802) can0 128#10D6000000000000
(1639737835.090359) can0 128#10D6000000000000
(1639737835.175209) can0 128#10D6000000000000
(1639737835.208473) can0 720#023E010000000000
(1639737835.213690) can0 728#017E000000000000
(1639737835.260540) can0 128#10D6000000000000
(1639737835.348724) can0 128#10D6000000000000
(1639737835.438401) can0 128#10D6000000000000
(1639737835.523583) can0 128#10D6000000000000
(1639737835.609068) can0 128#10D6000000000000
(1639737835.649271) can0 720#023E010000000000
(1639737835.655745) can0 728#017E000000000000
(1639737835.695923) can0 128#10D6000000000000
(1639737835.790714) can0 128#10D6000000000000
(1639737835.878648) can0 128#10D6000000000000
(1639737835.976954) can0 128#10D6000000000000
(1639737836.061532) can0 128#10D6000000000000
(1639737836.161971) can0 128#10D6000000000000
(1639737836.246883) can0 128#10D6000000000000
(1639737836.343200) can0 128#10D6000000000000
(1639737836.429017) can0 128#10D6000000000000
(1639737836.528647) can0 128#10D6000000000000
(1639737836.614591) can0 128#10D6000000000000
(1639737836.712826) can0 128#10D6000000000000
(1639737836.805224) can0 128#10D6000000000000
(1639737836.893329) can0 128#10D6000000000000
(1639737836.978371) can0 128#10D6000000000000
(1639737837.063468) can0 128#10D6000000000000
(1639737837.148516) can0 128#10D6000000000000
(1639737837.208431) can0 720#023E010000000000
(1639737837.210571) can0 728#017E000000000000
(1639737837.245298) can0 128#10D6000000000000
(1639737837.332433) can0 128#10D6000000000000
(1639737837.417757) can0 128#10D6000000000000
(1639737837.503120) can0 128#10D6000000000000
(1639737837.598200) can0 128#10D6000000000000
(1639737837.649512) can0 720#023E010000000000
(1639737837.658723) can0 728#017E000000000000
(1639737837.688430) can0 128#10D6000000000000
(1639737837.774666) can0 128#10D6000000000000
(1639737837.866124) can0 128#10D6000000000000
(1639737837.959649) can0 128#10D6000000000000
(1639737838.051182) can0 128#10D6000000000000
(1639737838.136922) can0 128#10D6000000000000
(1639737838.228274) can0 128#10D6000000000000
(1639737838.325102) can0 128#10D6000000000000
(1639737838.417128) can0 128#10D6000000000000
(1639737838.502657) can0 128#10D6000000000000
(1639737838.592631) can0 128#10D6000000000000
(1639737838.687351) can0 128#10D6000000000000
(1639737838.773288) can0 128#10D6000000000000
(1639737838.858429) can0 128#10D6000000000000
(1639737838.942927) can0 128#10D6000000000000
(1639737839.031504) can0 128#10D6000000000000
(1639737839.128260) can0 128#10D6000000000000
(1639737839.208565) can0 720#023E010000000000
(1639737839.211401) can0 728#017E000000000000
(1639737839.216603) can0 128#10D6000000000000
(1639737839.309211) can0 128#10D6000000000000
(1639737839.397264) can0 128#10D6000000000000
(1639737839.494344) can0 128#10D6000000000000
(1639737839.579679) can0 128#10D6000000000000
(1639737839.650025) can0 720#023E010000000000
(1639737839.652062) can0 728#017E000000000000
(1639737839.666586) can0 128#10D6000000000000
(1639737839.765277) can0 128#10D6000000000000
(1639737839.850301) can0 128#10D6000000000000
(1639737839.940651) can0 128#10D6000000000000
(1639737840.025063) can0 128#10D6000000000000
(1639737840.125287) can0 128#10D6000000000000
(1639737840.210826) can0 128#10D6000000000000
(1639737840.300124) can0 128#10D6000000000000
(1639737840.385887) can0 128#10D6000000000000
(1639737840.483847) can0 128#10D6000000000000
(1639737840.571257) can0 128#10D6000000000000
(1639737840.656945) can0 128#10D6000000000000
(1639737840.753453) can0 128#10D6000000000000
(1639737840.840731) can0 128#10D6000000000000
(1639737840.925937) can0 128#10D6000000000000
(1639737841.021988) can0 128#10D6000000000000
(1639737841.111735) can0 128#10D6000000000000
(1639737841.196569) can0 128#10D6000000000000
(1639737841.208885) can0 720#023E010000000000
(1639737841.217856) can0 728#017E000000000000
(1639737841.289956) can0 128#10D6000000000000
(1639737841.375142) can0 128#10D6000000000000
(1639737841.469404) can0 128#10D6000000000000
(1639737841.561261) can0 128#10D6000000000000
(1639737841.650048) can0 720#023E010000000000
(1639737841.654255) can0 128#10D6000000000000
(1639737841.659290) can0 728#017E000000000000
(1639737841.745919) can0 128#10D6000000000000
(1639737841.832631) can0 128#10D6000000000000
