(1639643942.760847) can0 2F5#10174F72696F6E20
(1639643942.771894) can0 2F5#2153756E202D2027
(1639643942.781671) can0 2F5#22436F6E63726574
(1639643942.791831) can0 2F5#2365270300000000
(1639643946.446479) can0 2F5#10174F72696F6E20
(1639643946.457814) can0 2F5#2153756E202D2027
(1639643946.467139) can0 2F5#22436F6E63726574
(1639643946.477445) can0 2F5#2365270300000000
(1639643950.110779) can0 2F5#10174F72696F6E20
(1639643950.119405) can0 2F5#2153756E202D2027
(1639643950.128209) can0 2F5#22436F6E63726574
(1639643950.136242) can0 2F5#2365270300000000
(1639643953.792178) can0 2F5#10174F72696F6E20
(1639643953.803414) can0 2F5#2153756E202D2027
(1639643953.813457) can0 2F5#22436F6E63726574
(1639643953.822378) can0 2F5#2365270300000000
(1639643957.466503) can0 2F5#10174F72696F6E20
(1639643957.476615) can0 2F5#2153756E202D2027
(1639643957.486244) can0 2F5#22436F6E63726574
(1639643957.495787) can0 2F5#2365270300000000
(1639643959.022789) can0 2F5#10214E6F773A2047
(1639643959.031598) can0 2F5#216F6F64204E6967
(1639643959.040702) can0 2F5#2268747320776974
(1639643959.048896) can0 2F5#2368204C61746966
(1639643959.056986) can0 2F5#2461205465650300
(1639643962.713469) can0 2F5#10214E6F773A2047
(1639643962.724445) can0 2F5#216F6F64204E6967
(1639643962.732412) can0 2F5#2268747320776974
(1639643962.740969) can0 2F5#2368204C61746966
(1639643962.749667) can0 2F5#2461205465650300
(1639643966.389545) can0 2F5#10214E6F773A2047
(1639643966.400573) can0 2F5#216F6F64204E6967
(1639643966.409730) can0 2F5#2268747320776974
(1639643966.418401) can0 2F5#2368204C61746966
(1639643966.426913) can0 2F5#2461205465650300
(1639643970.068339) can0 2F5#10214E6F773A2047
(1639643970.079073) can0 2F5#216F6F64204E6967
(1639643970.089070) can0 2F5#2268747320776974
(1639643970.098704) can0 2F5#2368204C61746966
(1639643970.108882) can0 2F5#2461205465650300
(1639643973.756221) can0 2F5#10214E6F773A2047
(1639643973.766164) can0 2F5#216F6F64204E6967
(1639643973.774682) can0 2F5#2268747320776974
(1639643973.783077) can0 2F5#2368204C61746966
(1639643973.791142) can0 2F5#2461205465650300
(1639643977.443368) can0 2F5#10214E6F773A2047
(1639643977.453583) can0 2F5#216F6F64204E6967
(1639643977.464419) can0 2F5#2268747320776974
(1639643977.474093) can0 2F5#2368204C61746966
(1639643977.483718) can0 2F5#2461205465650300
