(1640260473.099494) can0 720#0210870000000000
(1640260473.109889) can0 728#0250870000000000
(1640260474.114717) can0 720#0227010000000000
(1640260474.120568) can0 728#0567012FECF20000
(1640260474.124728) can0 720#052702426E2E0000
(1640260474.129960) can0 728#037F273500000000
(1640260475.833085) can0 720#0210870000000000
(1640260475.839701) can0 728#0250870000000000
(1640260476.844677) can0 720#0227010000000000
(1640260476.849551) can0 728#0567010DCF430000
(1640260476.853611) can0 720#05270228335F0000
(1640260476.859729) can0 728#037F273500000000
(1640260480.282022) can0 720#0210870000000000
(1640260480.289310) can0 728#0250870000000000
(1640260481.294436) can0 720#0227010000000000
(1640260481.299261) can0 728#05670141D9C00000
(1640260481.305382) can0 720#0527020CE0B40000
(1640260481.309280) can0 728#037F273500000000
(1640260524.211344) can0 720#0210870000000000
(1640260524.215736) can0 728#0250870000000000
(1640260525.223277) can0 720#0227010000000000
(1640260525.225447) can0 728#0567012A66F90000
(1640260525.229814) can0 720#052702DDE6B40000
(1640260525.235502) can0 728#037F273500000000
(1640260650.637020) can0 720#0210870000000000
(1640260650.644258) can0 728#0250870000000000
(1640260651.650789) can0 720#0227010000000000
(1640260651.654203) can0 728#056701ABE63E0000
(1640260651.658567) can0 720#052702D865DF0000
(1640260651.664280) can0 728#037F273500000000
