(1639885316.881900) can0 720#0210870000000000
(1639885316.887189) can0 728#0250870000000000
(1639885316.888148) can0 720#0227010000000000
(1639885316.889300) can0 720#023E010000000000
(1639885316.897194) can0 728#05670191CB7B0000
(1639885321.083290) can0 720#0727020000000000
(1639885321.086489) can0 728#037F271200000000
(1639885321.523831) can0 720#023E010000000000
(1639885321.526511) can0 728#017E000000000000
(1639885323.523714) can0 720#023E010000000000
(1639885323.534718) can0 728#017E000000000000
(1639885325.523819) can0 720#023E010000000000
(1639885325.526738) can0 728#017E000000000000
(1639885327.523931) can0 720#023E010000000000
(1639885327.531262) can0 728#017E000000000000
(1639885329.524045) can0 720#023E010000000000
(1639885329.526383) can0 728#017E000000000000
(1639885331.524125) can0 720#023E010000000000
(1639885331.525804) can0 728#017E000000000000
(1639885333.524249) can0 720#023E010000000000
(1639885333.531068) can0 728#017E000000000000
(1639885335.524455) can0 720#023E010000000000
(1639885335.529059) can0 728#017E000000000000
(1639885337.524546) can0 720#023E010000000000
(1639885337.534281) can0 728#017E000000000000
(1639885339.524752) can0 720#023E010000000000
(1639885339.534913) can0 728#017E000000000000
(1639885341.524840) can0 720#023E010000000000
(1639885341.531190) can0 728#017E000000000000
(1639885343.525531) can0 720#023E010000000000
(1639885343.529095) can0 728#017E000000000000
(1639885345.526085) can0 720#023E010000000000
(1639885345.530216) can0 728#017E000000000000
(1639885347.525198) can0 720#023E010000000000
(1639885347.532399) can0 728#017E000000000000
(1639885349.526799) can0 720#023E010000000000
(1639885349.530195) can0 728#017E000000000000
(1639885351.525589) can0 720#023E010000000000
(1639885351.528140) can0 728#017E000000000000
(1639885354.481896) can0 720#023E010000000000
(1639885354.484294) can0 728#017E000000000000
(1639885356.482317) can0 720#023E010000000000
(1639885356.492965) can0 728#017E000000000000
(1639885358.482144) can0 720#023E010000000000
(1639885358.488002) can0 728#017E000000000000
(1639885360.482274) can0 720#023E010000000000
(1639885360.487739) can0 728#017E000000000000
(1639885362.482365) can0 720#023E010000000000
(1639885362.492321) can0 728#017E000000000000
(1639885364.484889) can0 720#023E010000000000
(1639885364.494265) can0 728#017E000000000000
(1639885366.482861) can0 720#023E010000000000
(1639885366.487029) can0 728#017E000000000000
(1639885368.482700) can0 720#023E010000000000
(1639885368.485909) can0 728#017E000000000000
(1639885370.482803) can0 720#023E010000000000
(1639885370.490858) can0 728#017E000000000000
(1639885372.483449) can0 720#023E010000000000
(1639885372.488535) can0 728#017E000000000000
(1639885374.483051) can0 720#023E010000000000
(1639885374.493676) can0 728#017E000000000000
(1639885376.483275) can0 720#023E010000000000
(1639885376.493894) can0 728#017E000000000000
(1639885378.483568) can0 720#023E010000000000
(1639885378.490404) can0 728#017E000000000000
(1639885380.483723) can0 720#023E010000000000
(1639885380.486083) can0 728#017E000000000000
(1639885382.483763) can0 720#023E010000000000
(1639885382.489650) can0 728#017E000000000000
(1639885384.484770) can0 720#023E010000000000
(1639885384.494139) can0 728#017E000000000000
(1639885387.375284) can0 720#023E010000000000
(1639885387.383206) can0 728#017E000000000000
(1639885389.375692) can0 720#023E010000000000
(1639885389.379602) can0 728#017E000000000000
(1639885391.375513) can0 720#023E010000000000
(1639885391.377017) can0 728#017E000000000000
(1639885393.375728) can0 720#023E010000000000
(1639885393.386826) can0 728#017E000000000000
(1639885395.375989) can0 720#023E010000000000
(1639885395.384699) can0 728#017E000000000000
(1639885397.376057) can0 720#023E010000000000
(1639885397.378633) can0 728#017E000000000000
(1639885399.376117) can0 720#023E010000000000
(1639885399.378762) can0 728#017E000000000000
(1639885401.376246) can0 720#023E010000000000
(1639885401.383903) can0 728#017E000000000000
(1639885403.376489) can0 720#023E010000000000
(1639885403.381121) can0 728#017E000000000000
(1639885405.376533) can0 720#023E010000000000
(1639885405.384626) can0 728#017E000000000000
(1639885407.376743) can0 720#023E010000000000
(1639885407.381040) can0 728#017E000000000000
(1639885409.377577) can0 720#023E010000000000
(1639885409.384491) can0 728#017E000000000000
(1639885411.377259) can0 720#023E010000000000
(1639885411.387899) can0 728#017E000000000000
(1639885413.377351) can0 720#023E010000000000
(1639885413.382683) can0 728#017E000000000000
(1639885415.377460) can0 720#023E010000000000
(1639885415.382454) can0 728#017E000000000000
(1639885417.377582) can0 720#023E010000000000
(1639885417.380223) can0 728#017E000000000000
(1639885420.232199) can0 720#023E010000000000
(1639885420.235589) can0 728#017E000000000000
(1639885422.232347) can0 720#023E010000000000
(1639885422.240035) can0 728#017E000000000000
(1639885424.232517) can0 720#023E010000000000
(1639885424.235134) can0 728#017E000000000000
(1639885426.232556) can0 720#023E010000000000
(1639885426.239831) can0 728#017E000000000000
(1639885428.232702) can0 720#023E010000000000
(1639885428.235550) can0 728#017E000000000000
(1639885430.232948) can0 720#023E010000000000
(1639885430.241260) can0 728#017E000000000000
(1639885432.233029) can0 720#023E010000000000
(1639885432.239485) can0 728#017E000000000000
(1639885434.233103) can0 720#023E010000000000
(1639885434.239825) can0 728#017E000000000000
(1639885436.233294) can0 720#023E010000000000
(1639885436.238796) can0 728#017E000000000000
(1639885438.233339) can0 720#023E010000000000
(1639885438.244233) can0 728#017E000000000000
(1639885440.234580) can0 720#023E010000000000
(1639885440.237761) can0 728#017E000000000000
(1639885442.234119) can0 720#023E010000000000
(1639885442.238394) can0 728#017E000000000000
(1639885444.233916) can0 720#023E010000000000
(1639885444.240802) can0 728#017E000000000000
(1639885446.234107) can0 720#023E010000000000
(1639885446.237996) can0 728#017E000000000000
(1639885448.234140) can0 720#023E010000000000
(1639885448.239662) can0 728#017E000000000000
(1639885450.234252) can0 720#023E010000000000
(1639885450.236845) can0 728#017E000000000000
(1639885453.036424) can0 720#023E010000000000
(1639885453.045795) can0 728#017E000000000000
(1639885455.036395) can0 720#023E010000000000
(1639885455.040492) can0 728#017E000000000000
(1639885457.036524) can0 720#023E010000000000
(1639885457.044410) can0 728#017E000000000000
(1639885459.036569) can0 720#023E010000000000
(1639885459.038995) can0 728#017E000000000000
(1639885461.036681) can0 720#023E010000000000
(1639885461.047277) can0 728#017E000000000000
(1639885463.036931) can0 720#023E010000000000
(1639885463.040853) can0 728#017E000000000000
(1639885465.037215) can0 720#023E010000000000
(1639885465.044362) can0 728#017E000000000000
(1639885467.037254) can0 720#023E010000000000
(1639885467.048105) can0 728#017E000000000000
(1639885469.037422) can0 720#023E010000000000
(1639885469.045332) can0 728#017E000000000000
(1639885471.037498) can0 720#023E010000000000
(1639885471.045751) can0 728#017E000000000000
(1639885473.037617) can0 720#023E010000000000
(1639885473.047313) can0 728#017E000000000000
(1639885475.037964) can0 720#023E010000000000
(1639885475.040808) can0 728#017E000000000000
(1639885477.037941) can0 720#023E010000000000
(1639885477.039412) can0 728#017E000000000000
(1639885479.038193) can0 720#023E010000000000
(1639885479.048514) can0 728#017E000000000000
(1639885481.038248) can0 720#023E010000000000
(1639885481.046355) can0 728#017E000000000000
(1639885483.038359) can0 720#023E010000000000
(1639885483.039490) can0 728#017E000000000000
(1639885485.038440) can0 720#023E010000000000
(1639885485.041394) can0 728#017E000000000000
(1639885487.771463) can0 720#023E010000000000
(1639885487.774351) can0 728#017E000000000000
(1639885489.771607) can0 720#023E010000000000
(1639885489.779600) can0 728#017E000000000000
(1639885491.771674) can0 720#023E010000000000
(1639885491.778934) can0 728#017E000000000000
(1639885493.774389) can0 720#023E010000000000
(1639885493.781301) can0 728#017E000000000000
(1639885495.771918) can0 720#023E010000000000
(1639885495.780245) can0 728#017E000000000000
(1639885497.771997) can0 720#023E010000000000
(1639885497.781101) can0 728#017E000000000000
(1639885499.772422) can0 720#023E010000000000
(1639885499.777950) can0 728#017E000000000000
(1639885501.772597) can0 720#023E010000000000
(1639885501.777735) can0 728#017E000000000000
(1639885503.772567) can0 720#023E010000000000
(1639885503.780028) can0 728#017E000000000000
(1639885505.772857) can0 720#023E010000000000
(1639885505.782110) can0 728#017E000000000000
(1639885507.772855) can0 720#023E010000000000
(1639885507.780062) can0 728#017E000000000000
(1639885509.773088) can0 720#023E010000000000
(1639885509.780468) can0 728#017E000000000000
(1639885511.774154) can0 720#023E010000000000
(1639885511.776887) can0 728#017E000000000000
(1639885513.773408) can0 720#023E010000000000
(1639885513.784359) can0 728#017E000000000000
(1639885515.773416) can0 720#023E010000000000
(1639885515.782221) can0 728#017E000000000000
(1639885517.773528) can0 720#023E010000000000
(1639885517.782960) can0 728#017E000000000000
(1639885520.506834) can0 720#023E010000000000
(1639885520.515423) can0 728#017E000000000000
(1639885522.506876) can0 720#023E010000000000
(1639885522.514567) can0 728#017E000000000000
(1639885524.507229) can0 720#023E010000000000
(1639885524.509343) can0 728#017E000000000000
(1639885526.507325) can0 720#023E010000000000
(1639885526.515841) can0 728#017E000000000000
(1639885528.507355) can0 720#023E010000000000
(1639885528.511305) can0 728#017E000000000000
(1639885530.507814) can0 720#023E010000000000
(1639885530.517047) can0 728#017E000000000000
(1639885532.508006) can0 720#023E010000000000
(1639885532.518926) can0 728#017E000000000000
(1639885534.507978) can0 720#023E010000000000
(1639885534.509755) can0 728#017E000000000000
(1639885536.508770) can0 720#023E010000000000
(1639885536.513007) can0 728#017E000000000000
(1639885538.508279) can0 720#023E010000000000
(1639885538.518396) can0 728#017E000000000000
(1639885540.508745) can0 720#023E010000000000
(1639885540.509844) can0 728#017E000000000000
(1639885542.510631) can0 720#023E010000000000
(1639885542.513730) can0 728#017E000000000000
(1639885544.509033) can0 720#023E010000000000
(1639885544.516380) can0 728#017E000000000000
(1639885546.509115) can0 720#023E010000000000
(1639885546.517131) can0 728#017E000000000000
(1639885548.509340) can0 720#023E010000000000
(1639885548.514740) can0 728#017E000000000000
(1639885550.509398) can0 720#023E010000000000
(1639885550.519412) can0 728#017E000000000000
(1639885553.404230) can0 720#023E010000000000
(1639885553.405423) can0 728#017E000000000000
(1639885555.404357) can0 720#023E010000000000
(1639885555.410956) can0 728#017E000000000000
(1639885557.404433) can0 720#023E010000000000
(1639885557.410415) can0 728#017E000000000000
(1639885559.404659) can0 720#023E010000000000
(1639885559.415634) can0 728#017E000000000000
(1639885561.404879) can0 720#023E010000000000
(1639885561.413866) can0 728#017E000000000000
(1639885563.404922) can0 720#023E010000000000
(1639885563.413561) can0 728#017E000000000000
(1639885565.405017) can0 720#023E010000000000
(1639885565.410474) can0 728#017E000000000000
(1639885567.406185) can0 720#023E010000000000
(1639885567.409378) can0 728#017E000000000000
(1639885569.405335) can0 720#023E010000000000
(1639885569.411847) can0 728#017E000000000000
(1639885571.405669) can0 720#023E010000000000
(1639885571.413188) can0 728#017E000000000000
(1639885573.406594) can0 720#023E010000000000
(1639885573.416514) can0 728#017E000000000000
(1639885575.405824) can0 720#023E010000000000
(1639885575.411787) can0 728#017E000000000000
(1639885577.405878) can0 720#023E010000000000
(1639885577.414204) can0 728#017E000000000000
(1639885579.406122) can0 720#023E010000000000
(1639885579.413667) can0 728#017E000000000000
(1639885581.406159) can0 720#023E010000000000
(1639885581.414058) can0 728#017E000000000000
(1639885583.406242) can0 720#023E010000000000
(1639885583.416988) can0 728#017E000000000000
(1639885586.235560) can0 720#023E010000000000
(1639885586.241480) can0 728#017E000000000000
(1639885588.235889) can0 720#023E010000000000
(1639885588.240522) can0 728#017E000000000000
(1639885590.236348) can0 720#023E010000000000
(1639885590.241451) can0 728#017E000000000000
(1639885592.235972) can0 720#023E010000000000
(1639885592.241324) can0 728#017E000000000000
(1639885594.236052) can0 720#023E010000000000
(1639885594.246492) can0 728#017E000000000000
(1639885596.236197) can0 720#023E010000000000
(1639885596.245127) can0 728#017E000000000000
(1639885598.236320) can0 720#023E010000000000
(1639885598.241709) can0 728#017E000000000000
(1639885600.236409) can0 720#023E010000000000
(1639885600.238334) can0 728#017E000000000000
(1639885602.236501) can0 720#023E010000000000
(1639885602.246021) can0 728#017E000000000000
(1639885604.237319) can0 720#023E010000000000
(1639885604.240079) can0 728#017E000000000000
(1639885606.237398) can0 720#023E010000000000
(1639885606.247758) can0 728#017E000000000000
(1639885608.238050) can0 720#023E010000000000
(1639885608.246216) can0 728#017E000000000000
(1639885610.237600) can0 720#023E010000000000
(1639885610.247549) can0 728#017E000000000000
(1639885612.237722) can0 720#023E010000000000
(1639885612.245593) can0 728#017E000000000000
(1639885614.237797) can0 720#023E010000000000
(1639885614.248671) can0 728#017E000000000000
(1639885616.237895) can0 720#023E010000000000
(1639885616.247362) can0 728#017E000000000000
(1639885619.059218) can0 720#023E010000000000
(1639885619.070319) can0 728#017E000000000000
(1639885621.059436) can0 720#023E010000000000
(1639885621.066840) can0 728#017E000000000000
(1639885624.847434) can0 720#023E010000000000
(1639885624.857759) can0 728#017E000000000000
(1639885625.577236) can0 720#052FD12807FF0000
(1639885625.586539) can0 728#056FD12807FF0000
(1639885629.522140) can0 720#052FD12807FF0000
(1639885629.528051) can0 728#056FD12807FF0000
(1639885630.238075) can0 720#052FD12807FF0000
(1639885630.241623) can0 728#056FD12807FF0000
(1639885630.760422) can0 720#052FD12807FF0000
(1639885630.768529) can0 728#056FD12807FF0000
(1639885631.135885) can0 720#052FD12807FF0000
(1639885631.137384) can0 728#056FD12807FF0000
(1639885631.335183) can0 720#052FD12807FF0000
(1639885631.337454) can0 728#056FD12807FF0000
(1639885631.543885) can0 720#052FD12807FF0000
(1639885631.547574) can0 728#056FD12807FF0000
(1639885631.729786) can0 720#052FD12807FF0000
(1639885631.737636) can0 728#056FD12807FF0000
(1639885632.074133) can0 720#023E010000000000
(1639885632.081013) can0 728#017E000000000000
(1639885632.297229) can0 720#023E010000000000
(1639885632.301115) can0 728#017E000000000000
(1639885632.500324) can0 720#023E010000000000
(1639885632.506018) can0 728#017E000000000000
(1639885632.703897) can0 720#023E010000000000
(1639885632.706106) can0 728#017E000000000000
(1639885632.940151) can0 720#023E010000000000
(1639885632.946182) can0 728#017E000000000000
(1639885633.154933) can0 720#023E010000000000
(1639885633.162019) can0 728#017E000000000000
(1639885633.378489) can0 720#023E010000000000
(1639885633.381804) can0 728#017E000000000000
(1639885633.586471) can0 720#023E010000000000
(1639885633.597606) can0 728#017E000000000000
(1639885633.793870) can0 720#023E010000000000
(1639885633.799841) can0 728#017E000000000000
(1639885633.981949) can0 720#023E010000000000
(1639885633.991545) can0 728#017E000000000000
(1639885635.692060) can0 720#023E010000000000
(1639885635.695385) can0 728#017E000000000000
(1639885638.091448) can0 720#023E010000000000
(1639885638.098920) can0 728#017E000000000000
(1639885646.837843) can0 720#023E010000000000
(1639885646.840952) can0 728#017E000000000000
(1639885697.819432) can0 720#052FD12807FF0000
(1639885697.826924) can0 728#037F2F2200000000
(1639885699.906482) can0 720#023E010000000000
(1639885699.910725) can0 728#017E000000000000
(1639885699.912465) can0 720#0210870000000000
(1639885699.920679) can0 728#0250870000000000
(1639885703.019148) can0 720#052FD12807FF0000
(1639885703.023207) can0 728#056FD12807FF0000
(1639885706.504252) can0 720#052FD12807FF0000
(1639885706.506247) can0 728#056FD12807FF0000
(1639885707.678308) can0 720#052FD12807FF0000
(1639885707.680190) can0 728#056FD12807FF0000
(1639885709.225807) can0 720#052FD12807FF0000
(1639885709.226969) can0 728#056FD12807FF0000
(1639885710.682149) can0 720#052FD12807FF0000
(1639885710.687014) can0 728#056FD12807FF0000
(1639885711.415128) can0 720#052FD12807FF0000
(1639885711.422143) can0 728#056FD12807FF0000
(1639885711.746045) can0 720#052FD12807FF0000
(1639885711.751927) can0 728#056FD12807FF0000
(1639885712.092144) can0 720#052FD12807FF0000
(1639885712.097257) can0 728#056FD12807FF0000
(1639885736.950803) can0 720#023E010000000000
(1639885736.959142) can0 728#017E000000000000
(1639885736.977505) can0 720#0210850000000000
(1639885736.984671) can0 728#037F101200000000
(1639885737.574717) can0 720#052FD12807FF0000
(1639885737.582468) can0 728#037F2F2200000000
(1639885743.804932) can0 720#023E010000000000
(1639885743.806443) can0 728#017E000000000000
(1639885743.827328) can0 720#0210850000000000
(1639885743.831974) can0 728#037F101200000000
(1639885744.631084) can0 720#052FD12807FF0000
(1639885744.640531) can0 728#037F2F2200000000
(1639885765.325964) can0 720#023E010000000000
(1639885765.329696) can0 728#017E000000000000
(1639885765.333295) can0 720#0210830000000000
(1639885765.339909) can0 728#037F101200000000
(1639885766.005307) can0 720#052FD12807FF0000
(1639885766.014987) can0 728#037F2F2200000000
(1639885770.924328) can0 720#0210830000000000
(1639885770.928744) can0 728#037F101200000000
(1639885776.986918) can0 720#0210870000000000
(1639885776.989052) can0 728#0250870000000000
(1639885779.520589) can0 720#052FD12807FF0000
(1639885779.523116) can0 728#056FD12807FF0000
(1639885788.605884) can0 720#052FD12807FF0000
(1639885788.614669) can0 728#037F2F2200000000
(1639885792.940287) can0 720#0210870000000000
(1639885792.945583) can0 728#0250870000000000
(1639885794.309631) can0 720#052FD12807FF0000
(1639885794.315208) can0 728#056FD12807FF0000
(1639885814.973533) can0 720#0210870000000000
(1639885814.981074) can0 728#0250870000000000
(1639885817.249269) can0 720#052FD12807FF0000
(1639885817.255520) can0 728#056FD12807FF0000
(1639885823.907308) can0 720#0210870000000000
(1639885823.916365) can0 728#0250870000000000
(1639885824.797848) can0 720#052FD12807FF0000
(1639885824.807196) can0 728#056FD12807FF0000
(1639885899.839531) can0 720#0210870000000000
(1639885899.844866) can0 728#0250870000000000
(1639885899.850008) can0 720#023E010000000000
(1639885899.855447) can0 728#017E000000000000
(1639885899.857334) can0 720#062F713007800000
(1639885899.860926) can0 720#062F713007800000
(1639885899.865111) can0 728#066F713007800000
(1639885899.866042) can0 720#062F713007800000
(1639885899.874963) can0 728#066F713007800000
(1639885907.542893) can0 720#023E010000000000
(1639885907.549279) can0 720#062F713007800000
(1639885907.550555) can0 728#017E000000000000
(1639885907.554524) can0 720#062F713007800000
(1639885907.559198) can0 720#062F713007800000
(1639885907.560509) can0 728#037F2F2200000000
(1639885907.897058) can0 720#062F713007800000
(1639885907.902733) can0 728#037F2F2200000000
(1639885908.965481) can0 720#0210870000000000
(1639885908.972588) can0 720#023E010000000000
(1639885908.973602) can0 728#0250870000000000
(1639885908.977503) can0 720#062F713007800000
(1639885908.981832) can0 720#062F713007800000
(1639885908.982756) can0 728#066F713007800000
(1639885909.000572) can0 720#062F713007800000
(1639885909.002588) can0 728#066F713007800000
(1639885909.274172) can0 720#062F713007800000
(1639885909.277503) can0 728#066F713007800000
