(1663676550.344487) can0 728#FFFFFFFFFFFFFFFF
(1663676550.345731) can0 728#FFFFFFFFFFFFFFFF
(1663676550.347078) can0 728#FFFFFFFFFFFFFFFF
(1663676550.348336) can0 728#FFFFFFFFFFFFFFFF
(1663676550.349300) can0 720#B2AABBCCDDEE1122
(1663676550.350242) can0 728#FFFFFFFFFFFFFFFF
(1663676550.351547) can0 728#FFFFFFFFFFFFFFFF
(1663676550.352853) can0 728#FFFFFFFFFFFFFFFF
(1663676550.354152) can0 728#FFFFFFFFFFFFFFFF
(1663676550.355021) can0 720#B2AABBCCDDEE1122
(1663676550.356025) can0 728#FFFFFFFFFFFFFFFF
(1663676550.357344) can0 728#FFFFFFFFFFFFFFFF
(1663676550.358640) can0 728#FFFFFFFFFFFFFFFF
(1663676550.359932) can0 728#FFFFFFFFFFFFFFFF
(1663676550.360817) can0 720#B2AABBCCDDEE1122
(1663676550.361828) can0 728#FFFFFFFFFFFFFFFF
(1663676550.363130) can0 728#FFFFFFFFFFFFFFFF
(1663676550.364435) can0 728#FFFFFFFFFFFFFFFF
(1663676550.365730) can0 728#FFFFFFFFFFFFFFFF
(1663676550.367032) can0 728#FFFFFFFFFFFFFFFF
(1663676550.368326) can0 728#FFFFFFFFFFFFFFFF
(1663676550.369657) can0 728#FFFFFFFFFFFFFFFF
(1663676550.370927) can0 728#FFFFFFFFFFFFFFFF
(1663676550.372229) can0 728#FFFFFFFFFFFFFFFF
(1663676550.373528) can0 728#FFFFFFFFFFFFFFFF
(1663676550.374829) can0 728#FFFFFFFFFFFFFFFF
(1663676550.376125) can0 728#FFFFFFFFFFFFFFFF
(1663676550.377432) can0 728#FFFFFFFFFFFFFFFF
(1663676550.378726) can0 728#FFFFFFFFFFFFFFFF
(1663676550.380029) can0 728#FFFFFFFFFFFFFFFF
(1663676550.380976) can0 720#B2AABBCCDDEE1122
(1663676550.381982) can0 728#FFFFFFFFFFFFFFFF
(1663676550.383251) can0 728#FFFFFFFFFFFFFFFF
(1663676550.384538) can0 728#FFFFFFFFFFFFFFFF
(1663676550.385835) can0 728#FFFFFFFFFFFFFFFF
(1663676550.387175) can0 728#FFFFFFFFFFFFFFFF
(1663676550.388448) can0 728#FFFFFFFFFFFFFFFF
(1663676550.389736) can0 728#FFFFFFFFFFFFFFFF
(1663676550.391032) can0 728#FFFFFFFFFFFFFFFF
(1663676550.392400) can0 728#FFFFFFFFFFFFFFFF
(1663676550.393641) can0 728#FFFFFFFFFFFFFFFF
(1663676550.394934) can0 728#FFFFFFFFFFFFFFFF
(1663676550.396273) can0 728#FFFFFFFFFFFFFFFF
(1663676550.397529) can0 728#FFFFFFFFFFFFFFFF
(1663676550.398415) can0 720#B2AABBCCDDEE1122
(1663676550.399429) can0 728#FFFFFFFFFFFFFFFF
(1663676550.400311) can0 720#B2AABBCCDDEE1122
(1663676550.401319) can0 728#FFFFFFFFFFFFFFFF
(1663676550.402676) can0 728#FFFFFFFFFFFFFFFF
(1663676550.403936) can0 728#FFFFFFFFFFFFFFFF
(1663676550.404819) can0 720#B2AABBCCDDEE1122
(1663676550.405836) can0 728#FFFFFFFFFFFFFFFF
(1663676550.407162) can0 728#FFFFFFFFFFFFFFFF
(1663676550.408453) can0 728#FFFFFFFFFFFFFFFF
(1663676550.409728) can0 728#FFFFFFFFFFFFFFFF
(1663676550.411033) can0 728#FFFFFFFFFFFFFFFF
(1663676550.412327) can0 728#FFFFFFFFFFFFFFFF
(1663676550.413626) can0 728#FFFFFFFFFFFFFFFF
(1663676550.414930) can0 728#FFFFFFFFFFFFFFFF
(1663676550.416231) can0 728#FFFFFFFFFFFFFFFF
(1663676550.417530) can0 728#FFFFFFFFFFFFFFFF
(1663676550.418831) can0 728#FFFFFFFFFFFFFFFF
(1663676550.420126) can0 728#FFFFFFFFFFFFFFFF
(1663676550.421015) can0 720#B2AABBCCDDEE1122
(1663676550.422023) can0 728#FFFFFFFFFFFFFFFF
(1663676550.423333) can0 728#FFFFFFFFFFFFFFFF
(1663676550.424630) can0 728#FFFFFFFFFFFFFFFF
(1663676550.425927) can0 728#FFFFFFFFFFFFFFFF
(1663676550.427231) can0 728#FFFFFFFFFFFFFFFF
(1663676550.428595) can0 728#FFFFFFFFFFFFFFFF
(1663676550.429832) can0 728#FFFFFFFFFFFFFFFF
(1663676550.431138) can0 728#FFFFFFFFFFFFFFFF
(1663676550.432431) can0 728#FFFFFFFFFFFFFFFF
(1663676550.433727) can0 728#FFFFFFFFFFFFFFFF
(1663676550.435031) can0 728#FFFFFFFFFFFFFFFF
(1663676550.436333) can0 728#FFFFFFFFFFFFFFFF
(1663676550.437633) can0 728#FFFFFFFFFFFFFFFF
(1663676550.438916) can0 728#FFFFFFFFFFFFFFFF
(1663676550.440220) can0 728#FFFFFFFFFFFFFFFF
(1663676550.441109) can0 720#B2AABBCCDDEE1122
(1663676550.442117) can0 728#FFFFFFFFFFFFFFFF
(1663676550.443445) can0 728#FFFFFFFFFFFFFFFF
(1663676550.444717) can0 728#FFFFFFFFFFFFFFFF
(1663676550.446104) can0 728#FFFFFFFFFFFFFFFF
(1663676550.447318) can0 728#FFFFFFFFFFFFFFFF
(1663676550.448453) can0 720#B2AABBCCDDEE1122
(1663676550.449412) can0 728#FF8007AC01830766
(1663676550.450667) can0 728#8F8307628F83075E
(1663676550.451877) can0 728#8F83078485830756
(1663676550.453051) can0 728#8F82072ADD83074E
(1663676550.454199) can0 720#B2AABBCCDDEE1122
(1663676550.455251) can0 728#8F8307589C83070C
(1663676550.456365) can0 728#A38307428F83073E
(1663676550.457589) can0 728#8F83073A8F830794
(1663676550.458802) can0 728#9983073C9A830734
(1663676550.459966) can0 728#988307E09A830726
(1663676550.460853) can0 720#B2AABBCCDDEE1122
(1663676550.461821) can0 728#8F8307228F830780
(1663676550.463061) can0 728#9B83078CA3830770
(1663676550.464260) can0 728#978307128F83070E
(1663676550.465468) can0 728#8F83070A8F830706
(1663676550.466807) can0 728#8F8307028F8307FE
(1663676550.467859) can0 728#8E8307FA8E8307F6
(1663676550.469066) can0 728#8E8307F28E8307EE
(1663676550.470266) can0 728#8E8307EA8E8307E6
(1663676550.471472) can0 728#8E8307E28E8307DE
(1663676550.472660) can0 728#8E8307DA8E8307D6
(1663676550.473860) can0 728#8E8307D28E8307CE
(1663676550.475068) can0 728#8E8307CA8E8307C6
(1663676550.476276) can0 728#8E8307C28E8307BE
(1663676550.477468) can0 728#8E8307BA8E8307B6
(1663676550.478660) can0 728#8E8307B28E8307AE
(1663676550.479868) can0 728#8E8307AA8E8307A6
(1663676550.480755) can0 720#B2AABBCCDDEE1122
(1663676550.481715) can0 728#8E8307A28E83079E
(1663676550.482963) can0 728#8E83079A8E830796
(1663676550.484171) can0 728#8E8307928E83078E
(1663676550.485356) can0 728#8E83073C9883079C
(1663676550.486572) can0 728#9F8307F0A0830738
(1663676550.487760) can0 728#9C83078C9D830776
(1663676550.488948) can0 728#8E8307728E83076E
(1663676550.490147) can0 728#8E83076A8E830766
(1663676550.491718) can0 728#8E8307628E83075E
(1663676550.492549) can0 728#8E83075A8E830756
(1663676550.493748) can0 728#8E83076CA183074E
(1663676550.494947) can0 728#8E83074A8E830746
(1663676550.496171) can0 728#8E8307428E83073E
(1663676550.497361) can0 728#8E83073A8E830736
(1663676550.498547) can0 728#8E8307328E83072E
(1663676550.499433) can0 720#B2AABBCCDDEE1122
(1663676550.500388) can0 728#8E8307949E8307E8
(1663676550.501275) can0 720#B2AABBCCDDEE1122
(1663676550.502234) can0 728#9F8307889C8307DC
(1663676550.503453) can0 728#9D83071A8E830716
(1663676550.504602) can0 720#B2AABBCCDDEE1122
(1663676550.505533) can0 728#8E8307128E83070E
(1663676550.506826) can0 728#8E83070A8E830706
(1663676550.507972) can0 728#8E8307028E8307FE
(1663676550.509161) can0 728#8D8307FA8D8307F6
(1663676550.510376) can0 728#8D8307F28D8307EE
(1663676550.511565) can0 728#8D8307EA8D8307E6
(1663676550.512771) can0 728#8D8307E28D8307DE
(1663676550.513963) can0 728#8D8307DA8D8307D6
(1663676550.515181) can0 728#8D8307D28D8307CE
(1663676550.516363) can0 728#8D8307CA8D8307C6
(1663676550.517651) can0 728#8D8307C28D203E00
(1663676550.518810) can0 728#F080FFE000403EFF
(1663676550.519956) can0 728#03273ED300064267
(1663676550.520844) can0 720#B2AABBCCDDEE1122
(1663676550.521819) can0 728#470100403E000027
(1663676550.523083) can0 728#3E20FF07470000E0
(1663676550.524265) can0 728#41920D4707000040
(1663676550.525469) can0 728#3EFF03273E000047
(1663676550.526677) can0 728#470000403EFF0327
(1663676550.527887) can0 728#3E01000737000047
(1663676550.529088) can0 728#0700004026FF0324
(1663676550.530267) can0 728#26781F402E020025
(1663676550.531464) can0 728#2E7484400E040021
(1663676550.532657) can0 728#0EF0C3211F01001C
(1663676550.533865) can0 728#0A411900E0403EFF
(1663676550.535048) can0 728#03273ED300094267
(1663676550.536289) can0 728#47010080FF04001F
(1663676550.537462) can0 728#E804260040042600
(1663676550.538664) can0 728#40400EFF03010E60
(1663676550.539866) can0 728#23A20501F05D5603
(1663676550.541050) can0 728#002A56E87DEAA720
(1663676550.541938) can0 720#B2AABBCCDDEE1122
(1663676550.542949) can0 728#0080A6FF0080AEFF
(1663676550.544162) can0 728#FF82FF42DB403EFF
(1663676550.545344) can0 728#03273ED3000E4267
(1663676550.546576) can0 728#470100003A004200
(1663676550.547794) can0 728#4A00B200BA00C200
(1663676550.548666) can0 720#B2AABBCCDDEE1122
(1663676550.549608) can0 728#CA00D25D36000026
(1663676550.550941) can0 728#368A0083FF087740
(1663676550.552119) can0 728#3EFF03273ED30020
(1663676550.553250) can0 728#4628006747010085
(1663676550.554485) can0 728#0520A6FF003506FF
(1663676550.555353) can0 720#B2AABBCCDDEE1122
(1663676550.556345) can0 728#FF0000403E000027
(1663676550.557572) can0 728#3E00F02806FB8F00
(1663676550.558777) can0 728#00674764007F0000
(1663676550.560026) can0 728#0001000000000000
(1663676550.561163) can0 720#B2AABBCCDDEE1122
(1663676550.562129) can0 728#0074040100000000
(1663676550.563424) can0 728#0000000000000000
(1663676550.564729) can0 728#0000000000000000
(1663676550.565991) can0 728#0020480000E44200
(1663676550.567206) can0 728#00FC480000000000
(1663676550.568391) can0 728#0000000000001A1B
(1663676550.569603) can0 728#08C0080100000700
(1663676550.570776) can0 728#0000171B08C00801
(1663676550.571984) can0 728#6C00070000001B1B
(1663676550.573183) can0 728#08C00801BD000700
(1663676550.574376) can0 728#00001B1B08C00801
(1663676550.575576) can0 728#2901070000001B1B
(1663676550.576783) can0 728#08C0080195010700
(1663676550.578000) can0 728#00001C1B08C00801
(1663676550.579288) can0 728#0102070000000B0B
(1663676550.580490) can0 728#08C008016D020700
(1663676550.581370) can0 720#B2AABBCCDDEE1122
(1663676550.582343) can0 728#0000111108C00801
(1663676550.583659) can0 728#8302070000001111
(1663676550.584796) can0 728#08C00801B6020700
(1663676550.585983) can0 728#00000B0B08C00801
(1663676550.587173) can0 728#6D02070000001111
(1663676550.588391) can0 728#08C0080183020700
(1663676550.589585) can0 728#0000111108C00801
(1663676550.590767) can0 728#B602070000000B0B
(1663676550.591988) can0 728#08C008016D020700
(1663676550.593182) can0 728#0000111108C00801
(1663676550.594396) can0 728#8302070000001111
(1663676550.595591) can0 728#08C00801B6020700
(1663676550.596783) can0 728#00000B0B08C00801
(1663676550.597968) can0 728#6D02070000001111
(1663676550.598855) can0 720#B2AABBCCDDEE1122
(1663676550.599830) can0 728#08C0080183020700
(1663676550.601082) can0 728#0000111108C00801
(1663676550.601986) can0 720#B2AABBCCDDEE1122
(1663676550.602943) can0 728#B602070000000808
(1663676550.604184) can0 728#08C00801E9020700
(1663676550.605078) can0 720#B2AABBCCDDEE1122
(1663676550.606055) can0 728#0000080808C00801
(1663676550.607269) can0 728#F10207000000090C
(1663676550.608488) can0 728#08C00801F9020700
(1663676550.609689) can0 728#0000031808C10801
(1663676550.610903) can0 728#1103070000080000
(1663676550.612174) can0 728#00031808C1080129
(1663676550.613400) can0 728#0307000008000000
(1663676550.614664) can0 728#031808C108011103
(1663676550.615894) can0 728#0700000800000003
(1663676550.617107) can0 728#1808C10801110307
(1663676550.618326) can0 728#0000080000000318
(1663676550.619470) can0 728#08C1080111030700
(1663676550.620687) can0 728#0008000000031808
(1663676550.621575) can0 720#B2AABBCCDDEE1122
(1663676550.622543) can0 728#C108011103070000
(1663676550.623790) can0 728#08000000031808C1
(1663676550.624989) can0 728#0801290307000008
(1663676550.626177) can0 728#000000031808C108
(1663676550.627398) can0 728#0129030700000800
(1663676550.628592) can0 728#0000031808C10801
(1663676550.629822) can0 728#2903070000080000
(1663676550.631074) can0 728#00031808C1080129
(1663676550.632294) can0 728#0307000008000000
(1663676550.633478) can0 728#110708C008014103
(1663676550.634679) can0 728#07000000031808C1
(1663676550.635889) can0 728#0801560307000008
(1663676550.637096) can0 728#000000031808C108
(1663676550.638288) can0 728#016E030700000800
(1663676550.639508) can0 728#0000121208C00801
(1663676550.640732) can0 728#8603070000001212
(1663676550.641596) can0 720#B2AABBCCDDEE1122
(1663676550.642589) can0 728#08C00801BC030700
(1663676550.643812) can0 728#0000181408C00801
(1663676550.644991) can0 728#F203070000001212
(1663676550.646196) can0 728#08C008012E040700
(1663676550.647412) can0 728#0000121208C00801
(1663676550.648597) can0 728#6404070000001212
(1663676550.649481) can0 720#B2AABBCCDDEE1122
(1663676550.650452) can0 728#08C008019A040700
(1663676550.651700) can0 728#0000121208C00801
(1663676550.652885) can0 728#D004070000001212
(1663676550.654102) can0 728#08C0080106050700
(1663676550.654985) can0 720#B2AABBCCDDEE1122
(1663676550.655969) can0 728#0000121208C00801
(1663676550.657203) can0 728#3C05070000001212
(1663676550.658395) can0 728#08C0080172050700
(1663676550.659603) can0 728#0000121208C00801
(1663676550.660892) can0 728#A805070000001212
(1663676550.661766) can0 720#B2AABBCCDDEE1122
(1663676550.662736) can0 728#08C00801DE050700
(1663676550.664036) can0 728#0000031808C10801
(1663676550.665212) can0 728#5603070000080000
(1663676550.666394) can0 728#00031808C108016E
(1663676550.667621) can0 728#0307000008000000
(1663676550.668797) can0 728#1E2E08C008011406
(1663676550.669995) can0 728#070000001E2E08C0
(1663676550.671204) can0 728#0801CC0607000000
(1663676550.672425) can0 728#1E2E08C008018407
(1663676550.673596) can0 728#070000001E2E08C0
(1663676550.674804) can0 728#08013C0807000000
(1663676550.676005) can0 728#1E2E08C00801F408
(1663676550.677204) can0 728#070000001E2E08C0
(1663676550.678419) can0 728#0801AC0907000000
(1663676550.679691) can0 728#1E2E08C00801640A
(1663676550.681024) can0 728#070000001E2E08C0
(1663676550.681857) can0 720#B2AABBCCDDEE1122
(1663676550.682839) can0 728#08011C0B07000000
(1663676550.684085) can0 728#1E2E08C00801D40B
(1663676550.685340) can0 728#070000001E2E08C0
(1663676550.686500) can0 728#08018C0C07000000
(1663676550.687685) can0 728#1E2E08C00801440D
(1663676550.688892) can0 728#070000001E2E08C0
(1663676550.690125) can0 728#0801FC0D07000000
(1663676550.691285) can0 728#1E2E08C00801B40E
(1663676550.692507) can0 728#07000000303008C0
(1663676550.693699) can0 728#08016C0F07000000
(1663676550.694883) can0 728#562808C008018C10
(1663676550.696156) can0 728#07000000403A08C0
(1663676550.697350) can0 728#0801441207000000
(1663676550.698493) can0 728#4C3608C008011414
(1663676550.699376) can0 720#B2AABBCCDDEE1122
(1663676550.700363) can0 728#07000000383C08C0
(1663676550.701614) can0 728#0801301607000000
(1663676550.702495) can0 720#B2AABBCCDDEE1122
(1663676550.703459) can0 728#363608C00801D417
(1663676550.704702) can0 728#07000000403808C0
(1663676550.705584) can0 720#B2AABBCCDDEE1122
(1663676550.706564) can0 728#08014E1907000000
(1663676550.707776) can0 728#4E3608C008010E1B
(1663676550.709123) can0 728#070000003C3808C0
(1663676550.710197) can0 728#08012A1D07000000
(1663676550.711387) can0 728#521C08C00801EA1E
(1663676550.712605) can0 728#07000000383808C0
(1663676550.713813) can0 728#08011E2007000000
(1663676550.714987) can0 728#343808C00801A621
(1663676550.716189) can0 728#070000004C3608C0
(1663676550.717417) can0 728#08012E2307000000
(1663676550.718568) can0 728#423808C008014A25
(1663676550.719804) can0 728#07000000463008C0
(1663676550.721031) can0 728#0801422707000000
(1663676550.722183) can0 728#4E3608C00801F228
(1663676550.723066) can0 720#B2AABBCCDDEE1122
(1663676550.724045) can0 728#07000000403808C0
(1663676550.725300) can0 728#08014E1907000000
(1663676550.726471) can0 728#543008C008010E2B
(1663676550.727713) can0 728#07000000383C08C0
(1663676550.728908) can0 728#0801301607000000
(1663676550.730069) can0 728#523608C008011E2D
(1663676550.731300) can0 728#07000000542208C0
(1663676550.732508) can0 728#0801702F07000000
(1663676550.733700) can0 728#4C3608C00801E630
(1663676550.735018) can0 728#070000003C3808C0
(1663676550.736118) can0 728#0801023307000000
(1663676550.737297) can0 728#2E3808C00801C234
(1663676550.738499) can0 728#07000000563608C0
(1663676550.739698) can0 728#0801123607000000
(1663676550.740865) can0 728#543008C008010E2B
(1663676550.742097) can0 728#07000000383208C0
(1663676550.742981) can0 720#B2AABBCCDDEE1122
(1663676550.743981) can0 728#0801643807000000
(1663676550.745174) can0 728#543808C00801C239
(1663676550.746383) can0 728#070000003C3C08C0
(1663676550.747577) can0 728#08012A3C07000000
(1663676550.748816) can0 728#3C3C08C008010A3E
(1663676550.749701) can0 720#B2AABBCCDDEE1122
(1663676550.750670) can0 728#07000000522B08C0
(1663676550.751901) can0 728#0801EA3F07000000
(1663676550.753084) can0 728#240608C00801C341
(1663676550.754288) can0 728#07000000182C08C0
(1663676550.755175) can0 720#B2AABBCCDDEE1122
(1663676550.756183) can0 728#0801E14107000000
(1663676550.757377) can0 728#160608C008016542
(1663676550.758591) can0 728#070000001F1608C0
(1663676550.759793) can0 728#0801774207000000
(1663676550.760977) can0 728#1F1608C00801CF42
(1663676550.762194) can0 728#070000001F1608C0
(1663676550.763084) can0 720#B2AABBCCDDEE1122
(1663676550.764048) can0 728#0801274307000000
(1663676550.765278) can0 728#1F1608C008017F43
(1663676550.766483) can0 728#070000001F1608C0
(1663676550.767687) can0 728#0801D74307000000
(1663676550.768878) can0 728#1F1608C008012F44
(1663676550.770086) can0 728#070000001F1608C0
(1663676550.771283) can0 728#0801874407000000
(1663676550.772512) can0 728#1F1608C00801DF44
(1663676550.773679) can0 728#07000000762E08C0
(1663676550.774895) can0 728#0801374507000000
(1663676550.776063) can0 728#78AC08C00801E947
(1663676550.777287) can0 728#07000000783D08C0
(1663676550.778496) can0 728#0801FD5107000000
(1663676550.779662) can0 728#762E08C008019055
(1663676550.780882) can0 728#07000000762E08C0
(1663676550.782114) can0 728#0801374507000000
(1663676550.782996) can0 720#B2AABBCCDDEE1122
(1663676550.784027) can0 728#0000000C00180024
(1663676550.785211) can0 728#0030003C00480054
(1663676550.786472) can0 728#0060006C00780084
(1663676550.787588) can0 728#0090009C00A800B4
(1663676550.788799) can0 728#00C000CC00D800E4
(1663676550.789978) can0 728#00F000FC000B011A
(1663676550.791178) can0 728#0129013801470156
(1663676550.792362) can0 728#0165017401830192
(1663676550.793564) can0 728#019E01AD01BC01C8
(1663676550.794779) can0 728#01D401E001EC01F8
(1663676550.796038) can0 728#01040210021C0228
(1663676550.797188) can0 728#02340240024C025B
(1663676550.798364) can0 728#026A02760282028E
(1663676550.799251) can0 720#B2AABBCCDDEE1122
(1663676550.800215) can0 728#029A02A602B202BE
(1663676550.801375) can0 728#02CA02D602E202EE
(1663676550.802588) can0 728#02FA02060312031E
(1663676550.803485) can0 720#B2AABBCCDDEE1122
(1663676550.804408) can0 728#032A03360342034E
(1663676550.805433) can0 720#B2AABBCCDDEE1122
(1663676550.806236) can0 728#035A03660372037E
(1663676550.807450) can0 728#038A039603A203AE
(1663676550.808642) can0 728#03BA03C603D203DE
(1663676550.810010) can0 728#03EA03F60302040E
(1663676550.811060) can0 728#041A04260432043E
(1663676550.812251) can0 728#044A04560462046E
(1663676550.813452) can0 728#047A04860492049E
(1663676550.814856) can0 728#04AA04B604C204CE
(1663676550.815861) can0 728#04DA04E604F204FE
(1663676550.817086) can0 728#040A05160522052E
(1663676550.818304) can0 728#053A050000000000
(1663676550.819523) can0 728#0000000000000000
(1663676550.820794) can0 728#0000FE0100800106
(1663676550.821995) can0 728#0040000800200010
(1663676550.822893) can0 720#B2AABBCCDDEE1122
(1663676550.823872) can0 728#0010FC200008FE41
(1663676550.825074) can0 728#0008874300040383
(1663676550.826304) can0 728#0004038000040780
(1663676550.827506) can0 728#0004FE800004FC81
(1663676550.828711) can0 728#0004808300040083
(1663676550.829888) can0 728#0004038300088743
(1663676550.831178) can0 728#0008FE410010FC20
(1663676550.832323) can0 728#0020001000400008
(1663676550.833502) can0 728#008001060000FE01
(1663676550.834725) can0 728#0000000000000000
(1663676550.836035) can0 728#0000000000000000
(1663676550.837300) can0 728#8000F01F01082002
(1663676550.838501) can0 728#08200608200C0820
(1663676550.839676) can0 728#1C08200808200808
(1663676550.840882) can0 728#2008F83F08F87F08
(1663676550.842059) can0 728#F8BF08F8BF08F8BF
(1663676550.842947) can0 720#B2AABBCCDDEE1122
(1663676550.843914) can0 728#08F83F11F83F11F8
(1663676550.845177) can0 728#3F11F83F21F83F21
(1663676550.846378) can0 728#F83F21F83F12F83F
(1663676550.847604) can0 728#0CFC7F0000000000
(1663676550.848916) can0 728#0000000000000000
(1663676550.849804) can0 720#B2AABBCCDDEE1122
(1663676550.850795) can0 728#00000000000010FC
(1663676550.852075) can0 728#41002004210040FC
(1663676550.853296) can0 728#1100000603000001
(1663676550.854467) can0 728#0400807008008050
(1663676550.855357) can0 720#B2AABBCCDDEE1122
(1663676550.856347) can0 728#080040D810004088
(1663676550.857651) can0 728#10005E88D00340FC
(1663676550.858796) can0 728#1100400411008004
(1663676550.860002) can0 728#0900800008000001
(1663676550.861200) can0 728#04000006030040F8
(1663676550.862424) can0 728#1000200020001020
(1663676550.863303) can0 720#B2AABBCCDDEE1122
(1663676550.864294) can0 728#4000002000000020
(1663676550.865512) can0 728#0000002000000000
(1663676550.866829) can0 728#0000000000000000
(1663676550.868128) can0 728#0000000000000000
(1663676550.869400) can0 728#000010FC41002004
(1663676550.870590) can0 728#210040FC11000006
(1663676550.871779) can0 728#0300002104008070
(1663676550.872988) can0 728#0800807008004070
(1663676550.874172) can0 728#1000407010005E20
(1663676550.875379) can0 728#D003402010004000
(1663676550.876595) can0 728#1000802008008070
(1663676550.877857) can0 728#0800002104000006
(1663676550.878997) can0 728#030040F810002000
(1663676550.880202) can0 728#2000102040000020
(1663676550.881518) can0 728#0000002000000020
(1663676550.882823) can0 728#0000000000000000
(1663676550.883714) can0 720#B2AABBCCDDEE1122
(1663676550.884726) can0 728#0000000000000000
(1663676550.885995) can0 728#00000000000010FC
(1663676550.887187) can0 728#41002004210040FC
(1663676550.888404) can0 728#1100000603000001
(1663676550.889607) can0 728#0400800008008000
(1663676550.890892) can0 728#0800400010004000
(1663676550.892081) can0 728#10005E00D0034000
(1663676550.893304) can0 728#1000400010008000
(1663676550.894592) can0 728#0800800008000001
(1663676550.895880) can0 728#04000006030040F8
(1663676550.897145) can0 728#1000200020001020
(1663676550.898396) can0 728#4000002000000020
(1663676550.899707) can0 728#0000002000000000
(1663676550.900595) can0 720#B2AABBCCDDEE1122
(1663676550.901612) can0 728#0000000000000000
(1663676550.902924) can0 728#0000000000000000
(1663676550.903812) can0 720#B2AABBCCDDEE1122
(1663676550.904819) can0 728#0000000000000000
(1663676550.905708) can0 720#B2AABBCCDDEE1122
(1663676550.906699) can0 728#0000006000000090
(1663676550.907998) can0 728#0000009000000008
(1663676550.909200) can0 728#0100000402000004
(1663676550.910557) can0 728#0200006204000062
(1663676550.911668) can0 728#0400006108008060
(1663676550.912880) can0 728#1000806010004060
(1663676550.914088) can0 728#2000206040002060
(1663676550.915294) can0 728#4000100080000860
(1663676550.916482) can0 728#0001086000010400
(1663676550.917698) can0 728#0002FCFFFF030000
(1663676550.919032) can0 728#0000000000000000
(1663676550.920307) can0 728#0000000002000E00
(1663676550.921597) can0 728#3E00FE00FE03FE00
(1663676550.922817) can0 728#3E000E0002000000
(1663676550.923716) can0 720#B2AABBCCDDEE1122
(1663676550.924704) can0 728#00000000800000C0
(1663676550.925995) can0 728#0000E00000F00000
(1663676550.927349) can0 728#7800003C00061E00
(1663676550.928458) can0 728#0E0F008E0700DE03
(1663676550.929698) can0 728#00FC0100F8000070
(1663676550.931018) can0 728#0000200000000000
(1663676550.932298) can0 728#0000000000000EE0
(1663676550.933569) can0 728#000EE0001C700038
(1663676550.934801) can0 728#3800701C00E00E00
(1663676550.935978) can0 728#C00700800300C007
(1663676550.937197) can0 728#00E00E00701C0038
(1663676550.938378) can0 728#38001C70000EE000
(1663676550.939609) can0 728#0EE000000000183C
(1663676550.940812) can0 728#66C3993C66C3C366
(1663676550.942079) can0 728#3C99C3663C181000
(1663676550.943300) can0 728#38007C00FE00FF01
(1663676550.944187) can0 720#B2AABBCCDDEE1122
(1663676550.945188) can0 728#00000000FF01FE00
(1663676550.946408) can0 728#7C00380010000006
(1663676550.947720) can0 728#0301010101010101
(1663676550.948907) can0 728#0101010101010101
(1663676550.949779) can0 720#B2AABBCCDDEE1122
(1663676550.950762) can0 728#0101010306000003
(1663676550.951983) can0 728#0604040404040404
(1663676550.953185) can0 728#0404040404040404
(1663676550.954388) can0 728#040404060300CEFB
(1663676550.955587) can0 728#00512000412000CE
(1663676550.956470) can0 720#B2AABBCCDDEE1122
(1663676550.957439) can0 728#2300502000512000
(1663676550.958715) can0 728#CE23000006030101
(1663676550.959893) can0 728#0101010101010101
(1663676550.961089) can0 728#0101010101010101
(1663676550.962286) can0 728#0306000003060404
(1663676550.963482) can0 728#0404040404040404
(1663676550.964364) can0 720#B2AABBCCDDEE1122
(1663676550.965332) can0 728#0404040404040404
(1663676550.966617) can0 728#0603000000000000
(1663676550.967916) can0 728#003C00003C00003C
(1663676550.969221) can0 728#00003C00003C0000
(1663676550.970516) can0 728#3C00003C00003C00
(1663676550.971824) can0 728#003C00003C00003C
(1663676550.973090) can0 728#0000FCFF00FCFF00
(1663676550.974307) can0 728#FCFF000000000000
(1663676550.975510) can0 728#00000000000000FC
(1663676550.976806) can0 728#0F00FC3F00FC7F00
(1663676550.977981) can0 728#3CF8003CF0003CF0
(1663676550.979163) can0 728#003CF0003CF0003C
(1663676550.980371) can0 728#F0003CF0003CF800
(1663676550.981587) can0 728#FC7F00FC3F00FC1F
(1663676550.982829) can0 728#0000000000000000
(1663676550.983715) can0 720#B2AABBCCDDEE1122
(1663676550.984694) can0 728#0000807F0080FF00
(1663676550.985900) can0 728#80E30180C30180C3
(1663676550.987117) can0 728#0180C30180C30180
(1663676550.988287) can0 728#E30180FF00807F00
(1663676550.989491) can0 728#0000007E7E3F8202
(1663676550.990674) can0 728#418202417E3E3F02
(1663676550.991884) can0 728#0241020241027E41
(1663676550.993126) can0 728#0000000000000000
(1663676550.994385) can0 728#003CF0007CF000FC
(1663676550.995582) can0 728#F000FCF100FCF300
(1663676550.996745) can0 728#FCF300BCF700BCFF
(1663676550.997986) can0 728#003CFF003CFE003C
(1663676550.999186) can0 728#FC003CFC003CF800
(1663676551.000074) can0 720#B2AABBCCDDEE1122
(1663676551.001075) can0 728#3CF0000000000000
(1663676551.002306) can0 728#00000000000000FC
(1663676551.003590) can0 728#1F00FC7F00FCFF00
(1663676551.004493) can0 720#B2AABBCCDDEE1122
(1663676551.005452) can0 728#3CF8003CF0003CF0
(1663676551.006338) can0 720#B2AABBCCDDEE1122
(1663676551.007334) can0 728#003CF800FCFF00FC
(1663676551.008609) can0 728#7F00FC1F003C0000
(1663676551.009945) can0 728#3C00003C00003C00
(1663676551.011235) can0 728#0000000000000000
(1663676551.012511) can0 728#0000000000FC1F00
(1663676551.013793) can0 728#FC7F00FCFF003CF8
(1663676551.014967) can0 728#003CF0003CF0003C
(1663676551.016203) can0 728#F800FC7F00FC3F00
(1663676551.017395) can0 728#FC7F003CF8003CF0
(1663676551.018580) can0 728#003CF0003CF00000
(1663676551.019824) can0 728#0000000000000000
(1663676551.021098) can0 728#000000001E00801F
(1663676551.022282) can0 728#00F01F00F01F00F0
(1663676551.023534) can0 728#1F00001E00001E00
(1663676551.024418) can0 720#B2AABBCCDDEE1122
(1663676551.025426) can0 728#001E00001E00001E
(1663676551.026753) can0 728#00001E00001E0000
(1663676551.028024) can0 728#1E00001E00000000
(1663676551.029322) can0 728#0000000000000000
(1663676551.030602) can0 728#00E01F00F87F00FC
(1663676551.031793) can0 728#FF003CF0001CF000
(1663676551.033033) can0 728#00F800007C00003F
(1663676551.034291) can0 728#00C01F00F00700F8
(1663676551.035489) can0 728#0100FCFF00FCFF00
(1663676551.036790) can0 728#FCFF000000000000
(1663676551.037909) can0 728#00000000000000E0
(1663676551.039209) can0 728#1F00F87F00FCFF00
(1663676551.040497) can0 728#3CF00000F0000078
(1663676551.041689) can0 728#00803F00807F0000
(1663676551.042907) can0 728#F0003CF0003CF000
(1663676551.043777) can0 720#B2AABBCCDDEE1122
(1663676551.044763) can0 728#FCFF00F87F00E01F
(1663676551.046025) can0 728#0000000000000000
(1663676551.047305) can0 728#0000000000003C00
(1663676551.048600) can0 728#003E00003F00803F
(1663676551.049856) can0 728#00C03B00E03900F0
(1663676551.050744) can0 720#B2AABBCCDDEE1122
(1663676551.051712) can0 728#38007838003C3800
(1663676551.053030) can0 728#FCFF00FCFF00FCFF
(1663676551.054225) can0 728#0000380000380000
(1663676551.055521) can0 728#0000000000000000
(1663676551.056441) can0 720#B2AABBCCDDEE1122
(1663676551.057408) can0 728#000000F8FF00F8FF
(1663676551.058728) can0 728#00F8FF003C0000FC
(1663676551.059912) can0 728#1F00FC7F00FCFF00
(1663676551.061105) can0 728#3CF00000E00000E0
(1663676551.062307) can0 728#003CF000FCFF00F8
(1663676551.063509) can0 728#7F00E01F00000000
(1663676551.064418) can0 720#B2AABBCCDDEE1122
(1663676551.065431) can0 728#0000000000000000
(1663676551.066592) can0 728#00C01F00F07F00F8
(1663676551.067784) can0 728#FF0078F0003C0000
(1663676551.068994) can0 728#BC1F00FC7F00FCFF
(1663676551.070238) can0 728#007CF0003CE00078
(1663676551.071383) can0 728#F000F8FF00F07F00
(1663676551.072646) can0 728#C01F000000000000
(1663676551.073840) can0 728#0000000000000000
(1663676551.075123) can0 728#0000000000008003
(1663676551.076400) can0 728#0000C00300006003
(1663676551.077638) can0 728#000030030000F807
(1663676551.078902) can0 728#0000F80700000003
(1663676551.080128) can0 728#0000000000000000
(1663676551.081430) can0 728#000000000000F003
(1663676551.082716) can0 728#0000180600000006
(1663676551.083905) can0 728#0000C00300001806
(1663676551.084781) can0 720#B2AABBCCDDEE1122
(1663676551.085882) can0 728#000038060000F003
(1663676551.087034) can0 728#0000000000000000
(1663676551.088297) can0 728#00FCFFFF0F020000
(1663676551.089527) can0 728#1002000010020000
(1663676551.090822) can0 728#10020F0010020F00
(1663676551.092125) can0 728#10020F0010020F00
(1663676551.093421) can0 728#10020F0010020F00
(1663676551.094737) can0 728#10020F0010020F00
(1663676551.096025) can0 728#10020F0010020F00
(1663676551.097310) can0 728#10020F001002FF3F
(1663676551.098652) can0 728#1002FF3F1002FF3F
(1663676551.099832) can0 728#1002000010020000
(1663676551.100717) can0 720#B2AABBCCDDEE1122
(1663676551.101717) can0 728#1002000010FCFFFF
(1663676551.103035) can0 728#0F00000000000000
(1663676551.104154) can0 720#B2AABBCCDDEE1122
(1663676551.105170) can0 728#0000000000000000
(1663676551.106067) can0 720#B2AABBCCDDEE1122
(1663676551.107090) can0 728#0000000000008003
(1663676551.108287) can0 728#0000C00300006003
(1663676551.109550) can0 728#000030030000F807
(1663676551.110836) can0 728#0000F80700000003
(1663676551.112132) can0 728#0000000000000000
(1663676551.113408) can0 728#00FCFFFF0F020000
(1663676551.114617) can0 728#1002000010020000
(1663676551.115885) can0 728#1002F8071002FE1F
(1663676551.117090) can0 728#1002FF3F10020F3C
(1663676551.118295) can0 728#1002003C1002001E
(1663676551.119469) can0 728#1002E00F1002E01F
(1663676551.120685) can0 728#1002003C10020F3C
(1663676551.121891) can0 728#10020F3C1002FF3F
(1663676551.123151) can0 728#1002FE1F1002F807
(1663676551.124322) can0 728#1002000010020000
(1663676551.125207) can0 720#B2AABBCCDDEE1122
(1663676551.126219) can0 728#1002000010FCFFFF
(1663676551.127524) can0 728#0F00000000000000
(1663676551.128809) can0 728#0000180000001800
(1663676551.130104) can0 728#0000180000001800
(1663676551.131408) can0 728#000018000000F807
(1663676551.132701) can0 728#0000F80700000000
(1663676551.134053) can0 728#0000000000000000
(1663676551.135317) can0 728#0000000000000000
(1663676551.136613) can0 728#000000000000F801
(1663676551.137900) can0 728#0000180300001806
(1663676551.139128) can0 728#0000180600001806
(1663676551.140305) can0 728#000018030000F801
(1663676551.141519) can0 728#0000000000000000
(1663676551.142763) can0 728#00FCFFFF0F020000
(1663676551.143977) can0 728#1002000010020000
(1663676551.144867) can0 720#B2AABBCCDDEE1122
(1663676551.145845) can0 728#1002000F1002800F
(1663676551.147047) can0 728#1002C00F1002E00F
(1663676551.148237) can0 728#1002F00E1002780E
(1663676551.149429) can0 728#10023C0E10021E0E
(1663676551.150322) can0 720#B2AABBCCDDEE1122
(1663676551.151310) can0 728#10020F0E1002FF3F
(1663676551.152540) can0 728#1002FF3F1002FF3F
(1663676551.153750) can0 728#1002000E1002000E
(1663676551.154979) can0 728#1002000010020000
(1663676551.156011) can0 720#B2AABBCCDDEE1122
(1663676551.157006) can0 728#1002000010FCFFFF
(1663676551.158269) can0 728#0F00000000000000
(1663676551.159541) can0 728#0000F00300001806
(1663676551.160772) can0 728#000000060000C003
(1663676551.162036) can0 728#0000180600003806
(1663676551.163266) can0 728#0000F00300000000
(1663676551.164477) can0 728#0000000000000000
(1663676551.165370) can0 720#B2AABBCCDDEE1122
(1663676551.166386) can0 728#0000000000000000
(1663676551.167671) can0 728#0000000000001806
(1663676551.168943) can0 728#0000380600007806
(1663676551.170132) can0 728#0000D80600009807
(1663676551.171341) can0 728#0000180700001806
(1663676551.172584) can0 728#0000000000000000
(1663676551.173852) can0 728#00FCFFFF0F020000
(1663676551.175054) can0 728#100200001002FC03
(1663676551.176238) can0 728#1002FC0710021C0F
(1663676551.177438) can0 728#10021C0E10021C0E
(1663676551.178628) can0 728#10021C0E10021C0E
(1663676551.179849) can0 728#10021C0F1002FC07
(1663676551.181045) can0 728#1002FC0310020000
(1663676551.182196) can0 728#10F2F3FB11121408
(1663676551.183400) can0 728#12F2F3F911121008
(1663676551.184459) can0 720#B2AABBCCDDEE1122
(1663676551.185404) can0 728#1212F00B12020000
(1663676551.186687) can0 728#1002000010FCFFFF
(1663676551.187977) can0 728#0F00000000000000
(1663676551.189252) can0 728#000080030000C003
(1663676551.190459) can0 728#0000600300003003
(1663676551.191750) can0 728#0000F8070000F807
(1663676551.192964) can0 728#0000000300000000
(1663676551.194284) can0 728#0000000000000000
(1663676551.195580) can0 728#0000000000000000
(1663676551.196860) can0 728#0000000000001806
(1663676551.198144) can0 728#0000380600007806
(1663676551.199332) can0 728#0000D80600009807
(1663676551.200225) can0 720#B2AABBCCDDEE1122
(1663676551.201196) can0 728#0000180700001806
(1663676551.202485) can0 728#0000000000000000
(1663676551.203776) can0 728#00FCFFFF0F020000
(1663676551.204658) can0 720#B2AABBCCDDEE1122
(1663676551.205653) can0 728#1002000010020000
(1663676551.206545) can0 720#B2AABBCCDDEE1122
(1663676551.207514) can0 728#1002FF031002FF0F
(1663676551.208747) can0 728#1002FF1F10020F3E
(1663676551.209952) can0 728#10020F3C10020F3C
(1663676551.211208) can0 728#10020F3C10020F3C
(1663676551.212355) can0 728#10020F3C10020F3C
(1663676551.213555) can0 728#10020F3E1002FF1F
(1663676551.214848) can0 728#1002FF0F1002FF07
(1663676551.216075) can0 728#1002000010020000
(1663676551.217363) can0 728#1002000010FCFFFF
(1663676551.218676) can0 728#0F00000000000000
(1663676551.219957) can0 728#000080030000C003
(1663676551.221259) can0 728#0000600300003003
(1663676551.222573) can0 728#0000F8070000F807
(1663676551.223773) can0 728#0000000300000000
(1663676551.224668) can0 720#B2AABBCCDDEE1122
(1663676551.225670) can0 728#0000000000000000
(1663676551.226979) can0 728#0000000000000000
(1663676551.228269) can0 728#000000000000F803
(1663676551.229547) can0 728#0000180600001806
(1663676551.230762) can0 728#000018060000F803
(1663676551.231952) can0 728#0000180600001806
(1663676551.233189) can0 728#0000000000000000
(1663676551.234451) can0 728#00FCFFFF0F020000
(1663676551.235668) can0 728#1002000010020000
(1663676551.236946) can0 728#10020F3C10021F3C
(1663676551.238137) can0 728#10023F3C10027F3C
(1663676551.239368) can0 728#1002FF3C1002FF3C
(1663676551.240537) can0 728#1002EF3D1002EF3F
(1663676551.241722) can0 728#1002CF3F10028F3F
(1663676551.242966) can0 728#10020F3F10020F3F
(1663676551.244163) can0 728#10020F3E10020F3C
(1663676551.245049) can0 720#B2AABBCCDDEE1122
(1663676551.246051) can0 728#1002000010020000
(1663676551.247264) can0 728#1002000010FCFFFF
(1663676551.248571) can0 728#0F00000000000000
(1663676551.249843) can0 728#0000F80100001803
(1663676551.250736) can0 720#B2AABBCCDDEE1122
(1663676551.251715) can0 728#0000180600001806
(1663676551.252954) can0 728#0000180600001803
(1663676551.254171) can0 728#0000F80100000000
(1663676551.255475) can0 728#0000000000000000
(1663676551.256369) can0 720#B2AABBCCDDEE1122
(1663676551.257383) can0 728#0000000000000000
(1663676551.258650) can0 728#00FCFFFF0F020000
(1663676551.259870) can0 728#1002000010020000
(1663676551.261150) can0 728#1002FF071002FF1F
(1663676551.262358) can0 728#1002FF3F10020F3E
(1663676551.263548) can0 728#10020F3C10020F3C
(1663676551.264754) can0 728#10020F3E1002FF3F
(1663676551.265650) can0 720#B2AABBCCDDEE1122
(1663676551.266627) can0 728#1002FF1F1002FF07
(1663676551.267929) can0 728#10020F0010020F00
(1663676551.269179) can0 728#10020F0010020F00
(1663676551.270466) can0 728#1002000010020000
(1663676551.271767) can0 728#1002000010FCFFFF
(1663676551.273069) can0 728#0F00000000000000
(1663676551.274359) can0 728#0000F80300001806
(1663676551.275554) can0 728#0000180600001806
(1663676551.276748) can0 728#0000F80300001806
(1663676551.277964) can0 728#0000180600000000
(1663676551.279274) can0 728#0000000000000000
(1663676551.280540) can0 728#0000180600003806
(1663676551.281762) can0 728#000078060000D806
(1663676551.282951) can0 728#0000980700001807
(1663676551.284174) can0 728#0000180600000000
(1663676551.285082) can0 720#B2AABBCCDDEE1122
(1663676551.286082) can0 728#0000000000000000
(1663676551.287385) can0 728#0000000000000000
(1663676551.288665) can0 728#000000000000F803
(1663676551.289944) can0 728#0000180600001806
(1663676551.291153) can0 728#000018060000F803
(1663676551.292457) can0 728#0000180000001800
(1663676551.293778) can0 728#0000000000000000
(1663676551.295048) can0 728#00FCFFFF0F020000
(1663676551.296266) can0 728#1002000010020000
(1663676551.297545) can0 728#1002FF071002FF1F
(1663676551.299080) can0 728#1002FF3F10020F3E
(1663676551.299984) can0 728#10020F3C10020F3C
(1663676551.300844) can0 720#B2AABBCCDDEE1122
(1663676551.301825) can0 728#10020F3E1002FF1F
(1663676551.303032) can0 728#1002FF0F1002FF1F
(1663676551.304249) can0 728#10020F3E10020F3C
(1663676551.305142) can0 720#B2AABBCCDDEE1122
(1663676551.306121) can0 728#10020F3C10020F3C
(1663676551.307014) can0 720#B2AABBCCDDEE1122
(1663676551.308018) can0 728#1002000010020000
(1663676551.309256) can0 728#1002000010FCFFFF
(1663676551.310578) can0 728#0F00000000000000
(1663676551.311887) can0 728#0000180600003806
(1663676551.313054) can0 728#000078060000D806
(1663676551.314230) can0 728#0000980700001807
(1663676551.315500) can0 728#0000180600000000
(1663676551.316778) can0 728#0000000000000000
(1663676551.318073) can0 728#0000000000000000
(1663676551.319364) can0 728#0000000000001806
(1663676551.320632) can0 728#0000380600007806
(1663676551.321824) can0 728#0000D80600009807
(1663676551.323031) can0 728#0000180700001806
(1663676551.324273) can0 728#0000000000000000
(1663676551.325166) can0 720#B2AABBCCDDEE1122
(1663676551.326169) can0 728#00FCFFFF0F020000
(1663676551.327475) can0 728#1002000010020000
(1663676551.328735) can0 728#1002FF031002FF0F
(1663676551.329944) can0 728#1002FF1F10020F3E
(1663676551.331155) can0 728#10020F3C10020F3C
(1663676551.332345) can0 728#10020F3C10020F3C
(1663676551.333543) can0 728#10020F3C10020F3C
(1663676551.334754) can0 728#10020F3E1002FF1F
(1663676551.336044) can0 728#1002FF0F1002FF07
(1663676551.337266) can0 728#1002000010020000
(1663676551.338559) can0 728#1002000010FCFFFF
(1663676551.339864) can0 728#0F00000000000000
(1663676551.341135) can0 728#0000F00300001806
(1663676551.342609) can0 728#000000060000C003
(1663676551.343631) can0 728#0000180600003806
(1663676551.344849) can0 728#0000F00300000000
(1663676551.345741) can0 720#B2AABBCCDDEE1122
(1663676551.346751) can0 728#0000000000000000
(1663676551.348086) can0 728#0000000000000000
(1663676551.349377) can0 728#0000000000001806
(1663676551.350405) can0 720#B2AABBCCDDEE1122
(1663676551.351412) can0 728#0000380600007806
(1663676551.352624) can0 728#0000D80600009807
(1663676551.353831) can0 728#0000180700001806
(1663676551.355071) can0 728#0000000000000000
(1663676551.356351) can0 728#00FCFFFF0F020000
(1663676551.357245) can0 720#B2AABBCCDDEE1122
(1663676551.358235) can0 728#100200001002FC03
(1663676551.359432) can0 728#1002FC0710021C0F
(1663676551.360624) can0 728#10021C0E10021C0E
(1663676551.361841) can0 728#10021C0E10021C0E
(1663676551.363112) can0 728#10021C0F1002FC07
(1663676551.364260) can0 728#1002FC0310020000
(1663676551.365289) can0 720#B2AABBCCDDEE1122
(1663676551.366210) can0 728#10F2F3FB11121408
(1663676551.367403) can0 728#12F2F3F911121008
(1663676551.368624) can0 728#1212F00B12020000
(1663676551.369857) can0 728#1002000010FCFFFF
(1663676551.371169) can0 728#0F00000000000000
(1663676551.372432) can0 728#0000F00300001806
(1663676551.373668) can0 728#000000060000C003
(1663676551.374938) can0 728#0000180600003806
(1663676551.376153) can0 728#0000F00300000000
(1663676551.377535) can0 728#0000000000000000
(1663676551.378792) can0 728#0000000000000000
(1663676551.380063) can0 728#000000000000F003
(1663676551.381352) can0 728#0000180600000006
(1663676551.382545) can0 728#0000C00300001806
(1663676551.383752) can0 728#000038060000F003
(1663676551.385075) can0 728#0000000000000000
(1663676551.385966) can0 720#B2AABBCCDDEE1122
(1663676551.387006) can0 728#000000000000F003
(1663676551.388249) can0 728#0000180600000006
(1663676551.389504) can0 728#0000C00300007000
(1663676551.390668) can0 728#000018000000F807
(1663676551.391988) can0 728#0000000000000000
(1663676551.393254) can0 728#00FCFFFF0F020000
(1663676551.394463) can0 728#1002000010020000
(1663676551.395745) can0 728#100280071002E007
(1663676551.396935) can0 728#1002FC071002FC07
(1663676551.398140) can0 728#1002FC0710028007
(1663676551.399336) can0 728#1002800710028007
(1663676551.400536) can0 728#1002800710028007
(1663676551.401448) can0 720#B2AABBCCDDEE1122
(1663676551.402420) can0 728#1002800710028007
(1663676551.403647) can0 728#1002800710028007
(1663676551.404866) can0 728#1002000010020000
(1663676551.405758) can0 720#B2AABBCCDDEE1122
(1663676551.406752) can0 728#1002000010FCFFFF
(1663676551.407650) can0 720#B2AABBCCDDEE1122
(1663676551.408646) can0 728#0F00000000000000
(1663676551.409869) can0 728#0000000000000000
(1663676551.411157) can0 728#000000000000F003
(1663676551.412449) can0 728#0000180600000006
(1663676551.413639) can0 728#0000C00300001806
(1663676551.414866) can0 728#000038060000F003
(1663676551.416073) can0 728#0000000000000000
(1663676551.417357) can0 728#00FCFFFF0F020000
(1663676551.418570) can0 728#1002000010020000
(1663676551.419850) can0 728#1002F8071002FE1F
(1663676551.421040) can0 728#1002FF3F10020F3C
(1663676551.422239) can0 728#1002073C1002003E
(1663676551.423446) can0 728#1002001F1002C00F
(1663676551.424647) can0 728#1002F0071002FC01
(1663676551.425517) can0 720#B2AABBCCDDEE1122
(1663676551.426498) can0 728#10027E001002FF3F
(1663676551.427736) can0 728#1002FF3F1002FF3F
(1663676551.428966) can0 728#1002000010020000
(1663676551.430258) can0 728#1002000010FCFFFF
(1663676551.431576) can0 728#0F00000000000000
(1663676551.432847) can0 728#000080010000F001
(1663676551.434039) can0 728#0000800100008001
(1663676551.435234) can0 728#0000800100008001
(1663676551.436456) can0 728#0000800100000000
(1663676551.437781) can0 728#0000000000000000
(1663676551.439100) can0 728#0000000000000000
(1663676551.440366) can0 728#000000000000F801
(1663676551.441630) can0 728#0000180300001806
(1663676551.442842) can0 728#0000180600001806
(1663676551.444046) can0 728#000018030000F801
(1663676551.445270) can0 728#0000000000000000
(1663676551.446165) can0 720#B2AABBCCDDEE1122
(1663676551.447155) can0 728#00FCFFFF0F020000
(1663676551.448462) can0 728#1002000010020000
(1663676551.449742) can0 728#1002F8071002FE1F
(1663676551.450637) can0 720#B2AABBCCDDEE1122
(1663676551.451606) can0 728#1002FF3F10020F3C
(1663676551.452852) can0 728#1002003C1002001E
(1663676551.454025) can0 728#1002E00F1002E01F
(1663676551.455238) can0 728#1002003C10020F3C
(1663676551.456439) can0 728#10020F3C1002FF3F
(1663676551.457333) can0 720#B2AABBCCDDEE1122
(1663676551.458301) can0 728#1002FE1F1002F807
(1663676551.459565) can0 728#1002000010020000
(1663676551.460853) can0 728#1002000010FCFFFF
(1663676551.462235) can0 728#0F00000000000000
(1663676551.463430) can0 728#0000F00300001806
(1663676551.464721) can0 728#000000060000C003
(1663676551.465722) can0 720#B2AABBCCDDEE1122
(1663676551.466722) can0 728#0000700000001800
(1663676551.467968) can0 728#0000F80700000000
(1663676551.469286) can0 728#0000000000000000
(1663676551.470587) can0 728#0000000000000000
(1663676551.471874) can0 728#0000000000000000
(1663676551.473174) can0 728#0000000000000000
(1663676551.474463) can0 728#00FFFFFFFFFFFFFF
(1663676551.475843) can0 728#FFFFFFFFFFFFFFFF
(1663676551.477076) can0 728#FFFFFFFFFFFFFFFF
(1663676551.478458) can0 728#FFFFFFFFFFFFFF1F
(1663676551.479668) can0 728#00000000F81F0000
(1663676551.480964) can0 728#0000F81F00000000
(1663676551.482254) can0 728#F81F00000000F81F
(1663676551.483546) can0 728#00C00300F81F00E0
(1663676551.484734) can0 728#0700F81F00F00F00
(1663676551.485772) can0 720#B2AABBCCDDEE1122
(1663676551.486742) can0 728#F81F00F00F00F81F
(1663676551.487952) can0 728#00F00F00F81F00F0
(1663676551.489142) can0 728#0F00F81F00E00700
(1663676551.490346) can0 728#F81F00C00300F81F
(1663676551.491568) can0 728#00000000F81F0000
(1663676551.492855) can0 728#0000F81F00000000
(1663676551.494149) can0 728#F81F00F80F00F81F
(1663676551.495348) can0 728#00F00F00F81F00E0
(1663676551.496528) can0 728#0F00F81F00E00F00
(1663676551.497738) can0 728#F81F00E00F00F81F
(1663676551.498942) can0 728#00E00F00F81F00E0
(1663676551.500132) can0 728#0F00F81F00E00F00
(1663676551.501023) can0 720#B2AABBCCDDEE1122
(1663676551.501991) can0 728#F81F00E00F00F81F
(1663676551.503230) can0 728#00E00F00F81F00E0
(1663676551.504420) can0 728#0F00F81F00E00F00
(1663676551.505786) can0 728#F81F00E00F00F81F
(1663676551.506525) can0 720#B2AABBCCDDEE1122
(1663676551.507516) can0 728#00F83F00F81F00FC
(1663676551.508401) can0 720#B2AABBCCDDEE1122
(1663676551.509396) can0 728#7F00F81F00000000
(1663676551.510654) can0 728#F81F00000000F81F
(1663676551.511965) can0 728#00000000F81F0000
(1663676551.513257) can0 728#0000F8FFFFFFFFFF
(1663676551.514628) can0 728#FFFFFFFFFFFFFFFF
(1663676551.515862) can0 728#FFFFFFFFFFFFFFFF
(1663676551.517171) can0 728#FFFFFFFFFFFFFFFF
(1663676551.518458) can0 728#FF00000000000000
(1663676551.519773) can0 728#0000000000000000
(1663676551.521068) can0 728#0000000000000000
(1663676551.522373) can0 728#0000000000000000
(1663676551.523668) can0 728#0000000000000000
(1663676551.524982) can0 728#0000000000000000
(1663676551.526043) can0 720#B2AABBCCDDEE1122
(1663676551.527073) can0 728#0000000000000000
(1663676551.528214) can0 728#3FBF9F9FCFCF601C
(1663676551.529413) can0 728#633E3F7FBFBFDFDF
(1663676551.530605) can0 728#DF601C637F3F6383
(1663676551.531764) can0 728#B1C1D8D8711C6363
(1663676551.532980) can0 728#036383B1C1D8D871
(1663676551.534204) can0 728#1C6763036383B1C1
(1663676551.535376) can0 728#D8D8713667630363
(1663676551.536590) can0 728#BFB1C1D8D87B366F
(1663676551.537824) can0 728#033F7FBF9FDFD8CF
(1663676551.539041) can0 728#7B366B033F3F839F
(1663676551.540190) can0 728#DFD8CF6A366B0303
(1663676551.541388) can0 728#038399C1D8DC6E3E
(1663676551.542596) can0 728#7B63030383B1C1D8
(1663676551.543796) can0 728#D86E7F7363030383
(1663676551.544966) can0 728#B1C1D8D864637363
(1663676551.546020) can0 720#B2AABBCCDDEE1122
(1663676551.546965) can0 728#0303BFB1C1DFD864
(1663676551.548196) can0 728#63637F3F03BFB181
(1663676551.549396) can0 728#CFD86063633E3F00
(1663676551.550667) can0 728#0000000000000000
(1663676551.551563) can0 720#B2AABBCCDDEE1122
(1663676551.552574) can0 728#0000000000000000
(1663676551.553869) can0 728#0000000000000000
(1663676551.555177) can0 728#0000000000000000
(1663676551.556469) can0 728#0000000000000000
(1663676551.557368) can0 720#B2AABBCCDDEE1122
(1663676551.558372) can0 728#0000000000000000
(1663676551.559668) can0 728#0000000000000000
(1663676551.560972) can0 728#0000000000000000
(1663676551.562267) can0 728#0000000000000000
(1663676551.563571) can0 728#0000000000000000
(1663676551.564867) can0 728#0000000000000000
(1663676551.566172) can0 728#0000000000000000
(1663676551.567083) can0 720#B2AABBCCDDEE1122
(1663676551.568036) can0 728#000000000018CCE7
(1663676551.569253) can0 728#E707000000000000
(1663676551.570533) can0 728#18ECEFEF07000000
(1663676551.571613) can0 728#000000386E6C6C00
(1663676551.572844) can0 728#000000000000386E
(1663676551.574035) can0 728#6C6C000000000000
(1663676551.575211) can0 728#00386E6C6C000000
(1663676551.576411) can0 728#00000000786F6CEC
(1663676551.577663) can0 728#0700000000000078
(1663676551.578830) can0 728#6F6CEC0700000000
(1663676551.580013) can0 728#0000586D6C6C0000
(1663676551.581221) can0 728#0000000000586D6C
(1663676551.582445) can0 728#6C00000000000000
(1663676551.583620) can0 728#D86D6C6C00000000
(1663676551.584924) can0 728#000000986C6C6C00
(1663676551.586038) can0 728#00000000000098EC
(1663676551.586931) can0 720#B2AABBCCDDEE1122
(1663676551.587926) can0 728#EFEF070000000000
(1663676551.589120) can0 728#0018CCE7E7070000
(1663676551.590373) can0 728#0000000000000000
(1663676551.591669) can0 728#0000000000000000
(1663676551.592974) can0 728#0000000000000000
(1663676551.594269) can0 728#0000000000000000
(1663676551.595556) can0 728#00000000C0030000
(1663676551.596854) can0 728#00000000F00F0000
(1663676551.598164) can0 728#00000000F81F0000
(1663676551.599460) can0 728#00000000F81F0000
(1663676551.600767) can0 728#00000000FC3F0000
(1663676551.601659) can0 720#B2AABBCCDDEE1122
(1663676551.602653) can0 728#00000000FE7F0000
(1663676551.603955) can0 728#000000007E7E0000
(1663676551.605252) can0 728#000000003FFC0000
(1663676551.606258) can0 720#B2AABBCCDDEE1122
(1663676551.607272) can0 728#000000003FFC0000
(1663676551.608148) can0 720#B2AABBCCDDEE1122
(1663676551.609140) can0 728#000000801FF80100
(1663676551.610357) can0 728#000000C01FF80300
(1663676551.611645) can0 728#000000C00FF00300
(1663676551.612844) can0 728#000000E007E00700
(1663676551.614044) can0 728#000000E007E00700
(1663676551.615417) can0 728#000000F003C00F00
(1663676551.616564) can0 728#000000F803C01F00
(1663676551.617856) can0 728#000000F801801F00
(1663676551.619142) can0 728#000000FCC1833F00
(1663676551.620355) can0 728#000000FCE0073F00
(1663676551.621634) can0 728#0000007EE0077E00
(1663676551.622835) can0 728#0000007EE0077E00
(1663676551.624066) can0 728#0000003FE007FC00
(1663676551.625346) can0 728#0000803FE007FC01
(1663676551.626368) can0 720#B2AABBCCDDEE1122
(1663676551.627340) can0 728#0000801FE007F801
(1663676551.628548) can0 728#0000C00FE007F003
(1663676551.629846) can0 728#0000C00FE007F003
(1663676551.631068) can0 728#0000E007E007E007
(1663676551.632341) can0 728#0000F007E007E00F
(1663676551.633561) can0 728#0000F003E007C00F
(1663676551.634859) can0 728#0000F803E007C01F
(1663676551.636155) can0 728#0000F801E007801F
(1663676551.637448) can0 728#0000FC00E007003F
(1663676551.638643) can0 728#0000FC00E007003F
(1663676551.639835) can0 728#00007E00E007007E
(1663676551.641043) can0 728#00007F00E00700FE
(1663676551.642235) can0 728#00003F00E00700FC
(1663676551.643443) can0 728#00803F00C00300FC
(1663676551.644660) can0 728#01801F00000000F8
(1663676551.645955) can0 728#01C00F00000000F0
(1663676551.646850) can0 720#B2AABBCCDDEE1122
(1663676551.647846) can0 728#03E00F00000000F0
(1663676551.649043) can0 728#07E00700000000E0
(1663676551.650226) can0 728#07F00700C00300E0
(1663676551.651120) can0 720#B2AABBCCDDEE1122
(1663676551.652091) can0 728#0FF00300E00700C0
(1663676551.653330) can0 728#0FF80100E0070080
(1663676551.654546) can0 728#1FF80100E0070080
(1663676551.655747) can0 728#1FFC0000C0030000
(1663676551.656955) can0 728#3FFE000000000000
(1663676551.657881) can0 720#B2AABBCCDDEE1122
(1663676551.658848) can0 728#7F7E000000000000
(1663676551.660059) can0 728#7E7F000000000000
(1663676551.661373) can0 728#FEFFFFFFFFFFFFFF
(1663676551.662660) can0 728#FFFFFFFFFFFFFFFF
(1663676551.663963) can0 728#FFFFFFFFFFFFFFFF
(1663676551.665253) can0 728#FFFEFFFFFFFFFFFF
(1663676551.666548) can0 728#7FF8FFFFFFFFFFFF
(1663676551.667445) can0 720#B2AABBCCDDEE1122
(1663676551.668417) can0 728#1F00080000FE0700
(1663676551.669641) can0 728#000100001C00E0FF
(1663676551.670841) can0 728#7F00800300003E00
(1663676551.672077) can0 728#F8FFFF01C0070000
(1663676551.673256) can0 728#7F00FEFFFF07E00F
(1663676551.674441) can0 728#0080FF80FFFFFF1F
(1663676551.675682) can0 728#F01F0080FFC0FF01
(1663676551.676903) can0 728#F83FF01F00C07FF0
(1663676551.678174) can0 728#3F00C0FFE03F00E0
(1663676551.679354) can0 728#3FF80F0000FFC17F
(1663676551.680641) can0 728#00E01FFC030000FC
(1663676551.681827) can0 728#837F00F00FFE0100
(1663676551.683049) can0 728#00F807FF00F00F7E
(1663676551.684264) can0 728#000000E007FF00F8
(1663676551.685545) can0 728#073F000000C00FFE
(1663676551.686588) can0 720#B2AABBCCDDEE1122
(1663676551.687579) can0 728#01F8871F00000080
(1663676551.688834) can0 728#1FFE01FC831F00F0
(1663676551.690025) can0 728#00801FFC03FCC30F
(1663676551.691249) can0 728#00F801003FFC03FC
(1663676551.692446) can0 728#C10700F801003EF8
(1663676551.693889) can0 728#03FEE10700F80100
(1663676551.694828) can0 728#7EF807FEE00300F8
(1663676551.696026) can0 728#01007CF007FEF003
(1663676551.697354) can0 728#00F80100FCF007FE
(1663676551.698498) can0 728#F00100F80100F8F0
(1663676551.699641) can0 728#07FEF00100F80100
(1663676551.700817) can0 728#F8F0077FF00100F8
(1663676551.701711) can0 720#B2AABBCCDDEE1122
(1663676551.702689) can0 728#0100F8E00F7FF800
(1663676551.703912) can0 728#00F80100F0E10F7F
(1663676551.705136) can0 728#F80000F80100F0E1
(1663676551.706338) can0 728#0F7FF80000F80100
(1663676551.707230) can0 720#B2AABBCCDDEE1122
(1663676551.708242) can0 728#F0E10F7FF80000F8
(1663676551.709101) can0 720#B2AABBCCDDEE1122
(1663676551.710072) can0 728#0100F0E10F7FF800
(1663676551.711219) can0 728#00F80100F0E10F7F
(1663676551.712438) can0 728#F80000F80100F0E1
(1663676551.713634) can0 728#0F7FF80000F80100
(1663676551.714818) can0 728#F0E10F7FF80000F8
(1663676551.716010) can0 728#0100F0E10F7FF800
(1663676551.717215) can0 728#00F80100F0E10F7F
(1663676551.718432) can0 728#F80000F80100F0E1
(1663676551.719651) can0 728#0F7FF00100F00000
(1663676551.720939) can0 728#F8E00FFEF0010000
(1663676551.722355) can0 728#0000F8F007FEF001
(1663676551.723348) can0 728#00000000F8F007FE
(1663676551.724634) can0 728#F00300000000FCF0
(1663676551.725880) can0 728#07FEE00300000000
(1663676551.726752) can0 720#B2AABBCCDDEE1122
(1663676551.727698) can0 728#7CF007FEE10700F0
(1663676551.728944) can0 728#00007EF807FCC107
(1663676551.730155) can0 728#00F801003EF803FC
(1663676551.731418) can0 728#C30F00F801003FFC
(1663676551.732625) can0 728#03FC831F00F80180
(1663676551.733813) can0 728#1FFC03F8871F00F0
(1663676551.735034) can0 728#00801FFE01F8073F
(1663676551.736249) can0 728#000000C00FFE01F0
(1663676551.737550) can0 728#0F7E000000E007FF
(1663676551.738833) can0 728#00F00FFE010000F8
(1663676551.740025) can0 728#07FF00E01FFC0300
(1663676551.741226) can0 728#00FC837F00E03FF8
(1663676551.742433) can0 728#0F0000FFC17F00C0
(1663676551.743633) can0 728#7FF03F00C0FFE03F
(1663676551.744841) can0 728#0080FFC0FF01F83F
(1663676551.746025) can0 728#F01F0080FF80FFFF
(1663676551.746919) can0 720#B2AABBCCDDEE1122
(1663676551.747888) can0 728#FF1FF01F00007F00
(1663676551.749153) can0 728#FEFFFF07E00F0000
(1663676551.750343) can0 728#3E00F8FFFF01C007
(1663676551.751237) can0 720#B2AABBCCDDEE1122
(1663676551.752234) can0 728#00001C00E0FF7F00
(1663676551.753439) can0 728#80030000080000FE
(1663676551.754655) can0 728#0700000100000000
(1663676551.755967) can0 728#0000000000000000
(1663676551.757265) can0 728#0000000000000000
(1663676551.758158) can0 720#B2AABBCCDDEE1122
(1663676551.759184) can0 728#0000000000000000
(1663676551.760432) can0 728#0000F8FFFF070700
(1663676551.761640) can0 728#00FCFFFF0F1F0000
(1663676551.762843) can0 728#FEFFFF1F7F00001E
(1663676551.764040) can0 728#00001EF800001E00
(1663676551.765232) can0 728#001EE001001E0000
(1663676551.766433) can0 728#1EC003001E00001E
(1663676551.767326) can0 720#B2AABBCCDDEE1122
(1663676551.768339) can0 728#8007001E00001E00
(1663676551.769560) can0 728#0F001E00001E001F
(1663676551.770848) can0 728#001E00001E001E00
(1663676551.772151) can0 728#1E00001E003E001E
(1663676551.773352) can0 728#00001E003E001E00
(1663676551.774640) can0 728#001E007E001E0000
(1663676551.775841) can0 728#1E007E001E00001E
(1663676551.777076) can0 728#00FC001E00001E00
(1663676551.778344) can0 728#7C001E00001E003C
(1663676551.779542) can0 728#001E00001E003C00
(1663676551.780752) can0 728#1E00001E003C001E
(1663676551.782048) can0 728#00001E003C00FEFF
(1663676551.783267) can0 728#FF3F003C00FEFFFF
(1663676551.784568) can0 728#FF003C00FEFFFFFF
(1663676551.785847) can0 728#013C00FEFFFFFF03
(1663676551.787036) can0 728#3C00FEFFFFDF033C
(1663676551.787926) can0 720#B2AABBCCDDEE1122
(1663676551.788911) can0 728#00FEFFFF9F073800
(1663676551.790138) can0 728#FEFFFF1F073800FE
(1663676551.791329) can0 728#FFFF1F073800FEFF
(1663676551.792534) can0 728#FF1F073800FEFFFF
(1663676551.793779) can0 728#1F073800FEFFFF1F
(1663676551.794927) can0 728#077800FEFFFF1F07
(1663676551.796126) can0 728#7800FEFFFF1F0770
(1663676551.797335) can0 728#00FEFFFF1F077000
(1663676551.798609) can0 728#FEFFFF1F077000FE
(1663676551.799734) can0 728#FFFF1F077000FEFF
(1663676551.800942) can0 728#FF1F07F000FEFFFF
(1663676551.801842) can0 720#B2AABBCCDDEE1122
(1663676551.802841) can0 728#1F07F000FEFFFF1F
(1663676551.804030) can0 728#07F000FEFFFF1F07
(1663676551.805222) can0 728#F000FEFFFF1F07F0
(1663676551.806442) can0 728#00FEFFFF1F0FF000
(1663676551.807333) can0 720#B2AABBCCDDEE1122
(1663676551.808318) can0 728#FEFFFF1F0FF000FE
(1663676551.809212) can0 720#B2AABBCCDDEE1122
(1663676551.810181) can0 728#FFFF1F0E7800FEFF
(1663676551.811438) can0 728#FF1F3E7C00FEFFFF
(1663676551.812630) can0 728#1FFC3F00FEFFFF1F
(1663676551.813839) can0 728#F81F00FEFFFF1FE0
(1663676551.815030) can0 728#0F00FEFFFF1F0000
(1663676551.816238) can0 728#00FEFFFF1F000080
(1663676551.817430) can0 728#FFFFFF7F000080FF
(1663676551.818638) can0 728#FFFF7F000080FFFF
(1663676551.819839) can0 728#FF7F000080FFFFFF
(1663676551.821046) can0 728#7F00000000000000
(1663676551.822366) can0 728#0000000000000000
(1663676551.823818) can0 728#000000C0FF000000
(1663676551.824839) can0 728#0000FCFF0F000000
(1663676551.826045) can0 728#00FFFF3F000000C0
(1663676551.827164) can0 720#B2AABBCCDDEE1122
(1663676551.828142) can0 728#FFFFFF000000F0FF
(1663676551.829453) can0 728#FFFF030000F83F00
(1663676551.830734) can0 728#FF070000FE0700F8
(1663676551.831933) can0 728#1F0000FF0100E03F
(1663676551.833161) can0 728#00807F0000807F00
(1663676551.834318) can0 728#C03F007F00FF00C0
(1663676551.835541) can0 728#0FE0FF01FC00E007
(1663676551.836779) can0 728#F0FF07F801F003F8
(1663676551.837926) can0 728#FF0FF003F003FCC0
(1663676551.839141) can0 728#0FF003F8017C001F
(1663676551.840422) can0 728#E007F8003E001EC0
(1663676551.841629) can0 728#07FC001E003EC00F
(1663676551.842813) can0 728#7C001E003C800F7E
(1663676551.844035) can0 728#001E003C801F3E00
(1663676551.845282) can0 728#1E0000001F3E001E
(1663676551.846507) can0 728#0000001F3E003E00
(1663676551.847392) can0 720#B2AABBCCDDEE1122
(1663676551.848385) can0 728#00001F1F00FC0000
(1663676551.849601) can0 728#003E1F00FC030000
(1663676551.850897) can0 728#3E1F00F83F00003E
(1663676551.851791) can0 720#B2AABBCCDDEE1122
(1663676551.852814) can0 728#1F00F0FF00003E1F
(1663676551.854010) can0 728#00C0FF07003E1F00
(1663676551.855282) can0 728#00FF0F003E1F0000
(1663676551.856497) can0 728#F81F003E1F0000C0
(1663676551.857672) can0 720#B2AABBCCDDEE1122
(1663676551.858682) can0 728#3F003E1F0000003F
(1663676551.859923) can0 728#003E1F0000007C00
(1663676551.861201) can0 728#3E3E0000007C001F
(1663676551.862473) can0 728#3E000F0078001F3E
(1663676551.863713) can0 728#000F0078001F7E00
(1663676551.864985) can0 728#0F0078801F7C001F
(1663676551.866221) can0 728#0078800FFC001E00
(1663676551.867386) can0 728#78C00FF8003E003C
(1663676551.868271) can0 720#B2AABBCCDDEE1122
(1663676551.869251) can0 728#C007F8017C003EE0
(1663676551.870477) can0 728#07F003FC811FF003
(1663676551.871673) can0 728#F003F8FF1FF003E0
(1663676551.872906) can0 728#07F0FF0FF801C00F
(1663676551.874093) can0 728#C0FF03FC00C03F00
(1663676551.875273) can0 728#FF00FF00807F0000
(1663676551.876473) can0 728#807F0000FF0100E0
(1663676551.877692) can0 728#3F0000FE0700F81F
(1663676551.878884) can0 728#0000F83F00FF0700
(1663676551.880111) can0 728#00F0FFFFFF030000
(1663676551.881304) can0 728#C0FFFFFF00000000
(1663676551.882603) can0 728#FFFF3F00000000FC
(1663676551.883884) can0 728#FF0F00000000C0FF
(1663676551.885118) can0 728#0000000000000000
(1663676551.886420) can0 728#0000000000000000
(1663676551.887556) can0 720#B2AABBCCDDEE1122
(1663676551.888572) can0 728#0000000000000000
(1663676551.889823) can0 728#0000000000000000
(1663676551.891093) can0 728#0000000000C01F00
(1663676551.892300) can0 728#0000000000F8FF00
(1663676551.893595) can0 728#0000000000FCFF01
(1663676551.894907) can0 728#001F000000FFFF07
(1663676551.896187) can0 728#C07F000080FFFF0F
(1663676551.897410) can0 728#E0FF000080FFFF0F
(1663676551.898587) can0 728#E0FF0000C0FFFF1F
(1663676551.899770) can0 728#F0FF0100E0FFFF3F
(1663676551.900971) can0 728#F0FF0100E0FFFF3F
(1663676551.901858) can0 720#B2AABBCCDDEE1122
(1663676551.902827) can0 728#F0FF0100E0FFFF3F
(1663676551.904067) can0 728#F0FF0100F0FFFF7F
(1663676551.905271) can0 728#F0FF0100F0FFFF7F
(1663676551.906474) can0 728#E0FF0000F0FFFF7F
(1663676551.907684) can0 728#E0FF0000F0FFFF7F
(1663676551.908561) can0 720#B2AABBCCDDEE1122
(1663676551.909540) can0 728#C07FE000F0FFFF7F
(1663676551.910425) can0 720#B2AABBCCDDEE1122
(1663676551.911403) can0 728#001FF000F0FFFF7F
(1663676551.912700) can0 728#0000FC00F0FFFF7F
(1663676551.914004) can0 728#00007F00E0FFFF3F
(1663676551.915291) can0 728#00803F00E0FFFF3F
(1663676551.916483) can0 728#F0031F00E0FFFF3F
(1663676551.917688) can0 728#F8070700C0FFFF1F
(1663676551.918867) can0 728#F80F020080FFFF0F
(1663676551.920085) can0 728#FC1F000080FFFF0F
(1663676551.921299) can0 728#FC1F000000FFFF07
(1663676551.922577) can0 728#FE1F000000FCFF01
(1663676551.923780) can0 728#FF0F000000F8FF00
(1663676551.924971) can0 728#FF0F000000C01F80
(1663676551.926195) can0 728#FF0F000000000080
(1663676551.927407) can0 728#FF07000000000080
(1663676551.928286) can0 720#B2AABBCCDDEE1122
(1663676551.929280) can0 728#FF07000000000000
(1663676551.930491) can0 728#FF03000000000008
(1663676551.931672) can0 728#FF030000803F000E
(1663676551.932864) can0 728#FF010000E0FF071E
(1663676551.934057) can0 728#FE010000F0FF1F1E
(1663676551.935286) can0 728#FE000000F0FF3F3C
(1663676551.936478) can0 728#FE000000F8FF3F3C
(1663676551.937683) can0 728#7C000000FCFF3F3C
(1663676551.938885) can0 728#7C000000FCFF3F7C
(1663676551.940082) can0 728#3C000000FEFF7F78
(1663676551.941279) can0 728#38000000FFFF7F78
(1663676551.942508) can0 728#18000000FFF77FF8
(1663676551.943689) can0 728#18000080FF81FFF8
(1663676551.944875) can0 728#000000C07F00F8F0
(1663676551.946093) can0 728#000000C03F0000F0
(1663676551.947284) can0 728#010000E01F0000F0
(1663676551.948161) can0 720#B2AABBCCDDEE1122
(1663676551.949146) can0 728#010000E00F0000E0
(1663676551.950369) can0 728#010000F00F0000E0
(1663676551.951577) can0 728#010000F8070000E0
(1663676551.952469) can0 720#B2AABBCCDDEE1122
(1663676551.953449) can0 728#030000FC030000E0
(1663676551.954665) can0 728#030000FC010000C0
(1663676551.955881) can0 728#030000FC000000C0
(1663676551.957192) can0 728#03000078000000C0
(1663676551.958066) can0 720#B2AABBCCDDEE1122
(1663676551.959147) can0 728#0700000000000000
(1663676551.960298) can0 728#00FC070000000000
(1663676551.961587) can0 728#000000FF3F000000
(1663676551.962942) can0 728#00000000C0FFFF00
(1663676551.964191) can0 728#000000000000F0FF
(1663676551.965475) can0 728#FF01000000000000
(1663676551.966674) can0 728#F8FFFF0300000000
(1663676551.967881) can0 728#0000FCFFFF070000
(1663676551.968765) can0 720#B2AABBCCDDEE1122
(1663676551.969779) can0 728#00000000FE0FFE0F
(1663676551.971082) can0 728#000000000000FE01
(1663676551.972379) can0 728#F01F000000000000
(1663676551.973666) can0 728#6000C03F00000000
(1663676551.974883) can0 728#00000000803F0000
(1663676551.976187) can0 728#00FCFFFF0700007F
(1663676551.977483) can0 728#000080FFFFFF3F00
(1663676551.978797) can0 728#007F0000E0FFFFFF
(1663676551.980060) can0 728#FF0000FE0000F0FF
(1663676551.981291) can0 728#FFFFFF0100FE0000
(1663676551.982481) can0 728#F80F0000FE0300FE
(1663676551.983682) can0 728#0000FC000000E007
(1663676551.984986) can0 728#00FC01003C000000
(1663676551.986253) can0 728#800F00FC01001E00
(1663676551.987450) can0 728#00E0070F00FC0100
(1663676551.988337) can0 720#B2AABBCCDDEE1122
(1663676551.989325) can0 728#1E0000E0071F00FC
(1663676551.990562) can0 728#01000F0000E0071E
(1663676551.991782) can0 728#00FC01000F0000E0
(1663676551.992967) can0 728#070000FC01800700
(1663676551.994189) can0 728#00E0070000FC01FC
(1663676551.995520) can0 728#070000FEFFFFFFFF
(1663676551.996685) can0 728#0FFF070000FFFFFF
(1663676551.997977) can0 728#FFFF1FFF030000FF
(1663676551.999179) can0 728#FFFFFFFF1FFF0300
(1663676552.000492) can0 728#00FFFFFFFFFF1FFF
(1663676552.001787) can0 728#FFFF3FFFFF0FFFFF
(1663676552.002768) can0 720#B2AABBCCDDEE1122
(1663676552.003676) can0 728#1FFCFFFF3FFFFF03
(1663676552.004867) can0 728#FCFF1FE0FFFF3FFF
(1663676552.006059) can0 728#FF01F8FF1FE0FFFF
(1663676552.007268) can0 728#3FFFFF01F8FF1FE0
(1663676552.008155) can0 720#B2AABBCCDDEE1122
(1663676552.009131) can0 728#FFFF3FFFFF00F0FF
(1663676552.010019) can0 720#B2AABBCCDDEE1122
(1663676552.011011) can0 728#1FE0FFFF3FFFFF00
(1663676552.012268) can0 728#F0FF1FE0FFFF3FFF
(1663676552.013460) can0 728#FF00F0FF1FE0FFFF
(1663676552.014667) can0 728#3FFFFF00F0FF1FE0
(1663676552.015859) can0 728#FFFF3FFFFF00F0FF
(1663676552.017087) can0 728#1FE0FFFF3FFFFF01
(1663676552.018269) can0 728#F8FF1FE0FFFF3FFF
(1663676552.019467) can0 728#FF03FCFF1FE0FFFF
(1663676552.020675) can0 728#3FFFFF07FEFF1FE0
(1663676552.021875) can0 728#FFFF3FFFFF07FEFF
(1663676552.023075) can0 728#1FE0FFFF3FFFFF07
(1663676552.024259) can0 728#FEFF1FE0FFFF3FFF
(1663676552.025473) can0 728#FF03FCFF1FE0FFFF
(1663676552.026703) can0 728#3FFFFF03FCFF1FC0
(1663676552.027886) can0 728#FFFF3FFFFF03FCFF
(1663676552.028767) can0 720#B2AABBCCDDEE1122
(1663676552.029765) can0 728#1FC0FFFF3FFFFF01
(1663676552.030977) can0 728#F8FF1F80FFFF3FFF
(1663676552.032188) can0 728#FF01F8FF1F80FF01
(1663676552.033389) can0 728#00FFFF01F8FF1F80
(1663676552.034583) can0 728#FF0000FFFF00F0FF
(1663676552.035793) can0 728#1F80FF0000FFFF00
(1663676552.037146) can0 728#F0FF1F80FF0000FF
(1663676552.038266) can0 728#FF00F0FF1F80FF00
(1663676552.039489) can0 728#00FFFFFFFFFF1F80
(1663676552.040802) can0 728#FF0000FFFFFFFFFF
(1663676552.042137) can0 728#1F80FF0000FFFFFF
(1663676552.043380) can0 728#FFFF1F80FF0000FF
(1663676552.044625) can0 728#FFFFFFFF1F007F00
(1663676552.045923) can0 728#00FEFFFFFFFF0F00
(1663676552.047185) can0 728#0000000000000000
(1663676552.048395) can0 728#0080FF1F00000000
(1663676552.049283) can0 720#B2AABBCCDDEE1122
(1663676552.050344) can0 728#0080FF1F00000000
(1663676552.051471) can0 728#0280FF1F00040000
(1663676552.052366) can0 720#B2AABBCCDDEE1122
(1663676552.053320) can0 728#0780071E000E0080
(1663676552.054578) can0 728#0F80071E001F0000
(1663676552.055811) can0 728#1F80071E800F0000
(1663676552.057022) can0 728#3E80071EC0070000
(1663676552.058198) can0 728#7C80FF1FE0030000
(1663676552.059127) can0 720#B2AABBCCDDEE1122
(1663676552.060071) can0 728#F880FF1FF0010000
(1663676552.061273) can0 728#70E0FF7FE0000000
(1663676552.062495) can0 728#20F8FFFF41000000
(1663676552.063713) can0 728#00FC03FC03000000
(1663676552.064884) can0 728#00FE00F007000000
(1663676552.066088) can0 728#003F00C00F000000
(1663676552.067403) can0 728#801FF0801F000000
(1663676552.068554) can0 720#B2AABBCCDDEE1122
(1663676552.069576) can0 728#800FF8011F000000
(1663676552.070786) can0 728#C007F8013E000000
(1663676552.089540) can0 720#B2AABBCCDDEE1122
(1663676552.091231) can0 728#05500000
(1663676552.102015) can0 720#B2AABBCCDDEE1122
(1663676552.103622) can0 728#05500000
(1663676552.108326) can0 720#B2AABBCCDDEE1122
(1663676552.109587) can0 720#B2AABBCCDDEE1122
(1663676552.110275) can0 728#05500000
(1663676552.111916) can0 728#05500000
(1663676552.128782) can0 720#B2AABBCCDDEE1122
(1663676552.130518) can0 728#05500000
(1663676552.148790) can0 720#B2AABBCCDDEE1122
(1663676552.150571) can0 728#05500000
(1663676552.151943) can0 720#B2AABBCCDDEE1122
(1663676552.153698) can0 728#05500000
(1663676552.158355) can0 720#B2AABBCCDDEE1122
(1663676552.160066) can0 728#05500000
(1663676552.168872) can0 720#B2AABBCCDDEE1122
(1663676552.170568) can0 728#05500000
(1663676552.188971) can0 720#B2AABBCCDDEE1122
(1663676552.190665) can0 728#05500000
(1663676552.202021) can0 720#B2AABBCCDDEE1122
(1663676552.203760) can0 728#05500000
(1663676552.208417) can0 720#B2AABBCCDDEE1122
(1663676552.209509) can0 720#B2AABBCCDDEE1122
(1663676552.210199) can0 728#05500000
(1663676552.211874) can0 728#05500000
(1663676552.229119) can0 720#B2AABBCCDDEE1122
(1663676552.230862) can0 728#05500000
(1663676552.249198) can0 720#B2AABBCCDDEE1122
(1663676552.250998) can0 728#05500000
(1663676552.252083) can0 720#B2AABBCCDDEE1122
(1663676552.253862) can0 728#05500000
(1663676552.258493) can0 720#B2AABBCCDDEE1122
(1663676552.260262) can0 728#05500000
(1663676552.269288) can0 720#B2AABBCCDDEE1122
(1663676552.271063) can0 728#05500000
(1663676552.289385) can0 720#B2AABBCCDDEE1122
(1663676552.291177) can0 728#05500000
(1663676552.302165) can0 720#B2AABBCCDDEE1122
(1663676552.303861) can0 728#05500000
(1663676552.308570) can0 720#B2AABBCCDDEE1122
(1663676552.309617) can0 720#B2AABBCCDDEE1122
(1663676552.310283) can0 728#05500000
(1663676552.311962) can0 728#05500000
(1663676552.329535) can0 720#B2AABBCCDDEE1122
(1663676552.331258) can0 728#05500000
(1663676552.349613) can0 720#B2AABBCCDDEE1122
(1663676552.351362) can0 728#05500000
(1663676552.352386) can0 720#B2AABBCCDDEE1122
(1663676552.354163) can0 728#05500000
(1663676552.358657) can0 720#B2AABBCCDDEE1122
(1663676552.360364) can0 728#05500000
(1663676552.369688) can0 720#B2AABBCCDDEE1122
(1663676552.371459) can0 728#05500000
(1663676552.389838) can0 720#B2AABBCCDDEE1122
(1663676552.391563) can0 728#05500000
(1663676552.402474) can0 720#B2AABBCCDDEE1122
(1663676552.404165) can0 728#05500000
(1663676552.408737) can0 720#B2AABBCCDDEE1122
(1663676552.409847) can0 720#B2AABBCCDDEE1122
(1663676552.410538) can0 728#05500000
(1663676552.412160) can0 728#05500000
(1663676552.429938) can0 720#B2AABBCCDDEE1122
(1663676552.431659) can0 728#05500000
(1663676552.450042) can0 720#B2AABBCCDDEE1122
(1663676552.451766) can0 728#05500000
(1663676552.452664) can0 720#B2AABBCCDDEE1122
(1663676552.454370) can0 728#05500000
(1663676552.458848) can0 720#B2AABBCCDDEE1122
(1663676552.460602) can0 728#05500000
(1663676552.470128) can0 720#B2AABBCCDDEE1122
(1663676552.471857) can0 728#05500000
(1663676552.490215) can0 720#B2AABBCCDDEE1122
(1663676552.491986) can0 728#05500000
(1663676552.502662) can0 720#B2AABBCCDDEE1122
(1663676552.504372) can0 728#05500000
(1663676552.508922) can0 720#B2AABBCCDDEE1122
(1663676552.510299) can0 720#B2AABBCCDDEE1122
(1663676552.510972) can0 728#05500000
(1663676552.512656) can0 728#05500000
(1663676552.530377) can0 720#B2AABBCCDDEE1122
(1663676552.532072) can0 728#05500000
(1663676552.550470) can0 720#B2AABBCCDDEE1122
(1663676552.552162) can0 728#05500000
(1663676552.553053) can0 720#B2AABBCCDDEE1122
(1663676552.554759) can0 728#05500000
(1663676552.559006) can0 720#B2AABBCCDDEE1122
(1663676552.560760) can0 728#05500000
(1663676552.570546) can0 720#B2AABBCCDDEE1122
(1663676552.572266) can0 728#05500000
(1663676552.590636) can0 720#B2AABBCCDDEE1122
(1663676552.592359) can0 728#05500000
(1663676552.602847) can0 720#B2AABBCCDDEE1122
(1663676552.604556) can0 728#05500000
(1663676552.609126) can0 720#B2AABBCCDDEE1122
(1663676552.610727) can0 720#B2AABBCCDDEE1122
(1663676552.611427) can0 728#05500000
(1663676552.613054) can0 728#05500000
(1663676552.630820) can0 720#B2AABBCCDDEE1122
(1663676552.632560) can0 728#05500000
