(1638437020.644995) can0 12D#8100000000000000
(1638437020.645146) can0 097#0170003001750025
(1638437020.645496) can0 120#0175000000000000
(1638437020.650367) can0 090#02EE003180000000
(1638437020.650515) can0 4B0#0000000000000000
(1638437020.650815) can0 210#21E0F8001021E000
(1638437020.651047) can0 085#03D7857C031E831B
(1638437020.657554) can0 353#5B9E010111941981
(1638437020.660973) can0 200#03440251033FC000
(1638437020.661215) can0 207#0000000000000000
(1638437020.661440) can0 230#00BE760668000000
(1638437020.661708) can0 425#00FFFFFFFF028000
(1638437020.661937) can0 12D#8100000000000000
(1638437020.662172) can0 427#5022827EEB200500
(1638437020.662404) can0 44D#00400000326042C7
(1638437020.662662) can0 097#0170003001750025
(1638437020.662886) can0 120#0175000000000000
(1638437020.670483) can0 090#02EE003180000000
(1638437020.670713) can0 4B0#0000000000000000
(1638437020.670946) can0 210#21E0F8001021E000
(1638437020.671179) can0 085#03D7857C031E831B
(1638437020.677009) can0 12D#8100000000000000
(1638437020.677160) can0 097#0170003001750025
(1638437020.677462) can0 120#0175000000000000
(1638437020.690332) can0 090#02EE003180000000
(1638437020.690610) can0 340#001A000000000000
(1638437020.690748) can0 4B0#0000000000000000
(1638437020.691048) can0 210#21E0F8001021E000
(1638437020.691279) can0 085#03D7857C031E831B
(1638437020.692558) can0 454#0000000000000000
(1638437020.692807) can0 12D#8100000000000000
(1638437020.693042) can0 097#0170003001750025
(1638437020.693296) can0 120#0175000000000000
(1638437020.707545) can0 353#5B9E010111941981
(1638437020.708794) can0 200#03440251033FC000
(1638437020.708950) can0 12D#8100000000000000
(1638437020.709247) can0 097#0170003001750025
(1638437020.709488) can0 120#0175000000000000
(1638437020.709760) can0 207#0000000000000000
(1638437020.710015) can0 6F6#1544D53672E8B854
(1638437020.710485) can0 0FC#0300000000000000
(1638437020.710718) can0 4B0#0000000000000000
(1638437020.710978) can0 210#21E0F8001021E000
(1638437020.711206) can0 085#03D8857C031E831B
(1638437020.711473) can0 090#02EE003180000000
(1638437020.724765) can0 230#00BE760668000000
(1638437020.725007) can0 12D#8100000000000000
(1638437020.725236) can0 097#0170003001750025
(1638437020.725472) can0 120#0175000000000000
(1638437020.730247) can0 090#02EE003180000000
(1638437020.730491) can0 4B0#0000000000000000
(1638437020.730728) can0 210#21E0F8001021E000
(1638437020.730958) can0 085#03D7857C031E831B
(1638437020.736905) can0 128#00D6000000000000
(1638437020.737151) can0 350#0400000000000000
(1638437020.737390) can0 437#2F2D010000000081
(1638437020.737631) can0 453#00000000031E3B00
(1638437020.740854) can0 12D#8100000000000000
(1638437020.741092) can0 097#0170003001750025
(1638437020.741338) can0 120#0175000000000000
(1638437020.750251) can0 090#02EE003180000000
(1638437020.750507) can0 4B0#0000000000000000
(1638437020.750740) can0 210#21E0F8001021E000
(1638437020.750969) can0 085#03D7857C031E831B
(1638437020.756739) can0 200#03440251033FC000
(1638437020.756984) can0 207#0000000000000000
(1638437020.757231) can0 425#00FFFFFFFF028000
(1638437020.757477) can0 12D#8100000000000000
(1638437020.757713) can0 353#5B9E010111941981
(1638437020.757951) can0 427#5022827EEB200500
(1638437020.758191) can0 44D#00400000326042C7
(1638437020.758429) can0 097#0170003001750025
(1638437020.758675) can0 120#0175000000000000
(1638437020.770197) can0 090#02EE003180000000
(1638437020.770446) can0 4B0#0000000000000000
(1638437020.770686) can0 210#21E0F8001021E000
(1638437020.770916) can0 085#03D7857C031E831B
(1638437020.772775) can0 12D#8100000000000000
(1638437020.773013) can0 097#0170003001750025
(1638437020.773259) can0 120#0175000000000000
(1638437020.788739) can0 230#00BE760668000000
(1638437020.788982) can0 12D#8100000000000000
(1638437020.789220) can0 097#0170003001750025
(1638437020.789466) can0 120#0175000000000000
(1638437020.790269) can0 340#001A000000000000
(1638437020.790511) can0 090#02EE003180000000
(1638437020.790761) can0 4B0#0000000000000000
(1638437020.791001) can0 210#21E0F8001021E000
(1638437020.791231) can0 085#03D7857C031E831B
(1638437020.804775) can0 200#03440251033FC000
(1638437020.805026) can0 12D#8100000000000000
(1638437020.805259) can0 097#0170003001750025
(1638437020.805504) can0 120#0175000000000000
(1638437020.805756) can0 207#0000000000000000
(1638437020.806898) can0 307#0000000000000000
(1638437020.807406) can0 353#5B9E010111941981
(1638437020.810347) can0 090#02EE003180000000
(1638437020.810595) can0 4B0#0000000000000000
(1638437020.810835) can0 210#21E0F8001021E000
(1638437020.811065) can0 085#03D7857C031E831B
(1638437020.820824) can0 12D#8100000000000000
(1638437020.821061) can0 097#0170003001750025
(1638437020.821307) can0 120#0175000000000000
(1638437020.830211) can0 090#02EE003180000000
(1638437020.830460) can0 4B0#0000000000000000
(1638437020.830700) can0 210#21E0F8001021E000
(1638437020.830930) can0 085#03D8857C031E831B
(1638437020.836814) can0 12D#8100000000000000
(1638437020.837045) can0 097#0170003001750025
(1638437020.837293) can0 120#0175000000000000
(1638437020.837543) can0 128#00D6000000000000
(1638437020.837791) can0 350#0400000000000000
(1638437020.838031) can0 437#2F2D010000000081
(1638437020.838271) can0 453#00000000031E3B00
(1638437020.850192) can0 090#02EE003180000000
(1638437020.850437) can0 4B0#0000000000000000
(1638437020.850678) can0 210#21E0F8001021E000
(1638437020.850917) can0 085#03D7857C031E831B
(1638437020.852820) can0 200#03440251033FC000
(1638437020.853072) can0 207#0000000000000000
(1638437020.853313) can0 230#00BE760668000000
(1638437020.853561) can0 425#00FFFFFFFF028000
(1638437020.853807) can0 12D#8100000000000000
(1638437020.854045) can0 427#5022827EEB200500
(1638437020.854285) can0 44D#00400000326042C7
(1638437020.854523) can0 097#0170003001750025
(1638437020.854769) can0 120#0175000000000000
(1638437020.857399) can0 353#5B9E010111941981
(1638437020.868794) can0 12D#8100000000000000
(1638437020.869030) can0 097#0170003001750025
(1638437020.869276) can0 120#0175000000000000
(1638437020.870224) can0 090#02EE003180000000
(1638437020.870473) can0 4B0#0000000000000000
(1638437020.870713) can0 210#21E0F8001021E000
(1638437020.870943) can0 085#03D7857C031E831B
(1638437020.884835) can0 12D#8100000000000000
(1638437020.885072) can0 097#0170003001750025
(1638437020.885318) can0 120#0175000000000000
(1638437020.890147) can0 340#001A000000000000
(1638437020.890389) can0 090#02EE003180000000
(1638437020.890641) can0 4B0#0000000000000000
(1638437020.890879) can0 210#21E0F8001021E000
(1638437020.891109) can0 085#03D8857C031E831B
(1638437020.900835) can0 200#03440251033FC000
(1638437020.901080) can0 12D#8100000000000000
(1638437020.901318) can0 097#0170003001750025
(1638437020.901564) can0 120#0175000000000000
(1638437020.901816) can0 207#0000000000000000
(1638437020.907402) can0 353#5B9E010111941981
(1638437020.910234) can0 0FC#0300000000000000
(1638437020.910484) can0 4B0#0000000000000000
(1638437020.910724) can0 210#21E0F8001021E000
(1638437020.910954) can0 085#03D7857C031E831B
(1638437020.911196) can0 090#02EE003180000000
(1638437020.916859) can0 230#00BE760668000000
(1638437020.917104) can0 12D#8100000000000000
(1638437020.917342) can0 097#0170003001750025
(1638437020.917588) can0 120#0175000000000000
(1638437020.930144) can0 090#02EE003180000000
(1638437020.930393) can0 4B0#0000000000000000
(1638437020.930633) can0 210#21E0F8001021E000
(1638437020.930863) can0 085#03D7857C031E831B
(1638437020.932873) can0 12D#8100000000000000
(1638437020.933110) can0 097#0170003001750025
(1638437020.933356) can0 120#0175000000000000
(1638437020.936846) can0 128#00D6000000000000
(1638437020.937094) can0 350#0400000000000000
(1638437020.937334) can0 437#2F2D010000000081
(1638437020.937574) can0 453#00000000031E3B00
(1638437020.948859) can0 200#03440251033FC000
(1638437020.949109) can0 207#0000000000000000
(1638437020.949357) can0 425#00FFFFFFFF028000
(1638437020.949603) can0 12D#8100000000000000
(1638437020.949841) can0 427#5022827EEB200500
(1638437020.950081) can0 44D#00400000326042C7
(1638437020.950319) can0 097#0170003001750025
(1638437020.950561) can0 090#02EE003180000000
(1638437020.950807) can0 120#0175000000000000
(1638437020.951057) can0 4B0#0000000000000000
(1638437020.951302) can0 210#21E0F8001021E000
(1638437020.951527) can0 085#03D7857C031E831B
(1638437020.951753) can0 6F6#1544D53672E8B854
(1638437020.957392) can0 353#5B9E010111941981
(1638437020.964924) can0 12D#8100000000000000
(1638437020.965160) can0 097#0170003001750025
(1638437020.965406) can0 120#0175000000000000
(1638437020.970183) can0 090#02EE003180000000
(1638437020.970430) can0 4B0#0000000000000000
(1638437020.970670) can0 210#21E0F8001021E000
(1638437020.970900) can0 085#03D7857C031E831B
(1638437020.980891) can0 230#00BE760668000000
(1638437020.981135) can0 12D#8100000000000000
(1638437020.981373) can0 097#0170003001750025
(1638437020.981619) can0 120#0175000000000000
(1638437020.990000) can0 340#001A000000000000
(1638437020.990270) can0 090#02EE003180000000
(1638437020.990519) can0 4B0#0000000000000000
(1638437020.990759) can0 210#21E0F8001021E000
(1638437020.990989) can0 085#03D7857C031E831B
(1638437020.996906) can0 200#03440251033FC000
(1638437020.997152) can0 12D#8100000000000000
(1638437020.997389) can0 097#0170003001750025
(1638437020.997635) can0 120#0175000000000000
(1638437020.997888) can0 207#0000000000000000
(1638437021.007381) can0 353#5B9E010111941981
(1638437021.010193) can0 090#02EE003180000000
(1638437021.010443) can0 4B0#0000000000000000
(1638437021.010683) can0 210#21E0F8001021E000
(1638437021.010912) can0 085#03D7857C031E831B
(1638437021.013140) can0 12D#8100000000000000
(1638437021.013378) can0 097#0170003001750025
(1638437021.013624) can0 120#0175000000000000
(1638437021.029098) can0 12D#8100000000000000
(1638437021.029334) can0 097#0170003001750025
(1638437021.029580) can0 120#0175000000000000
(1638437021.030180) can0 090#02EE003180000000
(1638437021.030429) can0 4B0#0000000000000000
(1638437021.030670) can0 210#21E0F8001021E000
(1638437021.030899) can0 085#03D7857C031E831B
(1638437021.036827) can0 128#00D6000000000000
(1638437021.037064) can0 350#0400000000000000
(1638437021.037304) can0 437#2F2D010000000081
(1638437021.037544) can0 453#00000000031E3B00
(1638437021.045149) can0 200#03440251033FC000
(1638437021.045401) can0 207#0000000000000000
(1638437021.045643) can0 230#00BE760668000000
(1638437021.045891) can0 425#00FFFFFFFF028000
(1638437021.046136) can0 12D#8100000000000000
(1638437021.046374) can0 427#5022827EEB200500
(1638437021.046614) can0 44D#00400000326042C7
(1638437021.046852) can0 097#0170003001750025
(1638437021.047098) can0 120#0175000000000000
(1638437021.050285) can0 090#02EE003180000000
(1638437021.050536) can0 4B0#0000000000000000
(1638437021.050776) can0 210#21E0F8001021E000
(1638437021.051005) can0 085#03D7857C031E831B
(1638437021.057380) can0 353#5B9E010111941981
(1638437021.061163) can0 12D#8100000000000000
(1638437021.061401) can0 097#0170003001750025
(1638437021.061647) can0 120#0175000000000000
(1638437021.070156) can0 090#02EE003180000000
(1638437021.070405) can0 4B0#0000000000000000
(1638437021.070645) can0 210#21E0F8001021E000
(1638437021.070874) can0 085#03D7857C031E831B
(1638437021.077156) can0 12D#8100000000000000
(1638437021.077393) can0 097#0170003001750025
(1638437021.077639) can0 120#0175000000000000
(1638437021.089894) can0 340#001A000000000000
(1638437021.090135) can0 090#02EE003180000000
(1638437021.090385) can0 4B0#0000000000000000
(1638437021.090628) can0 210#21E0F8001021E000
(1638437021.090855) can0 085#03D7857C031E831B
(1638437021.093153) can0 200#03440251033FC000
(1638437021.093399) can0 12D#8100000000000000
(1638437021.093637) can0 097#0170003001750025
(1638437021.093883) can0 120#0175000000000000
(1638437021.094135) can0 207#0000000000000000
(1638437021.107361) can0 353#5B9E010111941A81
(1638437021.109147) can0 230#00BE760668000000
(1638437021.109390) can0 12D#8100000000000000
(1638437021.109628) can0 097#0170003001750025
(1638437021.109873) can0 120#0175000000000000
(1638437021.110278) can0 0FC#0300000000000000
(1638437021.110527) can0 4B0#0000000000000000
(1638437021.110767) can0 210#21E0F8001021E000
(1638437021.110997) can0 085#03D8857C031E831B
(1638437021.111239) can0 090#02EE003180000000
(1638437021.125193) can0 12D#8100000000000000
(1638437021.125432) can0 097#0170003001750025
(1638437021.125675) can0 120#0175000000000000
(1638437021.130133) can0 090#02EE003180000000
(1638437021.130390) can0 4B0#0000000000000000
(1638437021.130629) can0 210#21E0F8001021E000
(1638437021.130852) can0 085#03D7857C031E831B
(1638437021.136790) can0 128#00D6000000000000
(1638437021.137036) can0 350#0400000000000000
(1638437021.137277) can0 403#02047F2424000000
(1638437021.137516) can0 437#2F2D010000000081
(1638437021.137757) can0 453#00000000031E3B00
(1638437021.141276) can0 200#03440251033FC000
(1638437021.141528) can0 207#0000000000000000
(1638437021.141781) can0 425#00FFFFFFFF028000
(1638437021.142027) can0 12D#8100000000000000
(1638437021.142259) can0 427#5022827EEB200500
(1638437021.142498) can0 44D#00400000326042C7
(1638437021.142738) can0 097#0170003001750025
(1638437021.142984) can0 120#0175000000000000
(1638437021.150227) can0 090#02EE003180000000
(1638437021.150476) can0 4B0#0000000000000000
(1638437021.150715) can0 210#21E0F8001021E000
(1638437021.150945) can0 085#03D7857C031E831B
(1638437021.157220) can0 12D#8100000000000000
(1638437021.157456) can0 097#0170003001750025
(1638437021.157702) can0 120#0175000000000000
(1638437021.157932) can0 353#5B9E010111941A81
(1638437021.170083) can0 090#02EE003180000000
(1638437021.170331) can0 4B0#0000000000000000
(1638437021.170571) can0 210#21E0F8001021E000
(1638437021.170800) can0 085#03D7857C031E831B
(1638437021.173058) can0 230#00BE760668000000
(1638437021.173304) can0 12D#8100000000000000
(1638437021.173542) can0 097#0170003001750025
(1638437021.173788) can0 120#0175000000000000
(1638437021.189035) can0 200#03440251033FC000
(1638437021.189280) can0 12D#8100000000000000
(1638437021.189518) can0 097#0170003001750025
(1638437021.189764) can0 120#0175000000000000
(1638437021.190016) can0 207#0000000000000000
(1638437021.190257) can0 090#02EE003180000000
(1638437021.190503) can0 340#001A000000000000
(1638437021.190753) can0 4B0#0000000000000000
(1638437021.190994) can0 210#21E0F8001021E000
(1638437021.191223) can0 085#03D7857C031E831B
(1638437021.191449) can0 6F6#1544D53672E8B854
(1638437021.205088) can0 12D#8100000000000000
(1638437021.205324) can0 097#0170003001750025
(1638437021.205571) can0 120#0175000000000000
(1638437021.207363) can0 353#5B9E010111941981
(1638437021.210084) can0 090#02EE003180000000
(1638437021.210335) can0 4B0#0000000000000000
(1638437021.210575) can0 210#21E0F8001021E000
(1638437021.210805) can0 085#03D7857C031E831B
(1638437021.221102) can0 12D#8100000000000000
(1638437021.221338) can0 097#0170003001750025
(1638437021.221584) can0 120#0175000000000000
(1638437021.230079) can0 090#02EE003180000000
(1638437021.230331) can0 4B0#0000000000000000
(1638437021.230570) can0 210#21E0F8001021E000
(1638437021.230799) can0 085#03D7857C031E831B
(1638437021.236784) can0 128#00D6000000000000
(1638437021.237030) can0 350#0400000000000000
(1638437021.237271) can0 200#03440251033FC000
(1638437021.237522) can0 207#0000000000000000
(1638437021.237764) can0 230#00BE760668000000
(1638437021.238012) can0 425#00FFFFFFFF028000
(1638437021.238258) can0 12D#8100000000000000
(1638437021.238497) can0 427#5022827EEB200500
(1638437021.238736) can0 437#2F2D010000000081
(1638437021.238976) can0 44D#00400000326042C7
(1638437021.239214) can0 097#0170003001750025
(1638437021.239460) can0 120#0175000000000000
(1638437021.239701) can0 453#00000000031E3B00
(1638437021.250063) can0 090#02EE003180000000
(1638437021.250312) can0 4B0#0000000000000000
(1638437021.250552) can0 210#21E0F8001021E000
(1638437021.250782) can0 085#03D8857C031E831B
(1638437021.253142) can0 12D#8100000000000000
(1638437021.253379) can0 097#0170003001750025
(1638437021.253625) can0 120#0175000000000000
(1638437021.257347) can0 353#5B9E010111941981
(1638437021.269101) can0 12D#8100000000000000
(1638437021.269338) can0 097#0170003001750025
(1638437021.269583) can0 120#0175000000000000
(1638437021.270095) can0 090#02EE003180000000
(1638437021.270345) can0 4B0#0000000000000000
(1638437021.270586) can0 210#21E0F8001021E000
(1638437021.270815) can0 085#03D7857C031E831B
(1638437021.285127) can0 200#03440251033FC000
(1638437021.285370) can0 12D#8100000000000000
(1638437021.285608) can0 097#0170003001750025
(1638437021.285854) can0 120#0175000000000000
(1638437021.286105) can0 207#0000000000000000
(1638437021.290075) can0 090#02EE003180000000
(1638437021.290324) can0 4B0#0000000000000000
(1638437021.290564) can0 210#21E0F8001021E000
(1638437021.290795) can0 085#03D7857C031E831B
(1638437021.291040) can0 340#001A000000000000
(1638437021.301128) can0 230#00BE760668000000
(1638437021.301372) can0 12D#8100000000000000
(1638437021.301611) can0 097#0170003001750025
(1638437021.301857) can0 120#0175000000000000
(1638437021.306761) can0 307#0000000000000000
(1638437021.307339) can0 353#5B9E010111941981
(1638437021.310186) can0 0FC#0300000000000000
(1638437021.310436) can0 4B0#0000000000000000
(1638437021.310676) can0 210#21E0F8001021E000
(1638437021.310906) can0 085#03D7857C031E831B
(1638437021.311148) can0 090#02EE003180000000
(1638437021.317186) can0 12D#8100000000000000
(1638437021.317422) can0 097#0170003001750025
(1638437021.317669) can0 120#0175000000000000
(1638437021.330026) can0 090#02EE003180000000
(1638437021.330275) can0 4B0#0000000000000000
(1638437021.330515) can0 210#21E0F8001021E000
(1638437021.330744) can0 085#03D7857C031E831B
(1638437021.333145) can0 200#03440251033FC000
(1638437021.333396) can0 207#0000000000000000
(1638437021.333644) can0 425#00FFFFFFFF028000
(1638437021.333890) can0 12D#8100000000000000
(1638437021.334128) can0 427#5022827EEB200500
(1638437021.334368) can0 44D#00400000326042C7
(1638437021.334606) can0 097#0170003001750025
(1638437021.334851) can0 120#0175000000000000
(1638437021.335094) can0 623#3644128200000000
(1638437021.335332) can0 640#50600077400C8600
(1638437021.335580) can0 650#1142000000000000
(1638437021.336742) can0 128#00D6000000000000
(1638437021.336981) can0 350#0400000000000000
(1638437021.337222) can0 437#2F2D010000000081
(1638437021.337462) can0 453#00000000031E3B00
(1638437021.349167) can0 12D#8100000000000000
(1638437021.349401) can0 097#0170003001750025
(1638437021.349647) can0 120#0175000000000000
(1638437021.350072) can0 090#02EE003180000000
(1638437021.350323) can0 4B0#0000000000000000
(1638437021.350562) can0 210#21E0F8001021E000
(1638437021.350792) can0 085#03D7857C031E831B
(1638437021.357348) can0 353#5B9E010111941981
(1638437021.365183) can0 230#00BE760668000000
(1638437021.365430) can0 12D#8100000000000000
(1638437021.365667) can0 097#0170003001750025
(1638437021.365913) can0 120#0175000000000000
(1638437021.370059) can0 090#02EE003180000000
(1638437021.370311) can0 4B0#0000000000000000
(1638437021.370553) can0 210#21E0F8001021E000
(1638437021.370775) can0 085#03D7857C031E831B
(1638437021.381185) can0 200#03440251033FC000
(1638437021.381428) can0 12D#8100000000000000
(1638437021.381667) can0 097#0170003001750025
(1638437021.381913) can0 120#0175000000000000
(1638437021.382165) can0 207#0000000000000000
(1638437021.389716) can0 340#001A000000000000
(1638437021.390162) can0 090#02EE003180000000
(1638437021.390412) can0 4B0#0000000000000000
(1638437021.390652) can0 210#21E0F8001021E000
(1638437021.390881) can0 085#03D7857C031E831B
(1638437021.397205) can0 12D#8100000000000000
(1638437021.397442) can0 097#0170003001750025
(1638437021.397688) can0 120#0175000000000000
(1638437021.407328) can0 353#5B9E010111941981
(1638437021.410033) can0 090#02EE003180000000
(1638437021.410283) can0 4B0#0000000000000000
(1638437021.410523) can0 210#21E0F8001021E000
(1638437021.410753) can0 085#03D7857C031E831B
(1638437021.413237) can0 12D#8100000000000000
(1638437021.413474) can0 097#0170003001750025
(1638437021.413720) can0 120#0175000000000000
(1638437021.429327) can0 200#03440251033FC000
(1638437021.429498) can0 207#0000000000000000
(1638437021.429800) can0 230#00BE760668000000
(1638437021.429983) can0 425#00FFFFFFFF028000
(1638437021.430318) can0 12D#8100000000000000
(1638437021.430494) can0 090#02EE003180000000
(1638437021.430778) can0 427#5022827EEB200500
(1638437021.430951) can0 44D#00400000326042C7
(1638437021.431300) can0 097#0170003001750025
(1638437021.431472) can0 120#0175000000000000
(1638437021.431859) can0 4B0#0000000000000000
(1638437021.432007) can0 210#21E0F8001021E000
(1638437021.432154) can0 085#03D7857C031E831B
(1638437021.432465) can0 6F6#1544D53672E8B854
(1638437021.436889) can0 128#00D6000000000000
(1638437021.437086) can0 350#0400000000000000
(1638437021.437259) can0 437#2F2D010000000081
(1638437021.437560) can0 453#00000000031E3B00
(1638437021.445429) can0 12D#8100000000000000
(1638437021.445617) can0 097#0170003001750025
(1638437021.445919) can0 120#0175000000000000
(1638437021.450168) can0 090#02EE003180000000
(1638437021.450355) can0 4B0#0000000000000000
(1638437021.450663) can0 210#21E0F8001021E000
(1638437021.450850) can0 085#03D7857C031E831B
(1638437021.457460) can0 353#5B9E010111941A81
(1638437021.461407) can0 12D#8100000000000000
(1638437021.461577) can0 097#0170003001750025
(1638437021.461891) can0 120#0175000000000000
(1638437021.470165) can0 090#02EE003180000000
(1638437021.470337) can0 4B0#0000000000000000
(1638437021.470677) can0 210#21E0F8001021E000
(1638437021.470854) can0 085#03D7857C031E831B
(1638437021.477394) can0 200#03440251033FC000
(1638437021.477564) can0 12D#8100000000000000
(1638437021.477897) can0 097#0170003001750025
(1638437021.478075) can0 120#0175000000000000
(1638437021.478403) can0 207#0000000000000000
(1638437021.490150) can0 090#02EE003180000000
(1638437021.490320) can0 4B0#0000000000000000
(1638437021.490662) can0 210#21E0F8001021E000
(1638437021.490841) can0 085#03D7857C031E831B
(1638437021.491128) can0 340#001A000000000000
(1638437021.493593) can0 230#00BE760668000000
(1638437021.493763) can0 12D#8100000000000000
(1638437021.494087) can0 097#0170003001750025
(1638437021.494263) can0 120#0175000000000000
(1638437021.507466) can0 353#5B9E010111941981
(1638437021.509608) can0 12D#8100000000000000
(1638437021.509779) can0 097#0170003001750025
(1638437021.510111) can0 120#0175000000000000
(1638437021.510285) can0 0FC#0300000000000000
(1638437021.510610) can0 4B0#0000000000000000
(1638437021.510787) can0 210#21E0F8001021E000
(1638437021.511108) can0 085#03D7857C031E831B
(1638437021.511283) can0 090#02EE003180000000
(1638437021.525627) can0 200#03440251033FC000
(1638437021.525797) can0 207#0000000000000000
(1638437021.526101) can0 425#00FFFFFFFF028000
(1638437021.526270) can0 12D#8100000000000000
(1638437021.526608) can0 427#5022827EEB200500
(1638437021.526828) can0 44D#00400000326042C7
(1638437021.527002) can0 097#0170003001750025
(1638437021.527322) can0 120#0175000000000000
(1638437021.530196) can0 090#02EE003180000000
(1638437021.530445) can0 4B0#0000000000000000
(1638437021.530712) can0 210#21E0F8001021E000
(1638437021.530927) can0 085#03D7857C031E831B
(1638437021.536778) can0 128#00D6000000000000
(1638437021.536994) can0 350#0400000000000000
(1638437021.537253) can0 437#2F2D010000000081
(1638437021.537514) can0 453#00000000031E3B00
(1638437021.541673) can0 12D#8100000000000000
(1638437021.541911) can0 097#0170003001750025
(1638437021.542164) can0 120#0175000000000000
(1638437021.550094) can0 090#02EE003180000000
(1638437021.550347) can0 4B0#0000000000000000
(1638437021.550605) can0 210#21E0F8001021E000
(1638437021.550818) can0 085#03D8857C031E831B
(1638437021.557396) can0 353#5B9E010111941981
(1638437021.557619) can0 12D#8100000000000000
(1638437021.557871) can0 097#0170003001750025
(1638437021.558105) can0 120#0175000000000000
(1638437021.558364) can0 230#00BE760668000000
(1638437021.570052) can0 090#02EE003180000000
(1638437021.570284) can0 4B0#0000000000000000
(1638437021.570528) can0 210#21E0F8001021E000
(1638437021.570768) can0 085#03D7857C031E831B
(1638437021.573598) can0 200#03440251033FC000
(1638437021.573842) can0 12D#8100000000000000
(1638437021.574075) can0 097#0170003001750025
(1638437021.574320) can0 120#0175000000000000
(1638437021.574571) can0 207#0000000000000000
(1638437021.589598) can0 12D#8100000000000000
(1638437021.589820) can0 097#0170003001750025
(1638437021.590063) can0 090#02EE003180000000
(1638437021.590303) can0 120#0175000000000000
(1638437021.590555) can0 340#001A000000000000
(1638437021.590817) can0 4B0#0000000000000000
(1638437021.591042) can0 210#21E0F8001021E000
(1638437021.591268) can0 085#03D7857C031E831B
(1638437021.605623) can0 12D#8100000000000000
(1638437021.605847) can0 097#0170003001750025
(1638437021.606110) can0 120#0175000000000000
(1638437021.607391) can0 353#5B9E010111941981
(1638437021.610093) can0 090#02EE003180000000
(1638437021.610329) can0 4B0#0000000000000000
(1638437021.610581) can0 210#21E0F8001021E000
(1638437021.610854) can0 085#03D7857C031E831B
(1638437021.621642) can0 200#03440251033FC000
(1638437021.621876) can0 207#0000000000000000
(1638437021.622124) can0 230#00BE760668000000
(1638437021.622367) can0 425#00FFFFFFFF028000
(1638437021.622618) can0 12D#8100000000000000
(1638437021.622858) can0 427#5022827EEB200500
(1638437021.623097) can0 44D#00400000326042C7
(1638437021.623327) can0 097#0170003001750025
(1638437021.623595) can0 120#0175000000000000
(1638437021.630222) can0 090#02EE003180000000
(1638437021.630468) can0 4B0#0000000000000000
(1638437021.630922) can0 210#21E0F8001021E000
(1638437021.631003) can0 085#03D7857C031E831B
(1638437021.636757) can0 128#00D6000000000000
(1638437021.636990) can0 350#0400000000000000
(1638437021.637226) can0 403#02047F2424000000
(1638437021.637454) can0 437#2F2D010000000081
(1638437021.637692) can0 12D#8100000000000000
(1638437021.637970) can0 097#0170003001750025
(1638437021.638190) can0 120#0175000000000000
(1638437021.638421) can0 453#00000000031E3B00
(1638437021.650084) can0 090#02EE003180000000
(1638437021.650319) can0 4B0#0000000000000000
(1638437021.650545) can0 210#21E0F8001021E000
(1638437021.650785) can0 085#03D7857C031E831B
(1638437021.653521) can0 12D#8100000000000000
(1638437021.653756) can0 097#0170003001750025
(1638437021.653987) can0 120#0175000000000000
(1638437021.657394) can0 353#5B9E010111941981
(1638437021.669480) can0 200#03440251033FC000
(1638437021.669712) can0 12D#8100000000000000
(1638437021.669938) can0 097#0170003001750025
(1638437021.670175) can0 090#02EE003180000000
(1638437021.670440) can0 120#0175000000000000
(1638437021.670693) can0 207#0000000000000000
(1638437021.670929) can0 4B0#0000000000000000
(1638437021.671164) can0 210#21E0F8001021E000
(1638437021.671399) can0 085#03D7857C031E831B
(1638437021.671625) can0 6F6#1557FA19D3015BEF
(1638437021.685538) can0 230#00BE760668000000
(1638437021.685751) can0 12D#8100000000000000
(1638437021.685990) can0 097#0170003001750025
(1638437021.686255) can0 120#0175000000000000
(1638437021.690081) can0 090#02EE003180000000
(1638437021.690310) can0 340#001A000000000000
(1638437021.690564) can0 4B0#0000000000000000
(1638437021.690799) can0 210#21E0F8001021E000
(1638437021.691031) can0 085#03D7857C031E831B
(1638437021.692166) can0 454#0000000000000000
(1638437021.701534) can0 12D#8100000000000000
(1638437021.701744) can0 097#0170003001750025
(1638437021.701993) can0 120#0175000000000000
(1638437021.707388) can0 353#5B9E010111941981
(1638437021.710087) can0 0FC#0300000000000000
(1638437021.710317) can0 4B0#0000000000000000
(1638437021.710554) can0 210#21E0F8001021E000
(1638437021.710785) can0 085#03D7857C031E831B
(1638437021.711027) can0 090#02EE003180000000
(1638437021.717548) can0 200#03440251033FC000
(1638437021.717773) can0 207#0000000000000000
(1638437021.718024) can0 425#00FFFFFFFF028000
(1638437021.718277) can0 12D#8100000000000000
(1638437021.718507) can0 427#5022827EEB200500
(1638437021.718753) can0 44D#00400000326042C7
(1638437021.718986) can0 097#0170003001750025
(1638437021.719235) can0 120#0175000000000000
(1638437021.730039) can0 090#02EE003180000000
(1638437021.730274) can0 4B0#0000000000000000
(1638437021.730501) can0 210#21E0F8001021E000
(1638437021.730803) can0 085#03D7857C031E831B
(1638437021.733511) can0 12D#8100000000000000
(1638437021.733741) can0 097#0170003001750025
(1638437021.733977) can0 120#0175000000000000
(1638437021.736665) can0 128#00D6000000000000
(1638437021.736898) can0 350#0400000000000000
(1638437021.737147) can0 437#2F2D010000000081
(1638437021.737384) can0 453#00000000031E3B00
(1638437021.749501) can0 230#00BE760668000000
(1638437021.749727) can0 12D#8100000000000000
(1638437021.749997) can0 097#0170003001750025
(1638437021.750200) can0 090#02EE003180000000
(1638437021.750454) can0 120#0175000000000000
(1638437021.750708) can0 4B0#0000000000000000
(1638437021.750935) can0 210#21E0F8001021E000
(1638437021.751167) can0 085#03D7857C031E831B
(1638437021.757310) can0 353#5B9E010111941981
(1638437021.765514) can0 200#03440251033FC000
(1638437021.765779) can0 12D#8100000000000000
(1638437021.765995) can0 097#0170003001750025
(1638437021.766244) can0 120#0175000000000000
(1638437021.766518) can0 207#0000000000000000
(1638437021.770095) can0 090#02EE003180000000
(1638437021.770344) can0 4B0#0000000000000000
(1638437021.770611) can0 210#21E0F8001021E000
(1638437021.770799) can0 085#03D7857C031E831B
(1638437021.781528) can0 12D#8100000000000000
(1638437021.781774) can0 097#0170003001750025
(1638437021.782032) can0 120#0175000000000000
(1638437021.789899) can0 340#001A000000000000
(1638437021.790147) can0 090#02EE003180000000
(1638437021.790382) can0 4B0#0000000000000000
(1638437021.790634) can0 210#21E0F8001021E000
(1638437021.790858) can0 085#03D7857C031E831B
(1638437021.797542) can0 12D#8100000000000000
(1638437021.797792) can0 097#0170003001750025
(1638437021.798047) can0 120#0175000000000000
(1638437021.806635) can0 307#0000000000000000
(1638437021.807326) can0 353#5B9E010111941981
(1638437021.809973) can0 090#02EE003180000000
(1638437021.810224) can0 4B0#0000000000000000
(1638437021.810469) can0 210#21E0F8001021E000
(1638437021.810707) can0 085#03D7857C031E831B
(1638437021.813547) can0 200#03440251033FC000
(1638437021.813800) can0 207#0000000000000000
(1638437021.814043) can0 230#00BE760668000000
(1638437021.814286) can0 425#00FFFFFFFF028000
(1638437021.814567) can0 12D#8100000000000000
(1638437021.814769) can0 427#5022827EEB200500
(1638437021.815013) can0 44D#00400000326042C7
(1638437021.815248) can0 097#0170003001750025
(1638437021.815534) can0 120#0175000000000000
(1638437021.829514) can0 12D#8100000000000000
(1638437021.829746) can0 097#0170003001750025
(1638437021.829995) can0 090#02EE003180000000
(1638437021.830232) can0 120#0175000000000000
(1638437021.830482) can0 4B0#0000000000000000
(1638437021.830722) can0 210#21E0F8001021E000
(1638437021.830985) can0 085#03D7857C031E831B
(1638437021.836669) can0 128#00D6000000000000
(1638437021.836898) can0 350#0400000000000000
(1638437021.837142) can0 437#2F2D010000000081
(1638437021.837385) can0 453#00000000031E3B00
(1638437021.845626) can0 12D#8100000000000000
(1638437021.845854) can0 097#0170003001750025
(1638437021.846130) can0 120#0175000000000000
(1638437021.849958) can0 090#02EE003180000000
(1638437021.850206) can0 4B0#0000000000000000
(1638437021.850459) can0 210#21E0F8001021E000
(1638437021.850672) can0 085#03D7857C031E831B
(1638437021.857330) can0 353#5B9E010111941981
(1638437021.861611) can0 200#03440251033FC000
(1638437021.861847) can0 12D#8100000000000000
(1638437021.862093) can0 097#0170003001750025
(1638437021.862337) can0 120#0175000000000000
(1638437021.862583) can0 207#0000000000000000
(1638437021.869990) can0 090#02EE003180000000
(1638437021.870239) can0 4B0#0000000000000000
(1638437021.870477) can0 210#21E0F8001021E000
(1638437021.870711) can0 085#03D7857C031E831B
(1638437021.877614) can0 230#00BE760668000000
(1638437021.877848) can0 12D#8100000000000000
(1638437021.878086) can0 097#0170003001750025
(1638437021.878351) can0 120#0175000000000000
(1638437021.888732) can0 340#001A000000000000
(1638437021.889937) can0 090#02EE003180000000
(1638437021.890182) can0 4B0#0000000000000000
(1638437021.890424) can0 210#21E0F8001021E000
(1638437021.890654) can0 085#03D7857C031E831B
(1638437021.893641) can0 12D#8100000000000000
(1638437021.893870) can0 097#0170003001750025
(1638437021.894118) can0 120#0175000000000000
(1638437021.907330) can0 353#5B9E010111941981
(1638437021.909608) can0 200#03440251033FC000
(1638437021.909865) can0 207#0000000000000000
(1638437021.910104) can0 0FC#0300000000000000
(1638437021.910362) can0 425#00FFFFFFFF028000
(1638437021.910601) can0 12D#8100000000000000
(1638437021.910843) can0 427#5022827EEB200500
(1638437021.911078) can0 44D#00400000326042C7
(1638437021.911321) can0 097#0170003001750025
(1638437021.911559) can0 120#0175000000000000
(1638437021.911833) can0 4B0#0000000000000000
(1638437021.912053) can0 210#21E0F8001021E000
(1638437021.912278) can0 085#03D8857C031E831B
(1638437021.912523) can0 090#02EE003180000000
(1638437021.912756) can0 6F6#1557FA19D3015BEF
(1638437021.925680) can0 12D#8100000000000000
(1638437021.925913) can0 097#0170003001750025
(1638437021.926170) can0 120#0175000000000000
(1638437021.929944) can0 090#02EE003180000000
(1638437021.930188) can0 4B0#0000000000000000
(1638437021.930457) can0 210#21E0F8001021E000
(1638437021.930680) can0 085#03D7857C031E831B
(1638437021.936681) can0 128#00D6000000000000
(1638437021.936847) can0 350#0400000000000000
(1638437021.937139) can0 437#2F2D010000000081
(1638437021.937375) can0 453#00000000031E3B00
(1638437021.941782) can0 230#00BE760668000000
(1638437021.942048) can0 12D#8100000000000000
(1638437021.942277) can0 097#0170003001750025
(1638437021.942534) can0 120#0175000000000000
(1638437021.949973) can0 090#02EE003180000000
(1638437021.950224) can0 4B0#0000000000000000
(1638437021.950480) can0 210#21E0F8001021E000
(1638437021.950684) can0 085#03D7857C031E831B
(1638437021.957352) can0 353#5B9E010111941981
(1638437021.957683) can0 200#03440251033FC000
(1638437021.957932) can0 12D#8100000000000000
(1638437021.958168) can0 097#0170003001750025
(1638437021.958411) can0 120#0175000000000000
(1638437021.958671) can0 207#0000000000000000
(1638437021.969949) can0 090#02EE003180000000
(1638437021.970195) can0 4B0#0000000000000000
(1638437021.970461) can0 210#21E0F8001021E000
(1638437021.970680) can0 085#03D7857C031E831B
(1638437021.973921) can0 12D#8100000000000000
(1638437021.974179) can0 097#0170003001750025
(1638437021.974411) can0 120#0175000000000000
(1638437021.989656) can0 340#001A000000000000
(1638437021.989898) can0 12D#8100000000000000
(1638437021.990166) can0 090#02EE003180000000
(1638437021.990409) can0 097#0170003001750025
(1638437021.990634) can0 120#0175000000000000
(1638437021.990909) can0 4B0#0000000000000000
(1638437021.991141) can0 210#21E0F8001021E000
(1638437021.991359) can0 085#03D8857C031E831B
(1638437022.005920) can0 200#03440251033FC000
(1638437022.006167) can0 207#0000000000000000
(1638437022.006437) can0 230#00BE760668000000
(1638437022.006680) can0 425#00FFFFFFFF028000
(1638437022.006916) can0 12D#8100000000000000
(1638437022.007140) can0 427#5022827EEB200500
(1638437022.007396) can0 353#5B9E010111941981
(1638437022.007636) can0 44D#00400000326042C7
(1638437022.007853) can0 097#0170003001750025
(1638437022.008099) can0 120#0175000000000000
(1638437022.010080) can0 090#02EE003180000000
(1638437022.010331) can0 4B0#0000000000000000
(1638437022.010588) can0 210#21E0F8001021E000
(1638437022.010804) can0 085#03D7857C031E831B
(1638437022.021940) can0 12D#8100000000000000
(1638437022.022198) can0 097#0170003001750025
(1638437022.022426) can0 120#0175000000000000
(1638437022.029976) can0 090#02EE003180000000
(1638437022.030206) can0 4B0#0000000000000000
(1638437022.030476) can0 210#21E0F8001021E000
(1638437022.030673) can0 085#03D7857C031E831B
(1638437022.036605) can0 128#00D6000000000000
(1638437022.036853) can0 350#0400000000000000
(1638437022.037118) can0 437#2F2D010000000081
(1638437022.037329) can0 453#00000000031E3B00
(1638437022.037954) can0 12D#8100000000000000
(1638437022.038190) can0 097#0170003001750025
(1638437022.038443) can0 120#0175000000000000
(1638437022.049907) can0 090#02EE003180000000
(1638437022.050154) can0 4B0#0000000000000000
(1638437022.050395) can0 210#21E0F8001021E000
(1638437022.050626) can0 085#03D7857C031E831B
(1638437022.053948) can0 200#03440251033FC000
(1638437022.054195) can0 12D#8100000000000000
(1638437022.054455) can0 097#0170003001750025
(1638437022.054701) can0 120#0175000000000000
(1638437022.054947) can0 207#0000000000000000
(1638437022.057307) can0 353#5B9E010111941981
(1638437022.069913) can0 230#00BE760668000000
(1638437022.070152) can0 090#02EE003180000000
(1638437022.070399) can0 12D#8100000000000000
(1638437022.070658) can0 097#0170003001750025
(1638437022.070890) can0 120#0175000000000000
(1638437022.071132) can0 4B0#0000000000000000
(1638437022.071369) can0 210#21E0F8001021E000
(1638437022.071618) can0 085#03D7857C031E831B
(1638437022.085953) can0 12D#8100000000000000
(1638437022.086191) can0 097#0170003001750025
(1638437022.086454) can0 120#0175000000000000
(1638437022.088447) can0 340#001A000000000000
(1638437022.089901) can0 090#02EE003180000000
(1638437022.090157) can0 4B0#0000000000000000
(1638437022.090412) can0 210#21E0F8001021E000
(1638437022.090638) can0 085#03D7857C031E831B
(1638437022.101952) can0 200#03440251033FC000
(1638437022.102226) can0 207#0000000000000000
(1638437022.102451) can0 425#00FFFFFFFF028000
(1638437022.102698) can0 12D#8100000000000000
(1638437022.102942) can0 427#5022827EEB200500
(1638437022.103182) can0 44D#00400000326042C7
(1638437022.103419) can0 097#0170003001750025
(1638437022.103667) can0 120#0175000000000000
(1638437022.107312) can0 353#5B9E010111941981
(1638437022.110034) can0 0FC#0300000000000000
(1638437022.110288) can0 4B0#0000000000000000
(1638437022.110523) can0 210#21E0F8001021E000
(1638437022.110768) can0 085#03D7857C031E831B
(1638437022.110994) can0 090#02EE003180000000
(1638437022.118007) can0 12D#8100000000000000
(1638437022.118221) can0 097#0170003001750025
(1638437022.118477) can0 120#0175000000000000
(1638437022.129900) can0 090#02EE003180000000
(1638437022.130152) can0 4B0#0000000000000000
(1638437022.130381) can0 210#21E0F8001021E000
(1638437022.130633) can0 085#03D7857C031E831B
(1638437022.133822) can0 230#00BE760668000000
(1638437022.134069) can0 12D#8100000000000000
(1638437022.134356) can0 097#0170003001750025
(1638437022.134581) can0 120#0175000000000000
(1638437022.136591) can0 128#00D6000000000000
(1638437022.136842) can0 350#0400000000000000
(1638437022.137076) can0 403#02047F2424000000
(1638437022.137318) can0 437#2F2D010000000081
(1638437022.137562) can0 453#00000000031E3B00
(1638437022.149835) can0 200#03440251033FC000
(1638437022.150069) can0 090#02EE003180000000
(1638437022.150336) can0 12D#8100000000000000
(1638437022.150554) can0 097#0170003001750025
(1638437022.150805) can0 120#0175000000000000
(1638437022.151051) can0 207#0000000000000000
(1638437022.151308) can0 4B0#0000000000000000
(1638437022.151543) can0 210#21E0F8001021E000
(1638437022.151773) can0 085#03D7857C031E831B
(1638437022.152020) can0 6F6#1557FA19D3015BEF
(1638437022.157308) can0 353#5B9E010111941981
(1638437022.165894) can0 12D#8100000000000000
(1638437022.166146) can0 097#0170003001750025
(1638437022.166366) can0 120#0175000000000000
(1638437022.169916) can0 090#02EE003180000000
(1638437022.170170) can0 4B0#0000000000000000
(1638437022.170389) can0 210#21E0F8001021E000
(1638437022.170625) can0 085#03D7857C031E831B
(1638437022.181878) can0 12D#8100000000000000
(1638437022.182123) can0 097#0170003001750025
(1638437022.182348) can0 120#0175000000000000
(1638437022.189391) can0 340#001A000000000000
(1638437022.189925) can0 090#02EE003180000000
(1638437022.190176) can0 4B0#0000000000000000
(1638437022.190398) can0 210#21E0F8001021E000
(1638437022.190631) can0 085#03D7857C031E831B
(1638437022.197874) can0 200#03440251033FC000
(1638437022.198127) can0 207#0000000000000000
(1638437022.198350) can0 230#00BE760668000000
(1638437022.198600) can0 425#00FFFFFFFF028000
(1638437022.198848) can0 12D#8100000000000000
(1638437022.199134) can0 427#5022827EEB200500
(1638437022.199343) can0 44D#00400000326042C7
(1638437022.199557) can0 097#0170003001750025
(1638437022.199811) can0 120#0175000000000000
(1638437022.207309) can0 353#5B9E010111941981
(1638437022.209898) can0 090#02EE003180000000
(1638437022.210160) can0 4B0#0000000000000000
(1638437022.210379) can0 210#21E0F8001021E000
(1638437022.210613) can0 085#03D6857C031E831B
(1638437022.213913) can0 12D#8100000000000000
(1638437022.214160) can0 097#0170003001750025
(1638437022.214380) can0 120#0175000000000000
(1638437022.229882) can0 12D#8100000000000000
(1638437022.230136) can0 090#02EE003180000000
(1638437022.230353) can0 097#0170003001750025
(1638437022.230607) can0 120#0175000000000000
(1638437022.230846) can0 4B0#0000000000000000
(1638437022.231087) can0 210#21E0F8001021E000
(1638437022.231364) can0 085#03D7857C031E831B
(1638437022.236570) can0 128#00D6000000000000
(1638437022.236870) can0 350#0400000000000000
(1638437022.237012) can0 437#2F2D010000000081
(1638437022.237337) can0 453#00000000031E3B00
(1638437022.245941) can0 200#03440251033FC000
(1638437022.246206) can0 12D#8100000000000000
(1638437022.246410) can0 097#0170003001750025
(1638437022.246669) can0 120#0175000000000000
(1638437022.246912) can0 207#0000000000000000
(1638437022.249942) can0 090#02EE003180000000
(1638437022.250209) can0 4B0#0000000000000000
(1638437022.250418) can0 210#21E0F8001021E000
(1638437022.250653) can0 085#03D7857C031E831B
(1638437022.257325) can0 353#5B9E010111941981
(1638437022.261934) can0 230#00BE760668000000
(1638437022.262205) can0 12D#8100000000000000
(1638437022.262419) can0 097#0170003001750025
(1638437022.262673) can0 120#0175000000000000
(1638437022.269999) can0 090#02EE003180000000
(1638437022.270256) can0 4B0#0000000000000000
(1638437022.270475) can0 210#21E0F8001021E000
(1638437022.270710) can0 085#03D7857C031E831B
(1638437022.277952) can0 12D#8100000000000000
(1638437022.278184) can0 097#0170003001750025
(1638437022.278435) can0 120#0175000000000000
(1638437022.288257) can0 340#001A000000000000
(1638437022.289901) can0 090#02EE003180000000
(1638437022.290160) can0 4B0#0000000000000000
(1638437022.290378) can0 210#21E0F8001021E000
(1638437022.290615) can0 085#03D7857C031E831B
(1638437022.293928) can0 200#03440251033FC000
(1638437022.294187) can0 207#0000000000000000
(1638437022.294413) can0 425#00FFFFFFFF028000
(1638437022.294663) can0 12D#8100000000000000
(1638437022.294912) can0 427#5022827EEB200500
(1638437022.295173) can0 44D#00400000326042C7
(1638437022.295387) can0 097#0170003001750025
(1638437022.295629) can0 120#0175000000000000
(1638437022.306561) can0 307#0000000000000000
(1638437022.307293) can0 353#5B9E010111941981
(1638437022.309922) can0 0FC#0300000000000000
(1638437022.310177) can0 12D#8100000000000000
(1638437022.310409) can0 097#0170003001750025
(1638437022.310641) can0 120#0175000000000000
(1638437022.310893) can0 4B0#0000000000000000
(1638437022.311189) can0 210#21E0F8001021E000
(1638437022.311333) can0 085#03D7857C031E831B
(1638437022.311613) can0 090#02EE003180000000
(1638437022.325956) can0 230#00BE760668000000
(1638437022.326205) can0 12D#8100000000000000
(1638437022.326447) can0 097#0170003001750025
(1638437022.326686) can0 120#0175000000000000
(1638437022.326930) can0 623#3644128200000000
(1638437022.327157) can0 640#50600077400C8600
(1638437022.327442) can0 650#1036440106000000
(1638437022.329999) can0 090#02EE003180000000
(1638437022.330268) can0 4B0#0000000000000000
(1638437022.330478) can0 210#21E0F8001021E000
(1638437022.330709) can0 085#03D7857C031E831B
(1638437022.336546) can0 128#00D6000000000000
(1638437022.336810) can0 350#0400000000000000
(1638437022.337024) can0 437#2F2D010000000081
(1638437022.337283) can0 453#00000000031E3B00
(1638437022.342053) can0 200#03440251033FC000
(1638437022.342291) can0 12D#8100000000000000
(1638437022.342526) can0 097#0170003001750025
(1638437022.342774) can0 120#0175000000000000
(1638437022.343034) can0 207#0000000000000000
(1638437022.349956) can0 090#02EE003180000000
(1638437022.350197) can0 4B0#0000000000000000
(1638437022.350439) can0 210#21E0F8001021E000
(1638437022.350669) can0 085#03D7857C031E831B
(1638437022.357273) can0 353#5B9E010111941981
(1638437022.357975) can0 12D#8100000000000000
(1638437022.358207) can0 097#0170003001750025
(1638437022.358466) can0 120#0175000000000000
(1638437022.369804) can0 090#02EE003180000000
(1638437022.370039) can0 4B0#0000000000000000
(1638437022.370307) can0 210#21E0F8001021E000
(1638437022.370545) can0 085#03D8857C031E831B
(1638437022.374010) can0 12D#8100000000000000
(1638437022.374239) can0 097#0170003001750025
(1638437022.374496) can0 120#0175000000000000
(1638437022.388063) can0 340#001A000000000000
(1638437022.389859) can0 090#02EE003180000000
(1638437022.390093) can0 200#03440251033FC000
(1638437022.390362) can0 207#0000000000000000
(1638437022.390602) can0 230#00BE760668000000
(1638437022.390838) can0 425#00FFFFFFFF028000
(1638437022.391101) can0 12D#8100000000000000
(1638437022.391318) can0 427#5022827EEB200500
(1638437022.391571) can0 44D#00400000326042C7
(1638437022.392017) can0 097#0170003001750025
(1638437022.392139) can0 120#0175000000000000
(1638437022.392445) can0 4B0#0000000000000000
(1638437022.392552) can0 210#21E0F8001021E000
(1638437022.392785) can0 085#03D7857C031E831B
(1638437022.392996) can0 6F6#1557FA19D3015BEF
(1638437022.406025) can0 12D#8100000000000000
(1638437022.406253) can0 097#0170003001750025
(1638437022.406506) can0 120#0175000000000000
(1638437022.407284) can0 353#5B9E010111941981
(1638437022.409855) can0 090#02EE003180000000
(1638437022.410098) can0 4B0#0000000000000000
(1638437022.410362) can0 210#21E0F8001021E000
(1638437022.410606) can0 085#03D7857C031E831B
(1638437022.422045) can0 12D#8100000000000000
(1638437022.422270) can0 097#0170003001750025
(1638437022.422525) can0 120#0175000000000000
(1638437022.429822) can0 090#02EE003180000000
(1638437022.430060) can0 4B0#0000000000000000
(1638437022.430308) can0 210#21E0F8001021E000
(1638437022.430545) can0 085#03D7857C031E831B
(1638437022.436514) can0 128#00D6000000000000
(1638437022.436788) can0 350#0400000000000000
(1638437022.436992) can0 437#2F2D010000000081
(1638437022.437233) can0 453#00000000031E3B00
(1638437022.438039) can0 200#03440251033FC000
(1638437022.438288) can0 12D#8100000000000000
(1638437022.438526) can0 097#0170003001750025
(1638437022.438778) can0 120#0175000000000000
(1638437022.439053) can0 207#0000000000000000
(1638437022.449830) can0 090#02EE003180000000
(1638437022.450075) can0 4B0#0000000000000000
(1638437022.450315) can0 210#21E0F8001021E000
(1638437022.450543) can0 085#03D8857C031E831B
(1638437022.454276) can0 230#00BE760668000000
(1638437022.454526) can0 12D#8100000000000000
(1638437022.454746) can0 097#0170003001750025
(1638437022.455000) can0 120#0175000000000000
(1638437022.457269) can0 353#5B9E010111941981
(1638437022.469815) can0 090#02EE003180000000
(1638437022.470057) can0 4B0#0000000000000000
(1638437022.470333) can0 12D#8100000000000000
(1638437022.470535) can0 097#0170003001750025
(1638437022.470782) can0 120#0175000000000000
(1638437022.471018) can0 210#21E0F8001021E000
(1638437022.471245) can0 085#03D8857C031E831B
(1638437022.486261) can0 200#03440251033FC000
(1638437022.486527) can0 207#0000000000000000
(1638437022.486782) can0 425#00FFFFFFFF028000
(1638437022.487001) can0 12D#8100000000000000
(1638437022.487244) can0 427#5022827EEB200500
(1638437022.487543) can0 44D#00400000326042C7
(1638437022.487718) can0 097#0170003001750025
(1638437022.488032) can0 120#0175000000000000
(1638437022.488155) can0 340#001A000000000000
(1638437022.489864) can0 090#02EE003180000000
(1638437022.490123) can0 4B0#0000000000000000
(1638437022.490342) can0 210#21E0F8001021E000
(1638437022.490560) can0 085#03D7857C031E831B
(1638437022.502299) can0 12D#8100000000000000
(1638437022.502547) can0 097#0170003001750025
(1638437022.502758) can0 120#0175000000000000
(1638437022.507270) can0 353#5B9E010111941981
(1638437022.509841) can0 0FC#0300000000000000
(1638437022.510059) can0 4B0#0000000000000000
(1638437022.510310) can0 210#21E0F8001021E000
(1638437022.510517) can0 085#03D7857C031E831B
(1638437022.510839) can0 090#02EE003180000000
(1638437022.518294) can0 230#00BE760668000000
(1638437022.518558) can0 12D#8100000000000000
(1638437022.518780) can0 097#0170003001750025
(1638437022.519022) can0 120#0175000000000000
(1638437022.529793) can0 090#02EE003180000000
(1638437022.530061) can0 4B0#0000000000000000
(1638437022.530270) can0 210#21E0F8001021E000
(1638437022.530548) can0 085#03D7857C031E831B
(1638437022.534276) can0 200#03440251033FC000
(1638437022.534513) can0 12D#8100000000000000
(1638437022.534751) can0 097#0170003001750025
(1638437022.535031) can0 120#0175000000000000
(1638437022.535248) can0 207#0000000000000000
(1638437022.536495) can0 128#00D6000000000000
(1638437022.536718) can0 350#0400000000000000
(1638437022.536967) can0 437#2F2D010000000081
(1638437022.537271) can0 453#00000000031E3B00
(1638437022.549766) can0 090#02EE003180000000
(1638437022.550018) can0 4B0#0000000000000000
(1638437022.550247) can0 210#21E0F8001021E000
(1638437022.550500) can0 085#03D7857C031E831B
(1638437022.550727) can0 12D#8100000000000000
(1638437022.550965) can0 097#0170003001750025
(1638437022.551222) can0 120#0175000000000000
(1638437022.557261) can0 353#5B9E010111941981
(1638437022.566329) can0 12D#8100000000000000
(1638437022.566561) can0 097#0170003001750025
(1638437022.566828) can0 120#0175000000000000
(1638437022.569758) can0 090#02EE003180000000
(1638437022.570014) can0 4B0#0000000000000000
(1638437022.570242) can0 210#21E0F8001021E000
(1638437022.570482) can0 085#03D7857C031E831B
(1638437022.582314) can0 200#03440251033FC000
(1638437022.582560) can0 207#0000000000000000
(1638437022.582805) can0 230#00BE760668000000
(1638437022.583045) can0 425#00FFFFFFFF028000
(1638437022.583308) can0 12D#8100000000000000
(1638437022.583526) can0 427#5022827EEB200500
(1638437022.583783) can0 44D#00400000326042C7
(1638437022.584021) can0 097#0170003001750025
(1638437022.584259) can0 120#0175000000000000
(1638437022.588040) can0 340#001A000000000000
(1638437022.589895) can0 090#02EE003180000000
(1638437022.590150) can0 4B0#0000000000000000
(1638437022.590378) can0 210#21E0F8001021E000
(1638437022.590618) can0 085#03D7857C031E831B
(1638437022.598344) can0 12D#8100000000000000
(1638437022.598566) can0 097#0170003001750025
(1638437022.598819) can0 120#0175000000000000
(1638437022.607254) can0 353#5B9E010111941981
(1638437022.609765) can0 090#02EE003180000000
(1638437022.610021) can0 4B0#0000000000000000
(1638437022.610248) can0 210#21E0F8001021E000
(1638437022.610490) can0 085#03D7857C031E831B
(1638437022.614196) can0 12D#8100000000000000
(1638437022.614425) can0 097#0170003001750025
(1638437022.614684) can0 120#0175000000000000
(1638437022.629757) can0 090#02EE003180000000
(1638437022.630005) can0 4B0#0000000000000000
(1638437022.630251) can0 12D#8100000000000000
(1638437022.630495) can0 097#0170003001750025
(1638437022.630740) can0 120#0175000000000000
(1638437022.630987) can0 200#03440251033FC000
(1638437022.631258) can0 207#0000000000000000
(1638437022.631489) can0 210#21E0F8001021E000
(1638437022.631775) can0 085#03D7857C031E831B
(1638437022.631879) can0 6F6#15228F6CA6722D99
(1638437022.636471) can0 128#00D6000000000000
(1638437022.636701) can0 350#0400000000000000
(1638437022.636937) can0 403#02047F2424000000
(1638437022.637203) can0 437#2F2C010000000081
(1638437022.637422) can0 453#00000000031E3B00
(1638437022.646261) can0 230#00BE760668000000
(1638437022.646433) can0 12D#8100000000000000
(1638437022.646760) can0 097#0170003001750025
(1638437022.646980) can0 120#0175000000000000
(1638437022.649806) can0 090#02EE003180000000
(1638437022.650058) can0 4B0#0000000000000000
(1638437022.650276) can0 210#21E0F8001021E000
(1638437022.650521) can0 085#03D7857C031E831B
(1638437022.657267) can0 353#5B9E010111941981
(1638437022.662252) can0 12D#8100000000000000
(1638437022.662479) can0 097#0170003001750025
(1638437022.662712) can0 120#0175000000000000
(1638437022.669810) can0 090#02EE003180000000
(1638437022.670061) can0 4B0#0000000000000000
(1638437022.670280) can0 210#21E0F8001021E000
(1638437022.670509) can0 085#03D7857C031E831B
(1638437022.678236) can0 200#03440251033FC000
(1638437022.678477) can0 207#0000000000000000
(1638437022.678722) can0 425#00FFFFFFFF028000
(1638437022.678959) can0 12D#8100000000000000
(1638437022.679195) can0 427#5022827FEB200500
(1638437022.679456) can0 44D#00400000326042C7
(1638437022.679691) can0 097#0170003001750025
(1638437022.679937) can0 120#0175000000000000
(1638437022.688636) can0 340#001A000000000000
(1638437022.689796) can0 090#02EE003180000000
(1638437022.690060) can0 4B0#0000000000000000
(1638437022.690270) can0 210#21E0F8001021E000
(1638437022.690513) can0 085#03D7857C031E831B
(1638437022.690748) can0 454#0000000000000000
(1638437022.694257) can0 12D#8100000000000000
(1638437022.694482) can0 097#0170003001750025
(1638437022.694740) can0 120#0175000000000000
(1638437022.707277) can0 353#5B9E010111941981
(1638437022.709819) can0 0FC#0300000000000000
(1638437022.710061) can0 4B0#0000000000000000
(1638437022.710276) can0 12D#8100000000000000
(1638437022.710504) can0 097#0170003001750025
(1638437022.710750) can0 120#0175000000000000
(1638437022.710990) can0 210#21E0F8001021E000
(1638437022.711219) can0 085#03D7857C031E831B
(1638437022.711461) can0 090#02EE003180000000
(1638437022.711703) can0 230#00BE760668000000
(1638437022.726282) can0 200#03440251033FC000
(1638437022.726539) can0 12D#8100000000000000
(1638437022.726896) can0 097#0170003001750025
(1638437022.727027) can0 120#0175000000000000
(1638437022.727245) can0 207#0000000000000000
(1638437022.729793) can0 090#02EE003180000000
(1638437022.730038) can0 4B0#0000000000000000
(1638437022.730251) can0 210#21E0F8001021E000
(1638437022.730490) can0 085#03D7857C031E831B
(1638437022.736370) can0 128#00D6000000000000
(1638437022.736601) can0 350#0400000000000000
(1638437022.736849) can0 437#2F2C010000000081
(1638437022.737086) can0 453#00000000031E3B00
(1638437022.742323) can0 12D#8100000000000000
(1638437022.742550) can0 097#0170003001750025
(1638437022.742796) can0 120#0175000000000000
(1638437022.749673) can0 090#02EE003180000000
(1638437022.749920) can0 4B0#0000000000000000
(1638437022.750159) can0 210#21E0F8001021E000
(1638437022.750389) can0 085#03D7857C031E831B
(1638437022.757147) can0 353#5B9E010111941A81
(1638437022.758214) can0 12D#8100000000000000
(1638437022.758460) can0 097#0170003001750025
(1638437022.758698) can0 120#0175000000000000
(1638437022.769672) can0 090#02EE003180000000
(1638437022.769921) can0 4B0#0000000000000000
(1638437022.770167) can0 210#21E0F8001021E000
(1638437022.770390) can0 085#03D7857C031E831B
(1638437022.774218) can0 200#03440251033FC000
(1638437022.774469) can0 207#0000000000000000
(1638437022.774718) can0 230#00BE760668000000
(1638437022.774959) can0 425#00FFFFFFFF028000
(1638437022.775212) can0 12D#8100000000000000
(1638437022.775452) can0 427#5022827EEB200500
(1638437022.775685) can0 44D#00400000326042C7
(1638437022.775933) can0 097#0170003001750025
(1638437022.776168) can0 120#0175000000000000
(1638437022.788359) can0 340#001A000000000000
(1638437022.789670) can0 090#02EE003180000000
(1638437022.789919) can0 4B0#0000000000000000
(1638437022.790159) can0 210#21E0F8001021E000
(1638437022.790389) can0 085#03D7857C031E831B
(1638437022.790642) can0 12D#8100000000000000
(1638437022.790873) can0 097#0170003001750025
(1638437022.791119) can0 120#0175000000000000
(1638437022.806243) can0 12D#8100000000000000
(1638437022.806479) can0 097#0170003001750025
(1638437022.806734) can0 120#0175000000000000
(1638437022.806977) can0 307#0000000000000000
(1638437022.807213) can0 353#5B9E010111941981
(1638437022.809776) can0 090#02EE003180000000
(1638437022.810026) can0 4B0#0000000000000000
(1638437022.810266) can0 210#21E0F8001021E000
(1638437022.810496) can0 085#03D7857C031E831B
(1638437022.822270) can0 200#03440251033FC000
(1638437022.822515) can0 12D#8100000000000000
(1638437022.822753) can0 097#0170003001750025
(1638437022.822999) can0 120#0175000000000000
(1638437022.823250) can0 207#0000000000000000
(1638437022.829698) can0 090#02EE003180000000
(1638437022.829947) can0 4B0#0000000000000000
(1638437022.830187) can0 210#21E0F8001021E000
(1638437022.830417) can0 085#03D7857C031E831B
(1638437022.836324) can0 128#00D6000000000000
(1638437022.836571) can0 350#0400000000000000
(1638437022.836815) can0 437#2F2C010000000081
(1638437022.837053) can0 453#00000000031E3B00
(1638437022.838263) can0 230#00BE760668000000
(1638437022.838509) can0 12D#8100000000000000
(1638437022.838747) can0 097#0170003001750025
(1638437022.838993) can0 120#0175000000000000
(1638437022.849643) can0 090#02EE003180000000
(1638437022.849891) can0 4B0#0000000000000000
(1638437022.850131) can0 210#21E0F8001021E000
(1638437022.850362) can0 085#03D7857C031E831B
(1638437022.854291) can0 12D#8100000000000000
(1638437022.854532) can0 097#0170003001750025
(1638437022.854774) can0 120#0175000000000000
(1638437022.857162) can0 353#5B9E010111941981
(1638437022.869628) can0 090#02EE003180000000
(1638437022.869876) can0 4B0#0000000000000000
(1638437022.870116) can0 210#21E0F8001021E000
(1638437022.870346) can0 085#03D7857C031E831B
(1638437022.870586) can0 200#03440251033FC000
(1638437022.870838) can0 207#0000000000000000
(1638437022.871085) can0 425#00FFFFFFFF028000
(1638437022.871341) can0 12D#8100000000000000
(1638437022.871569) can0 427#5022827EEB200500
(1638437022.871810) can0 44D#00400000326042C7
(1638437022.872048) can0 097#0170003001750025
(1638437022.872293) can0 120#0175000000000000
(1638437022.872519) can0 6F6#15228F6CA6722D99
(1638437022.886319) can0 12D#8100000000000000
(1638437022.886557) can0 097#0170003001750025
(1638437022.886802) can0 120#0175000000000000
(1638437022.888276) can0 340#001A000000000000
(1638437022.889647) can0 090#02EE003180000000
(1638437022.889898) can0 4B0#0000000000000000
(1638437022.890137) can0 210#21E0F8001021E000
(1638437022.890367) can0 085#03D7857C031E831B
(1638437022.902295) can0 230#00BE760668000000
(1638437022.902541) can0 12D#8100000000000000
(1638437022.902779) can0 097#0170003001750025
(1638437022.903025) can0 120#0175000000000000
(1638437022.907135) can0 353#5B9E010111941981
(1638437022.909682) can0 0FC#0300000000000000
(1638437022.909932) can0 4B0#0000000000000000
(1638437022.910172) can0 210#21E0F8001021E000
(1638437022.910402) can0 085#03D7857C031E831B
(1638437022.910644) can0 090#02EE003180000000
(1638437022.918334) can0 200#03440251033FC000
(1638437022.918578) can0 12D#8100000000000000
(1638437022.918816) can0 097#0170003001750025
(1638437022.919062) can0 120#0175000000000000
(1638437022.919314) can0 207#0000000000000000
(1638437022.929735) can0 090#02EE003180000000
(1638437022.929983) can0 4B0#0000000000000000
(1638437022.930223) can0 210#21E0F8001021E000
(1638437022.930453) can0 085#03D7857C031E831B
(1638437022.934530) can0 12D#8100000000000000
(1638437022.934768) can0 097#0170003001750025
(1638437022.935015) can0 120#0175000000000000
(1638437022.936298) can0 128#00D6000000000000
(1638437022.936545) can0 350#0400000000000000
(1638437022.936787) can0 437#2F2C010000000081
(1638437022.937026) can0 453#00000000031E3B00
(1638437022.949624) can0 090#02EE003180000000
(1638437022.949867) can0 4B0#0000000000000000
(1638437022.950107) can0 210#21E0F8001021E000
(1638437022.950338) can0 085#03D7857C031E831B
(1638437022.950583) can0 12D#8100000000000000
(1638437022.950821) can0 097#0170003001750025
(1638437022.951067) can0 120#0175000000000000
(1638437022.957129) can0 353#5B9E010111941981
(1638437022.966549) can0 200#03440251033FC000
(1638437022.966802) can0 207#0000000000000000
(1638437022.967043) can0 230#00BE760668000000
(1638437022.967291) can0 425#00FFFFFFFF028000
(1638437022.967537) can0 12D#8100000000000000
(1638437022.967774) can0 427#5022827EEB200500
(1638437022.968015) can0 44D#00400000326042C7
(1638437022.968253) can0 097#0170003001750025
(1638437022.968499) can0 120#0175000000000000
(1638437022.969794) can0 090#02EE003180000000
(1638437022.970044) can0 4B0#0000000000000000
(1638437022.970285) can0 210#21E0F8001021E000
(1638437022.970514) can0 085#03D7857C031E831B
(1638437022.982555) can0 12D#8100000000000000
(1638437022.982791) can0 097#0170003001750025
(1638437022.983037) can0 120#0175000000000000
(1638437022.988108) can0 340#001A000000000000
(1638437022.989622) can0 090#02EE003180000000
(1638437022.989871) can0 4B0#0000000000000000
(1638437022.990112) can0 210#21E0F8001021E000
(1638437022.990342) can0 085#03D7857C031E831B
(1638437022.998591) can0 12D#8100000000000000
(1638437022.998799) can0 097#0170003001750025
(1638437022.999046) can0 120#0175000000000000
(1638437023.007144) can0 353#5B9E010111941981
(1638437023.009591) can0 090#02EE003180000000
(1638437023.009837) can0 4B0#0000000000000000
(1638437023.010077) can0 210#21E0F8001021E000
(1638437023.010307) can0 085#03D7857C031E831B
(1638437023.014577) can0 200#03440251033FC000
(1638437023.014822) can0 12D#8100000000000000
(1638437023.015063) can0 097#0170003001750025
(1638437023.015306) can0 120#0175000000000000
(1638437023.015558) can0 207#0000000000000000
(1638437023.029619) can0 090#02EE003180000000
(1638437023.029867) can0 4B0#0000000000000000
(1638437023.030106) can0 210#21E0F8001021E000
(1638437023.030336) can0 085#03D7857C031E831B
(1638437023.030582) can0 12D#8100000000000000
(1638437023.030820) can0 097#0170003001750025
(1638437023.031066) can0 120#0175000000000000
(1638437023.031307) can0 230#00BE760668000000
(1638437023.036269) can0 128#00D6000000000000
(1638437023.036517) can0 350#0400000000000000
(1638437023.036771) can0 437#2F2C010000000081
(1638437023.036999) can0 453#00000000031E3B00
(1638437023.046633) can0 12D#8100000000000000
(1638437023.046872) can0 097#0170003001750025
(1638437023.047117) can0 120#0175000000000000
(1638437023.049607) can0 090#02EE003180000000
(1638437023.049857) can0 4B0#0000000000000000
(1638437023.050097) can0 210#21E0F8001021E000
(1638437023.050326) can0 085#03D7857C031E831B
(1638437023.057117) can0 353#5B9E010111941981
(1638437023.062618) can0 200#03440251033FC000
(1638437023.062870) can0 207#0000000000000000
(1638437023.063118) can0 425#00FFFFFFFF028000
(1638437023.063364) can0 12D#8100000000000000
(1638437023.063602) can0 427#5022827EEB200500
(1638437023.063843) can0 44D#00400000326042C7
(1638437023.064080) can0 097#0170003001750025
(1638437023.064326) can0 120#0175000000000000
(1638437023.069697) can0 090#02EE003180000000
(1638437023.069946) can0 4B0#0000000000000000
(1638437023.070187) can0 210#21E0F8001021E000
(1638437023.070416) can0 085#03D6857C031E831B
(1638437023.078630) can0 12D#8100000000000000
(1638437023.078868) can0 097#0170003001750025
(1638437023.079113) can0 120#0175000000000000
(1638437023.088036) can0 340#001A000000000000
(1638437023.089557) can0 090#02EE003180000000
(1638437023.089808) can0 4B0#0000000000000000
(1638437023.090047) can0 210#21E0F8001021E000
(1638437023.090277) can0 085#03D7857C031E831B
(1638437023.094449) can0 230#00BE760668000000
(1638437023.094695) can0 12D#8100000000000000
(1638437023.094933) can0 097#0170003001750025
(1638437023.095179) can0 120#0175000000000000
(1638437023.107110) can0 353#5B9E010111941981
(1638437023.109554) can0 0FC#0300000000000000
(1638437023.109804) can0 4B0#0000000000000000
(1638437023.110043) can0 210#21E0F8001021E000
(1638437023.110274) can0 085#03D8857C031E831B
(1638437023.110516) can0 090#02EE003180000000
(1638437023.110761) can0 12D#8100000000000000
(1638437023.110999) can0 097#0170003001750025
(1638437023.111245) can0 120#0175000000000000
(1638437023.111485) can0 200#03440251033FC000
(1638437023.111738) can0 207#0000000000000000
(1638437023.111964) can0 6F6#15228F6CA6722D99
(1638437023.126504) can0 12D#8100000000000000
(1638437023.126752) can0 097#0170003001750025
(1638437023.126988) can0 120#0175000000000000
(1638437023.129543) can0 090#02EE003180000000
(1638437023.129793) can0 4B0#0000000000000000
(1638437023.130033) can0 210#21E0F8001021E000
(1638437023.130263) can0 085#03D7857C031E831B
(1638437023.136244) can0 128#00D6000000000000
(1638437023.136493) can0 350#0400000000000000
(1638437023.136738) can0 403#02047F2424000000
(1638437023.136974) can0 437#2F2C010000000081
(1638437023.137214) can0 453#00000000031E3B00
(1638437023.142621) can0 12D#8100000000000000
(1638437023.142861) can0 097#0170003001750025
(1638437023.143108) can0 120#0175000000000000
(1638437023.149549) can0 090#02EE003180000000
(1638437023.149798) can0 4B0#0000000000000000
(1638437023.150037) can0 210#21E0F8001021E000
(1638437023.150267) can0 085#03D7857C031E831B
(1638437023.157105) can0 353#5B9E010111941981
(1638437023.158509) can0 200#03440251033FC000
(1638437023.158761) can0 207#0000000000000000
(1638437023.159003) can0 230#00BE760668000000
(1638437023.159251) can0 425#00FFFFFFFF028000
(1638437023.159498) can0 12D#8100000000000000
(1638437023.159735) can0 427#5022827EEB200500
(1638437023.159980) can0 44D#00400000326042C7
(1638437023.160213) can0 097#0170003001750025
(1638437023.160459) can0 120#0175000000000000
(1638437023.169607) can0 090#02EE003180000000
(1638437023.169865) can0 4B0#0000000000000000
(1638437023.170096) can0 210#21E0F8001021E000
(1638437023.170327) can0 085#03D7857C031E831B
(1638437023.174529) can0 12D#8100000000000000
(1638437023.174768) can0 097#0170003001750025
(1638437023.175013) can0 120#0175000000000000
(1638437023.187818) can0 340#001A000000000000
(1638437023.189530) can0 090#02EE003180000000
(1638437023.189780) can0 4B0#0000000000000000
(1638437023.190020) can0 210#21E0F8001021E000
(1638437023.190251) can0 085#03D7857C031E831B
(1638437023.190514) can0 12D#8100000000000000
(1638437023.190752) can0 097#0170003001750025
(1638437023.190998) can0 120#0175000000000000
(1638437023.206533) can0 200#03440251033FC000
(1638437023.206779) can0 12D#8100000000000000
(1638437023.207017) can0 097#0170003001750025
(1638437023.207262) can0 120#0175000000000000
(1638437023.207515) can0 207#0000000000000000
(1638437023.207750) can0 353#5B9E010111941981
(1638437023.209566) can0 090#02EE003180000000
(1638437023.209816) can0 4B0#0000000000000000
(1638437023.210056) can0 210#21E0F8001021E000
(1638437023.210286) can0 085#03D7857C031E831B
(1638437023.222561) can0 230#00BE760668000000
(1638437023.222807) can0 12D#8100000000000000
(1638437023.223046) can0 097#0170003001750025
(1638437023.223291) can0 120#0175000000000000
(1638437023.229546) can0 090#02EE003180000000
(1638437023.229795) can0 4B0#0000000000000000
(1638437023.230035) can0 210#21E0F8001021E000
(1638437023.230265) can0 085#03D7857C031E831B
(1638437023.236218) can0 128#00D6000000000000
(1638437023.236466) can0 350#0400000000000000
(1638437023.236709) can0 437#2F2C010000000081
(1638437023.236949) can0 453#00000000031E3B00
(1638437023.238600) can0 12D#8100000000000000
(1638437023.238838) can0 097#0170003001750025
(1638437023.239084) can0 120#0175000000000000
(1638437023.249508) can0 090#02EE003180000000
(1638437023.249757) can0 4B0#0000000000000000
(1638437023.249998) can0 210#21E0F8001021E000
(1638437023.250228) can0 085#03D7857C031E831B
(1638437023.254558) can0 200#03440251033FC000
(1638437023.254811) can0 207#0000000000000000
(1638437023.255060) can0 425#00FFFFFFFF028000
(1638437023.255305) can0 12D#8100000000000000
(1638437023.255542) can0 427#5022827EEB200500
(1638437023.255782) can0 44D#00400000326042C7
(1638437023.256020) can0 097#0170003001750025
(1638437023.256267) can0 120#0175000000000000
(1638437023.257093) can0 353#5B9E010111941981
(1638437023.269506) can0 090#02EE003180000000
(1638437023.269755) can0 4B0#0000000000000000
(1638437023.269995) can0 210#21E0F8001021E000
(1638437023.270225) can0 085#03D8857C031E831B
(1638437023.270568) can0 12D#8100000000000000
(1638437023.270803) can0 097#0170003001750025
(1638437023.271049) can0 120#0175000000000000
(1638437023.286586) can0 230#00BE760668000000
(1638437023.286829) can0 12D#8100000000000000
(1638437023.287066) can0 097#0170003001750025
(1638437023.287312) can0 120#0175000000000000
(1638437023.287764) can0 340#001A000000000000
(1638437023.289534) can0 090#02EE003180000000
(1638437023.289784) can0 4B0#0000000000000000
(1638437023.290025) can0 210#21E0F8001021E000
(1638437023.290254) can0 085#03D7857C031E831B
(1638437023.302596) can0 200#03440251033FC000
(1638437023.302841) can0 12D#8100000000000000
(1638437023.303079) can0 097#0170003001750025
(1638437023.303325) can0 120#0175000000000000
(1638437023.303577) can0 207#0000000000000000
(1638437023.306264) can0 307#0000000000000000
(1638437023.307088) can0 353#5B9E010111941981
(1638437023.309684) can0 0FC#0300000000000000
(1638437023.309933) can0 4B0#0000000000000000
(1638437023.310173) can0 210#21E0F8001021E000
(1638437023.310403) can0 085#03D7857C031E831B
(1638437023.310645) can0 090#02EE003180000000
(1638437023.318630) can0 623#3644128200000000
(1638437023.318875) can0 12D#8100000000000000
(1638437023.319114) can0 097#0170003001750025
(1638437023.319359) can0 120#0175000000000000
(1638437023.319597) can0 640#50600077400C8600
(1638437023.319845) can0 650#1142000000000000
(1638437023.329538) can0 090#02EE003180000000
(1638437023.329787) can0 4B0#0000000000000000
(1638437023.330026) can0 210#21E0F8001021E000
(1638437023.330257) can0 085#03D7857C031E831B
(1638437023.334639) can0 12D#8100000000000000
(1638437023.334875) can0 097#0170003001750025
(1638437023.335121) can0 120#0175000000000000
(1638437023.336191) can0 128#00D6000000000000
(1638437023.336439) can0 350#0400000000000000
(1638437023.336681) can0 437#2F2C010000000081
(1638437023.336921) can0 453#00000000031E3B00
(1638437023.349500) can0 090#02EE003180000000
(1638437023.349751) can0 4B0#0000000000000000
(1638437023.349990) can0 210#21E0F8001021E000
(1638437023.350220) can0 085#03D7857C031E831B
(1638437023.350619) can0 200#03440251033FC000
(1638437023.350872) can0 207#0000000000000000
(1638437023.351115) can0 230#00BE760668000000
(1638437023.351363) can0 425#00FFFFFFFF028000
(1638437023.351600) can0 427#5022827EEB200500
(1638437023.351847) can0 4C0#1F2E4E0000000000
(1638437023.352092) can0 12D#8100000000000000
(1638437023.352332) can0 44D#00400000326042C7
(1638437023.352570) can0 097#0170003001750025
(1638437023.352816) can0 120#0175000000000000
(1638437023.353042) can0 6F6#15228F6CA6722D99
(1638437023.357086) can0 353#5B9E010111941981
(1638437023.366695) can0 12D#8100000000000000
(1638437023.366933) can0 097#0170003001750025
(1638437023.367179) can0 120#0175000000000000
(1638437023.369494) can0 090#02EE003180000000
(1638437023.369744) can0 4B0#0000000000000000
(1638437023.369984) can0 210#21E0F8001021E000
(1638437023.370214) can0 085#03D7857C031E831B
(1638437023.382670) can0 12D#8100000000000000
(1638437023.382906) can0 097#0170003001750025
(1638437023.383153) can0 120#0175000000000000
(1638437023.387580) can0 340#001A000000000000
(1638437023.389504) can0 090#02EE003180000000
(1638437023.389754) can0 4B0#0000000000000000
(1638437023.389994) can0 210#21E0F8001021E000
(1638437023.390223) can0 085#03D7857C031E831B
(1638437023.398671) can0 200#03440251033FC000
(1638437023.398914) can0 12D#8100000000000000
(1638437023.399152) can0 097#0170003001750025
(1638437023.399398) can0 120#0175000000000000
(1638437023.399649) can0 207#0000000000000000
(1638437023.407077) can0 353#5B9E010111941981
(1638437023.409537) can0 090#02EE003180000000
(1638437023.409787) can0 4B0#0000000000000000
(1638437023.410027) can0 210#21E0F8001021E000
(1638437023.410257) can0 085#03D7857C031E831B
(1638437023.414893) can0 230#00BE760668000000
(1638437023.415138) can0 12D#8100000000000000
(1638437023.415376) can0 097#0170003001750025
(1638437023.415623) can0 120#0175000000000000
