(1640260054.241007) can0 720#0210870000000000
(1640260054.242791) can0 728#0250870000000000
(1640260055.248535) can0 720#0227010000000000
(1640260055.252685) can0 728#0567016412240000
(1640260055.258729) can0 720#052702FA8D320000
(1640260055.262834) can0 728#037F273500000000
(1640260060.499402) can0 720#0210870000000000
(1640260060.502371) can0 728#0250870000000000
(1640260061.510710) can0 720#0227010000000000
(1640260061.512574) can0 728#05670132E18D0000
(1640260061.517637) can0 720#052702C40B060000
(1640260061.522706) can0 728#037F273500000000
(1640260067.284053) can0 720#0210870000000000
(1640260067.291333) can0 728#0250870000000000
(1640260068.296575) can0 720#0227010000000000
(1640260068.301355) can0 728#056701692F420000
(1640260068.307216) can0 720#052702027CDC0000
(1640260068.311302) can0 728#037F273500000000
(1640260069.152908) can0 720#0210870000000000
(1640260069.161126) can0 728#0250870000000000
(1640260070.166919) can0 720#0227010000000000
(1640260070.170985) can0 728#056701936B530000
(1640260070.177785) can0 720#05270247F4E60000
(1640260070.181903) can0 728#037F273500000000
(1640260074.198823) can0 720#0210870000000000
(1640260074.200799) can0 728#0250870000000000
(1640260075.206399) can0 720#0227010000000000
(1640260075.210480) can0 728#056701422C900000
(1640260075.216295) can0 720#0527022660710000
(1640260075.220704) can0 728#037F273500000000
(1640260084.745553) can0 720#0210870000000000
(1640260084.749565) can0 728#0250870000000000
(1640260085.754863) can0 720#0227010000000000
(1640260085.759377) can0 728#056701E909890000
(1640260085.764678) can0 720#052702A321B70000
(1640260085.770083) can0 728#037F273500000000
(1640260088.596257) can0 720#0210870000000000
(1640260088.599101) can0 728#0250870000000000
(1640260089.604894) can0 720#0227010000000000
(1640260089.608989) can0 728#0567011EFD8E0000
(1640260089.614651) can0 720#052702FE8E6A0000
(1640260089.619168) can0 728#037F273500000000
(1640260092.948088) can0 720#0210870000000000
(1640260092.958668) can0 728#0250870000000000
(1640260093.964422) can0 720#0227010000000000
(1640260093.968500) can0 728#0567012F69AF0000
(1640260093.973438) can0 720#052702D3E6AB0000
(1640260093.978735) can0 728#037F273500000000
