(1640260991.276292) can0 720#0210870000000000
(1640260991.283860) can0 728#0250870000000000
(1640260995.396024) can0 720#0210870000000000
(1640260995.401776) can0 728#0250870000000000
(1640260996.407633) can0 720#0227010000000000
(1640260996.411760) can0 728#056701B700970000
(1640260996.417531) can0 720#052702C742A80000
(1640260996.421911) can0 728#037F273500000000
(1640260999.919270) can0 720#0210870000000000
(1640260999.921562) can0 728#0250870000000000
(1640261000.926376) can0 720#0227010000000000
(1640261000.931438) can0 728#0567017B72840000
(1640261000.936048) can0 720#052702C3906F0000
(1640261000.945870) can0 728#037F273500000000
(1640261388.791503) can0 720#0210810000000000
(1640261388.797916) can0 728#0250810000000000
(1640261389.807193) can0 720#0227010000000000
(1640261389.809762) can0 728#037F272200000000
(1640261398.910829) can0 720#0210810000000000
(1640261398.918144) can0 728#0250810000000000
(1640261399.924775) can0 720#0227010000000000
(1640261399.931224) can0 728#037F272200000000
(1640261478.801347) can0 720#0210830000000000
(1640261478.811063) can0 728#037F101200000000
(1640261576.194174) can0 720#0210870000000000
(1640261576.204418) can0 728#0250870000000000
(1640261577.210201) can0 720#0227010000000000
(1640261577.219591) can0 728#056701842A6D0000
(1640261577.224624) can0 720#052702DF180A0000
(1640261577.229777) can0 728#037F273500000000
(1640261584.209921) can0 720#0210870000000000
(1640261584.217560) can0 728#0250870000000000
(1640261585.683665) can0 720#0227010000000000
(1640261585.690715) can0 728#056701D976A20000
(1640261585.695306) can0 720#0527021A4D720000
(1640261585.700956) can0 728#037F273500000000
(1640261591.272263) can0 720#0210870000000000
(1640261591.274974) can0 728#0250870000000000
(1640261592.281394) can0 720#0227010000000000
(1640261592.288320) can0 728#056701A10F330000
(1640261592.292656) can0 720#0527027598490000
(1640261592.298456) can0 728#037F273500000000
