U"~^|"
u"zu-za"
u"zu-ZA"
u"ZHI"
u"ZHI"
u"ZHH"
u"ZHH"
u"zh-tw"
u"zh-TW"
u"zh-sg"
u"zh-SG"
u"zh-mo"
u"zh-MO"
u"zh-hk"
u"zh-HK"
u"zh-cn"
u"zh-CN"
u"zh-cht"
u"zh-CHT"
u"zh-chs"
u"zh-CHS"
u"ZAF"
u"ZAF"
u"xh-za"
u"xh-ZA"
u"Wednesday"
u"Wed"
u"vi-vn"
u"vi-VN"
u"uz-uz-latn"
u"uz-UZ-Latn"
u"uz-uz-cyrl"
u"uz-UZ-Cyrl"
u"utf8"
u"utf-8"
u"user32"
u"usa"
u"USA"
u"USA"
u"USA"
u"ur-pk"
u"ur-PK"
u"united-states"
u"united-kingdom"
u"uk-ua"
u"uk-UA"
u"Tuesday"
u"Tue"
u"TTO"
u"tt-ru"
u"tt-RU"
u"trinidad & tobago"
u"tr-tr"
u"tr-TR"
u"tn-za"
u"tn-ZA"
u"Thursday"
u"Thu"
u"th-th"
u"th-TH"
u"te-in"
u"te-IN"
u"ta-in"
u"ta-IN"
u"syr-sy"
u"syr-SY"
u"syr"
u"swiss"
u"swedish-finland"
u"sw-ke"
u"sw-KE"
u"SVK"
u"SVF"
u"sv-se"
u"sv-SE"
u"sv-fi"
u"sv-FI"
u"Sunday"
u"Sun"
u"sr-sp-latn"
u"sr-SP-Latn"
u"sr-sp-cyrl"
u"sr-SP-Cyrl"
u"sr-ba-latn"
u"sr-BA-Latn"
u"sr-ba-cyrl"
u"sr-BA-Cyrl"
u"sq-al"
u"sq-AL"
u"spanish-venezuela"
u"spanish-uruguay"
u"spanish-puerto rico"
u"spanish-peru"
u"spanish-paraguay"
u"spanish-panama"
u"spanish-nicaragua"
u"spanish-modern"
u"spanish-mexican"
u"spanish-honduras"
u"spanish-guatemala"
u"spanish-el salvador"
u"spanish-ecuador"
u"spanish-dominican republic"
u"spanish-costa rica"
u"spanish-colombia"
u"spanish-chile"
u"spanish-bolivia"
u"spanish-argentina"
u"south-korea"
u"south-africa"
u"south korea"
u"south africa"
u"sms-fi"
u"sms-FI"
u"smn-fi"
u"smn-FI"
u"smj-se"
u"smj-SE"
u"smj-no"
u"smj-NO"
u"sma-se"
u"sma-SE"
u"sma-no"
u"sma-NO"
u"slovak"
u"sl-si"
u"sl-SI"
u"sk-sk"
u"sk-SK"
u"September"
u"Sep"
u"se-se"
u"se-SE"
u"se-no"
u"se-NO"
u"se-fi"
u"se-FI"
u"Saturday"
u"Sat"
u"sa-in"
u"sa-IN"
u"Runtime Error!\n\nProgram: "
u"ru-ru"
u"ru-RU"
u"ro-ro"
u"ro-RO"
U"R\rS\rW"
u"quz-pe"
u"quz-PE"
u"quz-ec"
u"quz-EC"
u"quz-bo"
u"quz-BO"
u"puerto-rico"
u"PTB"
u"pt-pt"
u"pt-PT"
u"pt-br"
u"pt-BR"
u"PRI"
u"pr-china"
u"pr china"
u"portuguese-brazilian"
u"pl-pl"
u"pl-PL"
u"pa-in"
u"pa-IN"
u"October"
u"Oct"
u"OCP"
u"NZL"
u"NZL"
u"ntdll"
u"ns-za"
u"ns-ZA"
u"November"
u"Nov"
u"norwegian-nynorsk"
u"norwegian-bokmal"
u"norwegian"
u"NOR"
u"NOR"
u"NON"
u"nn-no"
u"nn-NO"
u"NLD"
u"NLB"
u"NLB"
u"nl-nl"
u"nl-NL"
u"nl-be"
u"nl-BE"
u"new-zealand"
u"nb-no"
u"nb-NO"
u"mt-mt"
u"mt-MT"
u"mscoree.dll"
u"ms-my"
u"ms-MY"
u"ms-bn"
u"ms-BN"
u"mr-in"
u"mr-IN"
u"Monday"
u"Mon"
u"mn-mn"
u"mn-MN"
u"MM/dd/yy"
u"ml-in"
u"ml-IN"
u"mk-mk"
u"mk-MK"
u"Microsoft Visual C++ Runtime Library"
u"mi-nz"
u"mi-NZ"
u"May"
u"March"
u"Mar"
u"lv-lv"
u"lv-LV"
u"lt-lt"
u"lt-LT"
u"LC_TIME"
u"LC_NUMERIC"
u"LC_MONETARY"
u"LC_CTYPE"
u"LC_COLLATE"
u"LC_ALL"
U"l\rm p"
u"ky-kg"
u"ky-KG"
u"KOR"
u"KOR"
u"kok-in"
u"kok-IN"
u"kok"
u"ko-kr"
u"ko-KR"
u"kn-in"
u"kn-IN"
u"kk-kz"
u"kk-KZ"
u"kernel32"
u"kernel32"
u"ka-ge"
u"ka-GE"
u"June"
u"Jun"
u"July"
u"Jul"
u"jjjjj"
u"jjj"
u"January"
u"Jan"
u"ja-jp"
u"ja-JP"
u"ITS"
u"italian-swiss"
u"it-it"
u"it-IT"
u"it-ch"
u"it-CH"
u"is-is"
u"is-IS"
u"irish-english"
u"id-id"
u"id-ID"
u"hy-am"
u"hy-AM"
u"hu-hu"
u"hu-HU"
u"hr-hr"
u"hr-HR"
u"hr-ba"
u"hr-BA"
u"hong-kong"
u"holland"
u"HKG"
u"hi-in"
u"hi-IN"
u"HH:mm:ss"
u"he-il"
u"he-IL"
u"gu-in"
u"gu-IN"
u"great britain"
u"gl-es"
u"gl-ES"
u"german-swiss"
u"german-luxembourg"
u"german-lichtenstein"
u"german-austrian"
u"GBR"
u"GBR"
u"GBR"
u"GBR"
u"GBR"
u"FRS"
u"FRL"
u"Friday"
u"Fri"
u"french-swiss"
u"french-luxembourg"
u"french-canadian"
u"french-belgian"
u"FRC"
u"FRB"
u"fr-mc"
u"fr-MC"
u"fr-lu"
u"fr-LU"
u"fr-fr"
u"fr-FR"
u"fr-ch"
u"fr-CH"
u"fr-ca"
u"fr-CA"
u"fr-be"
u"fr-BE"
u"fo-fo"
u"fo-FO"
u"fi-fi"
u"fi-FI"
u"February"
u"Feb"
u"fa-ir"
u"fa-IR"
u"ext-ms-win-ntuser-windowstation-l1-1-0"
u"ext-ms-win-ntuser-dialogbox-l1-1-0"
u"ext-ms-"
u"ext-ms-"
u"eu-es"
u"eu-ES"
u"et-ee"
u"et-EE"
u"ESZ"
u"ESY"
u"ESV"
u"ESU"
u"ESS"
u"ESR"
u"ESO"
u"ESN"
u"ESM"
u"ESL"
u"ESI"
u"ESH"
u"ESG"
u"ESF"
u"ESE"
u"ESD"
u"ESC"
u"ESB"
u"ESA"
u"es-ve"
u"es-VE"
u"es-uy"
u"es-UY"
u"es-sv"
u"es-SV"
u"es-py"
u"es-PY"
u"es-pr"
u"es-PR"
u"es-pe"
u"es-PE"
u"es-pa"
u"es-PA"
u"es-ni"
u"es-NI"
u"es-mx"
u"es-MX"
u"es-hn"
u"es-HN"
u"es-gt"
u"es-GT"
u"es-es"
u"es-ES"
u"es-ec"
u"es-EC"
u"es-do"
u"es-DO"
u"es-cr"
u"es-CR"
u"es-co"
u"es-CO"
u"es-cl"
u"es-CL"
u"es-bo"
u"es-BO"
u"es-ar"
u"es-AR"
u"ENZ"
u"ENU"
u"ENU"
u"ENU"
u"ENU"
u"ENU"
u"ENU"
u"ENU"
u"ENU"
u"ENT"
u"ENS"
u"ENL"
u"ENJ"
u"ENI"
u"ENI"
u"english-usa"
u"english-us"
u"english-uk"
u"english-trinidad y tobago"
u"english-south africa"
u"english-nz"
u"english-jamaica"
u"english-ire"
u"english-caribbean"
u"english-can"
u"english-belize"
u"english-aus"
u"english-american"
u"england"
u"ENG"
u"ENG"
u"ENC"
u"ENC"
u"ENB"
u"ENA"
u"ENA"
u"en-zw"
u"en-ZW"
u"en-za"
u"en-ZA"
u"en-us"
u"en-US"
u"en-tt"
u"en-TT"
u"en-ph"
u"en-PH"
u"en-nz"
u"en-NZ"
u"en-jm"
u"en-JM"
u"en-ie"
u"en-IE"
u"en-gb"
u"en-GB"
u"en-cb"
u"en-CB"
u"en-ca"
u"en-CA"
u"en-bz"
u"en-BZ"
u"en-au"
u"en-AU"
u"el-gr"
u"el-GR"
u"dutch-belgian"
u"div-mv"
u"div-MV"
u"div"
u"DES"
u"DES"
u"DEL"
u"December"
u"DEC"
u"Dec"
u"DEA"
u"de-lu"
u"de-LU"
u"de-li"
u"de-LI"
u"de-de"
u"de-DE"
u"de-ch"
u"de-CH"
u"de-at"
u"de-AT"
u"dddd, MMMM dd, yyyy"
u"da-dk"
u"da-DK"
u"czech"
u"CZE"
u"cy-gb"
u"cy-GB"
u"cs-cz"
u"cs-CZ"
u"CONOUT$"
u"CHT"
u"CHS"
u"CHS"
u"CHN"
u"CHN"
u"CHN"
u"chinese-traditional"
u"chinese-singapore"
u"chinese-simplified"
u"chinese-hongkong"
u"chinese"
u"china"
u"chi"
u"chh"
u"canadian"
u"ca-es"
u"ca-ES"
u"bs-ba-latn"
u"bs-BA-Latn"
u"britain"
u"bn-in"
u"bn-IN"
u"bg-bg"
u"bg-BG"
u"belgian"
u"be-by"
u"be-BY"
u"az-az-latn"
u"az-AZ-Latn"
u"az-az-cyrl"
u"az-AZ-Cyrl"
u"australian"
u"August"
u"Aug"
u"ar-ye"
u"ar-YE"
u"ar-tn"
u"ar-TN"
u"ar-sy"
u"ar-SY"
u"ar-sa"
u"ar-SA"
u"ar-qa"
u"ar-QA"
u"ar-om"
u"ar-OM"
u"ar-ma"
u"ar-MA"
u"ar-ly"
u"ar-LY"
u"ar-lb"
u"ar-LB"
u"ar-kw"
u"ar-KW"
u"ar-jo"
u"ar-JO"
u"ar-iq"
u"ar-IQ"
u"ar-eg"
u"ar-EG"
u"ar-dz"
u"ar-DZ"
u"ar-bh"
u"ar-BH"
u"ar-ae"
u"ar-AE"
u"April"
u"Apr"
u"api-ms-win-security-systemfunctions-l1-1-0"
u"api-ms-win-rtcore-ntuser-window-l1-1-0"
u"api-ms-win-core-xstate-l2-1-0"
u"api-ms-win-core-winrt-l1-1-0"
u"api-ms-win-core-sysinfo-l1-2-1"
u"api-ms-win-core-synch-l1-2-0"
u"api-ms-win-core-synch-l1-2-0"
u"api-ms-win-core-string-l1-1-0"
u"api-ms-win-core-processthreads-l1-1-2"
u"api-ms-win-core-localization-obsolete-l1-2-0"
u"api-ms-win-core-localization-l1-2-1"
u"api-ms-win-core-file-l1-2-2"
u"api-ms-win-core-fibers-l1-1-1"
u"api-ms-win-core-fibers-l1-1-1"
u"api-ms-win-core-datetime-l1-1-1"
u"api-ms-win-appmodel-runtime-l1-1-2"
u"api-ms-"
u"api-ms-"
u"american-english"
u"american"
u"american english"
u"america"
u"af-za"
u"af-ZA"
u"advapi32"
u"ACP"
U"A\rC"
u"_.,"
u"<program name unknown>"
U";=C"
U"/%<"
u"..."
U"-`'"
U"-+&"
U",_."
u"(null)"
U"!\r5"
u"      (                          "
u"         (((((                  H"
u"         (((((                  H"
"~Nj"
"~D$"
"~D$"
"~\rW"
"~\rW"
"~\rW"
"~\rW"
"~\rW"
"~\rV"
"~\rSP"
"~\"W"
"~@S"
"~@S"
"~@P"
"~@P"
"~@P"
"~@P"
"~@P"
"~@P"
"~@P"
"~@P"
"~@P"
"~@P"
"~@P"
"~@P"
"~@P"
"~@P"
"~@P"
"~@P"
"~@P"
"~@P"
"~4W"
"~4W"
"~4SW"
"~4SW"
"~4SW"
"~4SW"
"~4SW"
"~4SW"
"~4SW"
"~4SW"
"~4SW"
"~4SW"
"~4SW"
"~4SW"
"~4SW"
"~4SW"
"~4SW"
"~4SW"
"~43"
"~43"
"~43"
"~43"
"~43"
"~43"
"~2*t"
"~2*t"
"~2*t"
"~2*t"
"~1WPQ"
"~1*t"
"~1*t"
"~1*t"
"~1*t"
"~0Sf"
"~-3"
"~+W"
"~);^"
"~!Sf"
"~ S"
"~ S"
"~ S"
"~ $s%r"
"}s\"="
"}m?"
"}fL"
"}]9"
"}'9E"
"}' "
"}$3"
"|}f"
"|j@hT"
"|2j"
"|0)"
"|0("
"|+;"
"|'3"
"|%=2"
"|$,"
"{for "
"{flat}"
"Zw\""
"Zv\t"
"Zv\t"
"zu`"
"zu3"
"zu3"
"zu3"
"zu3"
"zu3"
"zu3"
"zSSSSj"
"Zf;"
"Zf;"
"Z8]"
"YZX"
"YZX"
"YYV"
"YYt$h$"
"YYt"
"YYt"
"YYS"
"YYPV"
"YYP"
"YYP"
"YYj`"
"YYj["
"YYj,Z"
"YYj)"
"YYh|"
"YYhd"
"YYf"
"YY_^"
"YY_"
"YY_"
"YY_"
"YY_"
"YY^]"
"YY^["
"YY^["
"YY^"
"YY^"
"YY]"
"YY]"
"YY]"
"YY]"
"YY]"
"YY]"
"YY]"
"YY]"
"YY]"
"YY]"
"YY]"
"YY]"
"YY]"
"YY]"
"YY]"
"YY]"
"YY]"
"YY]"
"YY]"
"YY]"
"YY]"
"YY]"
"YY]"
"YY]"
"YY]"
"YY]"
"YY]"
"YY]"
"YY]"
"YY]"
"YY]"
"YY]"
"YY]"
"YY]"
"YY]"
"YY]"
"YY]"
"YY]"
"YY]"
"YY]"
"YY]"
"YY]"
"YY]"
"YY]"
"YY]"
"YY]"
"YY]"
"YY]"
"YY]"
"YY]"
"YY]"
"YY]"
"YY]"
"YY]"
"YY]"
"YY]"
"YY]"
"YY]"
"YY]"
"YY]"
"YY]"
"YY]"
"YY]"
"YY]"
"YY]"
"YY]"
"YY]"
"YY]"
"YY]"
"YY]"
"YY]"
"YY]"
"YY]"
"YY]"
"YY]"
"YY]"
"YY;"
"YY;"
"YY;"
"YY;"
"YY;"
"YY;"
"YY;"
"YY8]"
"YY3"
"YY3"
"YY3"
"YY3"
"YY3"
"Yw1"
"Yub"
"Ytl"
"Ytl"
"Yt\nj"
"Yt\nj"
"Yt\nj"
"Yt\nj"
"Yt'"
"YjP"
"Yj`"
"Yj`"
"Yj<"
"Yj<"
"Yj,"
"Yj,"
"Yj,"
"Yj("
"Yj "
"Yj "
"Yj "
"Yj "
"Yf;"
"Yf;"
"Yf;"
"Yf;"
"Yf;"
"Yf9"
"ycg"
"Y_V"
"Y__^["
"Y__^["
"Y_^]"
"Y_^]"
"Y_^]"
"Y_^[]"
"Y_^["
"Y_^["
"Y_^["
"Y_^["
"Y_^["
"Y_^["
"Y_^["
"Y_^["
"Y_^["
"Y_^["
"Y_^["
"Y_^["
"Y_^["
"Y_^["
"Y_^["
"Y_^["
"Y_^["
"Y_^["
"Y_^"
"Y_^"
"Y_[^]"
"Y_["
"Y_["
"Y^W"
"Y^W"
"Y^]"
"Y^]"
"Y^]"
"Y^]"
"Y^]"
"Y^]"
"Y^]"
"Y^[]"
"Y^["
"y\rR"
"Y;w"
"Y;w"
"Y;F"
"Y9F"
"y6S"
"y2*"
"y2*"
"y2*"
"y2*"
"y2*"
"y2*"
"y2*"
"y2*"
"y1*"
"y1*"
"y1*"
"y1*"
"y1*"
"y1*"
"y1*"
"y1*"
"xwpwpp"
"Xu\r"
"Xu\r"
"Xu\r"
"Xu\r"
"Xu\r"
"Xu\r"
"Xu\\"
"Xu\\"
"Xu\\"
"Xu\\"
"Xu\\"
"Xu\\"
"Xu3@"
"Xt\t"
"Xt\t"
"Xt\t"
"Xt\t"
"Xt\t"
"Xt\t"
"Xt\nf"
"Xt\nf"
"xpxxxx"
"xO9"
"xNS"
"xL9"
"xi;5"
"XhP"
"xg;5"
"Xf;"
"Xf;"
"Xf;"
"Xf;"
"Xf;"
"Xf;"
"xE;5"
"xE;5"
"xb3"
"X_^]"
"X_^]"
"X_["
"x\"#"
"x<f"
"x<f"
"x<f"
"x<f"
"X404_IP_SECURITY"
"X404_DIESEL_ECM_SECURITY"
"X204_DIESEL_ECM_SECURITY"
"x0;"
"x0;"
"x0;"
"X/4B"
"x);"
"x);"
"x);"
"x';\r"
"x$;\r"
"x!j$Xf9"
"x!j$Xf9"
"wXC"
"WWWWW"
"WWWWW"
"WWWWW"
"WWWWW"
"WWW"
"WWW"
"WWV"
"WWS"
"WWS"
"WWR"
"WWR"
"wWr"
"WWP"
"WWj"
"WWj"
"WW#"
"WVU3"
"WVS"
"WVP"
"WVP"
"WVh"
"Wu;j"
"Wu;j"
"Wu5j"
"Wu5j"
"WtBv6"
"Wt\t"
"WSVPP"
"WriteFile"
"WriteConsoleW"
"WQSj\t"
"WQh"
"WPW"
"WPW"
"WPV"
"WPh"
"wP+"
"wlf"
"WjU"
"Wj\t"
"Wj0XPV"
"Wj.Y"
"Wj _"
"WideCharToMultiByte"
"Wht3"
"WHPh"
"Wh?"
"Wh?"
"wGt>"
"wEj"
"Wednesday"
"Wed"
"wchar_t"
"WB3"
"w`f"
"w`f"
"w\tf;"
"w\rf"
"w\nk"
"w@r"
"w>t6;"
"w>t6;"
"w>t6;"
"w>t6;"
"w>t6;"
"w>t6;"
"W<=t"
"w;I"
"W9}"
"w.t("
"w+j"
"w(tQ"
"w(te"
"w(f"
"w(@\t"
"w'tN"
"W&|."
"W%'"
"w#tN"
"W f"
"W f"
"V~%"
"V}2"
"V|%"
"VWt"
"VWP"
"VWP"
"VWP"
"VWj=S"
"VWj"
"VWj"
"VWhd"
"VWh"
"VWh"
"VW;"
"VW3"
"VW3"
"VVVVV"
"VVVVV"
"VVVVV"
"VVVVV"
"VuH"
"VSj"
"VRQ"
"vR=1"
"VPW"
"VPRQ"
"vP+"
"volatile"
"volatile "
"void"
"void "
"Vj\t"
"Vj\t"
"Vj\t"
"Vj\t"
"Vj\n"
"Vj\n"
"Vj0S"
"Vj0^"
"virtual "
"Vhx*"
"Vhp,"
"VhD,"
"Vh?"
"Vh +"
"Vf9"
"Vf9"
"Vf#"
"vAj"
"v\tN+D$"
"v\tN+D$"
"v\tj"
"v>=1"
"v;=1"
"v:k"
"V8^["
"V8^["
"V8^["
"V8^["
"V8^"
"V8^"
"V8^"
"V8^"
"V8]"
"v8=."
"v5j0"
"V2jx_f;"
"V2jx_f;"
"V2jx_f;"
"V2jx_f;"
"V2jx_f;"
"V2jx_f;"
"v2!L.2"
"v.j"
"v*j"
"v*="
"v(PQ"
"v(PQ"
"v(PQ"
"v(PQ"
"v(PQ"
"v(PQ"
"v(PQ"
"v(PQ"
"v(PQ"
"v(PQ"
"v(PQ"
"v(PQ"
"v(j"
"v#WP"
"u{9]"
"uYj"
"uX9^\\"
"ux3"
"ux3"
"UVWS"
"uvQQ"
"uU+"
"UtV"
"UtQ"
"utp"
"ut\n"
"ut\n"
"ut\n"
"ut\n"
"ut\n"
"ut\n"
"Us-"
"URPQQh"
"urf"
"UQPXY]Y["
"uqj"
"UPj"
"up8M"
"up8M"
"uP3"
"uOj\nX"
"unWQ"
"unsigned "
"UNKNOWN"
"Unknown exception"
"uNj"
"union "
"UnhandledExceptionFilter"
"uLQQ"
"ulj"
"ulhh"
"uLh"
"ukf"
"uk!U"
"uk!U"
"uJj"
"ui3"
"ui3"
"uHSW"
"Uf9]"
"uEj"
"uEd"
"ue3"
"ue3"
"udf"
"ud_^["
"ud;"
"uCW"
"uCj\n_"
"uah"
"u^f"
"u]3"
"u]3"
"u\tW"
"u\tV"
"u\tV"
"u\tSW"
"u\tSW"
"u\tSW"
"u\tSW"
"u\tSW"
"u\tSW"
"u\tSW"
"u\tSW"
"u\tSW"
"u\tSW"
"u\tSW"
"u\tSW"
"u\tP"
"u\tP"
"u\tP"
"u\tj,"
"u\tj"
"u\tf9"
"u\tf"
"u\tf"
"u\tf"
"u\tf"
"u\tf"
"u\t;"
"u\t9^"
"u\t3"
"u\t3"
"u\t!FX@"
"u\rj"
"u\rj"
"u\rH"
"u\rf9A"
"u\r\r"
"u\r\r"
"u\r\r"
"u\nj"
"u\nf"
"u\n\r"
"u\n9"
"u\n9"
"u\n9"
"u\n9"
"u\\8"
"u\"V"
"u\"k\r"
"u\"h"
"u\"9"
"u\"9"
"u?j"
"u=j\n^"
"u=j"
"u<WW"
"u<="
"u:+"
"u9S"
"u9jAXf;"
"u9f9"
"u8+"
"u7SS"
"u7SS"
"u7+"
"u6V"
"u5hx"
"u5f"
"u4j"
"u3V"
"u3j,"
"u3f"
"u2Wj"
"u2Vj@h"
"u29K\\t-"
"u1j"
"u1f9"
"u0j"
"u/j"
"u/h"
"u/:"
"u/:"
"u/9E"
"u.W"
"u.V"
"u-jAXf;"
"u-j"
"u-h"
"u-d"
"u-d"
"u,t6"
"u,P"
"u,9"
"u,9"
"u+j"
"u+f"
"u(hP"
"u(h"
"u(h "
"u'V"
"u'V"
"u'9E"
"u'9E"
"u'9E"
"u'9E"
"u'9E"
"u'9E"
"u&j"
"u&j"
"u&3"
"u%j"
"u$Q"
"u$PW"
"u$j"
"u$j"
"u$j "
"u$f"
"u#j"
"u#8H"
"u#3"
"u!h"
"u!%"
"u WV"
"u W"
"u V"
"u SW"
"u SV"
"u Rj"
"u PWQR"
"u P"
"u j"
"t|W"
"t|j\n3"
"t|hp"
"tZj"
"tYW"
"tYV"
"tXS"
"tVI"
"tVI"
"tVI"
"tVI"
"tVI"
"tVI"
"tVI"
"tVI"
"tVH"
"tVH"
"tVH"
"tVH"
"tVH"
"tVH"
"tV3"
"tuh"
"Tuesday"
"Tue"
"tTW"
"tTSV"
"Ttm"
"ttj\n3"
"tT="
"tT="
"Tt)jhZf;"
"Tt)jhZf;"
"Tt)jhZf;"
"Tt)jhZf;"
"Tt)jhZf;"
"Tt)jhZf;"
"TSVW"
"tS3"
"tS3"
"TS3"
"tRW"
"tRV"
"tR<0|"
"tQ3"
"tPS"
"tP3"
"tP3"
"tP3"
"tP+"
"tohd"
"tNj"
"tnf9"
"tM="
"TlsSetValue"
"TlsGetValue"
"TlsFree"
"TlsAlloc"
"tlj*Yf"
"tL="
"tl="
"tKSj"
"tKSj"
"tKSj"
"tKSj"
"tKSj"
"tKSj"
"tKhp"
"tKA"
"tK=3"
"tjj_S"
"tJj"
"tjh\\3"
"tJ<_t<<$t8<<t4<>t0<-t,<a|"
"tiV"
"tiV"
"tIS3"
"tIj,Z"
"thW"
"Thursday"
"Thu"
"tHSVWP"
"tH9] uC"
"th3"
"th3"
"th3"
"tGj"
"tGhd"
"tG3"
"tFj"
"tF2"
"TerminateProcess"
"template-parameter-"
"tehd"
"tEf"
"tcj"
"tcj"
"tAW"
"tanh"
"tan"
"tA="
"t`;M"
"t_f"
"t^WjU"
"t^I"
"t^I"
"t^I"
"t^I"
"t^6"
"t]W"
"t]W"
"t\tV"
"t\tV"
"t\tS"
"t\tPQ"
"t\tj\rXf"
"t\tf;E"
"t\tf"
"t\tf"
"t\tf"
"t\tf"
"t\tf"
"t\tf"
"t\tf"
"t\tA"
"t\t;"
"t\t3"
"t\rVVS"
"t\rVVS"
"t\rV"
"t\rV"
"t\rV"
"t\rV"
"t\rQSj W"
"t\rQSj W"
"t\rQSj W"
"t\rQSj W"
"t\rQSj W"
"t\rQSj W"
"t\rP"
"t\rj"
"t\rj"
"t\rj"
"t\rh"
"t\rf;1u"
"t\rf9>t"
"t\rf9>t"
"t\rf"
"t\rf"
"t\rf"
"t\rf"
"t\rf"
"t\r="
"t\r;"
"t\r9u"
"t\r3"
"t\nW"
"t\nV"
"t\nQ"
"t\nP"
"t\nk"
"t\nk"
"t\nj"
"t\nj"
"t\nf"
"t\nf"
"t\n@"
"t\\h"
"t\\3"
"t\"W"
"t\"j"
"t\"j "
"t\"j "
"t\"H"
"t\"="
"t\"="
"t\"3"
"t\"3"
"t[S"
"t[S"
"t[H"
"t[H"
"t[H"
"t[H"
"t[H"
"t[H"
"t[9}"
"t@W"
"t@V3"
"t@f;"
"T@b"
"t>9}"
"t=V"
"t=Sj"
"t=Sj"
"t=Sj"
"t=Sj"
"t=Sj"
"t=Sj"
"t=S"
"t=S"
"t=S"
"t=j"
"t=="
"t<3"
"t:V"
"t:j"
"t:f;"
"t:B"
"t9Wj"
"t9V"
"t93"
"t8j"
"t8CB"
"T8)"
"T8("
"t7U"
"t7S"
"t7j"
"t7=3"
"t7="
"t6P"
"t6j("
"t5SW"
"t5j"
"t5="
"t5="
"t5="
"t5;E"
"t4hb3"
"t4=3"
"t4<A|)<P"
"t4+"
"t4+"
"t3SVj"
"t3j="
"t2j("
"t2j "
"t2j "
"t2="
"t2="
"t2;u"
"t1S"
"t1RWV"
"t1j"
"t1;"
"t0W"
"t0SV"
"t0QW"
"t0h(*"
"t0h"
"t/h"
"t/;"
"t/%"
"t.W"
"t.j"
"t.j"
"t.;"
"t.3"
"t-Wf"
"t-V"
"t-f9"
"t,j"
"t,;"
"t+hD"
"t+h"
"t*W"
"t*S"
"t*j"
"t*f"
"t)W3"
"t)H"
"t)+"
"t(Sj"
"t(hD"
"t(h\\"
"t(h"
"t(h"
"t'V"
"t'f"
"t'f"
"t'\n"
"t'@"
"t'="
"t'="
"t'="
"t'="
"t&V"
"t&V"
"t&S"
"t&S"
"t&S"
"t&S"
"t&S"
"t&="
"t%V"
"t%S"
"t%j"
"t%j"
"t%j"
"t%="
"t%="
"t%="
"t%+"
"t$W"
"t$j "
"T$4"
"t#Wj"
"t#Vh"
"t#V"
"t#j["
"t#H"
"t#H"
"t#H"
"t#H"
"t#=`"
"t#="
"t!W"
"t!VP"
"t!j"
"t!j"
"t!+"
"t V"
"t V"
"t k"
"t k"
"t hL"
"t h"
"t h"
"t G"
"t f;E"
"t d"
"t d"
"t ="
"t 3"
"SystemFunction036"
"sXS"
"SWu["
"SWu["
"SWu["
"SWu["
"SWt@jU"
"SWt"
"SWP"
"SWj=V"
"SWj P"
"SWj P"
"SWj P"
"SWj P"
"SWj P"
"SWj P"
"SW3"
"SW3"
"SW3"
"SW3"
"SW+"
"SVWW"
"SVWUj"
"SVWj"
"SVWj"
"SVWj"
"SVWf9"
"SVW3"
"SVW3"
"SVW3"
"SVW"
"SVW"
"SVW"
"SVW"
"SVW"
"SVW"
"SVW"
"SVW"
"SVW"
"SVW"
"SVW"
"SVW"
"SVW"
"SVW"
"SVW"
"SVW"
"SVW"
"SVW"
"SVW"
"SVW"
"SVW"
"SVW"
"SVW"
"SVW"
"SVW"
"SVW"
"SVW"
"SVW"
"SVW"
"SVW"
"SVW"
"SVW"
"SVW"
"SVW"
"SVW"
"SVW"
"SVW"
"SVW"
"SVW"
"SVW"
"SVW"
"SVW"
"SVW"
"SVW"
"SVW"
"SVW"
"SVW"
"SVW"
"SVW"
"SVW"
"SVW"
"SVtB"
"SVRQ"
"SVRQ"
"SVRQ"
"SVRQ"
"SVP"
"SVP"
"SVP"
"SVP"
"SVj"
"SVj"
"SVj"
"SVhL"
"SVh\\*"
"SVh"
"SVh"
"SV3"
"SV3"
"SV3"
"Sunday"
"Sun"
"stU;"
"stU;"
"struct "
"stL"
"stj;"
"stj;"
"stj;"
"std;"
"std::nullptr_t"
"std::nullptr_t "
"static "
"St`"
"St\n"
"St)"
"St#~"
"SSW"
"SSW"
"SSVWh "
"SSSSS"
"SSSSS"
"SSSSS"
"SSSSS"
"SSSSS"
"SSSSS"
"SSSSS"
"SSSSS"
"SSSSj"
"SSSSj"
"SSSQ"
"SSS"
"SSQj\nRWN"
"ssN"
"ssN"
"SSj"
"SSj"
"SSj"
"SSj"
"SS3"
"sqrt"
"SPSVQ"
"SPS"
"SPjdVQ"
"SPj\nVQ"
"Sj\t"
"Sj\t"
"Sj\n"
"Sj\n"
"Sj\n"
"Sj\n"
"Sj\n"
"Sj\n"
"Sj\n"
"Sj\n"
"Sj\n"
"Sj\n"
"Sj\n"
"Sj\n"
"sinh"
"sin"
"signed "
"SIEMENS_RCM_SECURITY"
"SIEMENS_PCM_SECURITY"
"short"
"short "
"SetUnhandledExceptionFilter"
"SetThreadStackGuarantee"
"SetStdHandle"
"SetLastError"
"SetFilePointerEx"
"SetEnvironmentVariableW"
"SetConsoleCtrlHandler"
"September"
"Sep"
"SECALG_GetSecurityKey"
"SECALG_ComputeSecurityKey"
"SecAlg.dll"
"Saturday"
"Sat"
"s\r;"
"s>f"
"s:f"
"s49}"
"s49}"
"s49}"
"s49}"
"s49}"
"s49}"
"rzf;u"
"rW9_"
"rVf;u"
"RtSO"
"Rtp"
"Rto"
"RtlUnwind"
"rtf;u"
"Rt1"
"RSV"
"RSDS"
"rr\tjrZ"
"rr\tjrZ"
"rr\tjrZ"
"rr\tjrZ"
"RQh"
"RPQ"
"RPQ"
"rPf;u"
"RoUninitialize"
"RoInitialize"
"rm;"
"rm;"
"rj\r"
"Rich"
"Rhy_"
"rhf;u"
"rg;"
"rg;"
"restrict("
"ReadFile"
"ReadConsoleW"
"rbf;u"
"RaiseException"
"rAf;"
"R\tE]"
"r\nu"
"r\nB"
"r;f;"
"r49z"
"r)w"
"r)f;"
"r';"
"r#f;"
"QWWP"
"QWWP"
"QWPV"
"QVW"
"qVJ"
"QVj"
"QVj"
"QVj"
"Qvf;"
"Qvf;"
"Qvf;"
"Qvf;"
"Qvf;"
"Qvf;"
"Qvf;"
"qvf;"
"qvf;"
"qvf;"
"qvf;"
"qvf;"
"qvf;"
"qvf;"
"QV3"
"QV3"
"QueryPerformanceCounter"
"QSW"
"QSVW"
"QSVW"
"QSVW"
"QSVW"
"QSVW"
"QSVW"
"QSVW"
"QSVW"
"QSVW"
"QSVW"
"QSVW"
"QSVW"
"QSVW"
"QSVW"
"QSVW"
"QSVW"
"QSV"
"QSV"
"QSV"
"QSV"
"QSV"
"QSV"
"QSV"
"QSV"
"QSV"
"QSV"
"QSV"
"QSV"
"QSV"
"QSV"
"QSV"
"QSV"
"QSV"
"QSV"
"QSV"
"QRP"
"QQW"
"QQVW"
"QQVW"
"QQV3"
"QQV"
"QQV"
"QQV"
"QQV"
"QQV"
"QQV"
"QQV"
"QQV"
"QQV"
"QQSVWd"
"QQSVW"
"QQSVW"
"QQSVW"
"QQSVW"
"QQSVW"
"QQSVj8j@"
"QQSV"
"QQSV"
"QQSV"
"QQSV"
"QQSV"
"QQSV"
"QQSV"
"QQSV"
"QQSV"
"QQSV"
"QQSV"
"QQSV"
"QQSV"
"QQSV"
"QQSV"
"QQSV"
"QQSV"
"QQS"
"QQS"
"QQS"
"QQS"
"QQS"
"QQS"
"QQQP"
"QQQP"
"QQf"
"QPQ"
"QPj"
"QPj"
"QPj"
"Qh|"
"Qf9]"
"q=v"
"Q-8"
"Q(t"
"Q(t"
"Q(t"
"Q(t"
"Q(t"
"Q(t"
"Q(t"
"Q(t"
"Q$t"
"Q$t"
"Q$t"
"Q$t"
"Q$t"
"Q$t"
"Q$t"
"Q$t"
"Q j"
"Q j"
"Q j"
"Q j"
"Q j"
"Q j"
"Q j"
"Q j"
"Q j"
"Q j"
"Q j"
"Q j"
"PWWS"
"PWWQ"
"pwUtG"
"pwUtG"
"pwUtG"
"pwUtG"
"pwUtG"
"pwUtG"
"PWS"
"PWjUR"
"PWjU"
"PWj"
"PWj"
"PWj"
"PVW"
"PVW"
"PVW"
"PVW"
"PVW"
"PVQR"
"PVQ"
"PVj@"
"PVj"
"PVh"
"public: "
"Pu!"
"Pti"
"Ptf"
"Pt\""
"Pt,"
"PSSQ"
"PSS"
"PSS"
"PSR"
"PSQ"
"PSQ"
"PSQ"
"PSQ"
"PSQ"
"PSQ"
"PSj W"
"PSj W"
"PSj W"
"PSj W"
"PSj W"
"PSj W"
"PSh"
"PS3"
"PRQ"
"PRQ"
"PRPQh"
"protected: "
"private: "
"PQW"
"PQSVW"
"PQSVW"
"PQSVW"
"PQSVW"
"PQSVW"
"PQR"
"PQQ"
"PQQ"
"PQQ"
"PQQ"
"PQQ"
"PQQ"
"PQQ"
"PQh"
"PPPPPWS"
"PPPPPPPP"
"PPPPP"
"PPPPP"
"PPPPP"
"PPPPP"
"PPPPP"
"PPPPP"
"PPPPP"
"PPPPP"
"PPPPP"
"PPPPP"
"PPPPP"
"PPPPP"
"PPPPP"
"PPPPP"
"PPPPP"
"PPPPP"
"PPPPj"
"PPP"
"PPP"
"PPP"
"PPP"
"PPj"
"PPj"
"PP9E u<PPVWP"
"pow"
"pLh"
"PjU"
"PjU"
"PjU"
"Pj@"
"Pj-"
"Pj)W"
"Pj)W"
"Pj(W"
"Pj(W"
"Pj W"
"Pj W"
"Pj "
"PhW"
"Php3"
"Ph\t"
"Ph#"
"Pf;"
"Pf;"
"Pf;"
"Pf;"
"Pf;"
"Pf;"
"P\0M"
"P(R"
"P$R"
"p#E"
"o~pf"
"o~pf"
"o~p"
"o~p"
"owM&"
"ov`f"
"ov`f"
"ov`"
"ov`"
"oV f"
"oV f"
"oV "
"oV "
"OutputDebugStringW"
"Ot~"
"oPf"
"oPf"
"operator"
"operator co_await"
"operator \"\" "
"onPf"
"onPf"
"onP"
"onP"
"onI"
"on0"
"on0"
"on0"
"on0"
"on0"
"on0"
"Omm"
"Og\r"
"of@f"
"of@f"
"of@"
"of@"
"oF f"
"oF f"
"oF f"
"oF f"
"oF f"
"oF f"
"October"
"Oct"
"obwQ4"
"o^0f"
"o^0f"
"o^0"
"o^0"
"o\nf"
"O0Y0f0"
"NXf9"
"NXf9"
"NX9^`t1"
"NwN"
"Nv$^"
"NULL"
"Nu'"
"Nu'"
"Nu'"
"Nu'"
"Nu'"
"Nu'"
"nt@"
"November"
"Nov"
"NLj"
"NDX100_SECURITY"
"nan(snan)"
"NAN(SNAN)"
"nan(ind)"
"NAN(IND)"
"nan"
"NAN"
"N\nf;"
"N\nf;"
"N\nf;"
"N\nf;"
"N\nf;"
"N\nf;"
"N\nf;"
"N\nf;"
"N\nf;"
"N\nf;"
"N\nf;"
"N\nf;"
"N\nf;"
"N\nf;"
"N4f"
"N4f"
"N4f"
"N4f"
"N4f"
"N4f"
"N43"
"N43"
"N43"
"N2L"
"N2f;"
"N2f;"
"N2f;"
"N2f;"
"N2f;"
"N2f;"
"N(@"
"N(@"
"N#U"
"N @B"
"N @B"
"N @B"
"N @B"
"N @B"
"N @B"
"N @B"
"N @B"
"N @B"
"N @B"
"N @B"
"N @B"
"MwmhX"
"MultiByteToWideChar"
"Mt?"
"Mt?"
"Mt?"
"Mt?"
"Mt?"
"Mt?"
"Monday"
"Mon"
"modf"
"MM/dd/yy"
"MessageBoxW"
"MessageBoxA"
"May"
"March"
"Mar"
"m\nXo"
"m0v0"
"lzZ?"
"Lt:"
"Lt:"
"Lt:"
"Lt:"
"Lt:"
"Lt:"
"LPjQW"
"long"
"long "
"log10"
"log10"
"log"
"LocateXStateFeature"
"LocaleNameToLCID"
"LoadLibraryExW"
"LeaveCriticalSection"
"ldexp"
"LCMapStringW"
"LCMapStringEx"
"LCIDToLocaleName"
"laQ"
"L$,3"
"KERNEL32.dll"
"k=yI"
"k<dt"
"k<dt"
"k<dt"
"k<dt"
"k<dt"
"k<dt"
"k#c"
"j}S"
"j{P"
"jZXf;"
"jZXf;"
"jXY"
"jXY"
"jXY"
"jXY"
"jXY"
"jXY"
"jXXf;"
"jXXf;"
"jXXf;"
"jXXf;"
"jXXf;"
"jXXf;"
"jXX"
"jXX"
"jXX"
"jXX"
"jXX"
"jXX"
"jxP"
"jXf"
"jXf"
"jXf"
"jXf"
"jXf"
"jXf"
"jVg"
"jUS"
"jUS"
"jUP"
"jUP"
"jUP"
"jUP"
"June"
"Jun"
"July"
"Jul"
"jsXf"
"jsXf"
"jsXf"
"jsXf"
"jsXf"
"jsXf"
"jPj"
"jPf"
"Jjl^f;"
"Jjl^f;"
"Jjl^f;"
"Jjl^f;"
"Jjl^f;"
"Jjl^f;"
"jj^f;"
"jj^f;"
"jj^f;"
"jj^f;"
"jj^f;"
"jj^f;"
"jGYf;"
"jGYf;"
"jGYf;"
"jGYf;"
"jGYf;"
"jGYf;"
"jg[jG"
"jg[jG"
"jg[jG"
"jg[jG"
"jg[BjG_"
"jg[BjG_"
"jeV"
"jdh"
"jAZjX"
"jAZjX"
"jAZjX"
"jAZjX"
"jAZjX"
"jAZjX"
"jAYj"
"jAXf;"
"jAXf;"
"jAXf;"
"jAXf;"
"jAXf;"
"jAXf;"
"January"
"Jan"
"jA[f;"
"jA[f;"
"jA[f;"
"jA[f;"
"jA[f;"
"jA[f;"
"j]Q"
"j]Q"
"j\tY"
"j\tY"
"j\tX;"
"j\tX;"
"j\tX"
"j\tX"
"j\tX"
"j\tX"
"j\tV"
"j\tQ"
"j\tQ"
"j\tPjYV"
"j\t^"
"j\rY"
"j\rY"
"j\rY"
"j\rX]"
"j\rX"
"j\rX"
"j\rX"
"j\rX"
"j\rX"
"j\rX"
"j\rX"
"j\rX"
"j\rX"
"j\rX"
"j\rX"
"j\rX"
"j\r_f"
"j\r[S"
"j\nZf"
"j\nY"
"j\nY"
"j\nXj"
"j\nXf9E"
"j\nXf9"
"j\nX"
"j\nRSO"
"j\nQQ"
"j\nQQ"
"j\nQQ"
"j\nQQ"
"j\nQQ"
"j\nQQ"
"j\nQQ"
"j\nQQ"
"j\nQQ"
"j\nQQ"
"j\nQQ"
"j\nQQ"
"j\nQQ"
"j\nQQ"
"j\nQQ"
"j\nQQ"
"j\nQP"
"j\nQP"
"j\nQP"
"j\nQP"
"j\nQP"
"j\nQP"
"j\nQP"
"j\nQP"
"j\nP"
"j\nP"
"j\nP"
"j\nP"
"j\nP"
"j\nP"
"j\nP"
"j\nP"
"j\nj"
"j\nj"
"J\nf;"
"J\nf;"
"J\nf;"
"J\nf;"
"J\nf;"
"J\nf;"
"J\nf;"
"J\nf;"
"J\nf;"
"J\nf;"
"J\nf;"
"J\nf;"
"J\nf;"
"J\nf;"
"j\n_;"
"j\n^f93u"
"j\n3"
"j\n3"
"j\\^"
"j\"Y"
"j\"Y"
"j\"Xu"
"j\"Xf;"
"j\"Xf9"
"j\"_"
"j\"^"
"j\"^"
"j\"^"
"j\"^"
"j\"^"
"j\"^"
"j\"^"
"j\"^"
"j\"^"
"j@Y"
"j@X]"
"j@X]"
"j@X]"
"j@X"
"j@Wh"
"j@Sj"
"j@Sh"
"j@P"
"j@hT"
"j?Yj"
"j?Yf"
"j<h"
"j;Xf9"
"j;Xf9"
"j:Zf;"
"j:Xf;"
"j:Xf;"
"J9U"
"j8Y"
"j8X"
"j8X"
"j8j"
"j8^"
"j5Zf;"
"j0Zt"
"j0Zt"
"j0Zt"
"j0Zt"
"j0Zt"
"j0Zt"
"j0Yf;"
"j0Yf"
"j0Y"
"j0Y"
"j0Xu"
"j0X"
"j0X"
"j0X"
"j0P"
"j0P"
"j0P"
"j0P"
"j0P"
"j0P"
"j.Yf;"
"j.Xf;"
"j.S"
"j-Yf"
"j-Xf"
"j-X"
"j,Xf;"
"j,Q"
"j,h"
"j+X"
"j+X"
"j+X"
"j+X"
"j+X"
"j+X"
"j*^"
"j&X"
"j&X"
"j&X"
"j&X"
"j$Yf9"
"j$Yf9"
"j$h0"
"j Y+"
"j Y+"
"j Y+"
"j Y+"
"j Y+"
"j Y+"
"j Y+"
"j Y+"
"j Y+"
"j Y+"
"j Y+"
"j Y+"
"j X+"
"j X+"
"j X+"
"j X+"
"j X+"
"j X+"
"j X+"
"j X+"
"j X+"
"j P"
"j P"
"j P"
"j P"
"j P"
"j P"
"j P"
"j P"
"j _;"
"j _+"
"j _+"
"j _"
"j _"
"j _"
"j _"
"j _"
"j _"
"j _"
"j ^+"
"j ^"
"j ^"
"iu+-,"
"ItK"
"ItK"
"ItK"
"ItK"
"ItK"
"ItK"
"it\"f"
"it\"f"
"IsValidLocaleName"
"IsValidLocale"
"IsValidCodePage"
"IsProcessorFeaturePresent"
"IsDebuggerPresent"
"IQPV"
"InterlockedPushEntrySList"
"InterlockedFlushSList"
"int"
"int "
"INO"
"INO"
"InitializeSListHead"
"InitializeCriticalSectionEx"
"InitializeCriticalSectionEx"
"InitializeCriticalSectionAndSpinCount"
"inf"
"INF"
"IH;A"
"id&"
"I9X"
"i9+="
"I  "
"I  "
"I  "
"I  "
"I  "
"I  "
"I  "
"I  "
"I  "
"I  "
"I  "
"I  "
"h}c"
"H},"
"hz\t"
"HYY"
"hX+"
"hx+"
"hx+"
"hx*"
"hx*"
"hx*"
"Hvf;"
"Hvf;"
"Hvf;"
"Hvf;"
"Hvf;"
"Hvf;"
"Hvf;"
"huH"
"hU\r"
"hTW"
"hT*"
"ht*"
"ht*"
"hT*"
"hT)"
"hT)"
"HPjPW"
"HPh"
"hpH"
"hP3"
"hP3"
"hP3"
"hp,"
"hp,"
"hp,"
"hp+"
"hL3"
"hl,"
"hl,"
"hl)"
"hl)"
"hL)"
"hkH"
"hJv"
"Hj\nQP"
"Hj\nQP"
"Hj\nQP"
"Hj\nQP"
"Hj\nQP"
"Hj\nQP"
"hJ3"
"HH:mm:ss"
"hH3"
"hH3"
"hh3"
"HeapSize"
"HeapReAlloc"
"HeapFree"
"HeapAlloc"
"hD3"
"hD3"
"hD,"
"hD,"
"hD,"
"hD+"
"hD+"
"hD*"
"hD*"
"hd)"
"HBO"
"h`+"
"h`+"
"H_^["
"H_^["
"h\\3"
"h\\*"
"h\\*"
"h\\*"
"H[="
"h@,"
"h@,"
"h<3"
"h<+"
"h<*"
"h<)"
"h<)"
"h:\t"
"h8)"
"h6Z"
"h0'D"
"h(a"
"H(^"
"H(^"
"h(*"
"h(*"
"h(*"
"h()"
"h()"
"H$]"
"H#E"
"h +"
"h +"
"h +"
"h *"
"h *"
"h  "
"g~1"
"g~1"
"g~1"
"g~1"
"g~1"
"g~1"
"Gwl"
"gv1"
"gv1"
"gv1"
"gv1"
"gv1"
"gv1"
"GPf"
"GjPW"
"GetXStateFeaturesMask"
"GetUserObjectInformationW"
"GetUserDefaultLocaleName"
"GetUserDefaultLCID"
"GetTimeFormatW"
"GetTimeFormatEx"
"GetSystemTimePreciseAsFileTime"
"GetSystemTimeAsFileTime"
"GetStringTypeW"
"GetStdHandle"
"GetStartupInfoW"
"GetProcessWindowStation"
"GetProcessHeap"
"GetProcAddress"
"GetOEMCP"
"GetModuleHandleW"
"GetModuleHandleExW"
"GetModuleFileNameW"
"GetLocaleInfoW"
"GetLocaleInfoEx"
"GetLastError"
"GetLastActivePopup"
"GetFileType"
"GetFileSizeEx"
"GetEnvironmentStringsW"
"GetEnabledXStateFeatures"
"GetDateFormatW"
"GetDateFormatEx"
"GetCurrentThreadId"
"GetCurrentThread"
"GetCurrentProcessId"
"GetCurrentProcess"
"GetCPInfo"
"GetConsoleMode"
"GetConsoleCP"
"GetCommandLineW"
"GetCommandLineA"
"GetActiveWindow"
"GetACP"
"Genu"
"generic-type-"
"G`f"
"g@f"
"G@f"
"g@f"
"G;~8u"
"G;~8u"
"G;~8u"
"G;B"
"G0f"
"G-w"
"G f"
"G 8"
"F|3"
"FZ*"
"FVWj\t"
"fvP"
"fu_"
"Ft\t"
"Ft4"
"ft&9q"
"Fs`"
"Friday"
"Fri"
"frexp"
"FreeLibrary"
"FreeEnvironmentStringsW"
"FPW"
"FORD_EECV_SECURITY"
"FORD_COMMON_14229_SECURITY"
"fmod"
"FLY;"
"FlushFileBuffers"
"FlsSetValue"
"FlsSetValue"
"FlsGetValue"
"FlsGetValue"
"FlsFree"
"FlsFree"
"FlsAlloc"
"FlsAlloc"
"floor"
"float"
"FL^"
"FL;"
"FindNextFileW"
"FindFirstFileExW"
"FindClose"
"Fhj"
"Fhd"
"FH;"
"FGIu"
"FGIu"
"FGIu"
"FGIu"
"FFG;}"
"FFG;}"
"FFG;}"
"FFG;}"
"FFG;}"
"FFG;}"
"FEMh"
"February"
"Feb"
"FD;"
"fabs"
"F`t"
"f@f"
"F@;"
"F<;"
"f;~"
"f;~"
"f;z"
"f;U"
"f;U"
"f;U"
"F;u"
"F;u"
"f;u"
"f;u"
"f;u"
"f;u"
"f;u"
"f;u"
"f;u"
"f;u"
"f;u"
"f;u"
"f;u"
"f;u"
"f;u"
"f;u"
"f;u"
"f;u"
"f;u"
"f;u"
"f;u"
"f;u"
"f;u"
"f;u"
"f;u"
"F;u"
"F;u"
"F;u"
"F;u"
"F;u"
"f;S"
"f;s"
"f;Q"
"f;Q"
"f;q"
"f;Q"
"f;Q"
"f;Q"
"f;Q"
"f;M"
"f;M"
"f;M"
"f;E"
"f;E"
"f;E"
"f;E"
"f;E"
"f;E"
"f;E"
"f;E"
"f;E"
"f;E"
"f;E"
"f;E"
"f;E"
"f;E"
"f;E"
"f;E"
"f;E"
"f;E"
"f;B"
"f;A"
"f;1"
"f9U"
"f9H"
"f9F"
"f9F"
"f9F"
"f9F"
"f9E"
"f9E"
"f9E"
"f9A"
"f9A"
"f9A"
"f9A"
"f9A"
"f9A"
"f9]"
"f9>"
"f9;u\rf98u"
"f9:u"
"f9:t!V"
"f99t"
"f99t"
"f98u"
"f98t"
"f98t"
"f98t"
"f97t"
"F95"
"f92t"
"f91t"
"f91t"
"f90u\n"
"f90u\n"
"f90u\n"
"f90u\n"
"f90u\n"
"f90u\n"
"f90t"
"f90t"
"f90t"
"f90t"
"f90t"
"F8SP"
"F8SP"
"F8SP"
"F8SP"
"F8SP"
"F8SP"
"F8j"
"F8_"
"F8_"
"F8["
"F8["
"F8["
"F8["
"F8["
"F8["
"F8;"
"F4f9"
"F4f9"
"F4f9"
"F4f9"
"F4f9"
"F4f9"
"F4f"
"F4f"
"F4f"
"F4f"
"F4f"
"F4f"
"F4f"
"F4f"
"F4f"
"F4f"
"F4f"
"F4f"
"F4_^[]"
"F4_^[]"
"F4_^[]"
"F4_^[]"
"F4_^[]"
"F4_^[]"
"F4_^["
"F4_^["
"F4_^["
"F4_^["
"F4_^["
"F4_^["
"F4\\\""
"F4\\\""
"F4\\\""
"F4\\\""
"F4\\\""
"F4\\\""
"F4\\\""
"F4\\\""
"F4\\\""
"F4\\\""
"F4\\\""
"F4\\\""
"F4\\\""
"F4\\\""
"F4\\\""
"F4\\\""
"F4\\\""
"F4\\\""
"F4;"
"F2Y"
"F2Y"
"F2Y"
"F2Y"
"F2Y"
"F2Y"
"F2W"
"F2W"
"F2P"
"F2P"
"F2P"
"F2P"
"F2P"
"F2P"
"F2P"
"F2P"
"F2P"
"F2P"
"F2P"
"F2P"
"F2P"
"F2P"
"F2P"
"F2P"
"F2P"
"F2P"
"F2P"
"F2P"
"F2jgYf;"
"F2jgYf;"
"F2jgYf;"
"F2jgYf;"
"F2jgYf;"
"F2jgYf;"
"F2f"
"F2f"
"F2f"
"F2f"
"F2f"
"F2f"
"F1s"
"F1s"
"F1s"
"F1s"
"F1s"
"F1s"
"F1P"
"F1P"
"F1P"
"F1P"
"F1P"
"F1P"
"F1P"
"F1P"
"F1P"
"F1P"
"F1P"
"F1P"
"F1P"
"F1P"
"F1P"
"F1P"
"F1P"
"F1P"
"F1<gt"
"F1<gt"
"F1<gt"
"F1<gt"
"F1<gt"
"F1<gt"
"F1<at"
"F1<at"
"F1<at"
"F1<at"
"F1<at"
"F1<at"
"f0}0"
"F0;"
"F(P"
"F(P"
"F(P"
"F(P"
"F(_"
"F(_"
"F(_"
"F(_"
"F(3"
"F(3"
"F(3"
"F(3"
"F$P"
"F$P"
"F$P"
"F$P"
"F$;"
"f#M"
"f#M"
"F P"
"F _^["
"F ;"
"EZ%"
"extern \"C\" "
"exp"
"exp"
"ExitProcess"
"eVhd"
"ev "
"etPj"
"EnumSystemLocalesW"
"EnumSystemLocalesEx"
"enum "
"EnterCriticalSection"
"EncodePointer"
"eLK(w"
"EJj"
"EEE"
"EEE"
"E\nf;"
"E\nf"
"e+000"
"E$P"
"E h"
"d}1"
"d}1"
"d}1"
"d}1"
"d}1"
"d}1"
"d}1"
"d}1"
"Dz\t"
"Dz+"
"dwk"
"dwk"
"dwk"
"dwk"
"dwk"
"dwk"
"DUMMY_SECURITY"
"dt(f"
"dt(f"
"dSj"
"DPj"
"double"
"dLi"
"DjD"
"Di}"
"dH9"
"DeleteCriticalSection"
"DecodePointer"
"December"
"Dec"
"dddd, MMMM dd, yyyy"
"D\n."
"D\n."
"D:M"
"D:M"
"D:\\TFS_BUILD\\Work\\_Work_EV1TFS01-FJDS-VS-PROD\\21\\s\\Win PC\\Production\\Binaries\\Win32\\Release\\SecAlg.pdb"
"D:( t"
"D9("
"D9("
"D9("
"D9("
"d8L2"
"D1T1X1\\1h1l1p1"
"d1("
"D$0"
"D$("
"C|3"
"CW9^"
"CW9^"
"CV: "
"Ct?"
"Ct?"
"Ct?"
"Ct?"
"Ct?"
"Ct?"
"Ct?"
"Ct?"
"Ct?"
"Ct?"
"Ct?"
"Ct?"
"Ct7j"
"CSPj"
"csm"
"csm"
"csm"
"CreateFileW"
"cpu"
"cosh"
"cos"
"CorExitProcess"
"const"
"const "
"CompareStringW"
"CompareStringEx"
"cointerface "
"coclass "
"CloseHandle"
"cli::pin_ptr<"
"cli::array<"
"class "
"char32_t"
"char16_t"
"char"
"char "
"ceil"
"C_^"
"C;^8u"
"C;^8u"
"C;^8u"
"C;^8u"
"C;^8u"
"C;^8u"
"C;]"
"C9^"
"C9^"
"C4Pj"
"C0Pj"
"c0g0k0o0s0w0{0"
"c-^"
"C YY"
"C WVP"
"C V"
"C j"
"BVj(j"
"bool"
"Bnc"
"BC .="
"BAL"
"bad exception"
"bad array new length"
"bad allocation"
"B\t+"
"B\r+"
"B\n+"
"August"
"Aug"
"Au\t"
"AtS"
"atan2"
"atan"
"at\t"
"at\t"
"at\t"
"at\t"
"at\t"
"at\t"
"at\t"
"at\t"
"at\t"
"at\t"
"at\t"
"at\t"
"asin"
"AreFileApisANSI"
"April"
"Apr"
"AppPolicyGetWindowingModel"
"AppPolicyGetThreadInitializationType"
"AppPolicyGetShowDeveloperDiagnostic"
"AppPolicyGetProcessTerminationMethod"
"amp"
"AjC"
"Ahh3"
"Af;:u"
"Af;"
"acos"
"ABCDEFGHIJKLMNOPQRSTUVWXYZ"
"abcdefghijklmnopqrstuvwxyz"
"ABCDEFGHIJKLMNOPQRSTUVWXYZ"
"abcdefghijklmnopqrstuvwxyz"
"A\t+"
"A\r+"
"A\nf;"
"A\nf;"
"A\nf;"
"A\nf;"
"A\nf;"
"A\nf;"
"A\nf;"
"A\nf;"
"A\nf;"
"A\nf;"
"A\nf;"
"A\nf;"
"A\nf;"
"A\nf;"
"A\n+"
"A\0M"
"A@]"
"a>-"
"A<lt'<tt"
"A<lt'<tt"
"A<lt'<tt"
"A<lt'<tt"
"A<lt'<tt"
"A<lt'<tt"
"A<\nu"
"A9_"
"A98u"
"A98u"
"A2P"
"A2P"
"A2P"
"A2P"
"A2P"
"A2P"
"A2P"
"A2P"
"A2P"
"A2P"
"A2P"
"A2P"
"A2P"
"A2P"
"A2P"
"A2P"
"A2P"
"A2P"
"A2P"
"A2P"
"A2P"
"A2P"
"A2P"
"A2P"
"A2P"
"A2P"
"A2P"
"A2P"
"a2="
"A1P"
"A1P"
"A1P"
"A1P"
"A1P"
"A1P"
"A1P"
"A1P"
"A1P"
"A1P"
"A1P"
"A1P"
"A1P"
"A1P"
"A1P"
"A1P"
"A1P"
"A1P"
"A1P"
"A1P"
"A1P"
"A1P"
"A1P"
"A1P"
"A1P"
"A1P"
"A1P"
"A1P"
"A1P"
"A1P"
"A1<Fu"
"A1<Fu"
"A1<Fu"
"A1<Fu"
"A1<Fu"
"A1<Fu"
"A,\t"
"A,\t"
"A,\t"
"A,\t"
"A,\t"
"A,\t"
"A,\t"
"A,\t"
"A,\t"
"A,\t"
"A,\t"
"A,\t"
"A,\r"
"A,\r"
"A,\r"
"A,\r"
"A,\r"
"A,\r"
"A,\r"
"A,\r"
"A,\r"
"A,\r"
"A,\r"
"A,\r"
"A,\n"
"A,\n"
"A,\n"
"A,\n"
"A,\n"
"A,\n"
"A,\n"
"A,\n"
"A,\n"
"A,\n"
"A,\n"
"A,\n"
"A,\n"
"A,\n"
"A,\n"
"A,\n"
"A,\n"
"A,\n"
"A,\n"
"A,\n"
"A,\n"
"A,\n"
"A,\n"
"A,\n"
"A(f"
"`~R="
"`vtordisp{"
"`vtordispex{"
"`virtual displacement map'"
"`vftable'"
"`vector vbase copy constructor iterator'"
"`vector vbase constructor iterator'"
"`vector destructor iterator'"
"`vector deleting destructor'"
"`vector copy constructor iterator'"
"`vector constructor iterator'"
"`vcall'"
"`vbtable'"
"`vbase destructor'"
"`unknown ecsu'"
"`udt returning'"
"`typeof'"
"`template-type-parameter-"
"`template-parameter"
"`template static data member destructor helper'"
"`template static data member constructor helper'"
"`string'"
"`scalar deleting destructor'"
"`RTTI"
"`placement delete[] closure'"
"`placement delete closure'"
"`omni callsig'"
"`non-type-template-parameter"
"`managed vector destructor iterator'"
"`managed vector copy constructor iterator'"
"`managed vector constructor iterator'"
"`local vftable'"
"`local vftable constructor closure'"
"`local static thread guard'"
"`local static guard'"
"`local static destructor helper'"
"`h`hhh"
"`h````"
"`generic-method-parameter-"
"`generic-class-parameter-"
"`EH"
"`eh vector vbase copy constructor iterator'"
"`eh vector vbase constructor iterator'"
"`eh vector destructor iterator'"
"`eh vector copy constructor iterator'"
"`eh vector constructor iterator'"
"`dynamic initializer for '"
"`dynamic atexit destructor for '"
"`default constructor closure'"
"`copy constructor closure'"
"`anonymous namespace'"
"`adjustor{"
"`<`t"
"`<`"
"`<`"
"`.rdata"
"_yn"
"_y1"
"_y0"
"_VS"
"_uU"
"_u5"
"_u+"
"_u*"
"_u)"
"_u&"
"_t\r"
"_t\r"
"_nextafter"
"_logb"
"_hypot"
"_f;"
"_f98u"
"_cabs"
"_A^"
"__w64 "
"__vectorcall"
"__unaligned"
"__thiscall"
"__swift_2"
"__swift_1"
"__stdcall"
"__restrict"
"__ptr64"
"__pascal"
"__int8"
"__int64"
"__int32"
"__int16"
"__int128"
"__fastcall"
"__eabi"
"__clrcall"
"__cdecl"
"__based("
"_^]"
"_^]"
"_^]"
"_^]"
"_^]"
"_^]"
"_^]"
"_^]"
"_^]"
"_^]"
"_^]"
"_^]"
"_^]"
"_^]"
"_^]"
"_^]"
"_^]"
"_^]"
"_^]"
"_^]"
"_^]"
"_^]"
"_^]"
"_^]"
"_^]"
"_^]"
"_^]"
"_^]"
"_^]"
"_^]"
"_^]"
"_^]"
"_^]"
"_^]"
"_^]"
"_^[u"
"_^[t\r"
"_^[t\n"
"_^[t"
"_^[]"
"_^[]"
"_^[]"
"_^[]"
"_^[]"
"_^[]"
"_^[]"
"_^[]"
"_^[]"
"_^[]"
"_^[]"
"_^[]"
"_^[]"
"_^[]"
"_^[]"
"_^[]"
"_^[]"
"_^[]"
"_^[]"
"_^[]"
"_^[]"
"_^[]"
"_^[]"
"_^[]"
"_^[]"
"_^[]"
"_^[]"
"_^[]"
"_^[]"
"_^[]"
"_^[]"
"_^[]"
"_^[]"
"_^[]"
"_^[]"
"_^["
"_^["
"_^["
"_^["
"_^["
"_^["
"_^["
"_^["
"_^["
"_^["
"_^["
"_^["
"_^["
"_^["
"_^["
"_^["
"_^["
"_^["
"_^["
"_^["
"_^["
"_^["
"_^["
"_^["
"_^["
"_^["
"_^["
"_^["
"_^["
"_^["
"_^["
"_^["
"_^["
"_^["
"_^["
"_^["
"_^["
"_^["
"_^["
"_^["
"_^["
"_^["
"_^["
"_^["
"_^["
"_^["
"_^["
"_^["
"_^["
"_^["
"_^["
"_^["
"_^["
"_^["
"_^["
"_^["
"_^["
"_^["
"_^["
"_^["
"_^["
"_^["
"_^["
"_^["
"_^["
"_^["
"_^["
"_^["
"_^["
"_^["
"_^["
"_^["
"_^["
"_^["
"_^["
"_^["
"_^["
"_^["
"_^["
"_^["
"_^["
"_^["
"_^["
"_^["
"_^["
"_^["
"_^["
"_^["
"_^["
"_^["
"_^["
"_^["
"_^["
"_^["
"_^["
"_^["
"_^["
"_^["
"_^["
"_^["
"_^["
"_^["
"_^["
"_^["
"_^["
"_^["
"_^["
"_^["
"_^["
"_^["
"_^["
"_^["
"_^["
"_^3"
"_^3"
"_^3"
"_^3"
"_^3"
"_^3"
"_^3"
"_^3"
"_^3"
"_^3"
"_^3"
"_^3"
"_^3"
"_^3"
"_^3"
"_^3"
"_^3"
"_^3"
"_^3"
"_^3"
"_^3"
"_^3"
"_^3"
"_^3"
"_^3"
"_[^]"
"_[^]"
"_[^]"
"_[^"
"_[^"
"_[^"
"_[^"
"_[]"
"_[]"
"_[]"
"_0f"
"_0f"
"^X3"
"^t\r"
"^t\n"
"^P3"
"^f;"
"^_]"
"^_]"
"^_]"
"^_]"
"^_]"
"^_]"
"^_]"
"^_]"
"^_[]"
"^_[3"
"^_["
"^_["
"^_["
"^_["
"^_["
"^\t2^"
"^[|"
"^[t\n"
"^[t\n"
"^[_]"
"^[_"
"^[_"
"^[]"
"^[]"
"^[]"
"^[]"
"^[]"
"^[]"
"^[]"
"^[]"
"^[]"
"^[]"
"^[]"
"^[]"
"^[]"
"^@["
"^<V7w"
"^<>u\nj "
"^4WS"
"^4WS"
"^4S"
"^4S"
"^43"
"^43"
"^43"
"^0h0"
"^ BW"
"^ BW"
"^ BW"
"^ BW"
"^ BW"
"^ BW"
"^ B"
"^ B"
"^ B"
"^ B"
"^ B"
"^ B"
"]Y["
"]_^["
"]^_"
"\tX`"
"\tX`"
"\tX "
"\twj"
"\tw/AP"
"\tw)"
"\tw!AP"
"\tVP"
"\tVj"
"\ttC"
"\tt."
"\tt%"
"\tQ*"
"\tk8="
"\tj@u"
"\tj@u"
"\tj@u"
"\tE[\n"
"\tcQr"
"\tA ]"
"\tA ]"
"\tA ]"
"\tA ]"
"\tA ]"
"\tA ]"
"\tA ]"
"\tA ]"
"\tA ]"
"\tA ]"
"\tA ]"
"\tA ]"
"\t<et"
"\t9E"
"\t5\\"
"\rt("
"\rpu"
"\r`u"
"\r`t"
"\r`t"
"\r`B"
"\r0\"0W0^0r0"
"\nu\tj\rZf"
"\nu\r"
"\nu\n;"
"\nu\n"
"\nu\n"
"\nu\n"
"\nu\n"
"\nu\n"
"\nu\n"
"\nu\n"
"\nu\n"
"\nu4j\rXSf"
"\nj\t"
"\nj@["
"\nf;"
"\nf;"
"\nf;"
"\nf;"
"\nf;"
"\nf;"
"\nf;"
"\nf;"
"\nf;"
"\nf;"
"\nf;"
"\nf;"
"\nf;"
"\nf;"
"\nf;"
"\nf;"
"\n\n\n"
"\n?I"
"\n!8!x"
"\\WV"
"\\lo}"
"\\:)"
"\\9E"
"\\-!y"
"\"u1"
"\"RP("
"\"m^"
"\"B <1="
"\"<;u"
"[thunk]:"
"[t\t\r"
"[R/"
"[f;"
"[f;"
"[f;"
"[f;"
"[aOni*{"
"[_^]"
"[_^]"
"[_^"
"[_^"
"[_^"
"[_^"
"[_^"
"[_]"
"[^_"
"[^]"
"[^]"
"[^]"
"[^]"
"[^]"
"[^]"
"[\"93"
"[8M"
"@uz"
"@u\tF"
"@u<"
"@tp"
"@tJ"
"@tA"
"@t\t"
"@t\t"
"@t8"
"@t "
"@s1PVj@W"
"@Pj"
"@hD"
"@b;zO]"
"@_^[]"
"@_^[]"
"@[]"
"@9E"
"@8u"
"@8u"
"@2&@"
"@.reloc"
"@.data"
"@)<"
"@( t"
"@( t"
"@$\""
"@ $"
"?zn"
"?YYk"
"?Yk"
"?y7"
"?vP"
"?uO"
"?uIP"
"?U?"
"?tB"
"?t9"
"?t7"
"?t7"
"?t7"
"?t7"
"?t7"
"?t7"
"?t3"
"?t2"
"?t2"
"?t2"
"?t2"
"?t1"
"?t."
"?t-"
"?t)"
"?t("
"?SVk"
"?sl"
"?s9"
"?RCC"
"?Qh"
"?nz("
"?n?"
"?MOC"
"?I?"
"?E?Z?~?"
"?dr"
"?csm"
"?Ac"
"?^?"
"?\t?"
"?\"u\r"
"?5|"
"?5Wg4p"
"?4K"
"?3Y3h3v3"
"?.?<?C?x?"
"?+?G?V?[?`?{?"
"?%?8?a?"
"?$?,?4?<?D?L?T?\\?d?l?t?|?"
"?#?^?{?"
"?#?6?;?`?f?l?r?x?~?"
"? ?(?0?8?@?H?P?X?`?h?p?x?"
"? $"
">V>"
">U>"
">S?i?|?"
">Q>V>i>s>"
">F?"
">E>Q>n?u?"
">Cu2f9V"
">csm"
">csm"
">csm"
">B>r>"
">b>"
">_^]"
">\tt8W"
">\t?"
">\t>"
">\t>"
">\t>"
">\n?'?F?"
">\n?"
">\">X>"
">\">0>7>=>I>U>c>"
">?>c>p>u>z>"
">>="
">;???C?G?K?O?S?W?"
">:?W?"
">+?X?t?"
">+>5>C>^>o>{>"
">)>\\>`>d>h>l>p>"
">(>8>H>X>a>"
">'?"
">%>+>l>"
">$>K>x>"
">$>,>4><>D>L>T>\\>d>l>t>|>"
">#>'>+>/>3>7>;>"
"> >(>0>8>@>H>P>X>`>h>p>x>"
"> >$>(>,>0>4>8><>@>D>H>L>P>"
"=Y>c>"
"=V>v>"
"=v="
"=t7j"
"=R=[=f=m="
"=p>"
"=G>d>"
"=e=~="
"=\t>"
"=\t>"
"=\t>"
"=\t="
"=\0;"
"=\">"
"=\"='=B=L=\\=a=f="
"=>>\\>s>C?p?"
"=87M"
"=5>[>w>"
"=)>B>\\>e>p>"
"=)=;=Q=m=r="
"=&=3="
"=%>;>k>"
"=%>"
"=$=<=T=p="
"=$=,=4=<=D=L=T=\\=d=l=t=|="
"=#=3=8===`={="
"=!=}="
"=!=;=c=q=w="
"= =(=0=8=@=H=P=X=`=h=p=x="
"= =$=(=,=0=4=8=<=@=D=H=L=P=T=X=\\=`=d=h=l=p=t=x=|="
"=  "
"<z~$<A|"
"<Z~"
"<Zw"
"<Zw"
"<Zw"
"<Zw"
"<Zw"
"<Zw"
"<y="
"<XuS"
"<XuS"
"<XuS"
"<XuS"
"<XuS"
"<XuS"
"<XuP"
"<Xt"
"<xt"
"<Xt"
"<xt"
"<xt"
"<xt"
"<xt"
"<xt"
"<xt"
"<xt"
"<Xt"
"<xt"
"<Xt"
"<xt"
"<wt\r<zu1"
"<wt\r<zu1"
"<wt\r<zu1"
"<wt\r<zu1"
"<wt\r<zu1"
"<wt\r<zu1"
"<v<"
"<v!j"
"<ut"
"<ut"
"<ut"
"<ut"
"<ut"
"<ut"
"<ut"
"<ut"
"<unknown>"
"<Su"
"<Su"
"<st"
"<st"
"<st"
"<St"
"<st"
"<St"
"<st"
"<Q3"
"<Q3"
"<Q3"
"<Q3"
"<Pj"
"<p;"
"<p;"
"<p;"
"<p;"
"<ot"
"<ot"
"<ot"
"<ot"
"<ot"
"<ot"
"<ot"
"<ot"
"<Nu&"
"<Nu&"
"<Nu&"
"<Nu&"
"<Nu&"
"<Nu&"
"<Nu"
"<Nu"
"<Nu"
"<Nu"
"<Nu"
"<Nu"
"<Nu"
"<Nu"
"<Nu"
"<Nu"
"<Nu"
"<Nu"
"<nt"
"<nt"
"<nt"
"<nt"
"<nt"
"<nt"
"<nt"
"<nt"
"<nt"
"<nt"
"<nt"
"<nt"
"<N+"
"<N+"
"<N+"
"<N+"
"<k=w="
"<ItC<Lt3<Tt#<h"
"<ItC<Lt3<Tt#<h"
"<ItC<Lt3<Tt#<h"
"<ItC<Lt3<Tt#<h"
"<ItC<Lt3<Tt#<h"
"<ItC<Lt3<Tt#<h"
"<It"
"<it"
"<It"
"<it"
"<It"
"<it"
"<It"
"<it"
"<It"
"<it"
"<It"
"<it"
"<It"
"<it"
"<It"
"<it"
"<It"
"<it"
"<It"
"<it"
"<It"
"<it"
"<It"
"<it"
"<it"
"<it"
"<it"
"<it"
"<it"
"<it"
"<it"
"<it"
"<Gu"
"<Gu"
"<Gu"
"<Gu"
"<Gu"
"<Gu"
"<G<L<S<Z<a<n<w<"
"<F="
"<Et"
"<ellipsis>"
"<dt"
"<dt"
"<D=c=m="
"<D<_<j<}<"
"<Cu"
"<Cu"
"<ct"
"<ct"
"<ct"
"<Ct"
"<ct"
"<Ct"
"<ct"
"<A|2<P"
"<A|"
"<At"
"<At"
"<At"
"<At"
"<At"
"<At"
"<_uP"
"<_um"
"<\tw"
"<\tu"
"<\tu"
"<\t="
"<\t<#<P<W<<?"
"<\ntg"
"<\nt#"
"<\n<"
"<\\t"
"<\\t"
"<@u"
"<@u"
"<@u"
"<@tK"
"<@t"
"<@t"
"<@t"
"<@t A"
"<?xml version='1.0' encoding='UTF-8' standalone='yes'?>\r\n<assembly xmlns='urn:schemas-microsoft-com:asm.v1' manifestVersion='1.0'>\r\n  <trustInfo xmlns=\"urn:schemas-microsoft-com:asm.v3\">\r\n    <security>\r\n      <requestedPrivileges>\r\n        <requestedExecutionLevel level='asInvoker' uiAccess='false' />\r\n      </requestedPrivileges>\r\n    </security>\r\n  </trustInfo>\r\n</assembly>\r\n"
"<>u\nj "
"<=t"
"<=t"
"<<="
"<;u"
"<;u"
"<;u"
"<;=W="
"<:u "
"<:t"
"<:t"
"<9~"
"<9~"
"<9~"
"<9u"
"<9]"
"<8<"
"<6|"
"<6|"
"<6u"
"<6u"
"<6u"
"<6u"
"<6u"
"<6u"
"<6?B?"
"<3u"
"<3u"
"<3u"
"<3u"
"<3u"
"<3u"
"<3<\\<w<"
"<2<V<"
"<2<:<R<`<h<"
"<0|O<9"
"<0|]<8"
"<0|*<9"
"<0|"
"<0t"
"<0t"
"</t\n<\\t"
"</t"
"</t"
"<.<Y<c<m<w<"
"<-u\n"
"<-u\n"
"<-u\n"
"<-u\n"
"<-u\n"
"<-u\n"
"<-u\n"
"<-u\n"
"<-u\n"
"<-u\n"
"<-u\n"
"<-u\n"
"<-u"
"<,<T<t<"
"<*u"
"<*t"
"<*t"
"<)<3<9<D<n<"
"<(=7=J=g="
"<&u"
"<&="
"<%<><E<L<U<i<|<"
"<$Xf"
"<$u,V"
"<$u"
"<$tL"
"<$t"
"<$f"
"<$f"
"<$=>=C="
"<$=0=B="
"<$<,<4<<<D<L<T<\\<d<l<t<|<"
"<!="
"< t3<\tt/"
"< t"
"< t"
";~8u"
";~8u"
";~8u"
";Y<n<"
";X;"
";Vj"
";V\\uYW"
";t$,v-"
";T$"
";T$"
";S\\u"
";P<"
";P;a;r;"
";N=U=]=e=m="
";lD"
";K\\u"
";k?"
";j\nXf9E"
";i<"
";G;P;Y;g;p;"
";D$"
";D$"
";C;G;K;_;};"
";C;"
";\r<W<"
";\r<"
";\nu"
";\";4;F;X;"
";=;D;e;"
";7|"
";6=k="
";6;K;P;U;r;"
";4;D;H;X;\\;`;h;"
";3t'"
";1w1"
";/<"
";,<G<j<"
";*xh"
";(="
";(;=;Y;n;"
";(;0;@;K;a;t;|;"
";'<"
";&;Q;X;p;"
"; ;$;(;,;0;4;8;<;9>"
":U;h;"
":t;"
":s\n"
":n;y;"
":G;"
":F;S;"
":f;>u"
":f;>u"
":csm"
":csm"
":cG"
":\t;"
":\":5:?:\\:g:}:"
":@O"
":;<:="
":;;Y<"
":;;"
":7:L:^:k:"
":1u"
":0:P:p:"
":-:B:^:s:"
":,;6;<;F;V;v;"
":,:0:4:<:T:d:h:x:|:"
":(;0;_;i;w;"
":(:L:t:"
":&: ;};"
":$u"
":$u"
":$;T;|;"
":#:"
": =9=G="
": ;W;t;"
"9X:x:"
"9x:"
"9wYj\n"
"9wYj\n"
"9wLt\t"
"9v:"
"9U:"
"9QWu"
"9q:k;z;"
"9PE"
"9PE"
"9PE"
"9p u\""
"9L9"
"9f9o9"
"9E(j"
"9E WW"
"9C`u99C\\t4"
"9C`t"
"9C\\t"
"9c:"
"9^`u"
"9^\\ty"
"9^9m9"
"9\ttP"
"9\tt\t"
"9\tt\t"
"9\t:\":1:N:';9;R;];"
"9\"u"
"9@u"
"9>t\nj "
"9>t\nj "
"9>t\n"
"9>t"
"9>t"
"9>:"
"9>9"
"9:t"
"9:t"
"99t\t"
"98t"
"97~"
"97t\tW"
"97t\tW"
"97t\t"
"97t\nj "
"93u"
"93t"
"92:J:Z:s:"
"929"
"919M9[9g9s9"
"90u"
"90tA"
"90t"
"909P9p9"
"9-9C9e9r9"
"9,9k9r9"
"9*9/9B9a9~9"
"9):0:0="
"9(949@9L9X9d9p9|9"
"9&:4:J:w:"
"9%:"
"9$94989H9L9T9l9|9"
"9!:1:k:"
"8Y9"
"8v9\n?"
"8SV"
"8RCC"
"8Pj"
"8PE"
"8p9"
"8Ou\t"
"8Ou\t"
"8N9U9\\9c9"
"8MOC"
"8lu"
"8lu"
"8lu"
"8lu"
"8lu"
"8lu"
"8J8\\8h8"
"8hu"
"8hu"
"8hu"
"8hu"
"8hu"
"8hu"
"8g95:"
"8f;9"
"8F8P8"
"8D9O9Y9^9u:"
"8csm"
"8csm"
"8csm"
"8csm"
"8csm"
"8csm"
"8C8d8"
"8_^]"
"8_^]"
"8_["
"8^0"
"8^0"
"8^0"
"8^0"
"8^0"
"8^0"
"8^0"
"8^0"
"8^0"
"8^0"
"8^0"
"8^0"
"8\tt"
"8\t8*8?8g8m8"
"8\"u"
"8\"u"
"8\"t"
"8\"t"
"8\"t"
"8\"t"
"8\"t"
"8\"t"
"8\"t"
"8\"t"
"8\"t"
"8\"t"
"8\"t"
"8\"t"
"8\"82878<8L8Q8V8f8k8p8"
"8@u)@"
"8@u"
"8@u"
"8@u"
"8@u"
"8@u"
"8@t"
"8?u'@"
"88?>?D?J?P?V?\\?b?h?n?t?z?"
"878M8b8{8"
"869P9"
"858D8{8"
"858`8"
"858<8S8i8v8{8"
"83:"
"819B9[9"
"80t/"
"80t"
"80t"
"80t"
"80t"
"80t"
"80t"
"8.u"
"8-u"
"8+8f8v8"
"8*u\""
"8*u "
"8(8H8T8p8"
"8(848@8L8X8d8p8|8"
"8'949e9s9"
"8%9=9p9"
"8$u6"
"8$u6"
"8$u6"
"8$u6"
"8$u6"
"8$u6"
"8$u6"
"8$u6"
"8$u-9"
"8$u-9"
"8$u"
"8$u V"
"8$8<8L8P8`8d8h8l8t8"
"8#8>8"
"8 t"
"8 9J9R9o9"
"8 8$8(8p9"
"7{9"
"7SV"
"7SV"
"7ARPRQh"
"7A7J7j7"
"7`7B:"
"7\t8w8"
"7\r8 8%81888A8F8[8"
"7\n7E7L7u:"
"7[8_8c8g8k8o8s8w8"
"7@7K7Z7"
"7>8@9><"
"7>,"
"7;w"
"7;w"
"7;1u\"3"
"7:8R8"
"757I7]7u7"
"717D7"
"708O8"
"700WP"
"700PP"
"7/8o8"
"7/7C7U7n7"
"7.8A8"
"7.73787H7M7R7b7g7l7|7"
"7(828f8s8{8"
"7(7H7h7"
"7&858G8h8"
"7&7"
"7&7"
"7 8$8,888^8"
"7 787H7L7\\7`7p7t7x7|7"
"7 7,787D7P7\\7h7t7"
"6V7"
"6U7"
"6u7"
"6t6"
"6r7"
"6J7T7"
"6h7m7"
"6G7K7O7S7W7[7_7c7"
"6D7"
"6\r6"
"6\\7"
"6\"6&6"
"6@6S6]6v6"
"6=7#:"
"6;9L9K:Q:W:]:';6;O;];c;q;w;"
"6;8"
"6:7R7X7v7\t8<8"
"667F7s7"
"666P6n6z6"
"646"
"636_6l6{6"
"627"
"616P6"
"607:7"
"6-7C7~7"
"6+7n7"
"6*797X7m7"
"6*6>6S6l6"
"6*6/646D6I6N6^6c6h6x6}6"
"6)74797Q7a7{7"
"6)6"
"6(7g7D;\r<o<"
"6(6H6h6"
"6$606<6H6T6`6l6x6"
"6$6(6,60686P6`6d6t6x6|6"
"6#6'6+6/636"
"5~b"
"5|6"
"5Z5s5"
"5Vhd"
"5V6c6"
"5Sj"
"5Sj"
"5P6"
"5o9"
"5ntel"
"5ineI"
"5f6|6"
"5E5b5"
"5C5s5"
"5c5"
"5a6g6#7A7R7"
"5_5r5"
"5]5"
"5\t6"
"5\r5"
"5\n6=6"
"5\"5U5$6`6"
"5@="
"5;6"
"5;5I5W5e5s5"
"575>5>8"
"565E5X5d5t5"
"5,5e5"
"5(5D5H5h5"
"5(575a5l5"
"5&686J6\\6n6"
"5&6.6M6j6|6"
"5&5O5V5m5"
"5#6F6T6c6t6"
"5#6"
"5#5)5/5<5D5X5"
"5 5$5(5,545L5\\5`5p5t5x5|5"
"4y5"
"4X<"
"4T5.6"
"4Q5"
"4Q3"
"4Q3"
"4P5o5"
"4m4"
"4J4"
"4I6s6"
"4G6Z7"
"4B;"
"4a4"
"4\t5"
"4\n5"
"4[5"
"4@5i5~5"
"4?V"
"49u"
"437"
"41f3"
"415C5I5"
"4/5E5M5k5v5"
"4/464<4C4H4"
"4*404j4p4"
"4'4[4m4y4"
"4&434A4O4Z4"
"4$44484H4L4P4T4\\4t4x4"
"4$4*40464<4B4i4"
"4!5H5N5T5Z5`5f5l5r5x5~5"
"4 4(444d4h4"
"4 4$4(4,4044484<4@4D4H4L4P4T4X4\\4`4d4h4X>\\>`>d>h>l>p>t>x>|>"
"4 4$4(4,4044484<4@4D4H4L4P4T4X4\\4`4d4"
"3w4"
"3v4"
"3T5Z5l5w5"
"3N4W4"
"3M3t3"
"3M3p3"
"3J4w4"
"3J3i3"
"3\r6"
"3\r3"
"3=x"
"364A4P4^4m4"
"35x"
"35="
"353e3"
"344v4"
"334Q4b4"
"303"
"303"
"3+x"
"3(545`5"
"3(30343D3h3t3|3"
"3$3)3A3N3S3X3u3"
"3!3\\3h3"
"3!3'353g3"
"3 4,4U4"
"3 3(30383@3H3P3X3`3h3p3x3"
"3 3$3(3,343L3P3h3x3|3"
"3 3$3(3,3034383<3@3D3H3L3P3T3X3\\3`3d3h3l3p3t3x3|3"
"2z2$344G4e4s4!6X6_6d6h6l6p6"
"2G2y2"
"2F2"
"2E2X2*303"
"2D3U3"
"2\t3"
"2\"2@2O2X2e2{2"
"2[2"
"2?4"
"2:2_2j2 3H3"
"292"
"273"
"252{2'3a3y3"
"232"
"22T3|436=6`6j6n;0>o>v>"
"202:2"
"2,20282@2H2L2T2h2p2"
"2'272"
"2$2,242<2D2L2T2\\2d2l2t2|2"
"2#22272<2Z2r2w2|2"
"2!303}3"
"2!3'3"
"2!3"
"2 2(20282@2H2P2X2`2h2p2x2"
"2 2$2,2024282<2T2X2\\2p2t2x2"
"1~]"
"1z1"
"1X1{1"
"1V2"
"1u%j~"
"1t>"
"1S2[2e2n2"
"1P1Z1"
"1M1"
"1j\rXf"
"1G2M2h2"
"1D1"
"1C2R2i2n2v2~2"
"1c1"
"1\r2F2]2}2"
"1\n2"
"1\"2D2h2"
"152M2R2"
"151P1!2'2-23292?2"
"141}1"
"111H1e1"
"1/2"
"1.1M1x1"
"1-1x1"
"1+1<1M1d1"
"1*2n2"
"1*111N1R1V1Z1^102\n3f3"
"1&2+2=2[2o2u2b3"
"1$2"
"1$1,141<1D1P1p1x1"
"1$1,141<1D1L1T1\\1d1l1t1|1"
"1$1*10161<1B1H1N1T1Z1`1f1l1r1x1~1"
"1$1*10161"
"1#SNAN"
"1#QNAN"
"1#INF"
"1#IND"
"1#1"
"1 1(10181@1H1P1X1`1h1p1x1"
"1 1$1(1,1014181<1D1H1L1P1T1X1\\1`1l1t1|1"
"0|L3"
"0|["
"0|["
"0Vj"
"0V1"
"0T2X2`2"
"0t0H"
"0S3"
"0r^"
"0r^"
"0N1"
"0M1w1"
"0i1*2"
"0G0"
"0f;"
"0f;"
"0f;"
"0f;"
"0f;"
"0f;"
"0_^["
"0^_[]"
"0^]"
"0^]"
"0^["
"0\n0"
"0\"0j0"
"0\"0(0.040:0@0F0L0R0X0^0d0j0p0v0|0"
"0;7t"
"091"
"090"
"041~1"
"030Q0i0"
"0/090E0J0O0p0"
"0+L"
"0+0:0O0Y0l0s0"
"0%060"
"0$0,040<0D0L0T0\\0d0l0t0|0"
"0$0,040<0D0L0T0\\0d0l0t0|0"
"0!0B0Y0"
"0 0H0O0o0"
"0 0@0H0T0x0"
"0 0(00080@0H0P0X0`0h0p0x0"
"/PjSW"
".xdata$x"
".text$x"
".text$mn"
".text"
".rtc$TZZ"
".rtc$TAA"
".rtc$IZZ"
".rtc$IAA"
".rsrc$02"
".rsrc$01"
".rsrc"
".rdata$zzzdbg"
".rdata$sxdata"
".rdata$r"
".rdata"
".PjRW"
".j("
".idata$6"
".idata$5"
".idata$4"
".idata$3"
".idata$2"
".edata"
".data$r"
".data"
".CRT$XTZ"
".CRT$XTA"
".CRT$XPZ"
".CRT$XPXA"
".CRT$XPX"
".CRT$XPA"
".CRT$XIZ"
".CRT$XIC"
".CRT$XIA"
".CRT$XCZ"
".CRT$XCA"
".bss"
".?AVtype_info@@"
".?AVpDNameNode@@"
".?AVpcharNode@@"
".?AVpairNode@@"
".?AVexception@std@@"
".?AVDNameStatusNode@@"
".?AVDNameNode@@"
".?AVCX404_IPAlgorithm@@"
".?AVCX404_Diesel_ECMAlgorithm@@"
".?AVCX204_Diesel_ECMAlgorithm@@"
".?AVCSIEMENS_RCMAlgorithm@@"
".?AVCSIEMENS_PCMAlgorithm@@"
".?AVCSecurityAlgorithm@@"
".?AVCSecurityAccess@@"
".?AVCNDX100Algorithm@@"
".?AVCLegacyX404_IPAlgorithm@@"
".?AVCLegacyX404_Diesel_ECMAlgorithm@@"
".?AVCLegacyX204_Diesel_ECMAlgorithm@@"
".?AVCLegacySecurityAlgorithm@@"
".?AVCLegacyNDX100Algorithm@@"
".?AVCLegacyFordCommon14229Algorithm@@"
".?AVCLegacyFORD_EECVAlgorithm@@"
".?AVCLegacyDummyAlgorithm@@"
".?AVcharNode@@"
".?AVCFordCommon14229Algorithm@@"
".?AVCFORD_EECVAlgorithm@@"
".?AVCDummyAlgorithm@@"
".?AVCBaseSecurityAlgorithm@@"
".?AVbad_exception@std@@"
".?AVbad_array_new_length@std@@"
".?AVbad_alloc@std@@"
".00cfg"
"..."
"-xv"
"-PjWW"
"-jd_;"
"-hw"
"-f\t"
"-f\r"
"-f\n"
"-Dv"
"-AJ"
"-^_["
"-\\w"
"-\\w"
"->*"
"-32"
"-0v"
"-0v"
"-0J0"
",PjVW"
",Ji"
",H<"
",Bb"
",A<"
",a<"
",A<"
",a<"
",A<"
",a<"
",A<"
",a<"
",\nS"
",\n]"
",<ellipsis>"
",0<\tw"
",0<\tw"
",0<\tw"
",..."
",$Z"
",$Z"
",$Z"
"+~8"
"+~8"
"+~8"
"+~8"
"+~8"
"+~8"
"+PjUW"
"+D$"
"+D$"
"+d$"
"+d$"
"+d$"
"+d$"
"+^8"
"+^8"
"+^8"
"+^8"
"+^8"
"+^8"
"++p"
"*tL=+"
"*tI=+"
"*tI"
"*t`=+"
"*PjTW"
"*?QP"
")Vj"
")u#"
")Pj"
")d\t"
")^]"
")9u"
"(VV"
"(t\n"
"(SWS"
"(Pj"
"(null)"
"(lX "
"(HtMf"
"(Ht5F"
"(Ht'"
"(^]"
"(\rPu"
"(@t"
"('8PW"
"( 8PX"
"'Pc"
"&Sgw"
"&aV"
"&`@"
"&>r"
"&'O"
"&& "
"%v}"
"%Vj"
"%tK="
"%ti"
"%ti"
"%te"
"%te"
"%S#[k"
"$~-"
"$~-"
"$~&"
"$~%"
"$uTR"
"$u,"
"$u*8H"
"$tl"
"$t^"
"$S3"
"$QQ"
"$qE}"
"$PjQW"
"$j%j"
"$j%j"
"$f="
"$f="
"$f;"
"$_^"
"$[_^"
"$9_"
"$$h"
"#{ ="
"#tR="
"#Sj"
"#E$P"
"#E P"
"#50"
"#.X'="
"!V1"
"!This program cannot be run in DOS mode.\r\r\n$"
"!FX@"
"!A ]"
"!A ]"
"!A ]"
"!A ]"
"!A ]"
"!A ]"
"!A ]"
"!A ]"
"!A ]"
"!A ]"
"!A ]"
"!A ]"
"!^X"
"!@f"
"!83"
" VWj"
" VWh"
" volatile"
" u\t"
" u!"
" Type Descriptor'"
" tM"
" t-"
" t-"
" t-"
" t-"
" t-"
" t-"
" t-"
" t-"
" t-"
" t-"
" t-"
" t-"
" SVW"
" r#"
" r#"
" PV"
" PjPW"
" noexcept"
" new[]"
" new"
" Ju"
" Ju"
" delete[]"
" delete"
" Complete Object Locator'"
" Class Hierarchy Descriptor'"
" Base Class Descriptor at ("
" Base Class Array'"
" _^["
" _^"
" ^]"
" @;"
" ?? "
" =="
" $="
" !\"#$%&'()*+,-./0123456789:;<=>?@ABCDEFGHIJKLMNOPQRSTUVWXYZ[\\]^_`ABCDEFGHIJKLMNOPQRSTUVWXYZ{|}~"
" !\"#$%&'()*+,-./0123456789:;<=>?@abcdefghijklmnopqrstuvwxyz[\\]^_`abcdefghijklmnopqrstuvwxyz{|}~"
" !\"#$%&'()*+,-./0123456789:;<=>?@ABCDEFGHIJKLMNOPQRSTUVWXYZ[\\]^_`abcdefghijklmnopqrstuvwxyz{|}~"
"                          "
"                          "